[ENV] Reusing portable venv: /home/rsadve1/links/scratch/.vevn_upair_potable
[ENV] Checking installed package metadata only; TensorFlow/Sionna are not imported here.
[ENV] Python 3.11.5
[ENV] numpy 1.26.4+computecanada
[ENV] pandas 2.2.3+computecanada
[ENV] matplotlib 3.10.0+computecanada
[ENV] PyYAML 6.0.2+computecanada
[ENV] scipy 1.15.1+computecanada
[ENV] tensorflow 2.15.1+computecanada
[ENV] sionna-no-rt 1.2.1
[ENV] optuna 4.8.0+computecanada
[ENV] Skipping TensorFlow/Sionna import check on this node. Set UPAIR_DEEP_IMPORT_CHECK=1 to test imports explicitly.
[ENV] Ready: REPO=/home/rsadve1/links/scratch/Ablations_Wave3
[ENV] Ready: VENV=/home/rsadve1/links/scratch/.vevn_upair_potable
/home/rsadve1/links/scratch/.vevn_upair_potable/lib/python3.11/site-packages/optuna/_experimental.py:33: ExperimentalWarning: Argument ``multivariate`` is an experimental feature. The interface can change in the future.
  optuna_warn(
/home/rsadve1/links/scratch/.vevn_upair_potable/lib/python3.11/site-packages/optuna/_experimental.py:33: ExperimentalWarning: Argument ``group`` is an experimental feature. The interface can change in the future.
  optuna_warn(
[I 2026-07-14 13:44:44,469] A new study created in RDB with name: clean_b32_prb8_d256_40k_smart_trueDMRS_u34610_1dmrs_stageB_dncnn_trunk_d256_l7_gate2
[OPTUNA-ISO] resume_state stage=B completed_trials=0 pruned_trials=0 finished_trials=0 failed_trials=0 nonfailed_trials=0 n_trials_request=1 max_attempts=1 target_total_trials=6 attempts_to_run=1 steps=300 trial_process_isolation=1
[OPTUNA-ISO] starting stage=B trial=0 trial_id=1 params={'batch_size_train': 32, 'batch_size_eval': 32, 'learning_rate_schedule': 'cosine_decay', 'learning_rate': 0.0004983159357242532, 'learning_rate_decay_fraction': 0.75, 'learning_rate_final_fraction': 0.012154545064008537, 'learning_rate_polynomial_power': 1.0, 'weight_decay': 7.693520676908999e-07, 'nmse_loss_weight': 0.12243400701824686, 'grad_clip_norm': 1.0, 'dropout': 0.007912361628708613, 'residual_scale': 0.3228873595847961}
[OPTUNA-ISO] launching worker trial=0 pid=<pending> params={'batch_size_train': 32, 'batch_size_eval': 32, 'learning_rate_schedule': 'cosine_decay', 'learning_rate': 0.0004983159357242532, 'learning_rate_decay_fraction': 0.75, 'learning_rate_final_fraction': 0.012154545064008537, 'learning_rate_polynomial_power': 1.0, 'weight_decay': 7.693520676908999e-07, 'nmse_loss_weight': 0.12243400701824686, 'grad_clip_norm': 1.0, 'dropout': 0.007912361628708613, 'residual_scale': 0.3228873595847961}
2026-07-14 13:46:19.584029: E external/local_xla/xla/stream_executor/cuda/cuda_dnn.cc:9261] Unable to register cuDNN factory: Attempting to register factory for plugin cuDNN when one has already been registered
2026-07-14 13:46:19.585088: E external/local_xla/xla/stream_executor/cuda/cuda_fft.cc:607] Unable to register cuFFT factory: Attempting to register factory for plugin cuFFT when one has already been registered
2026-07-14 13:46:19.769935: E external/local_xla/xla/stream_executor/cuda/cuda_blas.cc:1515] Unable to register cuBLAS factory: Attempting to register factory for plugin cuBLAS when one has already been registered
2026-07-14 13:46:30.433364: I tensorflow/core/platform/cpu_feature_guard.cc:182] This TensorFlow binary is optimized to use available CPU instructions in performance-critical operations.
To enable the following instructions: AVX2 FMA, in other operations, rebuild TensorFlow with the appropriate compiler flags.
[OPTUNA-WORKER] start trial=0 pid=1883066 TF_GPU_ALLOCATOR=bfc TF_FORCE_GPU_ALLOW_GROWTH=true
[OPTUNA-WORKER] visible_gpus=[PhysicalDevice(name='/physical_device:GPU:0', device_type='GPU')]
2026-07-14 13:53:46.558722: W tensorflow/core/common_runtime/gpu/gpu_bfc_allocator.cc:47] Overriding orig_value setting because the TF_FORCE_GPU_ALLOW_GROWTH environment variable is set. Original config value was 0.
2026-07-14 13:53:46.560037: I tensorflow/core/common_runtime/gpu/gpu_device.cc:1929] Created device /job:localhost/replica:0/task:0/device:GPU:0 with 38478 MB memory:  -> device: 0, name: NVIDIA A100-SXM4-40GB, pci bus id: 0000:81:00.0, compute capability: 8.0
2026-07-14 13:54:54.038632: I external/local_tsl/tsl/platform/default/subprocess.cc:304] Start cannot spawn child process: No such file or directory
2026-07-14 13:57:08.010101: I external/local_xla/xla/stream_executor/cuda/cuda_dnn.cc:454] Loaded cuDNN version 8905
2026-07-14 13:57:09.338698: I external/local_tsl/tsl/platform/default/subprocess.cc:304] Start cannot spawn child process: No such file or directory
2026-07-14 13:57:09.342223: I external/local_tsl/tsl/platform/default/subprocess.cc:304] Start cannot spawn child process: No such file or directory
2026-07-14 13:57:09.342272: W external/local_xla/xla/stream_executor/gpu/asm_compiler.cc:110] Couldn't get ptxas version : FAILED_PRECONDITION: Couldn't get ptxas/nvlink version string: INTERNAL: Couldn't invoke ptxas --version
2026-07-14 13:57:09.344831: I external/local_tsl/tsl/platform/default/subprocess.cc:304] Start cannot spawn child process: No such file or directory
2026-07-14 13:57:09.619028: W external/local_xla/xla/stream_executor/gpu/redzone_allocator.cc:322] INTERNAL: Failed to launch ptxas
Relying on driver to perform ptx compilation. 
Modify $PATH to customize ptxas location.
This message will be only logged once.
[TRAIN] loss_mode=nll_nmse (use_nll_loss=True)
[TRAIN] optimizer lr_schedule=cosine_decay learning_rate=0.000498316 weight_decay=7.69352e-07
[TRAIN] seeds active_seed=7 training_seed=7 evaluation_seed=1007
[TRAIN] starting from scratch
2026-07-14 13:57:33.949544: E tensorflow/core/grappler/optimizers/meta_optimizer.cc:961] layout failed: INVALID_ARGUMENT: Size of values 0 does not match size of permutation 4 @ fanin shape indncnn_trunk/dropout/dropout/SelectV2-2-TransposeNHWCToNCHW-LayoutOptimizer
2026-07-14 13:57:47.831929: I external/local_xla/xla/service/service.cc:168] XLA service 0x14cbf9f293b0 initialized for platform CUDA (this does not guarantee that XLA will be used). Devices:
2026-07-14 13:57:47.832053: I external/local_xla/xla/service/service.cc:176]   StreamExecutor device (0): NVIDIA A100-SXM4-40GB, Compute Capability 8.0
2026-07-14 13:57:56.369764: I tensorflow/compiler/mlir/tensorflow/utils/dump_mlir_util.cc:269] disabling MLIR crash reproducer, set env var `MLIR_CRASH_REPRODUCER_DIRECTORY` to enable.
WARNING: All log messages before absl::InitializeLog() is called are written to STDERR
I0000 00:00:1784051891.813474 1886890 device_compiler.h:186] Compiled cluster using XLA!  This line is logged at most once for the lifetime of the process.
[TRAIN] step=00001 loss=-0.87375 nmse_prop=0.14937 nmse_ls=0.14937 lr=4.983e-04 step_time=58.313s steps_per_s=0.017 gpu_mem=0.08GiB peak=2.45GiB
WARNING:tensorflow:Model's `__init__()` arguments contain non-serializable objects. Please implement a `get_config()` method in the subclassed Model for proper saving and loading. Defaulting to empty config.
WARNING:tensorflow:Model's `__init__()` arguments contain non-serializable objects. Please implement a `get_config()` method in the subclassed Model for proper saving and loading. Defaulting to empty config.
[TRAIN] saved new best weights at step=100 val_nmse=0.0874065
[TRAIN] step=00100 loss=-1.34833 nmse_prop=0.09552 nmse_ls=0.09543 lr=2.983e-04 step_time=145.665s steps_per_s=0.389 gpu_mem=0.16GiB peak=2.45GiB
[TRAIN] saved resumable state at step=100 reason=periodic: /lustre07/scratch/rsadve1/Ablations_Wave3/optuna/runs_1dmrs/clean_b32_prb8_d256_40k_smart_trueDMRS_u34610_1dmrs_stageB_dncnn_trunk_d256_l7_gate2/dncnn_trunk_d256_l7_trial_0000/checkpoints/training_state/ckpt-100
[OPTUNA-WORKER] trial=0 report step=100 value=-1.0583882
[TRAIN] step=00200 loss=-1.26098 nmse_prop=0.10388 nmse_ls=0.10388 lr=2.210e-05 step_time=135.619s steps_per_s=0.445 gpu_mem=0.16GiB peak=2.45GiB
[TRAIN] saved resumable state at step=200 reason=periodic: /lustre07/scratch/rsadve1/Ablations_Wave3/optuna/runs_1dmrs/clean_b32_prb8_d256_40k_smart_trueDMRS_u34610_1dmrs_stageB_dncnn_trunk_d256_l7_gate2/dncnn_trunk_d256_l7_trial_0000/checkpoints/training_state/ckpt-200
[OPTUNA-WORKER] trial=0 report step=200 value=-1.0284737
[TRAIN] step=00300 loss=-1.52856 nmse_prop=0.07990 nmse_ls=0.07993 lr=6.057e-06 step_time=138.336s steps_per_s=0.466 gpu_mem=0.16GiB peak=2.45GiB
[TRAIN] saved resumable state at step=300 reason=periodic: /lustre07/scratch/rsadve1/Ablations_Wave3/optuna/runs_1dmrs/clean_b32_prb8_d256_40k_smart_trueDMRS_u34610_1dmrs_stageB_dncnn_trunk_d256_l7_gate2/dncnn_trunk_d256_l7_trial_0000/checkpoints/training_state/ckpt-300
[OPTUNA-WORKER] trial=0 report step=300 value=-1.0196381
[TRAIN] saved resumable state at step=300 reason=final: /lustre07/scratch/rsadve1/Ablations_Wave3/optuna/runs_1dmrs/clean_b32_prb8_d256_40k_smart_trueDMRS_u34610_1dmrs_stageB_dncnn_trunk_d256_l7_gate2/dncnn_trunk_d256_l7_trial_0000/checkpoints/training_state/ckpt-300
[OPTUNA-WORKER] complete trial=0 value=-1.0196381
[OPTUNA-ISO] completed trial=0 value=-1.0196381
[OPTUNA] exported best params: /lustre07/scratch/rsadve1/Ablations_Wave3/optuna/clean_b32_prb8_d256_40k_smart_trueDMRS_u34610_1dmrs_stageB_dncnn_trunk_d256_l7_gate2_best_params.json
[OPTUNA-ISO] study: clean_b32_prb8_d256_40k_smart_trueDMRS_u34610_1dmrs_stageB_dncnn_trunk_d256_l7_gate2
[OPTUNA-ISO] stage: B
[OPTUNA-ISO] trials: 1
[OPTUNA-ISO] completed_trials: 1
[OPTUNA-ISO] pruned_trials: 0
[OPTUNA-ISO] finished_trials: 1
[OPTUNA-ISO] failed_trials: 0
[OPTUNA-ISO] best_value: -1.0196380646542667
[OPTUNA-ISO] best_params: {'learning_rate_schedule': 'cosine_decay', 'learning_rate': 0.0004983159357242532, 'learning_rate_decay_fraction': 0.75, 'learning_rate_final_fraction': 0.012154545064008537, 'weight_decay': 7.693520676908999e-07, 'nmse_loss_weight': 0.12243400701824686, 'grad_clip_norm': 1.0, 'dropout': 0.007912361628708613, 'residual_scale': 0.3228873595847961, 'batch_size_train': 32, 'batch_size_eval': 32, 'learning_rate_polynomial_power': 1.0}
[OPTUNA] exported best params: /lustre07/scratch/rsadve1/Ablations_Wave3/optuna/clean_b32_prb8_d256_40k_smart_trueDMRS_u34610_1dmrs_stageB_dncnn_trunk_d256_l7_gate2_best_params.json
