[ENV] Reusing portable venv: /home/rsadve1/links/scratch/.vevn_upair_potable
[ENV] Checking installed package metadata only; TensorFlow/Sionna are not imported here.
[ENV] Python 3.11.5
[ENV] numpy 1.26.4+computecanada
[ENV] pandas 2.2.3+computecanada
[ENV] matplotlib 3.10.0+computecanada
[ENV] PyYAML 6.0.2+computecanada
[ENV] scipy 1.15.1+computecanada
[ENV] tensorflow 2.15.1+computecanada
[ENV] sionna-no-rt 1.2.1
[ENV] optuna 4.8.0+computecanada
[ENV] Skipping TensorFlow/Sionna import check on this node. Set UPAIR_DEEP_IMPORT_CHECK=1 to test imports explicitly.
[ENV] Ready: REPO=/home/rsadve1/links/scratch/Ablations_Wave3
[ENV] Ready: VENV=/home/rsadve1/links/scratch/.vevn_upair_potable
/home/rsadve1/links/scratch/.vevn_upair_potable/lib/python3.11/site-packages/optuna/_experimental.py:33: ExperimentalWarning: Argument ``multivariate`` is an experimental feature. The interface can change in the future.
  optuna_warn(
/home/rsadve1/links/scratch/.vevn_upair_potable/lib/python3.11/site-packages/optuna/_experimental.py:33: ExperimentalWarning: Argument ``group`` is an experimental feature. The interface can change in the future.
  optuna_warn(
[I 2026-07-15 00:05:19,620] Using an existing study with name 'clean_b32_prb8_d256_40k_smart_trueDMRS_u34610_1dmrs_stageB_dncnn_trunk_d256_l7' instead of creating a new one.
[OPTUNA-ISO] resume_state stage=B completed_trials=4 pruned_trials=0 finished_trials=4 failed_trials=0 nonfailed_trials=4 n_trials_request=4 max_attempts=4 target_total_trials=6 attempts_to_run=2 steps=12000 trial_process_isolation=1
[OPTUNA-ISO] starting stage=B trial=4 trial_id=5 params={'batch_size_train': 32, 'batch_size_eval': 32, 'learning_rate_schedule': 'cosine_decay', 'learning_rate': 0.0004983159357242532, 'learning_rate_decay_fraction': 0.75, 'learning_rate_final_fraction': 0.012154545064008537, 'learning_rate_polynomial_power': 1.0, 'weight_decay': 7.693520676908999e-07, 'nmse_loss_weight': 0.12243400701824686, 'grad_clip_norm': 1.0, 'dropout': 0.007912361628708613, 'residual_scale': 0.3228873595847961}
[OPTUNA-ISO] launching worker trial=4 pid=<pending> params={'batch_size_train': 32, 'batch_size_eval': 32, 'learning_rate_schedule': 'cosine_decay', 'learning_rate': 0.0004983159357242532, 'learning_rate_decay_fraction': 0.75, 'learning_rate_final_fraction': 0.012154545064008537, 'learning_rate_polynomial_power': 1.0, 'weight_decay': 7.693520676908999e-07, 'nmse_loss_weight': 0.12243400701824686, 'grad_clip_norm': 1.0, 'dropout': 0.007912361628708613, 'residual_scale': 0.3228873595847961}
2026-07-15 00:08:04.211375: E external/local_xla/xla/stream_executor/cuda/cuda_dnn.cc:9261] Unable to register cuDNN factory: Attempting to register factory for plugin cuDNN when one has already been registered
2026-07-15 00:08:04.212411: E external/local_xla/xla/stream_executor/cuda/cuda_fft.cc:607] Unable to register cuFFT factory: Attempting to register factory for plugin cuFFT when one has already been registered
2026-07-15 00:08:04.566339: E external/local_xla/xla/stream_executor/cuda/cuda_blas.cc:1515] Unable to register cuBLAS factory: Attempting to register factory for plugin cuBLAS when one has already been registered
2026-07-15 00:08:05.185972: I tensorflow/core/platform/cpu_feature_guard.cc:182] This TensorFlow binary is optimized to use available CPU instructions in performance-critical operations.
To enable the following instructions: AVX2 FMA, in other operations, rebuild TensorFlow with the appropriate compiler flags.
[OPTUNA-WORKER] start trial=4 pid=3644748 TF_GPU_ALLOCATOR=bfc TF_FORCE_GPU_ALLOW_GROWTH=true
[OPTUNA-WORKER] visible_gpus=[PhysicalDevice(name='/physical_device:GPU:0', device_type='GPU')]
2026-07-15 00:31:34.318658: W tensorflow/core/common_runtime/gpu/gpu_bfc_allocator.cc:47] Overriding orig_value setting because the TF_FORCE_GPU_ALLOW_GROWTH environment variable is set. Original config value was 0.
2026-07-15 00:31:34.319828: I tensorflow/core/common_runtime/gpu/gpu_device.cc:1929] Created device /job:localhost/replica:0/task:0/device:GPU:0 with 38478 MB memory:  -> device: 0, name: NVIDIA A100-SXM4-40GB, pci bus id: 0000:41:00.0, compute capability: 8.0
2026-07-15 00:31:45.787453: I external/local_tsl/tsl/platform/default/subprocess.cc:304] Start cannot spawn child process: No such file or directory
2026-07-15 00:32:38.010699: I external/local_xla/xla/stream_executor/cuda/cuda_dnn.cc:454] Loaded cuDNN version 8905
2026-07-15 00:32:38.127332: I external/local_tsl/tsl/platform/default/subprocess.cc:304] Start cannot spawn child process: No such file or directory
2026-07-15 00:32:38.130678: I external/local_tsl/tsl/platform/default/subprocess.cc:304] Start cannot spawn child process: No such file or directory
2026-07-15 00:32:38.130726: W external/local_xla/xla/stream_executor/gpu/asm_compiler.cc:110] Couldn't get ptxas version : FAILED_PRECONDITION: Couldn't get ptxas/nvlink version string: INTERNAL: Couldn't invoke ptxas --version
2026-07-15 00:32:38.133104: I external/local_tsl/tsl/platform/default/subprocess.cc:304] Start cannot spawn child process: No such file or directory
2026-07-15 00:32:38.135226: W external/local_xla/xla/stream_executor/gpu/redzone_allocator.cc:322] INTERNAL: Failed to launch ptxas
Relying on driver to perform ptx compilation. 
Modify $PATH to customize ptxas location.
This message will be only logged once.
[TRAIN] loss_mode=nll_nmse (use_nll_loss=True)
[TRAIN] optimizer lr_schedule=cosine_decay learning_rate=0.000498316 weight_decay=7.69352e-07
[TRAIN] seeds active_seed=7 training_seed=7 evaluation_seed=1007
[TRAIN] starting from scratch
2026-07-15 00:32:47.564572: E tensorflow/core/grappler/optimizers/meta_optimizer.cc:961] layout failed: INVALID_ARGUMENT: Size of values 0 does not match size of permutation 4 @ fanin shape indncnn_trunk/dropout/dropout/SelectV2-2-TransposeNHWCToNCHW-LayoutOptimizer
2026-07-15 00:32:53.048902: I external/local_xla/xla/service/service.cc:168] XLA service 0x151145f20580 initialized for platform CUDA (this does not guarantee that XLA will be used). Devices:
2026-07-15 00:32:53.049052: I external/local_xla/xla/service/service.cc:176]   StreamExecutor device (0): NVIDIA A100-SXM4-40GB, Compute Capability 8.0
2026-07-15 00:32:56.240861: I tensorflow/compiler/mlir/tensorflow/utils/dump_mlir_util.cc:269] disabling MLIR crash reproducer, set env var `MLIR_CRASH_REPRODUCER_DIRECTORY` to enable.
WARNING: All log messages before absl::InitializeLog() is called are written to STDERR
I0000 00:00:1784089978.255495 3656716 device_compiler.h:186] Compiled cluster using XLA!  This line is logged at most once for the lifetime of the process.
[TRAIN] step=00001 loss=-0.88465 nmse_prop=0.14753 nmse_ls=0.14753 lr=4.983e-04 step_time=20.468s steps_per_s=0.049 gpu_mem=0.08GiB peak=2.43GiB
[TRAIN] step=00100 loss=-1.34972 nmse_prop=0.09516 nmse_ls=0.09505 lr=4.982e-04 step_time=0.557s steps_per_s=1.357 gpu_mem=0.16GiB peak=2.43GiB
[TRAIN] step=00200 loss=-1.14471 nmse_prop=0.11497 nmse_ls=0.11499 lr=4.977e-04 step_time=0.553s steps_per_s=1.686 gpu_mem=0.16GiB peak=2.43GiB
[TRAIN] step=00300 loss=-1.37974 nmse_prop=0.09252 nmse_ls=0.09246 lr=4.970e-04 step_time=0.556s steps_per_s=1.816 gpu_mem=0.16GiB peak=2.43GiB
[TRAIN] step=00400 loss=-1.34301 nmse_prop=0.09599 nmse_ls=0.09595 lr=4.959e-04 step_time=0.557s steps_per_s=1.884 gpu_mem=0.16GiB peak=2.43GiB
[TRAIN] step=00500 loss=-1.02488 nmse_prop=0.13084 nmse_ls=0.13079 lr=4.946e-04 step_time=0.434s steps_per_s=1.924 gpu_mem=0.16GiB peak=2.43GiB
[TRAIN] step=00600 loss=-2.15112 nmse_prop=0.04462 nmse_ls=0.04443 lr=4.930e-04 step_time=0.438s steps_per_s=1.967 gpu_mem=0.16GiB peak=2.43GiB
[TRAIN] step=00700 loss=-1.48803 nmse_prop=0.08382 nmse_ls=0.08379 lr=4.910e-04 step_time=0.435s steps_per_s=1.992 gpu_mem=0.16GiB peak=2.43GiB
[TRAIN] step=00800 loss=-1.96978 nmse_prop=0.05280 nmse_ls=0.05272 lr=4.888e-04 step_time=0.438s steps_per_s=2.004 gpu_mem=0.16GiB peak=2.43GiB
[TRAIN] step=00900 loss=-2.34391 nmse_prop=0.03680 nmse_ls=0.03672 lr=4.863e-04 step_time=0.561s steps_per_s=2.018 gpu_mem=0.16GiB peak=2.43GiB
WARNING:tensorflow:Model's `__init__()` arguments contain non-serializable objects. Please implement a `get_config()` method in the subclassed Model for proper saving and loading. Defaulting to empty config.
WARNING:tensorflow:Model's `__init__()` arguments contain non-serializable objects. Please implement a `get_config()` method in the subclassed Model for proper saving and loading. Defaulting to empty config.
[TRAIN] saved new best weights at step=1000 val_nmse=0.0898619
[TRAIN] step=01000 loss=-1.15954 nmse_prop=0.11539 nmse_ls=0.11530 lr=4.835e-04 step_time=137.677s steps_per_s=1.585 gpu_mem=0.17GiB peak=2.43GiB
[TRAIN] saved resumable state at step=1000 reason=periodic: /lustre07/scratch/rsadve1/Ablations_Wave3/optuna/runs_1dmrs/clean_b32_prb8_d256_40k_smart_trueDMRS_u34610_1dmrs_stageB_dncnn_trunk_d256_l7/dncnn_trunk_d256_l7_trial_0004/checkpoints/training_state/ckpt-1000
[OPTUNA-WORKER] trial=4 report step=1000 value=-1.0463759
[TRAIN] step=01100 loss=-2.19849 nmse_prop=0.04253 nmse_ls=0.04247 lr=4.804e-04 step_time=0.564s steps_per_s=1.618 gpu_mem=0.17GiB peak=2.43GiB
[TRAIN] step=01200 loss=-1.04057 nmse_prop=0.12976 nmse_ls=0.12973 lr=4.771e-04 step_time=0.560s steps_per_s=1.650 gpu_mem=0.17GiB peak=2.43GiB
[TRAIN] step=01300 loss=-2.27865 nmse_prop=0.04033 nmse_ls=0.04031 lr=4.734e-04 step_time=0.313s steps_per_s=1.676 gpu_mem=0.18GiB peak=2.43GiB
[TRAIN] step=01400 loss=-1.20025 nmse_prop=0.11220 nmse_ls=0.11218 lr=4.695e-04 step_time=0.436s steps_per_s=1.700 gpu_mem=0.17GiB peak=2.43GiB
[TRAIN] step=01500 loss=-2.10503 nmse_prop=0.04674 nmse_ls=0.04667 lr=4.654e-04 step_time=0.435s steps_per_s=1.723 gpu_mem=0.17GiB peak=2.43GiB
[TRAIN] step=01600 loss=-0.63695 nmse_prop=0.19507 nmse_ls=0.19532 lr=4.610e-04 step_time=0.556s steps_per_s=1.746 gpu_mem=0.17GiB peak=2.43GiB
[TRAIN] step=01700 loss=-1.20272 nmse_prop=0.11233 nmse_ls=0.11273 lr=4.563e-04 step_time=0.435s steps_per_s=1.765 gpu_mem=0.18GiB peak=2.43GiB
[TRAIN] step=01800 loss=-0.94568 nmse_prop=0.14452 nmse_ls=0.14491 lr=4.514e-04 step_time=0.556s steps_per_s=1.779 gpu_mem=0.17GiB peak=2.43GiB
[TRAIN] step=01900 loss=-1.91811 nmse_prop=0.05585 nmse_ls=0.05673 lr=4.462e-04 step_time=0.433s steps_per_s=1.793 gpu_mem=0.17GiB peak=2.43GiB
[TRAIN] step=02000 loss=-1.04918 nmse_prop=0.13081 nmse_ls=0.13175 lr=4.408e-04 step_time=135.629s steps_per_s=1.610 gpu_mem=0.17GiB peak=2.43GiB
[TRAIN] saved resumable state at step=2000 reason=periodic: /lustre07/scratch/rsadve1/Ablations_Wave3/optuna/runs_1dmrs/clean_b32_prb8_d256_40k_smart_trueDMRS_u34610_1dmrs_stageB_dncnn_trunk_d256_l7/dncnn_trunk_d256_l7_trial_0004/checkpoints/training_state/ckpt-2000
[OPTUNA-WORKER] trial=4 report step=2000 value=-1.0352411
[TRAIN] step=02100 loss=-1.00768 nmse_prop=0.13609 nmse_ls=0.13700 lr=4.352e-04 step_time=0.556s steps_per_s=1.623 gpu_mem=0.17GiB peak=2.43GiB
[TRAIN] step=02200 loss=-1.61536 nmse_prop=0.07501 nmse_ls=0.07617 lr=4.293e-04 step_time=0.556s steps_per_s=1.640 gpu_mem=0.17GiB peak=2.43GiB
[TRAIN] step=02300 loss=-1.62928 nmse_prop=0.07400 nmse_ls=0.07539 lr=4.232e-04 step_time=0.432s steps_per_s=1.656 gpu_mem=0.17GiB peak=2.43GiB
[TRAIN] step=02400 loss=-1.21345 nmse_prop=0.11123 nmse_ls=0.11254 lr=4.169e-04 step_time=0.554s steps_per_s=1.674 gpu_mem=0.17GiB peak=2.43GiB
[TRAIN] step=02500 loss=-2.34742 nmse_prop=0.03743 nmse_ls=0.03877 lr=4.105e-04 step_time=0.432s steps_per_s=1.688 gpu_mem=0.17GiB peak=2.43GiB
[TRAIN] step=02600 loss=-0.90820 nmse_prop=0.15021 nmse_ls=0.15200 lr=4.038e-04 step_time=0.555s steps_per_s=1.700 gpu_mem=0.17GiB peak=2.43GiB
[TRAIN] step=02700 loss=-2.42300 nmse_prop=0.03464 nmse_ls=0.03615 lr=3.969e-04 step_time=0.431s steps_per_s=1.712 gpu_mem=0.17GiB peak=2.43GiB
[TRAIN] step=02800 loss=-0.99197 nmse_prop=0.13852 nmse_ls=0.14303 lr=3.899e-04 step_time=0.311s steps_per_s=1.725 gpu_mem=0.17GiB peak=2.43GiB
[TRAIN] step=02900 loss=-0.93232 nmse_prop=0.14671 nmse_ls=0.15045 lr=3.827e-04 step_time=0.431s steps_per_s=1.736 gpu_mem=0.17GiB peak=2.43GiB
[TRAIN] step=03000 loss=-1.91257 nmse_prop=0.05588 nmse_ls=0.05769 lr=3.753e-04 step_time=137.952s steps_per_s=1.616 gpu_mem=0.17GiB peak=2.43GiB
[TRAIN] saved resumable state at step=3000 reason=periodic: /lustre07/scratch/rsadve1/Ablations_Wave3/optuna/runs_1dmrs/clean_b32_prb8_d256_40k_smart_trueDMRS_u34610_1dmrs_stageB_dncnn_trunk_d256_l7/dncnn_trunk_d256_l7_trial_0004/checkpoints/training_state/ckpt-3000
[OPTUNA-WORKER] trial=4 report step=3000 value=-1.0262413
[TRAIN] step=03100 loss=-0.71553 nmse_prop=0.18123 nmse_ls=0.18603 lr=3.678e-04 step_time=0.432s steps_per_s=1.627 gpu_mem=0.17GiB peak=2.43GiB
[TRAIN] step=03200 loss=-0.81589 nmse_prop=0.16448 nmse_ls=0.16747 lr=3.602e-04 step_time=0.552s steps_per_s=1.639 gpu_mem=0.17GiB peak=2.43GiB
[TRAIN] step=03300 loss=-1.65282 nmse_prop=0.07267 nmse_ls=0.07518 lr=3.524e-04 step_time=0.550s steps_per_s=1.653 gpu_mem=0.18GiB peak=2.43GiB
[TRAIN] step=03400 loss=-0.99449 nmse_prop=0.13818 nmse_ls=0.14196 lr=3.445e-04 step_time=0.551s steps_per_s=1.664 gpu_mem=0.18GiB peak=2.43GiB
[TRAIN] step=03500 loss=-1.99028 nmse_prop=0.05232 nmse_ls=0.05444 lr=3.364e-04 step_time=0.550s steps_per_s=1.675 gpu_mem=0.17GiB peak=2.43GiB
[TRAIN] step=03600 loss=-1.50747 nmse_prop=0.08351 nmse_ls=0.08611 lr=3.283e-04 step_time=0.551s steps_per_s=1.686 gpu_mem=0.17GiB peak=2.43GiB
[TRAIN] step=03700 loss=-0.74019 nmse_prop=0.17722 nmse_ls=0.18136 lr=3.201e-04 step_time=0.551s steps_per_s=1.695 gpu_mem=0.17GiB peak=2.43GiB
[TRAIN] step=03800 loss=-2.14260 nmse_prop=0.04511 nmse_ls=0.04736 lr=3.118e-04 step_time=0.548s steps_per_s=1.704 gpu_mem=0.17GiB peak=2.43GiB
[TRAIN] step=03900 loss=-1.12156 nmse_prop=0.12215 nmse_ls=0.13156 lr=3.034e-04 step_time=0.191s steps_per_s=1.713 gpu_mem=0.18GiB peak=2.43GiB
[TRAIN] step=04000 loss=-0.95090 nmse_prop=0.14420 nmse_ls=0.15028 lr=2.950e-04 step_time=137.420s steps_per_s=1.625 gpu_mem=0.18GiB peak=2.43GiB
[TRAIN] saved resumable state at step=4000 reason=periodic: /lustre07/scratch/rsadve1/Ablations_Wave3/optuna/runs_1dmrs/clean_b32_prb8_d256_40k_smart_trueDMRS_u34610_1dmrs_stageB_dncnn_trunk_d256_l7/dncnn_trunk_d256_l7_trial_0004/checkpoints/training_state/ckpt-4000
[OPTUNA-WORKER] trial=4 report step=4000 value=-1.0337917
[TRAIN] step=04100 loss=-1.58047 nmse_prop=0.07776 nmse_ls=0.08075 lr=2.865e-04 step_time=0.551s steps_per_s=1.633 gpu_mem=0.17GiB peak=2.43GiB
[TRAIN] step=04200 loss=-1.15621 nmse_prop=0.11781 nmse_ls=0.12202 lr=2.780e-04 step_time=0.553s steps_per_s=1.642 gpu_mem=0.17GiB peak=2.43GiB
[TRAIN] step=04300 loss=-0.83047 nmse_prop=0.16233 nmse_ls=0.17287 lr=2.694e-04 step_time=0.309s steps_per_s=1.651 gpu_mem=0.18GiB peak=2.43GiB
[TRAIN] step=04400 loss=-1.14977 nmse_prop=0.11900 nmse_ls=0.12858 lr=2.609e-04 step_time=0.310s steps_per_s=1.660 gpu_mem=0.17GiB peak=2.43GiB
[TRAIN] step=04500 loss=-0.49620 nmse_prop=0.22493 nmse_ls=0.23239 lr=2.523e-04 step_time=0.550s steps_per_s=1.668 gpu_mem=0.18GiB peak=2.43GiB
[TRAIN] step=04600 loss=-0.64391 nmse_prop=0.19501 nmse_ls=0.20219 lr=2.437e-04 step_time=0.549s steps_per_s=1.676 gpu_mem=0.18GiB peak=2.43GiB
[TRAIN] step=04700 loss=-2.08008 nmse_prop=0.04819 nmse_ls=0.05056 lr=2.351e-04 step_time=0.552s steps_per_s=1.683 gpu_mem=0.18GiB peak=2.43GiB
[TRAIN] step=04800 loss=-0.54360 nmse_prop=0.21508 nmse_ls=0.22306 lr=2.265e-04 step_time=0.553s steps_per_s=1.691 gpu_mem=0.18GiB peak=2.43GiB
[TRAIN] step=04900 loss=-1.33976 nmse_prop=0.09889 nmse_ls=0.10804 lr=2.180e-04 step_time=0.310s steps_per_s=1.699 gpu_mem=0.18GiB peak=2.43GiB
WARNING:tensorflow:Model's `__init__()` arguments contain non-serializable objects. Please implement a `get_config()` method in the subclassed Model for proper saving and loading. Defaulting to empty config.
WARNING:tensorflow:Model's `__init__()` arguments contain non-serializable objects. Please implement a `get_config()` method in the subclassed Model for proper saving and loading. Defaulting to empty config.
[TRAIN] saved new best weights at step=5000 val_nmse=0.0893975
[TRAIN] step=05000 loss=-1.78705 nmse_prop=0.06389 nmse_ls=0.06849 lr=2.095e-04 step_time=139.438s steps_per_s=1.628 gpu_mem=0.17GiB peak=2.43GiB
[TRAIN] saved resumable state at step=5000 reason=periodic: /lustre07/scratch/rsadve1/Ablations_Wave3/optuna/runs_1dmrs/clean_b32_prb8_d256_40k_smart_trueDMRS_u34610_1dmrs_stageB_dncnn_trunk_d256_l7/dncnn_trunk_d256_l7_trial_0004/checkpoints/training_state/ckpt-5000
[OPTUNA-WORKER] trial=4 report step=5000 value=-1.0464948
[TRAIN] step=05100 loss=-2.39247 nmse_prop=0.03624 nmse_ls=0.03919 lr=2.011e-04 step_time=0.430s steps_per_s=1.636 gpu_mem=0.18GiB peak=2.43GiB
[TRAIN] step=05200 loss=-0.73027 nmse_prop=0.17928 nmse_ls=0.18634 lr=1.927e-04 step_time=0.550s steps_per_s=1.644 gpu_mem=0.18GiB peak=2.43GiB
[TRAIN] step=05300 loss=-1.02250 nmse_prop=0.13480 nmse_ls=0.14281 lr=1.844e-04 step_time=0.431s steps_per_s=1.652 gpu_mem=0.18GiB peak=2.43GiB
[TRAIN] step=05400 loss=-1.83120 nmse_prop=0.06110 nmse_ls=0.06457 lr=1.762e-04 step_time=0.550s steps_per_s=1.659 gpu_mem=0.18GiB peak=2.43GiB
[TRAIN] step=05500 loss=-0.96018 nmse_prop=0.14310 nmse_ls=0.15178 lr=1.681e-04 step_time=0.429s steps_per_s=1.666 gpu_mem=0.18GiB peak=2.43GiB
[TRAIN] step=05600 loss=-2.03568 nmse_prop=0.05004 nmse_ls=0.05422 lr=1.601e-04 step_time=0.431s steps_per_s=1.672 gpu_mem=0.18GiB peak=2.43GiB
[TRAIN] step=05700 loss=-2.29166 nmse_prop=0.03939 nmse_ls=0.04212 lr=1.522e-04 step_time=0.552s steps_per_s=1.679 gpu_mem=0.18GiB peak=2.43GiB
[TRAIN] step=05800 loss=-1.52399 nmse_prop=0.08252 nmse_ls=0.09613 lr=1.444e-04 step_time=0.190s steps_per_s=1.686 gpu_mem=0.18GiB peak=2.43GiB
[TRAIN] step=05900 loss=-0.64633 nmse_prop=0.19458 nmse_ls=0.20721 lr=1.367e-04 step_time=0.429s steps_per_s=1.692 gpu_mem=0.18GiB peak=2.43GiB
[TRAIN] step=06000 loss=-2.26867 nmse_prop=0.04042 nmse_ls=0.04347 lr=1.292e-04 step_time=134.473s steps_per_s=1.637 gpu_mem=0.18GiB peak=2.43GiB
[TRAIN] saved resumable state at step=6000 reason=periodic: /lustre07/scratch/rsadve1/Ablations_Wave3/optuna/runs_1dmrs/clean_b32_prb8_d256_40k_smart_trueDMRS_u34610_1dmrs_stageB_dncnn_trunk_d256_l7/dncnn_trunk_d256_l7_trial_0004/checkpoints/training_state/ckpt-6000
[OPTUNA-WORKER] trial=4 report step=6000 value=-1.0444167
[TRAIN] step=06100 loss=-0.55020 nmse_prop=0.21379 nmse_ls=0.22432 lr=1.218e-04 step_time=0.550s steps_per_s=1.642 gpu_mem=0.18GiB peak=2.43GiB
[TRAIN] step=06200 loss=-1.57109 nmse_prop=0.07861 nmse_ls=0.08321 lr=1.146e-04 step_time=0.554s steps_per_s=1.648 gpu_mem=0.18GiB peak=2.43GiB
[TRAIN] step=06300 loss=-2.04859 nmse_prop=0.04932 nmse_ls=0.05322 lr=1.076e-04 step_time=0.554s steps_per_s=1.653 gpu_mem=0.18GiB peak=2.43GiB
[TRAIN] step=06400 loss=-1.94428 nmse_prop=0.05486 nmse_ls=0.06477 lr=1.007e-04 step_time=0.190s steps_per_s=1.658 gpu_mem=0.18GiB peak=2.43GiB
[TRAIN] step=06500 loss=-1.29896 nmse_prop=0.10316 nmse_ls=0.11525 lr=9.404e-05 step_time=0.310s steps_per_s=1.661 gpu_mem=0.18GiB peak=2.43GiB
[TRAIN] step=06600 loss=-0.78129 nmse_prop=0.17073 nmse_ls=0.18368 lr=8.756e-05 step_time=0.432s steps_per_s=1.665 gpu_mem=0.18GiB peak=2.43GiB
[TRAIN] step=06700 loss=-0.60081 nmse_prop=0.20373 nmse_ls=0.21466 lr=8.127e-05 step_time=0.554s steps_per_s=1.671 gpu_mem=0.18GiB peak=2.43GiB
[TRAIN] step=06800 loss=-1.22094 nmse_prop=0.11071 nmse_ls=0.11931 lr=7.520e-05 step_time=0.431s steps_per_s=1.676 gpu_mem=0.18GiB peak=2.43GiB
[TRAIN] step=06900 loss=-1.07283 nmse_prop=0.12826 nmse_ls=0.13587 lr=6.933e-05 step_time=0.553s steps_per_s=1.681 gpu_mem=0.18GiB peak=2.43GiB
WARNING:tensorflow:Model's `__init__()` arguments contain non-serializable objects. Please implement a `get_config()` method in the subclassed Model for proper saving and loading. Defaulting to empty config.
WARNING:tensorflow:Model's `__init__()` arguments contain non-serializable objects. Please implement a `get_config()` method in the subclassed Model for proper saving and loading. Defaulting to empty config.
[TRAIN] saved new best weights at step=7000 val_nmse=0.083772
[TRAIN] step=07000 loss=-1.03486 nmse_prop=0.13340 nmse_ls=0.14852 lr=6.370e-05 step_time=136.301s steps_per_s=1.633 gpu_mem=0.18GiB peak=2.43GiB
[TRAIN] saved resumable state at step=7000 reason=periodic: /lustre07/scratch/rsadve1/Ablations_Wave3/optuna/runs_1dmrs/clean_b32_prb8_d256_40k_smart_trueDMRS_u34610_1dmrs_stageB_dncnn_trunk_d256_l7/dncnn_trunk_d256_l7_trial_0004/checkpoints/training_state/ckpt-7000
[OPTUNA-WORKER] trial=4 report step=7000 value=-1.0596908
[TRAIN] step=07100 loss=-2.29540 nmse_prop=0.03936 nmse_ls=0.04416 lr=5.829e-05 step_time=0.431s steps_per_s=1.636 gpu_mem=0.18GiB peak=2.43GiB
[TRAIN] step=07200 loss=-0.91645 nmse_prop=0.14953 nmse_ls=0.15858 lr=5.311e-05 step_time=0.552s steps_per_s=1.641 gpu_mem=0.18GiB peak=2.43GiB
[TRAIN] step=07300 loss=-0.51815 nmse_prop=0.22100 nmse_ls=0.23845 lr=4.818e-05 step_time=0.432s steps_per_s=1.647 gpu_mem=0.18GiB peak=2.43GiB
[TRAIN] step=07400 loss=-0.89061 nmse_prop=0.15386 nmse_ls=0.16654 lr=4.350e-05 step_time=0.433s steps_per_s=1.652 gpu_mem=0.18GiB peak=2.43GiB
[TRAIN] step=07500 loss=-1.86394 nmse_prop=0.05919 nmse_ls=0.06373 lr=3.907e-05 step_time=0.556s steps_per_s=1.656 gpu_mem=0.18GiB peak=2.43GiB
[TRAIN] step=07600 loss=-0.88856 nmse_prop=0.15386 nmse_ls=0.16677 lr=3.491e-05 step_time=0.432s steps_per_s=1.661 gpu_mem=0.18GiB peak=2.43GiB
[TRAIN] step=07700 loss=-1.39381 nmse_prop=0.09383 nmse_ls=0.10227 lr=3.100e-05 step_time=0.432s steps_per_s=1.666 gpu_mem=0.18GiB peak=2.43GiB
[TRAIN] step=07800 loss=-2.42331 nmse_prop=0.03500 nmse_ls=0.03852 lr=2.737e-05 step_time=0.554s steps_per_s=1.671 gpu_mem=0.18GiB peak=2.43GiB
[TRAIN] step=07900 loss=-0.45306 nmse_prop=0.23510 nmse_ls=0.24956 lr=2.401e-05 step_time=0.554s steps_per_s=1.675 gpu_mem=0.18GiB peak=2.43GiB
WARNING:tensorflow:Model's `__init__()` arguments contain non-serializable objects. Please implement a `get_config()` method in the subclassed Model for proper saving and loading. Defaulting to empty config.
WARNING:tensorflow:Model's `__init__()` arguments contain non-serializable objects. Please implement a `get_config()` method in the subclassed Model for proper saving and loading. Defaulting to empty config.
[TRAIN] saved new best weights at step=8000 val_nmse=0.0808287
[TRAIN] step=08000 loss=-0.75373 nmse_prop=0.17538 nmse_ls=0.18631 lr=2.093e-05 step_time=137.933s steps_per_s=1.633 gpu_mem=0.18GiB peak=2.43GiB
[TRAIN] saved resumable state at step=8000 reason=periodic: /lustre07/scratch/rsadve1/Ablations_Wave3/optuna/runs_1dmrs/clean_b32_prb8_d256_40k_smart_trueDMRS_u34610_1dmrs_stageB_dncnn_trunk_d256_l7/dncnn_trunk_d256_l7_trial_0004/checkpoints/training_state/ckpt-8000
[OPTUNA-WORKER] trial=4 report step=8000 value=-1.0923309
[TRAIN] step=08100 loss=-1.11258 nmse_prop=0.12376 nmse_ls=0.15160 lr=1.813e-05 step_time=0.191s steps_per_s=1.637 gpu_mem=0.18GiB peak=2.43GiB
[TRAIN] step=08200 loss=-0.90355 nmse_prop=0.15172 nmse_ls=0.17019 lr=1.562e-05 step_time=0.310s steps_per_s=1.641 gpu_mem=0.18GiB peak=2.43GiB
[TRAIN] step=08300 loss=-0.82560 nmse_prop=0.16390 nmse_ls=0.17747 lr=1.339e-05 step_time=0.431s steps_per_s=1.646 gpu_mem=0.18GiB peak=2.43GiB
[TRAIN] step=08400 loss=-1.05157 nmse_prop=0.13127 nmse_ls=0.15966 lr=1.145e-05 step_time=0.190s steps_per_s=1.651 gpu_mem=0.18GiB peak=2.43GiB
[TRAIN] step=08500 loss=-0.85262 nmse_prop=0.15948 nmse_ls=0.17318 lr=9.811e-06 step_time=0.435s steps_per_s=1.655 gpu_mem=0.18GiB peak=2.43GiB
[TRAIN] step=08600 loss=-1.46668 nmse_prop=0.08693 nmse_ls=0.10589 lr=8.464e-06 step_time=0.190s steps_per_s=1.660 gpu_mem=0.18GiB peak=2.43GiB
[TRAIN] step=08700 loss=-1.32880 nmse_prop=0.10044 nmse_ls=0.12091 lr=7.414e-06 step_time=0.192s steps_per_s=1.664 gpu_mem=0.18GiB peak=2.43GiB
[TRAIN] step=08800 loss=-2.01473 nmse_prop=0.05109 nmse_ls=0.05569 lr=6.662e-06 step_time=0.555s steps_per_s=1.668 gpu_mem=0.18GiB peak=2.43GiB
[TRAIN] step=08900 loss=-0.46272 nmse_prop=0.23309 nmse_ls=0.24782 lr=6.210e-06 step_time=0.556s steps_per_s=1.672 gpu_mem=0.18GiB peak=2.43GiB
[TRAIN] step=09000 loss=-2.41486 nmse_prop=0.03523 nmse_ls=0.03992 lr=6.057e-06 step_time=138.677s steps_per_s=1.634 gpu_mem=0.18GiB peak=2.43GiB
[TRAIN] saved resumable state at step=9000 reason=periodic: /lustre07/scratch/rsadve1/Ablations_Wave3/optuna/runs_1dmrs/clean_b32_prb8_d256_40k_smart_trueDMRS_u34610_1dmrs_stageB_dncnn_trunk_d256_l7/dncnn_trunk_d256_l7_trial_0004/checkpoints/training_state/ckpt-9000
[OPTUNA-WORKER] trial=4 report step=9000 value=-1.0789624
[TRAIN] step=09100 loss=-2.19173 nmse_prop=0.04352 nmse_ls=0.04835 lr=6.057e-06 step_time=0.433s steps_per_s=1.637 gpu_mem=0.18GiB peak=2.43GiB
[TRAIN] step=09200 loss=-0.81856 nmse_prop=0.16528 nmse_ls=0.18660 lr=6.057e-06 step_time=0.312s steps_per_s=1.642 gpu_mem=0.18GiB peak=2.43GiB
[TRAIN] step=09300 loss=-1.07097 nmse_prop=0.12858 nmse_ls=0.13719 lr=6.057e-06 step_time=0.553s steps_per_s=1.646 gpu_mem=0.18GiB peak=2.43GiB
[TRAIN] step=09400 loss=-2.07932 nmse_prop=0.04839 nmse_ls=0.05256 lr=6.057e-06 step_time=0.557s steps_per_s=1.651 gpu_mem=0.18GiB peak=2.43GiB
[TRAIN] step=09500 loss=-1.91728 nmse_prop=0.05637 nmse_ls=0.06098 lr=6.057e-06 step_time=0.557s steps_per_s=1.655 gpu_mem=0.18GiB peak=2.43GiB
[TRAIN] step=09600 loss=-0.41302 nmse_prop=0.24470 nmse_ls=0.26004 lr=6.057e-06 step_time=0.558s steps_per_s=1.658 gpu_mem=0.18GiB peak=2.43GiB
[TRAIN] step=09700 loss=-2.02661 nmse_prop=0.05065 nmse_ls=0.05523 lr=6.057e-06 step_time=0.555s steps_per_s=1.662 gpu_mem=0.18GiB peak=2.43GiB
[TRAIN] step=09800 loss=-2.11778 nmse_prop=0.04686 nmse_ls=0.05198 lr=6.057e-06 step_time=0.433s steps_per_s=1.666 gpu_mem=0.18GiB peak=2.43GiB
[TRAIN] step=09900 loss=-1.73696 nmse_prop=0.06735 nmse_ls=0.07407 lr=6.057e-06 step_time=0.433s steps_per_s=1.670 gpu_mem=0.18GiB peak=2.43GiB
[TRAIN] step=10000 loss=-0.78442 nmse_prop=0.17028 nmse_ls=0.19294 lr=6.057e-06 step_time=135.035s steps_per_s=1.636 gpu_mem=0.18GiB peak=2.43GiB
[TRAIN] saved resumable state at step=10000 reason=periodic: /lustre07/scratch/rsadve1/Ablations_Wave3/optuna/runs_1dmrs/clean_b32_prb8_d256_40k_smart_trueDMRS_u34610_1dmrs_stageB_dncnn_trunk_d256_l7/dncnn_trunk_d256_l7_trial_0004/checkpoints/training_state/ckpt-10000
[OPTUNA-WORKER] trial=4 report step=10000 value=-1.0653008
[TRAIN] step=10100 loss=-2.24570 nmse_prop=0.04073 nmse_ls=0.04576 lr=6.057e-06 step_time=0.433s steps_per_s=1.640 gpu_mem=0.18GiB peak=2.43GiB
[TRAIN] step=10200 loss=-0.94473 nmse_prop=0.14550 nmse_ls=0.15516 lr=6.057e-06 step_time=0.555s steps_per_s=1.643 gpu_mem=0.18GiB peak=2.43GiB
[TRAIN] step=10300 loss=-0.60788 nmse_prop=0.20227 nmse_ls=0.21580 lr=6.057e-06 step_time=0.555s steps_per_s=1.647 gpu_mem=0.18GiB peak=2.43GiB
[TRAIN] step=10400 loss=-2.38665 nmse_prop=0.03661 nmse_ls=0.04000 lr=6.057e-06 step_time=0.554s steps_per_s=1.650 gpu_mem=0.18GiB peak=2.43GiB
[TRAIN] step=10500 loss=-1.90572 nmse_prop=0.05695 nmse_ls=0.06357 lr=6.057e-06 step_time=0.432s steps_per_s=1.654 gpu_mem=0.18GiB peak=2.43GiB
[TRAIN] step=10600 loss=-0.85912 nmse_prop=0.15841 nmse_ls=0.16902 lr=6.057e-06 step_time=0.555s steps_per_s=1.657 gpu_mem=0.18GiB peak=2.43GiB
[TRAIN] step=10700 loss=-1.78406 nmse_prop=0.06432 nmse_ls=0.07960 lr=6.057e-06 step_time=0.192s steps_per_s=1.661 gpu_mem=0.18GiB peak=2.43GiB
[TRAIN] step=10800 loss=-0.87066 nmse_prop=0.15628 nmse_ls=0.17004 lr=6.057e-06 step_time=0.430s steps_per_s=1.664 gpu_mem=0.18GiB peak=2.43GiB
[TRAIN] step=10900 loss=-2.38232 nmse_prop=0.03677 nmse_ls=0.04166 lr=6.057e-06 step_time=0.431s steps_per_s=1.667 gpu_mem=0.18GiB peak=2.43GiB
[TRAIN] step=11000 loss=-0.79876 nmse_prop=0.16813 nmse_ls=0.18961 lr=6.057e-06 step_time=133.154s steps_per_s=1.638 gpu_mem=0.18GiB peak=2.43GiB
[TRAIN] saved resumable state at step=11000 reason=periodic: /lustre07/scratch/rsadve1/Ablations_Wave3/optuna/runs_1dmrs/clean_b32_prb8_d256_40k_smart_trueDMRS_u34610_1dmrs_stageB_dncnn_trunk_d256_l7/dncnn_trunk_d256_l7_trial_0004/checkpoints/training_state/ckpt-11000
[OPTUNA-WORKER] trial=4 report step=11000 value=-1.0865031
[TRAIN] step=11100 loss=-1.22990 nmse_prop=0.11022 nmse_ls=0.12014 lr=6.057e-06 step_time=0.430s steps_per_s=1.641 gpu_mem=0.18GiB peak=2.43GiB
[TRAIN] step=11200 loss=-2.03106 nmse_prop=0.05032 nmse_ls=0.05773 lr=6.057e-06 step_time=0.310s steps_per_s=1.645 gpu_mem=0.18GiB peak=2.43GiB
[TRAIN] step=11300 loss=-0.56856 nmse_prop=0.21027 nmse_ls=0.22852 lr=6.057e-06 step_time=0.431s steps_per_s=1.648 gpu_mem=0.18GiB peak=2.43GiB
[TRAIN] step=11400 loss=-1.26318 nmse_prop=0.10682 nmse_ls=0.12139 lr=6.057e-06 step_time=0.310s steps_per_s=1.652 gpu_mem=0.18GiB peak=2.43GiB
[TRAIN] step=11500 loss=-1.34212 nmse_prop=0.09866 nmse_ls=0.10553 lr=6.057e-06 step_time=0.552s steps_per_s=1.656 gpu_mem=0.18GiB peak=2.43GiB
[TRAIN] step=11600 loss=-0.79302 nmse_prop=0.16908 nmse_ls=0.18080 lr=6.057e-06 step_time=0.553s steps_per_s=1.659 gpu_mem=0.18GiB peak=2.43GiB
[TRAIN] step=11700 loss=-0.72997 nmse_prop=0.17991 nmse_ls=0.19484 lr=6.057e-06 step_time=0.432s steps_per_s=1.662 gpu_mem=0.18GiB peak=2.43GiB
[TRAIN] step=11800 loss=-1.95664 nmse_prop=0.05429 nmse_ls=0.06214 lr=6.057e-06 step_time=0.310s steps_per_s=1.665 gpu_mem=0.18GiB peak=2.43GiB
[TRAIN] step=11900 loss=-2.20289 nmse_prop=0.04259 nmse_ls=0.04700 lr=6.057e-06 step_time=0.553s steps_per_s=1.669 gpu_mem=0.18GiB peak=2.43GiB
[TRAIN] step=12000 loss=-2.45883 nmse_prop=0.03396 nmse_ls=0.03865 lr=6.057e-06 step_time=134.892s steps_per_s=1.641 gpu_mem=0.18GiB peak=2.43GiB
[TRAIN] saved resumable state at step=12000 reason=periodic: /lustre07/scratch/rsadve1/Ablations_Wave3/optuna/runs_1dmrs/clean_b32_prb8_d256_40k_smart_trueDMRS_u34610_1dmrs_stageB_dncnn_trunk_d256_l7/dncnn_trunk_d256_l7_trial_0004/checkpoints/training_state/ckpt-12000
[OPTUNA-WORKER] trial=4 report step=12000 value=-1.0947345
[TRAIN] saved resumable state at step=12000 reason=final: /lustre07/scratch/rsadve1/Ablations_Wave3/optuna/runs_1dmrs/clean_b32_prb8_d256_40k_smart_trueDMRS_u34610_1dmrs_stageB_dncnn_trunk_d256_l7/dncnn_trunk_d256_l7_trial_0004/checkpoints/training_state/ckpt-12000
[OPTUNA-WORKER] complete trial=4 value=-1.0947345
[OPTUNA-ISO] completed trial=4 value=-1.0947345
[OPTUNA] exported best params: /lustre07/scratch/rsadve1/Ablations_Wave3/optuna/clean_b32_prb8_d256_40k_smart_trueDMRS_u34610_1dmrs_stageB_dncnn_trunk_d256_l7_best_params.json
[OPTUNA-ISO] starting stage=B trial=5 trial_id=6 params={'batch_size_train': 32, 'batch_size_eval': 32, 'learning_rate_schedule': 'constant', 'learning_rate': 0.0009643418646698049, 'learning_rate_decay_fraction': 1.0, 'learning_rate_final_fraction': 0.05, 'learning_rate_polynomial_power': 1.0, 'weight_decay': 1.2083509754787337e-07, 'nmse_loss_weight': 0.16251789877216094, 'grad_clip_norm': 0.5, 'dropout': 0.10909540498640775, 'residual_scale': 0.22990166745555007}
[OPTUNA-ISO] launching worker trial=5 pid=<pending> params={'batch_size_train': 32, 'batch_size_eval': 32, 'learning_rate_schedule': 'constant', 'learning_rate': 0.0009643418646698049, 'learning_rate_decay_fraction': 1.0, 'learning_rate_final_fraction': 0.05, 'learning_rate_polynomial_power': 1.0, 'weight_decay': 1.2083509754787337e-07, 'nmse_loss_weight': 0.16251789877216094, 'grad_clip_norm': 0.5, 'dropout': 0.10909540498640775, 'residual_scale': 0.22990166745555007}
2026-07-15 02:36:43.744279: E external/local_xla/xla/stream_executor/cuda/cuda_dnn.cc:9261] Unable to register cuDNN factory: Attempting to register factory for plugin cuDNN when one has already been registered
2026-07-15 02:36:43.745591: E external/local_xla/xla/stream_executor/cuda/cuda_fft.cc:607] Unable to register cuFFT factory: Attempting to register factory for plugin cuFFT when one has already been registered
2026-07-15 02:36:43.891784: E external/local_xla/xla/stream_executor/cuda/cuda_blas.cc:1515] Unable to register cuBLAS factory: Attempting to register factory for plugin cuBLAS when one has already been registered
2026-07-15 02:36:44.359662: I tensorflow/core/platform/cpu_feature_guard.cc:182] This TensorFlow binary is optimized to use available CPU instructions in performance-critical operations.
To enable the following instructions: AVX2 FMA, in other operations, rebuild TensorFlow with the appropriate compiler flags.
[OPTUNA-WORKER] start trial=5 pid=3714054 TF_GPU_ALLOCATOR=bfc TF_FORCE_GPU_ALLOW_GROWTH=true
[OPTUNA-WORKER] visible_gpus=[PhysicalDevice(name='/physical_device:GPU:0', device_type='GPU')]
2026-07-15 02:45:26.478426: W tensorflow/core/common_runtime/gpu/gpu_bfc_allocator.cc:47] Overriding orig_value setting because the TF_FORCE_GPU_ALLOW_GROWTH environment variable is set. Original config value was 0.
2026-07-15 02:45:26.495740: I tensorflow/core/common_runtime/gpu/gpu_device.cc:1929] Created device /job:localhost/replica:0/task:0/device:GPU:0 with 38478 MB memory:  -> device: 0, name: NVIDIA A100-SXM4-40GB, pci bus id: 0000:41:00.0, compute capability: 8.0
2026-07-15 02:45:33.194025: I external/local_tsl/tsl/platform/default/subprocess.cc:304] Start cannot spawn child process: No such file or directory
2026-07-15 02:45:59.931232: I external/local_xla/xla/stream_executor/cuda/cuda_dnn.cc:454] Loaded cuDNN version 8905
2026-07-15 02:46:00.487983: I external/local_tsl/tsl/platform/default/subprocess.cc:304] Start cannot spawn child process: No such file or directory
2026-07-15 02:46:00.491266: I external/local_tsl/tsl/platform/default/subprocess.cc:304] Start cannot spawn child process: No such file or directory
2026-07-15 02:46:00.491321: W external/local_xla/xla/stream_executor/gpu/asm_compiler.cc:110] Couldn't get ptxas version : FAILED_PRECONDITION: Couldn't get ptxas/nvlink version string: INTERNAL: Couldn't invoke ptxas --version
2026-07-15 02:46:00.493747: I external/local_tsl/tsl/platform/default/subprocess.cc:304] Start cannot spawn child process: No such file or directory
2026-07-15 02:46:00.706041: W external/local_xla/xla/stream_executor/gpu/redzone_allocator.cc:322] INTERNAL: Failed to launch ptxas
Relying on driver to perform ptx compilation. 
Modify $PATH to customize ptxas location.
This message will be only logged once.
[TRAIN] loss_mode=nll_nmse (use_nll_loss=True)
[TRAIN] optimizer lr_schedule=constant learning_rate=0.000964342 weight_decay=1.20835e-07
[TRAIN] seeds active_seed=7 training_seed=7 evaluation_seed=1007
[TRAIN] starting from scratch
2026-07-15 02:46:07.312707: E tensorflow/core/grappler/optimizers/meta_optimizer.cc:961] layout failed: INVALID_ARGUMENT: Size of values 0 does not match size of permutation 4 @ fanin shape indncnn_trunk/dropout/dropout/SelectV2-2-TransposeNHWCToNCHW-LayoutOptimizer
2026-07-15 02:46:12.699821: I external/local_xla/xla/service/service.cc:168] XLA service 0x1544dbfb2fd0 initialized for platform CUDA (this does not guarantee that XLA will be used). Devices:
2026-07-15 02:46:12.699989: I external/local_xla/xla/service/service.cc:176]   StreamExecutor device (0): NVIDIA A100-SXM4-40GB, Compute Capability 8.0
2026-07-15 02:46:13.404992: I tensorflow/compiler/mlir/tensorflow/utils/dump_mlir_util.cc:269] disabling MLIR crash reproducer, set env var `MLIR_CRASH_REPRODUCER_DIRECTORY` to enable.
WARNING: All log messages before absl::InitializeLog() is called are written to STDERR
I0000 00:00:1784097974.416085 3719163 device_compiler.h:186] Compiled cluster using XLA!  This line is logged at most once for the lifetime of the process.
[TRAIN] step=00001 loss=-0.88178 nmse_prop=0.14702 nmse_ls=0.14702 lr=9.643e-04 step_time=13.863s steps_per_s=0.072 gpu_mem=0.08GiB peak=2.43GiB
[TRAIN] step=00100 loss=-1.34239 nmse_prop=0.09448 nmse_ls=0.09436 lr=9.643e-04 step_time=0.657s steps_per_s=1.495 gpu_mem=0.14GiB peak=2.43GiB
[TRAIN] step=00200 loss=-1.14175 nmse_prop=0.11417 nmse_ls=0.11410 lr=9.643e-04 step_time=0.552s steps_per_s=1.791 gpu_mem=0.14GiB peak=2.43GiB
[TRAIN] step=00300 loss=-1.38834 nmse_prop=0.09107 nmse_ls=0.09095 lr=9.643e-04 step_time=0.553s steps_per_s=1.900 gpu_mem=0.14GiB peak=2.43GiB
[TRAIN] step=00400 loss=-1.34486 nmse_prop=0.09492 nmse_ls=0.09483 lr=9.643e-04 step_time=0.550s steps_per_s=1.954 gpu_mem=0.15GiB peak=2.43GiB
[TRAIN] step=00500 loss=-0.99408 nmse_prop=0.13417 nmse_ls=0.13412 lr=9.643e-04 step_time=0.431s steps_per_s=1.986 gpu_mem=0.14GiB peak=2.43GiB
[TRAIN] step=00600 loss=-2.15694 nmse_prop=0.04422 nmse_ls=0.04411 lr=9.643e-04 step_time=0.433s steps_per_s=2.023 gpu_mem=0.14GiB peak=2.43GiB
[TRAIN] step=00700 loss=-1.47816 nmse_prop=0.08431 nmse_ls=0.08427 lr=9.643e-04 step_time=0.430s steps_per_s=2.043 gpu_mem=0.14GiB peak=2.43GiB
[TRAIN] step=00800 loss=-1.93670 nmse_prop=0.05493 nmse_ls=0.05490 lr=9.643e-04 step_time=0.430s steps_per_s=2.051 gpu_mem=0.14GiB peak=2.43GiB
[TRAIN] step=00900 loss=-2.34907 nmse_prop=0.03642 nmse_ls=0.03637 lr=9.643e-04 step_time=0.551s steps_per_s=2.062 gpu_mem=0.14GiB peak=2.43GiB
WARNING:tensorflow:Model's `__init__()` arguments contain non-serializable objects. Please implement a `get_config()` method in the subclassed Model for proper saving and loading. Defaulting to empty config.
WARNING:tensorflow:Model's `__init__()` arguments contain non-serializable objects. Please implement a `get_config()` method in the subclassed Model for proper saving and loading. Defaulting to empty config.
[TRAIN] saved new best weights at step=1000 val_nmse=0.0897472
[TRAIN] step=01000 loss=-1.16507 nmse_prop=0.11399 nmse_ls=0.11401 lr=9.643e-04 step_time=135.569s steps_per_s=1.616 gpu_mem=0.16GiB peak=2.43GiB
[TRAIN] saved resumable state at step=1000 reason=periodic: /lustre07/scratch/rsadve1/Ablations_Wave3/optuna/runs_1dmrs/clean_b32_prb8_d256_40k_smart_trueDMRS_u34610_1dmrs_stageB_dncnn_trunk_d256_l7/dncnn_trunk_d256_l7_trial_0005/checkpoints/training_state/ckpt-1000
[OPTUNA-WORKER] trial=5 report step=1000 value=-1.0469358
[TRAIN] step=01100 loss=-2.21505 nmse_prop=0.04180 nmse_ls=0.04177 lr=9.643e-04 step_time=0.553s steps_per_s=1.636 gpu_mem=0.16GiB peak=2.43GiB
[TRAIN] step=01200 loss=-1.02465 nmse_prop=0.13037 nmse_ls=0.13035 lr=9.643e-04 step_time=0.553s steps_per_s=1.667 gpu_mem=0.16GiB peak=2.43GiB
[TRAIN] step=01300 loss=-2.27578 nmse_prop=0.04041 nmse_ls=0.04032 lr=9.643e-04 step_time=0.311s steps_per_s=1.694 gpu_mem=0.16GiB peak=2.43GiB
[TRAIN] step=01400 loss=-1.18941 nmse_prop=0.11258 nmse_ls=0.11254 lr=9.643e-04 step_time=0.431s steps_per_s=1.718 gpu_mem=0.16GiB peak=2.43GiB
[TRAIN] step=01500 loss=-2.07436 nmse_prop=0.04811 nmse_ls=0.04808 lr=9.643e-04 step_time=0.428s steps_per_s=1.742 gpu_mem=0.16GiB peak=2.43GiB
[TRAIN] step=01600 loss=-0.62859 nmse_prop=0.19489 nmse_ls=0.19486 lr=9.643e-04 step_time=0.547s steps_per_s=1.765 gpu_mem=0.16GiB peak=2.43GiB
[TRAIN] step=01700 loss=-1.19705 nmse_prop=0.11206 nmse_ls=0.11203 lr=9.643e-04 step_time=0.426s steps_per_s=1.785 gpu_mem=0.16GiB peak=2.43GiB
[TRAIN] step=01800 loss=-0.94237 nmse_prop=0.14389 nmse_ls=0.14388 lr=9.643e-04 step_time=0.546s steps_per_s=1.798 gpu_mem=0.16GiB peak=2.43GiB
[TRAIN] step=01900 loss=-1.90567 nmse_prop=0.05640 nmse_ls=0.05635 lr=9.643e-04 step_time=0.427s steps_per_s=1.813 gpu_mem=0.16GiB peak=2.43GiB
[TRAIN] step=02000 loss=-1.03875 nmse_prop=0.13120 nmse_ls=0.13118 lr=9.643e-04 step_time=133.299s steps_per_s=1.629 gpu_mem=0.16GiB peak=2.43GiB
[TRAIN] saved resumable state at step=2000 reason=periodic: /lustre07/scratch/rsadve1/Ablations_Wave3/optuna/runs_1dmrs/clean_b32_prb8_d256_40k_smart_trueDMRS_u34610_1dmrs_stageB_dncnn_trunk_d256_l7/dncnn_trunk_d256_l7_trial_0005/checkpoints/training_state/ckpt-2000
[OPTUNA-WORKER] trial=5 report step=2000 value=-1.031299
[TRAIN] step=02100 loss=-0.98135 nmse_prop=0.13908 nmse_ls=0.13907 lr=9.643e-04 step_time=0.547s steps_per_s=1.642 gpu_mem=0.16GiB peak=2.43GiB
[TRAIN] step=02200 loss=-1.59853 nmse_prop=0.07608 nmse_ls=0.07606 lr=9.643e-04 step_time=0.546s steps_per_s=1.660 gpu_mem=0.16GiB peak=2.43GiB
[TRAIN] step=02300 loss=-1.63657 nmse_prop=0.07307 nmse_ls=0.07307 lr=9.643e-04 step_time=0.428s steps_per_s=1.676 gpu_mem=0.16GiB peak=2.43GiB
[TRAIN] step=02400 loss=-1.20284 nmse_prop=0.11179 nmse_ls=0.11177 lr=9.643e-04 step_time=0.549s steps_per_s=1.694 gpu_mem=0.16GiB peak=2.43GiB
[TRAIN] step=02500 loss=-2.33028 nmse_prop=0.03767 nmse_ls=0.03764 lr=9.643e-04 step_time=0.427s steps_per_s=1.708 gpu_mem=0.16GiB peak=2.43GiB
[TRAIN] step=02600 loss=-0.89219 nmse_prop=0.15173 nmse_ls=0.15170 lr=9.643e-04 step_time=0.549s steps_per_s=1.721 gpu_mem=0.16GiB peak=2.43GiB
[TRAIN] step=02700 loss=-2.33480 nmse_prop=0.03771 nmse_ls=0.03772 lr=9.643e-04 step_time=0.427s steps_per_s=1.733 gpu_mem=0.16GiB peak=2.43GiB
[TRAIN] step=02800 loss=-0.97439 nmse_prop=0.14044 nmse_ls=0.14044 lr=9.643e-04 step_time=0.309s steps_per_s=1.746 gpu_mem=0.16GiB peak=2.43GiB
[TRAIN] step=02900 loss=-0.91145 nmse_prop=0.14891 nmse_ls=0.14888 lr=9.643e-04 step_time=0.427s steps_per_s=1.757 gpu_mem=0.16GiB peak=2.43GiB
[TRAIN] step=03000 loss=-1.87212 nmse_prop=0.05834 nmse_ls=0.05834 lr=9.643e-04 step_time=136.786s steps_per_s=1.636 gpu_mem=0.16GiB peak=2.43GiB
[TRAIN] saved resumable state at step=3000 reason=periodic: /lustre07/scratch/rsadve1/Ablations_Wave3/optuna/runs_1dmrs/clean_b32_prb8_d256_40k_smart_trueDMRS_u34610_1dmrs_stageB_dncnn_trunk_d256_l7/dncnn_trunk_d256_l7_trial_0005/checkpoints/training_state/ckpt-3000
[OPTUNA-WORKER] trial=5 report step=3000 value=-1.0135152
[TRAIN] step=03100 loss=-0.66459 nmse_prop=0.18943 nmse_ls=0.18983 lr=9.643e-04 step_time=0.427s steps_per_s=1.644 gpu_mem=0.16GiB peak=2.43GiB
[TRAIN] step=03200 loss=-0.79494 nmse_prop=0.16679 nmse_ls=0.16722 lr=9.643e-04 step_time=0.544s steps_per_s=1.657 gpu_mem=0.16GiB peak=2.43GiB
[TRAIN] step=03300 loss=-1.63953 nmse_prop=0.07307 nmse_ls=0.07375 lr=9.643e-04 step_time=0.545s steps_per_s=1.670 gpu_mem=0.16GiB peak=2.43GiB
[TRAIN] step=03400 loss=-0.98939 nmse_prop=0.13800 nmse_ls=0.13915 lr=9.643e-04 step_time=0.545s steps_per_s=1.682 gpu_mem=0.16GiB peak=2.43GiB
[TRAIN] step=03500 loss=-1.99744 nmse_prop=0.05155 nmse_ls=0.05242 lr=9.643e-04 step_time=0.544s steps_per_s=1.693 gpu_mem=0.16GiB peak=2.43GiB
[TRAIN] step=03600 loss=-1.47167 nmse_prop=0.08609 nmse_ls=0.08723 lr=9.643e-04 step_time=0.549s steps_per_s=1.704 gpu_mem=0.16GiB peak=2.43GiB
[TRAIN] step=03700 loss=-0.73094 nmse_prop=0.17741 nmse_ls=0.17882 lr=9.643e-04 step_time=0.546s steps_per_s=1.713 gpu_mem=0.16GiB peak=2.43GiB
[TRAIN] step=03800 loss=-2.10644 nmse_prop=0.04645 nmse_ls=0.04745 lr=9.643e-04 step_time=0.545s steps_per_s=1.722 gpu_mem=0.16GiB peak=2.43GiB
[TRAIN] step=03900 loss=-1.08596 nmse_prop=0.12577 nmse_ls=0.13008 lr=9.643e-04 step_time=0.190s steps_per_s=1.732 gpu_mem=0.16GiB peak=2.43GiB
[TRAIN] step=04000 loss=-0.93527 nmse_prop=0.14559 nmse_ls=0.14821 lr=9.643e-04 step_time=135.130s steps_per_s=1.644 gpu_mem=0.16GiB peak=2.43GiB
[TRAIN] saved resumable state at step=4000 reason=periodic: /lustre07/scratch/rsadve1/Ablations_Wave3/optuna/runs_1dmrs/clean_b32_prb8_d256_40k_smart_trueDMRS_u34610_1dmrs_stageB_dncnn_trunk_d256_l7/dncnn_trunk_d256_l7_trial_0005/checkpoints/training_state/ckpt-4000
[OPTUNA-WORKER] trial=5 report step=4000 value=-1.0192049
[TRAIN] step=04100 loss=-1.55098 nmse_prop=0.07977 nmse_ls=0.08167 lr=9.643e-04 step_time=0.546s steps_per_s=1.652 gpu_mem=0.16GiB peak=2.43GiB
[TRAIN] step=04200 loss=-1.13377 nmse_prop=0.11974 nmse_ls=0.12196 lr=9.643e-04 step_time=0.544s steps_per_s=1.662 gpu_mem=0.16GiB peak=2.43GiB
[TRAIN] step=04300 loss=-0.78312 nmse_prop=0.16897 nmse_ls=0.17466 lr=9.643e-04 step_time=0.307s steps_per_s=1.671 gpu_mem=0.16GiB peak=2.43GiB
[TRAIN] step=04400 loss=-1.12255 nmse_prop=0.12136 nmse_ls=0.12696 lr=9.643e-04 step_time=0.307s steps_per_s=1.679 gpu_mem=0.16GiB peak=2.43GiB
[TRAIN] step=04500 loss=-0.47353 nmse_prop=0.22778 nmse_ls=0.23081 lr=9.643e-04 step_time=0.546s steps_per_s=1.688 gpu_mem=0.16GiB peak=2.43GiB
[TRAIN] step=04600 loss=-0.60714 nmse_prop=0.20037 nmse_ls=0.20381 lr=9.643e-04 step_time=0.546s steps_per_s=1.696 gpu_mem=0.16GiB peak=2.43GiB
[TRAIN] step=04700 loss=-2.07969 nmse_prop=0.04740 nmse_ls=0.04871 lr=9.643e-04 step_time=0.546s steps_per_s=1.704 gpu_mem=0.16GiB peak=2.43GiB
[TRAIN] step=04800 loss=-0.50939 nmse_prop=0.22027 nmse_ls=0.22324 lr=9.643e-04 step_time=0.548s steps_per_s=1.711 gpu_mem=0.16GiB peak=2.43GiB
[TRAIN] step=04900 loss=-1.30390 nmse_prop=0.10177 nmse_ls=0.10644 lr=9.643e-04 step_time=0.306s steps_per_s=1.719 gpu_mem=0.16GiB peak=2.43GiB
[TRAIN] step=05000 loss=-1.74908 nmse_prop=0.06584 nmse_ls=0.06874 lr=9.643e-04 step_time=136.616s steps_per_s=1.649 gpu_mem=0.16GiB peak=2.43GiB
[TRAIN] saved resumable state at step=5000 reason=periodic: /lustre07/scratch/rsadve1/Ablations_Wave3/optuna/runs_1dmrs/clean_b32_prb8_d256_40k_smart_trueDMRS_u34610_1dmrs_stageB_dncnn_trunk_d256_l7/dncnn_trunk_d256_l7_trial_0005/checkpoints/training_state/ckpt-5000
[OPTUNA-WORKER] trial=5 report step=5000 value=-1.0341209
[TRAIN] step=05100 loss=-2.38476 nmse_prop=0.03632 nmse_ls=0.03930 lr=9.643e-04 step_time=0.426s steps_per_s=1.656 gpu_mem=0.16GiB peak=2.43GiB
[TRAIN] step=05200 loss=-0.70603 nmse_prop=0.18194 nmse_ls=0.18541 lr=9.643e-04 step_time=0.545s steps_per_s=1.664 gpu_mem=0.17GiB peak=2.43GiB
[TRAIN] step=05300 loss=-0.98228 nmse_prop=0.13913 nmse_ls=0.14325 lr=9.643e-04 step_time=0.427s steps_per_s=1.672 gpu_mem=0.16GiB peak=2.43GiB
[TRAIN] step=05400 loss=-1.80623 nmse_prop=0.06232 nmse_ls=0.06459 lr=9.643e-04 step_time=0.547s steps_per_s=1.679 gpu_mem=0.16GiB peak=2.43GiB
[TRAIN] step=05500 loss=-0.91386 nmse_prop=0.14878 nmse_ls=0.15300 lr=9.643e-04 step_time=0.428s steps_per_s=1.686 gpu_mem=0.16GiB peak=2.43GiB
[TRAIN] step=05600 loss=-1.99987 nmse_prop=0.05125 nmse_ls=0.05419 lr=9.643e-04 step_time=0.427s steps_per_s=1.693 gpu_mem=0.16GiB peak=2.43GiB
[TRAIN] step=05700 loss=-2.27487 nmse_prop=0.03975 nmse_ls=0.04179 lr=9.643e-04 step_time=0.546s steps_per_s=1.700 gpu_mem=0.16GiB peak=2.43GiB
[TRAIN] step=05800 loss=-1.37307 nmse_prop=0.09510 nmse_ls=0.09925 lr=9.643e-04 step_time=0.189s steps_per_s=1.706 gpu_mem=0.16GiB peak=2.43GiB
[TRAIN] step=05900 loss=-0.59145 nmse_prop=0.20313 nmse_ls=0.20941 lr=9.643e-04 step_time=0.428s steps_per_s=1.712 gpu_mem=0.16GiB peak=2.43GiB
[TRAIN] step=06000 loss=-2.22847 nmse_prop=0.04178 nmse_ls=0.04370 lr=9.643e-04 step_time=135.003s steps_per_s=1.655 gpu_mem=0.16GiB peak=2.43GiB
[TRAIN] saved resumable state at step=6000 reason=periodic: /lustre07/scratch/rsadve1/Ablations_Wave3/optuna/runs_1dmrs/clean_b32_prb8_d256_40k_smart_trueDMRS_u34610_1dmrs_stageB_dncnn_trunk_d256_l7/dncnn_trunk_d256_l7_trial_0005/checkpoints/training_state/ckpt-6000
[OPTUNA-WORKER] trial=5 report step=6000 value=-1.0296635
[TRAIN] step=06100 loss=-0.51359 nmse_prop=0.21910 nmse_ls=0.22423 lr=9.643e-04 step_time=0.545s steps_per_s=1.660 gpu_mem=0.16GiB peak=2.43GiB
[TRAIN] step=06200 loss=-1.53612 nmse_prop=0.08093 nmse_ls=0.08395 lr=9.643e-04 step_time=0.545s steps_per_s=1.666 gpu_mem=0.16GiB peak=2.43GiB
[TRAIN] step=06300 loss=-2.00792 nmse_prop=0.05109 nmse_ls=0.05341 lr=9.643e-04 step_time=0.545s steps_per_s=1.672 gpu_mem=0.16GiB peak=2.43GiB
[TRAIN] step=06400 loss=-1.89155 nmse_prop=0.05704 nmse_ls=0.06328 lr=9.643e-04 step_time=0.189s steps_per_s=1.677 gpu_mem=0.16GiB peak=2.43GiB
[TRAIN] step=06500 loss=-1.23216 nmse_prop=0.10929 nmse_ls=0.11669 lr=9.643e-04 step_time=0.308s steps_per_s=1.680 gpu_mem=0.16GiB peak=2.43GiB
[TRAIN] step=06600 loss=-0.74889 nmse_prop=0.17459 nmse_ls=0.18270 lr=9.643e-04 step_time=0.426s steps_per_s=1.685 gpu_mem=0.16GiB peak=2.43GiB
[TRAIN] step=06700 loss=-0.57593 nmse_prop=0.20661 nmse_ls=0.21309 lr=9.643e-04 step_time=0.546s steps_per_s=1.691 gpu_mem=0.16GiB peak=2.43GiB
[TRAIN] step=06800 loss=-1.16947 nmse_prop=0.11589 nmse_ls=0.12127 lr=9.643e-04 step_time=0.426s steps_per_s=1.696 gpu_mem=0.17GiB peak=2.43GiB
[TRAIN] step=06900 loss=-1.02277 nmse_prop=0.13377 nmse_ls=0.13839 lr=9.643e-04 step_time=0.544s steps_per_s=1.701 gpu_mem=0.16GiB peak=2.43GiB
WARNING:tensorflow:Model's `__init__()` arguments contain non-serializable objects. Please implement a `get_config()` method in the subclassed Model for proper saving and loading. Defaulting to empty config.
WARNING:tensorflow:Model's `__init__()` arguments contain non-serializable objects. Please implement a `get_config()` method in the subclassed Model for proper saving and loading. Defaulting to empty config.
[TRAIN] saved new best weights at step=7000 val_nmse=0.0867461
[TRAIN] step=07000 loss=-1.00221 nmse_prop=0.13656 nmse_ls=0.14600 lr=9.643e-04 step_time=136.819s steps_per_s=1.651 gpu_mem=0.16GiB peak=2.43GiB
[TRAIN] saved resumable state at step=7000 reason=periodic: /lustre07/scratch/rsadve1/Ablations_Wave3/optuna/runs_1dmrs/clean_b32_prb8_d256_40k_smart_trueDMRS_u34610_1dmrs_stageB_dncnn_trunk_d256_l7/dncnn_trunk_d256_l7_trial_0005/checkpoints/training_state/ckpt-7000
[OPTUNA-WORKER] trial=5 report step=7000 value=-1.0423079
[TRAIN] step=07100 loss=-2.22581 nmse_prop=0.04228 nmse_ls=0.04600 lr=9.643e-04 step_time=0.425s steps_per_s=1.655 gpu_mem=0.16GiB peak=2.43GiB
[TRAIN] step=07200 loss=-0.88994 nmse_prop=0.15210 nmse_ls=0.15767 lr=9.643e-04 step_time=0.546s steps_per_s=1.660 gpu_mem=0.16GiB peak=2.43GiB
[TRAIN] step=07300 loss=-0.47126 nmse_prop=0.22858 nmse_ls=0.23874 lr=9.643e-04 step_time=0.425s steps_per_s=1.666 gpu_mem=0.16GiB peak=2.43GiB
[TRAIN] step=07400 loss=-0.85678 nmse_prop=0.15741 nmse_ls=0.16596 lr=9.643e-04 step_time=0.427s steps_per_s=1.671 gpu_mem=0.16GiB peak=2.43GiB
[TRAIN] step=07500 loss=-1.83042 nmse_prop=0.06070 nmse_ls=0.06368 lr=9.643e-04 step_time=0.545s steps_per_s=1.676 gpu_mem=0.16GiB peak=2.43GiB
[TRAIN] step=07600 loss=-0.84914 nmse_prop=0.15839 nmse_ls=0.16722 lr=9.643e-04 step_time=0.425s steps_per_s=1.681 gpu_mem=0.16GiB peak=2.43GiB
[TRAIN] step=07700 loss=-1.37416 nmse_prop=0.09483 nmse_ls=0.10092 lr=9.643e-04 step_time=0.430s steps_per_s=1.686 gpu_mem=0.16GiB peak=2.43GiB
[TRAIN] step=07800 loss=-2.35133 nmse_prop=0.03731 nmse_ls=0.03980 lr=9.643e-04 step_time=0.546s steps_per_s=1.691 gpu_mem=0.17GiB peak=2.43GiB
[TRAIN] step=07900 loss=-0.42579 nmse_prop=0.23868 nmse_ls=0.24928 lr=9.643e-04 step_time=0.543s steps_per_s=1.696 gpu_mem=0.17GiB peak=2.43GiB
WARNING:tensorflow:Model's `__init__()` arguments contain non-serializable objects. Please implement a `get_config()` method in the subclassed Model for proper saving and loading. Defaulting to empty config.
WARNING:tensorflow:Model's `__init__()` arguments contain non-serializable objects. Please implement a `get_config()` method in the subclassed Model for proper saving and loading. Defaulting to empty config.
[TRAIN] saved new best weights at step=8000 val_nmse=0.0823981
[TRAIN] step=08000 loss=-0.73741 nmse_prop=0.17673 nmse_ls=0.18496 lr=9.643e-04 step_time=136.682s steps_per_s=1.653 gpu_mem=0.17GiB peak=2.43GiB
[TRAIN] saved resumable state at step=8000 reason=periodic: /lustre07/scratch/rsadve1/Ablations_Wave3/optuna/runs_1dmrs/clean_b32_prb8_d256_40k_smart_trueDMRS_u34610_1dmrs_stageB_dncnn_trunk_d256_l7/dncnn_trunk_d256_l7_trial_0005/checkpoints/training_state/ckpt-8000
[OPTUNA-WORKER] trial=5 report step=8000 value=-1.0784053
[TRAIN] step=08100 loss=-1.08597 nmse_prop=0.12589 nmse_ls=0.14730 lr=9.643e-04 step_time=0.189s steps_per_s=1.657 gpu_mem=0.16GiB peak=2.43GiB
[TRAIN] step=08200 loss=-0.86477 nmse_prop=0.15627 nmse_ls=0.17285 lr=9.643e-04 step_time=0.307s steps_per_s=1.661 gpu_mem=0.16GiB peak=2.43GiB
[TRAIN] step=08300 loss=-0.81768 nmse_prop=0.16370 nmse_ls=0.17475 lr=9.643e-04 step_time=0.426s steps_per_s=1.666 gpu_mem=0.16GiB peak=2.43GiB
[TRAIN] step=08400 loss=-1.05608 nmse_prop=0.12927 nmse_ls=0.15521 lr=9.643e-04 step_time=0.184s steps_per_s=1.671 gpu_mem=0.16GiB peak=2.43GiB
[TRAIN] step=08500 loss=-0.81603 nmse_prop=0.16377 nmse_ls=0.17576 lr=9.643e-04 step_time=0.427s steps_per_s=1.675 gpu_mem=0.17GiB peak=2.43GiB
[TRAIN] step=08600 loss=-1.43554 nmse_prop=0.08966 nmse_ls=0.10823 lr=9.643e-04 step_time=0.189s steps_per_s=1.680 gpu_mem=0.17GiB peak=2.43GiB
[TRAIN] step=08700 loss=-1.35103 nmse_prop=0.09670 nmse_ls=0.11687 lr=9.643e-04 step_time=0.189s steps_per_s=1.684 gpu_mem=0.17GiB peak=2.43GiB
[TRAIN] step=08800 loss=-1.96289 nmse_prop=0.05361 nmse_ls=0.05742 lr=9.643e-04 step_time=0.544s steps_per_s=1.689 gpu_mem=0.16GiB peak=2.43GiB
[TRAIN] step=08900 loss=-0.45294 nmse_prop=0.23282 nmse_ls=0.24516 lr=9.643e-04 step_time=0.551s steps_per_s=1.693 gpu_mem=0.17GiB peak=2.43GiB
[TRAIN] step=09000 loss=-2.40422 nmse_prop=0.03522 nmse_ls=0.03900 lr=9.643e-04 step_time=136.541s steps_per_s=1.654 gpu_mem=0.16GiB peak=2.43GiB
[TRAIN] saved resumable state at step=9000 reason=periodic: /lustre07/scratch/rsadve1/Ablations_Wave3/optuna/runs_1dmrs/clean_b32_prb8_d256_40k_smart_trueDMRS_u34610_1dmrs_stageB_dncnn_trunk_d256_l7/dncnn_trunk_d256_l7_trial_0005/checkpoints/training_state/ckpt-9000
[OPTUNA-WORKER] trial=5 report step=9000 value=-1.071731
[TRAIN] step=09100 loss=-2.14787 nmse_prop=0.04502 nmse_ls=0.04915 lr=9.643e-04 step_time=0.427s steps_per_s=1.657 gpu_mem=0.17GiB peak=2.43GiB
[TRAIN] step=09200 loss=-0.80473 nmse_prop=0.16608 nmse_ls=0.18674 lr=9.643e-04 step_time=0.307s steps_per_s=1.662 gpu_mem=0.16GiB peak=2.43GiB
[TRAIN] step=09300 loss=-1.04642 nmse_prop=0.13081 nmse_ls=0.13855 lr=9.643e-04 step_time=0.547s steps_per_s=1.667 gpu_mem=0.17GiB peak=2.43GiB
[TRAIN] step=09400 loss=-2.07175 nmse_prop=0.04831 nmse_ls=0.05169 lr=9.643e-04 step_time=0.547s steps_per_s=1.671 gpu_mem=0.17GiB peak=2.43GiB
[TRAIN] step=09500 loss=-1.91082 nmse_prop=0.05626 nmse_ls=0.06009 lr=9.643e-04 step_time=0.547s steps_per_s=1.676 gpu_mem=0.17GiB peak=2.43GiB
[TRAIN] step=09600 loss=-0.39846 nmse_prop=0.24587 nmse_ls=0.26022 lr=9.643e-04 step_time=0.546s steps_per_s=1.679 gpu_mem=0.17GiB peak=2.43GiB
[TRAIN] step=09700 loss=-2.01904 nmse_prop=0.05067 nmse_ls=0.05426 lr=9.643e-04 step_time=0.546s steps_per_s=1.683 gpu_mem=0.17GiB peak=2.43GiB
[TRAIN] step=09800 loss=-2.13345 nmse_prop=0.04546 nmse_ls=0.04998 lr=9.643e-04 step_time=0.427s steps_per_s=1.687 gpu_mem=0.17GiB peak=2.43GiB
[TRAIN] step=09900 loss=-1.74417 nmse_prop=0.06644 nmse_ls=0.07290 lr=9.643e-04 step_time=0.427s steps_per_s=1.691 gpu_mem=0.16GiB peak=2.43GiB
[TRAIN] step=10000 loss=-0.79685 nmse_prop=0.16710 nmse_ls=0.19089 lr=9.643e-04 step_time=133.388s steps_per_s=1.657 gpu_mem=0.17GiB peak=2.43GiB
[TRAIN] saved resumable state at step=10000 reason=periodic: /lustre07/scratch/rsadve1/Ablations_Wave3/optuna/runs_1dmrs/clean_b32_prb8_d256_40k_smart_trueDMRS_u34610_1dmrs_stageB_dncnn_trunk_d256_l7/dncnn_trunk_d256_l7_trial_0005/checkpoints/training_state/ckpt-10000
[OPTUNA-WORKER] trial=5 report step=10000 value=-1.0622678
[TRAIN] step=10100 loss=-2.20126 nmse_prop=0.04274 nmse_ls=0.04706 lr=9.643e-04 step_time=0.428s steps_per_s=1.660 gpu_mem=0.17GiB peak=2.43GiB
[TRAIN] step=10200 loss=-0.92079 nmse_prop=0.14837 nmse_ls=0.15781 lr=9.643e-04 step_time=0.545s steps_per_s=1.664 gpu_mem=0.17GiB peak=2.43GiB
[TRAIN] step=10300 loss=-0.60007 nmse_prop=0.20238 nmse_ls=0.21575 lr=9.643e-04 step_time=0.547s steps_per_s=1.668 gpu_mem=0.17GiB peak=2.43GiB
[TRAIN] step=10400 loss=-2.37449 nmse_prop=0.03650 nmse_ls=0.03936 lr=9.643e-04 step_time=0.546s steps_per_s=1.671 gpu_mem=0.17GiB peak=2.43GiB
[TRAIN] step=10500 loss=-1.85759 nmse_prop=0.05955 nmse_ls=0.06528 lr=9.643e-04 step_time=0.426s steps_per_s=1.675 gpu_mem=0.17GiB peak=2.43GiB
[TRAIN] step=10600 loss=-0.85940 nmse_prop=0.15789 nmse_ls=0.16904 lr=9.643e-04 step_time=0.545s steps_per_s=1.679 gpu_mem=0.17GiB peak=2.43GiB
[TRAIN] step=10700 loss=-1.85049 nmse_prop=0.06019 nmse_ls=0.07741 lr=9.643e-04 step_time=0.190s steps_per_s=1.682 gpu_mem=0.17GiB peak=2.43GiB
[TRAIN] step=10800 loss=-0.88547 nmse_prop=0.15387 nmse_ls=0.16884 lr=9.643e-04 step_time=0.426s steps_per_s=1.686 gpu_mem=0.17GiB peak=2.43GiB
[TRAIN] step=10900 loss=-2.42424 nmse_prop=0.03470 nmse_ls=0.03973 lr=9.643e-04 step_time=0.428s steps_per_s=1.689 gpu_mem=0.17GiB peak=2.43GiB
WARNING:tensorflow:Model's `__init__()` arguments contain non-serializable objects. Please implement a `get_config()` method in the subclassed Model for proper saving and loading. Defaulting to empty config.
WARNING:tensorflow:Model's `__init__()` arguments contain non-serializable objects. Please implement a `get_config()` method in the subclassed Model for proper saving and loading. Defaulting to empty config.
[TRAIN] saved new best weights at step=11000 val_nmse=0.0801629
[TRAIN] step=11000 loss=-0.85045 nmse_prop=0.15951 nmse_ls=0.18468 lr=9.643e-04 step_time=131.918s steps_per_s=1.659 gpu_mem=0.17GiB peak=2.43GiB
[TRAIN] saved resumable state at step=11000 reason=periodic: /lustre07/scratch/rsadve1/Ablations_Wave3/optuna/runs_1dmrs/clean_b32_prb8_d256_40k_smart_trueDMRS_u34610_1dmrs_stageB_dncnn_trunk_d256_l7/dncnn_trunk_d256_l7_trial_0005/checkpoints/training_state/ckpt-11000
[OPTUNA-WORKER] trial=5 report step=11000 value=-1.0884611
[TRAIN] step=11100 loss=-1.23622 nmse_prop=0.10911 nmse_ls=0.12074 lr=9.643e-04 step_time=0.429s steps_per_s=1.663 gpu_mem=0.17GiB peak=2.43GiB
[TRAIN] step=11200 loss=-2.05155 nmse_prop=0.04952 nmse_ls=0.05938 lr=9.643e-04 step_time=0.307s steps_per_s=1.667 gpu_mem=0.17GiB peak=2.43GiB
[TRAIN] step=11300 loss=-0.60075 nmse_prop=0.20318 nmse_ls=0.22475 lr=9.643e-04 step_time=0.426s steps_per_s=1.670 gpu_mem=0.17GiB peak=2.43GiB
[TRAIN] step=11400 loss=-1.28250 nmse_prop=0.10535 nmse_ls=0.12384 lr=9.643e-04 step_time=0.307s steps_per_s=1.674 gpu_mem=0.17GiB peak=2.43GiB
[TRAIN] step=11500 loss=-1.35576 nmse_prop=0.09701 nmse_ls=0.10478 lr=9.643e-04 step_time=0.546s steps_per_s=1.677 gpu_mem=0.17GiB peak=2.43GiB
[TRAIN] step=11600 loss=-0.80656 nmse_prop=0.16662 nmse_ls=0.18029 lr=9.643e-04 step_time=0.546s steps_per_s=1.680 gpu_mem=0.17GiB peak=2.43GiB
[TRAIN] step=11700 loss=-0.76359 nmse_prop=0.17407 nmse_ls=0.19280 lr=9.643e-04 step_time=0.427s steps_per_s=1.684 gpu_mem=0.17GiB peak=2.43GiB
[TRAIN] step=11800 loss=-1.92983 nmse_prop=0.05622 nmse_ls=0.06654 lr=9.643e-04 step_time=0.308s steps_per_s=1.687 gpu_mem=0.17GiB peak=2.43GiB
[TRAIN] step=11900 loss=-2.13684 nmse_prop=0.04585 nmse_ls=0.05003 lr=9.643e-04 step_time=0.546s steps_per_s=1.691 gpu_mem=0.17GiB peak=2.43GiB
[TRAIN] step=12000 loss=-2.45740 nmse_prop=0.03384 nmse_ls=0.03835 lr=9.643e-04 step_time=134.008s steps_per_s=1.662 gpu_mem=0.17GiB peak=2.43GiB
[TRAIN] saved resumable state at step=12000 reason=periodic: /lustre07/scratch/rsadve1/Ablations_Wave3/optuna/runs_1dmrs/clean_b32_prb8_d256_40k_smart_trueDMRS_u34610_1dmrs_stageB_dncnn_trunk_d256_l7/dncnn_trunk_d256_l7_trial_0005/checkpoints/training_state/ckpt-12000
[OPTUNA-WORKER] trial=5 report step=12000 value=-1.1026465
[TRAIN] saved resumable state at step=12000 reason=final: /lustre07/scratch/rsadve1/Ablations_Wave3/optuna/runs_1dmrs/clean_b32_prb8_d256_40k_smart_trueDMRS_u34610_1dmrs_stageB_dncnn_trunk_d256_l7/dncnn_trunk_d256_l7_trial_0005/checkpoints/training_state/ckpt-12000
[OPTUNA-WORKER] complete trial=5 value=-1.1026465
[OPTUNA-ISO] completed trial=5 value=-1.1026465
[OPTUNA] exported best params: /lustre07/scratch/rsadve1/Ablations_Wave3/optuna/clean_b32_prb8_d256_40k_smart_trueDMRS_u34610_1dmrs_stageB_dncnn_trunk_d256_l7_best_params.json
[OPTUNA-ISO] study: clean_b32_prb8_d256_40k_smart_trueDMRS_u34610_1dmrs_stageB_dncnn_trunk_d256_l7
[OPTUNA-ISO] stage: B
[OPTUNA-ISO] trials: 6
[OPTUNA-ISO] completed_trials: 6
[OPTUNA-ISO] pruned_trials: 0
[OPTUNA-ISO] finished_trials: 6
[OPTUNA-ISO] failed_trials: 0
[OPTUNA-ISO] best_value: -1.1517934918419623
[OPTUNA-ISO] best_params: {'learning_rate_schedule': 'cosine_decay', 'learning_rate': 0.0002210893178410695, 'learning_rate_decay_fraction': 1.0, 'learning_rate_final_fraction': 0.036430683993363126, 'weight_decay': 1.613671536589336e-06, 'nmse_loss_weight': 0.3169058880316735, 'grad_clip_norm': 0.5, 'dropout': 0.03312588579968341, 'residual_scale': 0.4217057595278402, 'batch_size_train': 32, 'batch_size_eval': 32, 'learning_rate_polynomial_power': 1.0}
[OPTUNA] exported best params: /lustre07/scratch/rsadve1/Ablations_Wave3/optuna/clean_b32_prb8_d256_40k_smart_trueDMRS_u34610_1dmrs_stageB_dncnn_trunk_d256_l7_best_params.json
