[ENV] Reusing portable venv: /home/rsadve1/links/scratch/.vevn_upair_potable
[ENV] Checking installed package metadata only; TensorFlow/Sionna are not imported here.
[ENV] Python 3.11.5
[ENV] numpy 1.26.4+computecanada
[ENV] pandas 2.2.3+computecanada
[ENV] matplotlib 3.10.0+computecanada
[ENV] PyYAML 6.0.2+computecanada
[ENV] scipy 1.15.1+computecanada
[ENV] tensorflow 2.15.1+computecanada
[ENV] sionna-no-rt 1.2.1
[ENV] optuna 4.8.0+computecanada
[ENV] Skipping TensorFlow/Sionna import check on this node. Set UPAIR_DEEP_IMPORT_CHECK=1 to test imports explicitly.
[ENV] Ready: REPO=/home/rsadve1/links/scratch/Ablations_S1P2
[ENV] Ready: VENV=/home/rsadve1/links/scratch/.vevn_upair_potable
[ENV] Reusing portable venv: /home/rsadve1/links/scratch/.vevn_upair_potable
[ENV] Checking installed package metadata only; TensorFlow/Sionna are not imported here.
[ENV] Python 3.11.5
[ENV] numpy 1.26.4+computecanada
[ENV] pandas 2.2.3+computecanada
[ENV] matplotlib 3.10.0+computecanada
[ENV] PyYAML 6.0.2+computecanada
[ENV] scipy 1.15.1+computecanada
[ENV] tensorflow 2.15.1+computecanada
[ENV] sionna-no-rt 1.2.1
[ENV] optuna 4.8.0+computecanada
[ENV] Skipping TensorFlow/Sionna import check on this node. Set UPAIR_DEEP_IMPORT_CHECK=1 to test imports explicitly.
[ENV] Ready: REPO=/home/rsadve1/links/scratch/Ablations_S1P2
[ENV] Ready: VENV=/home/rsadve1/links/scratch/.vevn_upair_potable
================================================================================
[PIPELINE] variant=convnext_axial_d256_b4_r2
[PIPELINE] root=/home/rsadve1/links/scratch/Ablations_S1P2
[PIPELINE] stageB_prefix=clean_b32_prb8_d256_40k_smart_trueDMRS_u34610_1dmrs_stageB
[PIPELINE] receivers=upair5g_lmmse
[PIPELINE] users=3
[PIPELINE] ebnos=-4,-3,-2,-1,0,1
[PIPELINE] chunk_batches=20 micro=8
================================================================================
[PIPELINE] training missing/incomplete for convnext_axial_d256_b4_r2; running training-only resume.
2026-07-05 13:02:44.979259: E external/local_xla/xla/stream_executor/cuda/cuda_dnn.cc:9261] Unable to register cuDNN factory: Attempting to register factory for plugin cuDNN when one has already been registered
2026-07-05 13:02:44.979303: E external/local_xla/xla/stream_executor/cuda/cuda_fft.cc:607] Unable to register cuFFT factory: Attempting to register factory for plugin cuFFT when one has already been registered
2026-07-05 13:02:44.980603: E external/local_xla/xla/stream_executor/cuda/cuda_blas.cc:1515] Unable to register cuBLAS factory: Attempting to register factory for plugin cuBLAS when one has already been registered
[COMPREHENSIVE] loaded Optuna best JSON for convnext_axial_d256_b4_r2 from /home/rsadve1/links/scratch/Ablations_S1P2/optuna/clean_b32_prb8_d256_40k_smart_trueDMRS_u34610_1dmrs_stageB_convnext_axial_d256_b4_r2_best_params.json
[TRAIN] loss_mode=nll_nmse (use_nll_loss=True)
[TRAIN] optimizer lr_schedule=cosine_decay learning_rate=0.000571292 weight_decay=9.65466e-06
[TRAIN] seeds active_seed=7 training_seed=7 evaluation_seed=1007
[TRAIN] starting from scratch
2026-07-05 13:03:07.151005: E tensorflow/core/grappler/optimizers/meta_optimizer.cc:961] layout failed: INVALID_ARGUMENT: Size of values 0 does not match size of permutation 4 @ fanin shape inaxial_block_0/dropout/dropout/SelectV2-2-TransposeNHWCToNCHW-LayoutOptimizer
WARNING: All log messages before absl::InitializeLog() is called are written to STDERR
I0000 00:00:1783270988.741782  216322 device_compiler.h:186] Compiled cluster using XLA!  This line is logged at most once for the lifetime of the process.
[TRAIN] step=00001 loss=-0.83656 nmse_prop=0.14682 nmse_ls=0.14682 lr=5.713e-04 step_time=15.679s steps_per_s=0.064 gpu_mem=0.08GiB peak=7.76GiB
[TRAIN] step=00100 loss=-1.41905 nmse_prop=0.08503 nmse_ls=0.09311 lr=5.713e-04 step_time=0.462s steps_per_s=1.401 gpu_mem=0.16GiB peak=7.91GiB
[TRAIN] step=00200 loss=-1.32253 nmse_prop=0.09259 nmse_ls=0.11678 lr=5.713e-04 step_time=0.457s steps_per_s=1.815 gpu_mem=0.16GiB peak=7.91GiB
[TRAIN] step=00300 loss=-1.71328 nmse_prop=0.06588 nmse_ls=0.09252 lr=5.712e-04 step_time=0.486s steps_per_s=1.981 gpu_mem=0.16GiB peak=7.91GiB
[TRAIN] step=00400 loss=-1.80586 nmse_prop=0.06090 nmse_ls=0.09484 lr=5.712e-04 step_time=0.461s steps_per_s=2.085 gpu_mem=0.16GiB peak=7.91GiB
[TRAIN] step=00500 loss=-1.73299 nmse_prop=0.06492 nmse_ls=0.13257 lr=5.712e-04 step_time=0.373s steps_per_s=2.150 gpu_mem=0.16GiB peak=7.91GiB
[TRAIN] step=00600 loss=-2.58371 nmse_prop=0.02972 nmse_ls=0.04620 lr=5.711e-04 step_time=0.373s steps_per_s=2.210 gpu_mem=0.16GiB peak=7.91GiB
[TRAIN] step=00700 loss=-2.24676 nmse_prop=0.04029 nmse_ls=0.08124 lr=5.710e-04 step_time=0.373s steps_per_s=2.248 gpu_mem=0.16GiB peak=7.91GiB
[TRAIN] step=00800 loss=-2.61445 nmse_prop=0.02878 nmse_ls=0.05151 lr=5.709e-04 step_time=0.376s steps_per_s=2.271 gpu_mem=0.16GiB peak=7.91GiB
[TRAIN] step=00900 loss=-2.82816 nmse_prop=0.02383 nmse_ls=0.03575 lr=5.708e-04 step_time=0.464s steps_per_s=2.294 gpu_mem=0.16GiB peak=7.91GiB
[TRAIN] step=01000 loss=-2.17490 nmse_prop=0.04335 nmse_ls=0.11405 lr=5.707e-04 step_time=0.190s steps_per_s=2.310 gpu_mem=0.16GiB peak=7.91GiB
[TRAIN] saved resumable state at step=1000 reason=periodic: /lustre10/scratch/rsadve1/Ablations_S1P2/TWC_plots_comprehensive/runs_rx16/seed7/1dmrs/convnext_axial_d256_b4_r2/checkpoints/training_state/ckpt-1000
[TRAIN] step=01100 loss=-2.41793 nmse_prop=0.03495 nmse_ls=0.07768 lr=5.706e-04 step_time=0.374s steps_per_s=2.322 gpu_mem=0.16GiB peak=7.91GiB
[TRAIN] step=01200 loss=-1.65195 nmse_prop=0.07097 nmse_ls=0.18461 lr=5.705e-04 step_time=0.458s steps_per_s=2.340 gpu_mem=0.16GiB peak=7.91GiB
[TRAIN] step=01300 loss=-2.20685 nmse_prop=0.04237 nmse_ls=0.09206 lr=5.704e-04 step_time=0.475s steps_per_s=2.351 gpu_mem=0.16GiB peak=7.91GiB
[TRAIN] step=01400 loss=-2.72052 nmse_prop=0.02720 nmse_ls=0.05812 lr=5.702e-04 step_time=0.280s steps_per_s=2.363 gpu_mem=0.16GiB peak=7.91GiB
[TRAIN] step=01500 loss=-1.95972 nmse_prop=0.05295 nmse_ls=0.13789 lr=5.701e-04 step_time=0.473s steps_per_s=2.371 gpu_mem=0.16GiB peak=7.91GiB
[TRAIN] step=01600 loss=-2.94267 nmse_prop=0.02223 nmse_ls=0.04268 lr=5.699e-04 step_time=0.380s steps_per_s=2.377 gpu_mem=0.16GiB peak=7.91GiB
[TRAIN] step=01700 loss=-2.71442 nmse_prop=0.02651 nmse_ls=0.06519 lr=5.697e-04 step_time=0.281s steps_per_s=2.384 gpu_mem=0.16GiB peak=7.91GiB
[TRAIN] step=01800 loss=-2.20874 nmse_prop=0.04182 nmse_ls=0.12175 lr=5.695e-04 step_time=0.374s steps_per_s=2.391 gpu_mem=0.16GiB peak=7.91GiB
[TRAIN] step=01900 loss=-2.17223 nmse_prop=0.04316 nmse_ls=0.13065 lr=5.693e-04 step_time=0.370s steps_per_s=2.393 gpu_mem=0.16GiB peak=7.91GiB
WARNING:tensorflow:Model's `__init__()` arguments contain non-serializable objects. Please implement a `get_config()` method in the subclassed Model for proper saving and loading. Defaulting to empty config.
WARNING:tensorflow:Model's `__init__()` arguments contain non-serializable objects. Please implement a `get_config()` method in the subclassed Model for proper saving and loading. Defaulting to empty config.
[TRAIN] saved new best weights at step=2000 val_nmse=0.0326876
[TRAIN] step=02000 loss=-1.82543 nmse_prop=0.06016 nmse_ls=0.17534 lr=5.691e-04 step_time=152.143s steps_per_s=2.033 gpu_mem=0.18GiB peak=7.91GiB
[TRAIN] saved resumable state at step=2000 reason=periodic: /lustre10/scratch/rsadve1/Ablations_S1P2/TWC_plots_comprehensive/runs_rx16/seed7/1dmrs/convnext_axial_d256_b4_r2/checkpoints/training_state/ckpt-2000
[TRAIN] step=02100 loss=-2.78219 nmse_prop=0.02538 nmse_ls=0.05705 lr=5.689e-04 step_time=0.197s steps_per_s=2.048 gpu_mem=0.18GiB peak=7.93GiB
[TRAIN] step=02200 loss=-2.22624 nmse_prop=0.04129 nmse_ls=0.11160 lr=5.686e-04 step_time=0.453s steps_per_s=2.065 gpu_mem=0.18GiB peak=7.93GiB
[TRAIN] step=02300 loss=-2.79173 nmse_prop=0.02542 nmse_ls=0.05140 lr=5.684e-04 step_time=0.461s steps_per_s=2.081 gpu_mem=0.18GiB peak=7.93GiB
[TRAIN] step=02400 loss=-3.01030 nmse_prop=0.02097 nmse_ls=0.04009 lr=5.681e-04 step_time=0.364s steps_per_s=2.095 gpu_mem=0.18GiB peak=7.94GiB
[TRAIN] step=02500 loss=-2.80872 nmse_prop=0.02319 nmse_ls=0.06308 lr=5.679e-04 step_time=0.191s steps_per_s=2.109 gpu_mem=0.18GiB peak=7.94GiB
[TRAIN] step=02600 loss=-1.74174 nmse_prop=0.06448 nmse_ls=0.23716 lr=5.676e-04 step_time=0.363s steps_per_s=2.122 gpu_mem=0.18GiB peak=7.94GiB
[TRAIN] step=02700 loss=-2.69812 nmse_prop=0.02710 nmse_ls=0.06377 lr=5.673e-04 step_time=0.497s steps_per_s=2.133 gpu_mem=0.18GiB peak=7.94GiB
[TRAIN] step=02800 loss=-2.08009 nmse_prop=0.04720 nmse_ls=0.14688 lr=5.670e-04 step_time=0.453s steps_per_s=2.142 gpu_mem=0.18GiB peak=7.94GiB
[TRAIN] step=02900 loss=-1.92654 nmse_prop=0.05413 nmse_ls=0.20539 lr=5.667e-04 step_time=0.275s steps_per_s=2.155 gpu_mem=0.18GiB peak=7.94GiB
[TRAIN] step=03000 loss=-2.87493 nmse_prop=0.02318 nmse_ls=0.05059 lr=5.663e-04 step_time=0.455s steps_per_s=2.166 gpu_mem=0.18GiB peak=7.94GiB
[TRAIN] saved resumable state at step=3000 reason=periodic: /lustre10/scratch/rsadve1/Ablations_S1P2/TWC_plots_comprehensive/runs_rx16/seed7/1dmrs/convnext_axial_d256_b4_r2/checkpoints/training_state/ckpt-3000
[TRAIN] step=03100 loss=-2.87405 nmse_prop=0.02291 nmse_ls=0.05473 lr=5.660e-04 step_time=0.365s steps_per_s=2.171 gpu_mem=0.18GiB peak=7.94GiB
[TRAIN] step=03200 loss=-2.44978 nmse_prop=0.03392 nmse_ls=0.10557 lr=5.657e-04 step_time=0.277s steps_per_s=2.182 gpu_mem=0.18GiB peak=7.94GiB
[TRAIN] step=03300 loss=-1.87481 nmse_prop=0.05665 nmse_ls=0.21860 lr=5.653e-04 step_time=0.363s steps_per_s=2.192 gpu_mem=0.18GiB peak=7.94GiB
[TRAIN] step=03400 loss=-2.73556 nmse_prop=0.02631 nmse_ls=0.06748 lr=5.649e-04 step_time=0.365s steps_per_s=2.201 gpu_mem=0.18GiB peak=7.94GiB
[TRAIN] step=03500 loss=-2.77058 nmse_prop=0.02600 nmse_ls=0.06251 lr=5.646e-04 step_time=0.363s steps_per_s=2.209 gpu_mem=0.18GiB peak=7.94GiB
[TRAIN] step=03600 loss=-2.92385 nmse_prop=0.02281 nmse_ls=0.04960 lr=5.642e-04 step_time=0.363s steps_per_s=2.216 gpu_mem=0.18GiB peak=7.94GiB
[TRAIN] step=03700 loss=-1.85148 nmse_prop=0.05788 nmse_ls=0.22865 lr=5.638e-04 step_time=0.374s steps_per_s=2.223 gpu_mem=0.18GiB peak=7.94GiB
[TRAIN] step=03800 loss=-3.04277 nmse_prop=0.02117 nmse_ls=0.04134 lr=5.634e-04 step_time=0.191s steps_per_s=2.230 gpu_mem=0.18GiB peak=7.94GiB
[TRAIN] step=03900 loss=-2.25013 nmse_prop=0.04050 nmse_ls=0.12633 lr=5.629e-04 step_time=0.449s steps_per_s=2.237 gpu_mem=0.18GiB peak=7.94GiB
WARNING:tensorflow:Model's `__init__()` arguments contain non-serializable objects. Please implement a `get_config()` method in the subclassed Model for proper saving and loading. Defaulting to empty config.
WARNING:tensorflow:Model's `__init__()` arguments contain non-serializable objects. Please implement a `get_config()` method in the subclassed Model for proper saving and loading. Defaulting to empty config.
[TRAIN] saved new best weights at step=4000 val_nmse=0.0314657
[TRAIN] step=04000 loss=-1.88207 nmse_prop=0.05642 nmse_ls=0.22819 lr=5.625e-04 step_time=150.760s steps_per_s=2.069 gpu_mem=0.18GiB peak=7.94GiB
[TRAIN] saved resumable state at step=4000 reason=periodic: /lustre10/scratch/rsadve1/Ablations_S1P2/TWC_plots_comprehensive/runs_rx16/seed7/1dmrs/convnext_axial_d256_b4_r2/checkpoints/training_state/ckpt-4000
[TRAIN] step=04100 loss=-2.69985 nmse_prop=0.02675 nmse_ls=0.08197 lr=5.621e-04 step_time=0.275s steps_per_s=2.078 gpu_mem=0.18GiB peak=7.94GiB
[TRAIN] step=04200 loss=-2.63517 nmse_prop=0.02789 nmse_ls=0.08660 lr=5.616e-04 step_time=0.362s steps_per_s=2.087 gpu_mem=0.18GiB peak=7.94GiB
[TRAIN] step=04300 loss=-3.00632 nmse_prop=0.02140 nmse_ls=0.04304 lr=5.612e-04 step_time=0.449s steps_per_s=2.097 gpu_mem=0.18GiB peak=7.94GiB
[TRAIN] step=04400 loss=-1.89891 nmse_prop=0.05570 nmse_ls=0.19370 lr=5.607e-04 step_time=0.455s steps_per_s=2.106 gpu_mem=0.18GiB peak=7.94GiB
[TRAIN] step=04500 loss=-3.04128 nmse_prop=0.02099 nmse_ls=0.03948 lr=5.602e-04 step_time=0.464s steps_per_s=2.115 gpu_mem=0.18GiB peak=7.94GiB
[TRAIN] step=04600 loss=-2.73645 nmse_prop=0.02576 nmse_ls=0.07597 lr=5.597e-04 step_time=0.364s steps_per_s=2.122 gpu_mem=0.18GiB peak=7.94GiB
[TRAIN] step=04700 loss=-1.80293 nmse_prop=0.06083 nmse_ls=0.23229 lr=5.592e-04 step_time=0.451s steps_per_s=2.129 gpu_mem=0.18GiB peak=7.94GiB
[TRAIN] step=04800 loss=-2.70055 nmse_prop=0.02740 nmse_ls=0.07052 lr=5.587e-04 step_time=0.463s steps_per_s=2.136 gpu_mem=0.18GiB peak=7.94GiB
[TRAIN] step=04900 loss=-2.52481 nmse_prop=0.03135 nmse_ls=0.10406 lr=5.582e-04 step_time=0.289s steps_per_s=2.143 gpu_mem=0.18GiB peak=7.94GiB
[TRAIN] step=05000 loss=-3.09772 nmse_prop=0.01883 nmse_ls=0.04824 lr=5.576e-04 step_time=0.191s steps_per_s=2.150 gpu_mem=0.18GiB peak=7.94GiB
[TRAIN] saved resumable state at step=5000 reason=periodic: /lustre10/scratch/rsadve1/Ablations_S1P2/TWC_plots_comprehensive/runs_rx16/seed7/1dmrs/convnext_axial_d256_b4_r2/checkpoints/training_state/ckpt-5000
[TRAIN] step=05100 loss=-2.85938 nmse_prop=0.02423 nmse_ls=0.05304 lr=5.571e-04 step_time=0.455s steps_per_s=2.156 gpu_mem=0.18GiB peak=7.94GiB
[TRAIN] step=05200 loss=-2.94645 nmse_prop=0.02253 nmse_ls=0.05485 lr=5.565e-04 step_time=0.289s steps_per_s=2.162 gpu_mem=0.18GiB peak=7.94GiB
[TRAIN] step=05300 loss=-1.97242 nmse_prop=0.05196 nmse_ls=0.21083 lr=5.559e-04 step_time=0.388s steps_per_s=2.168 gpu_mem=0.18GiB peak=7.94GiB
[TRAIN] step=05400 loss=-3.03824 nmse_prop=0.02037 nmse_ls=0.04433 lr=5.554e-04 step_time=0.477s steps_per_s=2.173 gpu_mem=0.18GiB peak=7.94GiB
[TRAIN] step=05500 loss=-2.12106 nmse_prop=0.04530 nmse_ls=0.18451 lr=5.548e-04 step_time=0.277s steps_per_s=2.179 gpu_mem=0.18GiB peak=7.94GiB
[TRAIN] step=05600 loss=-3.16380 nmse_prop=0.01875 nmse_ls=0.04328 lr=5.542e-04 step_time=0.278s steps_per_s=2.184 gpu_mem=0.18GiB peak=7.94GiB
[TRAIN] step=05700 loss=-2.08950 nmse_prop=0.04666 nmse_ls=0.19577 lr=5.536e-04 step_time=0.188s steps_per_s=2.188 gpu_mem=0.18GiB peak=7.94GiB
[TRAIN] step=05800 loss=-2.87065 nmse_prop=0.02301 nmse_ls=0.06052 lr=5.529e-04 step_time=0.479s steps_per_s=2.193 gpu_mem=0.18GiB peak=7.94GiB
[TRAIN] step=05900 loss=-3.15537 nmse_prop=0.01939 nmse_ls=0.03896 lr=5.523e-04 step_time=0.362s steps_per_s=2.198 gpu_mem=0.18GiB peak=7.94GiB
WARNING:tensorflow:Model's `__init__()` arguments contain non-serializable objects. Please implement a `get_config()` method in the subclassed Model for proper saving and loading. Defaulting to empty config.
WARNING:tensorflow:Model's `__init__()` arguments contain non-serializable objects. Please implement a `get_config()` method in the subclassed Model for proper saving and loading. Defaulting to empty config.
[TRAIN] saved new best weights at step=6000 val_nmse=0.0281057
[TRAIN] step=06000 loss=-3.19826 nmse_prop=0.01892 nmse_ls=0.03943 lr=5.517e-04 step_time=147.884s steps_per_s=2.089 gpu_mem=0.18GiB peak=7.94GiB
[TRAIN] saved resumable state at step=6000 reason=periodic: /lustre10/scratch/rsadve1/Ablations_S1P2/TWC_plots_comprehensive/runs_rx16/seed7/1dmrs/convnext_axial_d256_b4_r2/checkpoints/training_state/ckpt-6000
[TRAIN] step=06100 loss=-1.78006 nmse_prop=0.06197 nmse_ls=0.24637 lr=5.510e-04 step_time=0.463s steps_per_s=2.090 gpu_mem=0.18GiB peak=7.94GiB
[TRAIN] step=06200 loss=-2.54140 nmse_prop=0.03096 nmse_ls=0.10017 lr=5.504e-04 step_time=0.365s steps_per_s=2.096 gpu_mem=0.18GiB peak=7.94GiB
[TRAIN] step=06300 loss=-2.10833 nmse_prop=0.04551 nmse_ls=0.19492 lr=5.497e-04 step_time=0.275s steps_per_s=2.102 gpu_mem=0.18GiB peak=7.94GiB
[TRAIN] step=06400 loss=-2.57000 nmse_prop=0.02990 nmse_ls=0.09195 lr=5.490e-04 step_time=0.452s steps_per_s=2.108 gpu_mem=0.18GiB peak=7.94GiB
[TRAIN] step=06500 loss=-3.05364 nmse_prop=0.02068 nmse_ls=0.04972 lr=5.483e-04 step_time=0.188s steps_per_s=2.113 gpu_mem=0.18GiB peak=7.94GiB
[TRAIN] step=06600 loss=-2.99735 nmse_prop=0.02174 nmse_ls=0.05048 lr=5.476e-04 step_time=0.368s steps_per_s=2.119 gpu_mem=0.18GiB peak=7.94GiB
[TRAIN] step=06700 loss=-2.37194 nmse_prop=0.03615 nmse_ls=0.12454 lr=5.469e-04 step_time=0.366s steps_per_s=2.123 gpu_mem=0.18GiB peak=7.94GiB
[TRAIN] step=06800 loss=-3.02071 nmse_prop=0.02094 nmse_ls=0.04661 lr=5.462e-04 step_time=0.451s steps_per_s=2.128 gpu_mem=0.18GiB peak=7.94GiB
[TRAIN] step=06900 loss=-2.09555 nmse_prop=0.04667 nmse_ls=0.17043 lr=5.454e-04 step_time=0.450s steps_per_s=2.132 gpu_mem=0.18GiB peak=7.94GiB
[TRAIN] step=07000 loss=-2.28998 nmse_prop=0.03884 nmse_ls=0.13409 lr=5.447e-04 step_time=0.450s steps_per_s=2.137 gpu_mem=0.18GiB peak=7.94GiB
[TRAIN] saved resumable state at step=7000 reason=periodic: /lustre10/scratch/rsadve1/Ablations_S1P2/TWC_plots_comprehensive/runs_rx16/seed7/1dmrs/convnext_axial_d256_b4_r2/checkpoints/training_state/ckpt-7000
[TRAIN] step=07100 loss=-2.15680 nmse_prop=0.04367 nmse_ls=0.18304 lr=5.439e-04 step_time=0.280s steps_per_s=2.141 gpu_mem=0.18GiB peak=7.94GiB
[TRAIN] step=07200 loss=-1.84951 nmse_prop=0.05854 nmse_ls=0.25226 lr=5.432e-04 step_time=0.371s steps_per_s=2.146 gpu_mem=0.18GiB peak=7.94GiB
[TRAIN] step=07300 loss=-2.38491 nmse_prop=0.03609 nmse_ls=0.12313 lr=5.424e-04 step_time=0.366s steps_per_s=2.150 gpu_mem=0.18GiB peak=7.94GiB
[TRAIN] step=07400 loss=-2.88956 nmse_prop=0.02300 nmse_ls=0.05684 lr=5.416e-04 step_time=0.455s steps_per_s=2.155 gpu_mem=0.18GiB peak=7.94GiB
[TRAIN] step=07500 loss=-1.91319 nmse_prop=0.05540 nmse_ls=0.25047 lr=5.408e-04 step_time=0.188s steps_per_s=2.159 gpu_mem=0.18GiB peak=7.94GiB
[TRAIN] step=07600 loss=-2.88351 nmse_prop=0.02248 nmse_ls=0.06810 lr=5.400e-04 step_time=0.366s steps_per_s=2.163 gpu_mem=0.18GiB peak=7.94GiB
[TRAIN] step=07700 loss=-2.75129 nmse_prop=0.02587 nmse_ls=0.07684 lr=5.392e-04 step_time=0.374s steps_per_s=2.168 gpu_mem=0.18GiB peak=7.94GiB
[TRAIN] step=07800 loss=-2.96397 nmse_prop=0.02348 nmse_ls=0.05296 lr=5.384e-04 step_time=0.190s steps_per_s=2.172 gpu_mem=0.18GiB peak=7.94GiB
[TRAIN] step=07900 loss=-2.31744 nmse_prop=0.03760 nmse_ls=0.15472 lr=5.376e-04 step_time=0.274s steps_per_s=2.176 gpu_mem=0.18GiB peak=7.94GiB
[TRAIN] step=08000 loss=-3.11530 nmse_prop=0.01907 nmse_ls=0.04285 lr=5.367e-04 step_time=147.159s steps_per_s=2.097 gpu_mem=0.18GiB peak=7.94GiB
[TRAIN] saved resumable state at step=8000 reason=periodic: /lustre10/scratch/rsadve1/Ablations_S1P2/TWC_plots_comprehensive/runs_rx16/seed7/1dmrs/convnext_axial_d256_b4_r2/checkpoints/training_state/ckpt-8000
[TRAIN] step=08100 loss=-2.37790 nmse_prop=0.03584 nmse_ls=0.12620 lr=5.359e-04 step_time=0.362s steps_per_s=2.100 gpu_mem=0.18GiB peak=7.94GiB
[TRAIN] step=08200 loss=-2.01682 nmse_prop=0.04997 nmse_ls=0.20293 lr=5.350e-04 step_time=0.367s steps_per_s=2.105 gpu_mem=0.18GiB peak=7.94GiB
[TRAIN] step=08300 loss=-3.07058 nmse_prop=0.02071 nmse_ls=0.04106 lr=5.341e-04 step_time=0.450s steps_per_s=2.110 gpu_mem=0.18GiB peak=7.94GiB
[TRAIN] step=08400 loss=-2.00639 nmse_prop=0.05050 nmse_ls=0.19505 lr=5.333e-04 step_time=0.452s steps_per_s=2.114 gpu_mem=0.18GiB peak=7.94GiB
[TRAIN] step=08500 loss=-2.88713 nmse_prop=0.02277 nmse_ls=0.06587 lr=5.324e-04 step_time=0.367s steps_per_s=2.118 gpu_mem=0.18GiB peak=7.94GiB
[TRAIN] step=08600 loss=-2.67521 nmse_prop=0.02759 nmse_ls=0.08197 lr=5.315e-04 step_time=0.453s steps_per_s=2.122 gpu_mem=0.18GiB peak=7.94GiB
[TRAIN] step=08700 loss=-2.19441 nmse_prop=0.04221 nmse_ls=0.15750 lr=5.306e-04 step_time=0.454s steps_per_s=2.125 gpu_mem=0.18GiB peak=7.94GiB
[TRAIN] step=08800 loss=-3.03332 nmse_prop=0.02090 nmse_ls=0.04835 lr=5.297e-04 step_time=0.468s steps_per_s=2.129 gpu_mem=0.18GiB peak=7.94GiB
[TRAIN] step=08900 loss=-2.63383 nmse_prop=0.02864 nmse_ls=0.09563 lr=5.287e-04 step_time=0.277s steps_per_s=2.132 gpu_mem=0.18GiB peak=7.94GiB
[TRAIN] step=09000 loss=-2.77089 nmse_prop=0.02549 nmse_ls=0.07177 lr=5.278e-04 step_time=0.454s steps_per_s=2.136 gpu_mem=0.18GiB peak=7.94GiB
[TRAIN] saved resumable state at step=9000 reason=periodic: /lustre10/scratch/rsadve1/Ablations_S1P2/TWC_plots_comprehensive/runs_rx16/seed7/1dmrs/convnext_axial_d256_b4_r2/checkpoints/training_state/ckpt-9000
[TRAIN] step=09100 loss=-3.12464 nmse_prop=0.01862 nmse_ls=0.04304 lr=5.268e-04 step_time=0.454s steps_per_s=2.139 gpu_mem=0.18GiB peak=7.94GiB
[TRAIN] step=09200 loss=-2.46970 nmse_prop=0.03302 nmse_ls=0.11705 lr=5.259e-04 step_time=0.380s steps_per_s=2.143 gpu_mem=0.18GiB peak=7.95GiB
[TRAIN] step=09300 loss=-2.46010 nmse_prop=0.03276 nmse_ls=0.13475 lr=5.249e-04 step_time=0.276s steps_per_s=2.147 gpu_mem=0.18GiB peak=7.95GiB
[TRAIN] step=09400 loss=-2.75497 nmse_prop=0.02563 nmse_ls=0.08319 lr=5.240e-04 step_time=0.188s steps_per_s=2.150 gpu_mem=0.18GiB peak=7.95GiB
[TRAIN] step=09500 loss=-2.32418 nmse_prop=0.03733 nmse_ls=0.14420 lr=5.230e-04 step_time=0.365s steps_per_s=2.153 gpu_mem=0.18GiB peak=7.95GiB
[TRAIN] step=09600 loss=-2.48238 nmse_prop=0.03329 nmse_ls=0.11046 lr=5.220e-04 step_time=0.363s steps_per_s=2.157 gpu_mem=0.18GiB peak=7.95GiB
[TRAIN] step=09700 loss=-2.89053 nmse_prop=0.02284 nmse_ls=0.05895 lr=5.210e-04 step_time=0.463s steps_per_s=2.159 gpu_mem=0.18GiB peak=7.95GiB
[TRAIN] step=09800 loss=-2.92413 nmse_prop=0.02272 nmse_ls=0.06302 lr=5.200e-04 step_time=0.188s steps_per_s=2.163 gpu_mem=0.18GiB peak=7.95GiB
[TRAIN] step=09900 loss=-2.80946 nmse_prop=0.02416 nmse_ls=0.08407 lr=5.190e-04 step_time=0.189s steps_per_s=2.166 gpu_mem=0.18GiB peak=7.95GiB
[TRAIN] step=10000 loss=-2.49614 nmse_prop=0.03220 nmse_ls=0.11663 lr=5.179e-04 step_time=148.489s steps_per_s=2.102 gpu_mem=0.18GiB peak=7.95GiB
[TRAIN] saved resumable state at step=10000 reason=periodic: /lustre10/scratch/rsadve1/Ablations_S1P2/TWC_plots_comprehensive/runs_rx16/seed7/1dmrs/convnext_axial_d256_b4_r2/checkpoints/training_state/ckpt-10000
[TRAIN] step=10100 loss=-2.62137 nmse_prop=0.02853 nmse_ls=0.09648 lr=5.169e-04 step_time=0.364s steps_per_s=2.106 gpu_mem=0.18GiB peak=7.95GiB
[TRAIN] step=10200 loss=-2.58802 nmse_prop=0.03006 nmse_ls=0.09173 lr=5.158e-04 step_time=0.455s steps_per_s=2.109 gpu_mem=0.18GiB peak=7.95GiB
[TRAIN] step=10300 loss=-2.78621 nmse_prop=0.02537 nmse_ls=0.07623 lr=5.148e-04 step_time=0.367s steps_per_s=2.112 gpu_mem=0.18GiB peak=7.95GiB
[TRAIN] step=10400 loss=-3.00462 nmse_prop=0.02191 nmse_ls=0.05070 lr=5.137e-04 step_time=0.363s steps_per_s=2.116 gpu_mem=0.18GiB peak=7.95GiB
[TRAIN] step=10500 loss=-2.20580 nmse_prop=0.04202 nmse_ls=0.16026 lr=5.127e-04 step_time=0.463s steps_per_s=2.119 gpu_mem=0.18GiB peak=7.95GiB
[TRAIN] step=10600 loss=-2.77304 nmse_prop=0.02544 nmse_ls=0.07678 lr=5.116e-04 step_time=0.367s steps_per_s=2.123 gpu_mem=0.18GiB peak=7.95GiB
[TRAIN] step=10700 loss=-2.96835 nmse_prop=0.02242 nmse_ls=0.05053 lr=5.105e-04 step_time=0.455s steps_per_s=2.125 gpu_mem=0.18GiB peak=7.95GiB
[TRAIN] step=10800 loss=-2.52468 nmse_prop=0.03168 nmse_ls=0.10267 lr=5.094e-04 step_time=0.478s steps_per_s=2.129 gpu_mem=0.18GiB peak=7.95GiB
[TRAIN] step=10900 loss=-2.69943 nmse_prop=0.02696 nmse_ls=0.08005 lr=5.083e-04 step_time=0.453s steps_per_s=2.132 gpu_mem=0.18GiB peak=7.95GiB
[TRAIN] step=11000 loss=-2.23216 nmse_prop=0.04090 nmse_ls=0.15367 lr=5.072e-04 step_time=0.454s steps_per_s=2.135 gpu_mem=0.18GiB peak=7.95GiB
[TRAIN] saved resumable state at step=11000 reason=periodic: /lustre10/scratch/rsadve1/Ablations_S1P2/TWC_plots_comprehensive/runs_rx16/seed7/1dmrs/convnext_axial_d256_b4_r2/checkpoints/training_state/ckpt-11000
[TRAIN] step=11100 loss=-2.55250 nmse_prop=0.03145 nmse_ls=0.11182 lr=5.060e-04 step_time=0.192s steps_per_s=2.136 gpu_mem=0.18GiB peak=7.95GiB
[TRAIN] step=11200 loss=-2.75514 nmse_prop=0.02538 nmse_ls=0.08698 lr=5.049e-04 step_time=0.287s steps_per_s=2.138 gpu_mem=0.18GiB peak=7.95GiB
[TRAIN] step=11300 loss=-2.08229 nmse_prop=0.04726 nmse_ls=0.20002 lr=5.038e-04 step_time=0.376s steps_per_s=2.141 gpu_mem=0.18GiB peak=7.95GiB
[TRAIN] step=11400 loss=-3.17249 nmse_prop=0.01914 nmse_ls=0.03773 lr=5.026e-04 step_time=0.456s steps_per_s=2.143 gpu_mem=0.18GiB peak=7.95GiB
[TRAIN] step=11500 loss=-2.49250 nmse_prop=0.03258 nmse_ls=0.10567 lr=5.015e-04 step_time=0.456s steps_per_s=2.146 gpu_mem=0.18GiB peak=7.95GiB
[TRAIN] step=11600 loss=-2.04594 nmse_prop=0.04848 nmse_ls=0.20608 lr=5.003e-04 step_time=0.455s steps_per_s=2.149 gpu_mem=0.18GiB peak=7.95GiB
[TRAIN] step=11700 loss=-3.31582 nmse_prop=0.01662 nmse_ls=0.03820 lr=4.991e-04 step_time=0.289s steps_per_s=2.152 gpu_mem=0.18GiB peak=7.95GiB
[TRAIN] step=11800 loss=-3.14601 nmse_prop=0.01941 nmse_ls=0.04087 lr=4.979e-04 step_time=0.452s steps_per_s=2.155 gpu_mem=0.18GiB peak=7.95GiB
[TRAIN] step=11900 loss=-2.89405 nmse_prop=0.02343 nmse_ls=0.05880 lr=4.968e-04 step_time=0.455s steps_per_s=2.157 gpu_mem=0.18GiB peak=7.95GiB
WARNING:tensorflow:Model's `__init__()` arguments contain non-serializable objects. Please implement a `get_config()` method in the subclassed Model for proper saving and loading. Defaulting to empty config.
WARNING:tensorflow:Model's `__init__()` arguments contain non-serializable objects. Please implement a `get_config()` method in the subclassed Model for proper saving and loading. Defaulting to empty config.
[TRAIN] saved new best weights at step=12000 val_nmse=0.0274048
[TRAIN] step=12000 loss=-2.22798 nmse_prop=0.04104 nmse_ls=0.15868 lr=4.956e-04 step_time=149.319s steps_per_s=2.104 gpu_mem=0.18GiB peak=7.95GiB
[TRAIN] saved resumable state at step=12000 reason=periodic: /lustre10/scratch/rsadve1/Ablations_S1P2/TWC_plots_comprehensive/runs_rx16/seed7/1dmrs/convnext_axial_d256_b4_r2/checkpoints/training_state/ckpt-12000
[TRAIN] step=12100 loss=-2.85726 nmse_prop=0.02360 nmse_ls=0.06859 lr=4.944e-04 step_time=0.467s steps_per_s=2.106 gpu_mem=0.18GiB peak=7.95GiB
[TRAIN] step=12200 loss=-2.48907 nmse_prop=0.03238 nmse_ls=0.11277 lr=4.931e-04 step_time=0.458s steps_per_s=2.109 gpu_mem=0.18GiB peak=7.95GiB
[TRAIN] step=12300 loss=-3.16897 nmse_prop=0.01882 nmse_ls=0.04181 lr=4.919e-04 step_time=0.366s steps_per_s=2.112 gpu_mem=0.18GiB peak=7.95GiB
[TRAIN] step=12400 loss=-2.55532 nmse_prop=0.03106 nmse_ls=0.10100 lr=4.907e-04 step_time=0.367s steps_per_s=2.115 gpu_mem=0.18GiB peak=7.95GiB
[TRAIN] step=12500 loss=-2.97423 nmse_prop=0.02200 nmse_ls=0.05106 lr=4.894e-04 step_time=0.476s steps_per_s=2.117 gpu_mem=0.18GiB peak=7.95GiB
[TRAIN] step=12600 loss=-2.03754 nmse_prop=0.04905 nmse_ls=0.21071 lr=4.882e-04 step_time=0.368s steps_per_s=2.120 gpu_mem=0.18GiB peak=7.95GiB
[TRAIN] step=12700 loss=-2.93529 nmse_prop=0.02335 nmse_ls=0.05964 lr=4.869e-04 step_time=0.278s steps_per_s=2.123 gpu_mem=0.18GiB peak=7.95GiB
[TRAIN] step=12800 loss=-2.11137 nmse_prop=0.04586 nmse_ls=0.19561 lr=4.857e-04 step_time=0.364s steps_per_s=2.126 gpu_mem=0.18GiB peak=7.95GiB
[TRAIN] step=12900 loss=-2.58910 nmse_prop=0.03007 nmse_ls=0.11009 lr=4.844e-04 step_time=0.188s steps_per_s=2.129 gpu_mem=0.18GiB peak=7.95GiB
[TRAIN] step=13000 loss=-1.93692 nmse_prop=0.05387 nmse_ls=0.24924 lr=4.831e-04 step_time=0.363s steps_per_s=2.132 gpu_mem=0.18GiB peak=7.95GiB
[TRAIN] saved resumable state at step=13000 reason=periodic: /lustre10/scratch/rsadve1/Ablations_S1P2/TWC_plots_comprehensive/runs_rx16/seed7/1dmrs/convnext_axial_d256_b4_r2/checkpoints/training_state/ckpt-13000
[TRAIN] step=13100 loss=-2.60654 nmse_prop=0.02889 nmse_ls=0.09759 lr=4.819e-04 step_time=0.463s steps_per_s=2.134 gpu_mem=0.18GiB peak=7.95GiB
[TRAIN] step=13200 loss=-2.14016 nmse_prop=0.04462 nmse_ls=0.17780 lr=4.806e-04 step_time=0.452s steps_per_s=2.136 gpu_mem=0.18GiB peak=7.95GiB
[TRAIN] step=13300 loss=-3.14133 nmse_prop=0.01873 nmse_ls=0.04618 lr=4.793e-04 step_time=0.363s steps_per_s=2.138 gpu_mem=0.18GiB peak=7.95GiB
[TRAIN] step=13400 loss=-2.78925 nmse_prop=0.02543 nmse_ls=0.07036 lr=4.780e-04 step_time=0.463s steps_per_s=2.141 gpu_mem=0.18GiB peak=7.95GiB
[TRAIN] step=13500 loss=-2.66368 nmse_prop=0.02790 nmse_ls=0.09634 lr=4.766e-04 step_time=0.278s steps_per_s=2.143 gpu_mem=0.18GiB peak=7.95GiB
[TRAIN] step=13600 loss=-3.09687 nmse_prop=0.01962 nmse_ls=0.04634 lr=4.753e-04 step_time=0.456s steps_per_s=2.145 gpu_mem=0.18GiB peak=7.95GiB
[TRAIN] step=13700 loss=-2.95587 nmse_prop=0.02189 nmse_ls=0.05781 lr=4.740e-04 step_time=0.454s steps_per_s=2.147 gpu_mem=0.18GiB peak=7.95GiB
[TRAIN] step=13800 loss=-2.41275 nmse_prop=0.03503 nmse_ls=0.12113 lr=4.727e-04 step_time=0.466s steps_per_s=2.150 gpu_mem=0.18GiB peak=7.95GiB
[TRAIN] step=13900 loss=-2.75384 nmse_prop=0.02602 nmse_ls=0.08642 lr=4.713e-04 step_time=0.188s steps_per_s=2.152 gpu_mem=0.19GiB peak=7.95GiB
WARNING:tensorflow:Model's `__init__()` arguments contain non-serializable objects. Please implement a `get_config()` method in the subclassed Model for proper saving and loading. Defaulting to empty config.
WARNING:tensorflow:Model's `__init__()` arguments contain non-serializable objects. Please implement a `get_config()` method in the subclassed Model for proper saving and loading. Defaulting to empty config.
[TRAIN] saved new best weights at step=14000 val_nmse=0.0273413
[TRAIN] step=14000 loss=-2.21102 nmse_prop=0.04201 nmse_ls=0.16116 lr=4.700e-04 step_time=146.452s steps_per_s=2.107 gpu_mem=0.18GiB peak=7.95GiB
[TRAIN] saved resumable state at step=14000 reason=periodic: /lustre10/scratch/rsadve1/Ablations_S1P2/TWC_plots_comprehensive/runs_rx16/seed7/1dmrs/convnext_axial_d256_b4_r2/checkpoints/training_state/ckpt-14000
[TRAIN] step=14100 loss=-2.76141 nmse_prop=0.02511 nmse_ls=0.08571 lr=4.686e-04 step_time=0.365s steps_per_s=2.109 gpu_mem=0.18GiB peak=7.95GiB
[TRAIN] step=14200 loss=-3.00585 nmse_prop=0.02140 nmse_ls=0.05209 lr=4.673e-04 step_time=0.466s steps_per_s=2.111 gpu_mem=0.19GiB peak=7.95GiB
[TRAIN] step=14300 loss=-3.04186 nmse_prop=0.01954 nmse_ls=0.05381 lr=4.659e-04 step_time=0.472s steps_per_s=2.114 gpu_mem=0.19GiB peak=7.95GiB
[TRAIN] step=14400 loss=-2.98908 nmse_prop=0.02047 nmse_ls=0.06161 lr=4.645e-04 step_time=0.362s steps_per_s=2.117 gpu_mem=0.18GiB peak=7.96GiB
[TRAIN] step=14500 loss=-2.43444 nmse_prop=0.03406 nmse_ls=0.12317 lr=4.631e-04 step_time=0.464s steps_per_s=2.119 gpu_mem=0.18GiB peak=7.96GiB
[TRAIN] step=14600 loss=-3.18063 nmse_prop=0.01913 nmse_ls=0.04110 lr=4.617e-04 step_time=0.363s steps_per_s=2.122 gpu_mem=0.18GiB peak=7.96GiB
[TRAIN] step=14700 loss=-2.71005 nmse_prop=0.02691 nmse_ls=0.08311 lr=4.603e-04 step_time=0.450s steps_per_s=2.124 gpu_mem=0.19GiB peak=7.96GiB
[TRAIN] step=14800 loss=-3.15683 nmse_prop=0.01910 nmse_ls=0.04762 lr=4.589e-04 step_time=0.286s steps_per_s=2.127 gpu_mem=0.18GiB peak=7.96GiB
[TRAIN] step=14900 loss=-2.76258 nmse_prop=0.02571 nmse_ls=0.07829 lr=4.575e-04 step_time=0.452s steps_per_s=2.129 gpu_mem=0.18GiB peak=7.96GiB
[TRAIN] step=15000 loss=-3.51210 nmse_prop=0.01300 nmse_ls=0.03439 lr=4.561e-04 step_time=0.188s steps_per_s=2.131 gpu_mem=0.19GiB peak=7.96GiB
[TRAIN] saved resumable state at step=15000 reason=periodic: /lustre10/scratch/rsadve1/Ablations_S1P2/TWC_plots_comprehensive/runs_rx16/seed7/1dmrs/convnext_axial_d256_b4_r2/checkpoints/training_state/ckpt-15000
[TRAIN] step=15100 loss=-3.21609 nmse_prop=0.01758 nmse_ls=0.03887 lr=4.547e-04 step_time=0.452s steps_per_s=2.133 gpu_mem=0.19GiB peak=7.96GiB
[TRAIN] step=15200 loss=-3.22472 nmse_prop=0.01745 nmse_ls=0.04238 lr=4.532e-04 step_time=0.365s steps_per_s=2.135 gpu_mem=0.19GiB peak=7.96GiB
[TRAIN] step=15300 loss=-2.96469 nmse_prop=0.02262 nmse_ls=0.05726 lr=4.518e-04 step_time=0.364s steps_per_s=2.137 gpu_mem=0.18GiB peak=7.96GiB
[TRAIN] step=15400 loss=-3.24550 nmse_prop=0.01815 nmse_ls=0.03981 lr=4.504e-04 step_time=0.277s steps_per_s=2.138 gpu_mem=0.19GiB peak=7.96GiB
[TRAIN] step=15500 loss=-2.17919 nmse_prop=0.04301 nmse_ls=0.18151 lr=4.489e-04 step_time=0.364s steps_per_s=2.141 gpu_mem=0.19GiB peak=7.96GiB
[TRAIN] step=15600 loss=-2.97174 nmse_prop=0.02170 nmse_ls=0.06483 lr=4.475e-04 step_time=0.276s steps_per_s=2.142 gpu_mem=0.19GiB peak=7.96GiB
[TRAIN] step=15700 loss=-3.32680 nmse_prop=0.01655 nmse_ls=0.03598 lr=4.460e-04 step_time=0.366s steps_per_s=2.144 gpu_mem=0.18GiB peak=7.96GiB
[TRAIN] step=15800 loss=-2.64724 nmse_prop=0.02799 nmse_ls=0.09723 lr=4.445e-04 step_time=0.471s steps_per_s=2.147 gpu_mem=0.18GiB peak=7.96GiB
[TRAIN] step=15900 loss=-3.18506 nmse_prop=0.01752 nmse_ls=0.04920 lr=4.431e-04 step_time=0.278s steps_per_s=2.149 gpu_mem=0.19GiB peak=7.96GiB
WARNING:tensorflow:Model's `__init__()` arguments contain non-serializable objects. Please implement a `get_config()` method in the subclassed Model for proper saving and loading. Defaulting to empty config.
WARNING:tensorflow:Model's `__init__()` arguments contain non-serializable objects. Please implement a `get_config()` method in the subclassed Model for proper saving and loading. Defaulting to empty config.
[TRAIN] saved new best weights at step=16000 val_nmse=0.0270796
[TRAIN] step=16000 loss=-2.81570 nmse_prop=0.02491 nmse_ls=0.07381 lr=4.416e-04 step_time=149.326s steps_per_s=2.108 gpu_mem=0.19GiB peak=7.96GiB
[TRAIN] saved resumable state at step=16000 reason=periodic: /lustre10/scratch/rsadve1/Ablations_S1P2/TWC_plots_comprehensive/runs_rx16/seed7/1dmrs/convnext_axial_d256_b4_r2/checkpoints/training_state/ckpt-16000
[TRAIN] step=16100 loss=-2.99705 nmse_prop=0.02186 nmse_ls=0.05602 lr=4.401e-04 step_time=0.362s steps_per_s=2.110 gpu_mem=0.19GiB peak=7.96GiB
[TRAIN] step=16200 loss=-1.94301 nmse_prop=0.05370 nmse_ls=0.24518 lr=4.386e-04 step_time=0.377s steps_per_s=2.111 gpu_mem=0.19GiB peak=7.96GiB
[TRAIN] step=16300 loss=-2.32683 nmse_prop=0.03769 nmse_ls=0.14159 lr=4.371e-04 step_time=0.461s steps_per_s=2.114 gpu_mem=0.19GiB peak=7.96GiB
[TRAIN] step=16400 loss=-2.18715 nmse_prop=0.04252 nmse_ls=0.17716 lr=4.356e-04 step_time=0.462s steps_per_s=2.115 gpu_mem=0.19GiB peak=7.96GiB
[TRAIN] step=16500 loss=-3.15182 nmse_prop=0.01877 nmse_ls=0.04392 lr=4.341e-04 step_time=0.468s steps_per_s=2.117 gpu_mem=0.19GiB peak=7.96GiB
[TRAIN] step=16600 loss=-2.68950 nmse_prop=0.02796 nmse_ls=0.08023 lr=4.326e-04 step_time=0.449s steps_per_s=2.120 gpu_mem=0.19GiB peak=7.96GiB
[TRAIN] step=16700 loss=-3.30127 nmse_prop=0.01688 nmse_ls=0.03739 lr=4.311e-04 step_time=0.376s steps_per_s=2.122 gpu_mem=0.19GiB peak=7.96GiB
[TRAIN] step=16800 loss=-2.13029 nmse_prop=0.04495 nmse_ls=0.21426 lr=4.295e-04 step_time=0.279s steps_per_s=2.124 gpu_mem=0.18GiB peak=7.96GiB
[TRAIN] step=16900 loss=-2.25089 nmse_prop=0.04017 nmse_ls=0.16912 lr=4.280e-04 step_time=0.452s steps_per_s=2.126 gpu_mem=0.19GiB peak=7.96GiB
[TRAIN] step=17000 loss=-2.47352 nmse_prop=0.03291 nmse_ls=0.12361 lr=4.265e-04 step_time=0.379s steps_per_s=2.128 gpu_mem=0.19GiB peak=7.96GiB
[TRAIN] saved resumable state at step=17000 reason=periodic: /lustre10/scratch/rsadve1/Ablations_S1P2/TWC_plots_comprehensive/runs_rx16/seed7/1dmrs/convnext_axial_d256_b4_r2/checkpoints/training_state/ckpt-17000
[TRAIN] step=17100 loss=-3.31923 nmse_prop=0.01621 nmse_ls=0.04058 lr=4.249e-04 step_time=0.277s steps_per_s=2.130 gpu_mem=0.19GiB peak=7.96GiB
[TRAIN] step=17200 loss=-2.47299 nmse_prop=0.03292 nmse_ls=0.11496 lr=4.234e-04 step_time=0.456s steps_per_s=2.132 gpu_mem=0.19GiB peak=7.96GiB
[TRAIN] step=17300 loss=-2.15121 nmse_prop=0.04408 nmse_ls=0.18177 lr=4.218e-04 step_time=0.465s steps_per_s=2.134 gpu_mem=0.19GiB peak=7.96GiB
[TRAIN] step=17400 loss=-2.10369 nmse_prop=0.04606 nmse_ls=0.22532 lr=4.203e-04 step_time=0.190s steps_per_s=2.136 gpu_mem=0.19GiB peak=7.96GiB
[TRAIN] step=17500 loss=-2.21763 nmse_prop=0.04135 nmse_ls=0.17761 lr=4.187e-04 step_time=0.365s steps_per_s=2.137 gpu_mem=0.19GiB peak=7.96GiB
[TRAIN] step=17600 loss=-2.34666 nmse_prop=0.03649 nmse_ls=0.15616 lr=4.171e-04 step_time=0.365s steps_per_s=2.139 gpu_mem=0.19GiB peak=7.96GiB
[TRAIN] step=17700 loss=-2.30377 nmse_prop=0.03811 nmse_ls=0.15428 lr=4.156e-04 step_time=0.465s steps_per_s=2.141 gpu_mem=0.19GiB peak=7.96GiB
[TRAIN] step=17800 loss=-1.93388 nmse_prop=0.05387 nmse_ls=0.24811 lr=4.140e-04 step_time=0.363s steps_per_s=2.143 gpu_mem=0.19GiB peak=7.96GiB
[TRAIN] step=17900 loss=-2.93889 nmse_prop=0.02170 nmse_ls=0.06341 lr=4.124e-04 step_time=0.472s steps_per_s=2.145 gpu_mem=0.19GiB peak=7.96GiB
WARNING:tensorflow:Model's `__init__()` arguments contain non-serializable objects. Please implement a `get_config()` method in the subclassed Model for proper saving and loading. Defaulting to empty config.
WARNING:tensorflow:Model's `__init__()` arguments contain non-serializable objects. Please implement a `get_config()` method in the subclassed Model for proper saving and loading. Defaulting to empty config.
[TRAIN] saved new best weights at step=18000 val_nmse=0.0259295
[TRAIN] step=18000 loss=-2.93751 nmse_prop=0.02218 nmse_ls=0.06602 lr=4.108e-04 step_time=148.808s steps_per_s=2.109 gpu_mem=0.19GiB peak=7.96GiB
[TRAIN] saved resumable state at step=18000 reason=periodic: /lustre10/scratch/rsadve1/Ablations_S1P2/TWC_plots_comprehensive/runs_rx16/seed7/1dmrs/convnext_axial_d256_b4_r2/checkpoints/training_state/ckpt-18000
[TRAIN] step=18100 loss=-2.75209 nmse_prop=0.02582 nmse_ls=0.07947 lr=4.092e-04 step_time=0.453s steps_per_s=2.109 gpu_mem=0.19GiB peak=7.96GiB
[TRAIN] step=18200 loss=-2.45873 nmse_prop=0.03355 nmse_ls=0.12238 lr=4.076e-04 step_time=0.477s steps_per_s=2.111 gpu_mem=0.19GiB peak=7.96GiB
[TRAIN] step=18300 loss=-2.35161 nmse_prop=0.03695 nmse_ls=0.13762 lr=4.060e-04 step_time=0.462s steps_per_s=2.113 gpu_mem=0.19GiB peak=7.96GiB
[TRAIN] step=18400 loss=-3.24963 nmse_prop=0.01685 nmse_ls=0.04020 lr=4.044e-04 step_time=0.451s steps_per_s=2.115 gpu_mem=0.19GiB peak=7.96GiB
[TRAIN] step=18500 loss=-2.50775 nmse_prop=0.03164 nmse_ls=0.11752 lr=4.028e-04 step_time=0.451s steps_per_s=2.117 gpu_mem=0.19GiB peak=7.96GiB
[TRAIN] step=18600 loss=-3.26463 nmse_prop=0.01679 nmse_ls=0.04179 lr=4.012e-04 step_time=0.364s steps_per_s=2.118 gpu_mem=0.19GiB peak=7.96GiB
[TRAIN] step=18700 loss=-3.01307 nmse_prop=0.02215 nmse_ls=0.04945 lr=3.996e-04 step_time=0.461s steps_per_s=2.120 gpu_mem=0.19GiB peak=7.96GiB
[TRAIN] step=18800 loss=-2.39910 nmse_prop=0.03493 nmse_ls=0.13729 lr=3.980e-04 step_time=0.453s steps_per_s=2.122 gpu_mem=0.19GiB peak=7.96GiB
[TRAIN] step=18900 loss=-2.32121 nmse_prop=0.03763 nmse_ls=0.15444 lr=3.963e-04 step_time=0.367s steps_per_s=2.124 gpu_mem=0.19GiB peak=7.96GiB
[TRAIN] step=19000 loss=-2.90007 nmse_prop=0.02247 nmse_ls=0.07552 lr=3.947e-04 step_time=0.281s steps_per_s=2.126 gpu_mem=0.19GiB peak=7.96GiB
[TRAIN] saved resumable state at step=19000 reason=periodic: /lustre10/scratch/rsadve1/Ablations_S1P2/TWC_plots_comprehensive/runs_rx16/seed7/1dmrs/convnext_axial_d256_b4_r2/checkpoints/training_state/ckpt-19000
[TRAIN] step=19100 loss=-2.62077 nmse_prop=0.02947 nmse_ls=0.09468 lr=3.931e-04 step_time=0.463s steps_per_s=2.126 gpu_mem=0.19GiB peak=7.96GiB
[TRAIN] step=19200 loss=-2.62850 nmse_prop=0.02919 nmse_ls=0.10387 lr=3.914e-04 step_time=0.279s steps_per_s=2.128 gpu_mem=0.19GiB peak=7.96GiB
[TRAIN] step=19300 loss=-3.04330 nmse_prop=0.01997 nmse_ls=0.05481 lr=3.898e-04 step_time=0.453s steps_per_s=2.130 gpu_mem=0.19GiB peak=7.96GiB
[TRAIN] step=19400 loss=-3.20055 nmse_prop=0.01825 nmse_ls=0.04252 lr=3.882e-04 step_time=0.365s steps_per_s=2.131 gpu_mem=0.19GiB peak=7.96GiB
[TRAIN] step=19500 loss=-2.66564 nmse_prop=0.02807 nmse_ls=0.09771 lr=3.865e-04 step_time=0.387s steps_per_s=2.133 gpu_mem=0.19GiB peak=7.96GiB
[TRAIN] step=19600 loss=-3.04919 nmse_prop=0.02003 nmse_ls=0.06264 lr=3.848e-04 step_time=0.190s steps_per_s=2.135 gpu_mem=0.19GiB peak=7.96GiB
[TRAIN] step=19700 loss=-2.96249 nmse_prop=0.02231 nmse_ls=0.05993 lr=3.832e-04 step_time=0.367s steps_per_s=2.136 gpu_mem=0.19GiB peak=7.96GiB
[TRAIN] step=19800 loss=-3.14007 nmse_prop=0.01871 nmse_ls=0.04729 lr=3.815e-04 step_time=0.469s steps_per_s=2.138 gpu_mem=0.19GiB peak=7.96GiB
[TRAIN] step=19900 loss=-2.86165 nmse_prop=0.02356 nmse_ls=0.07648 lr=3.799e-04 step_time=0.279s steps_per_s=2.140 gpu_mem=0.19GiB peak=7.96GiB
[TRAIN] step=20000 loss=-2.13662 nmse_prop=0.04473 nmse_ls=0.18960 lr=3.782e-04 step_time=146.314s steps_per_s=2.109 gpu_mem=0.19GiB peak=7.96GiB
[TRAIN] saved resumable state at step=20000 reason=periodic: /lustre10/scratch/rsadve1/Ablations_S1P2/TWC_plots_comprehensive/runs_rx16/seed7/1dmrs/convnext_axial_d256_b4_r2/checkpoints/training_state/ckpt-20000
[TRAIN] step=20100 loss=-2.48384 nmse_prop=0.03249 nmse_ls=0.12145 lr=3.765e-04 step_time=0.458s steps_per_s=2.110 gpu_mem=0.19GiB peak=7.96GiB
[TRAIN] step=20200 loss=-2.51309 nmse_prop=0.03148 nmse_ls=0.12012 lr=3.748e-04 step_time=0.470s steps_per_s=2.112 gpu_mem=0.19GiB peak=7.96GiB
[TRAIN] step=20300 loss=-2.39595 nmse_prop=0.03498 nmse_ls=0.15656 lr=3.732e-04 step_time=0.274s steps_per_s=2.113 gpu_mem=0.19GiB peak=7.96GiB
[TRAIN] step=20400 loss=-3.09233 nmse_prop=0.01951 nmse_ls=0.05016 lr=3.715e-04 step_time=0.476s steps_per_s=2.115 gpu_mem=0.19GiB peak=7.96GiB
[TRAIN] step=20500 loss=-2.92031 nmse_prop=0.02260 nmse_ls=0.06767 lr=3.698e-04 step_time=0.379s steps_per_s=2.117 gpu_mem=0.19GiB peak=7.96GiB
[TRAIN] step=20600 loss=-2.74001 nmse_prop=0.02610 nmse_ls=0.08439 lr=3.681e-04 step_time=0.454s steps_per_s=2.118 gpu_mem=0.19GiB peak=7.96GiB
[TRAIN] step=20700 loss=-2.57911 nmse_prop=0.02998 nmse_ls=0.10393 lr=3.664e-04 step_time=0.475s steps_per_s=2.120 gpu_mem=0.19GiB peak=7.96GiB
[TRAIN] step=20800 loss=-2.20506 nmse_prop=0.04204 nmse_ls=0.17331 lr=3.647e-04 step_time=0.451s steps_per_s=2.122 gpu_mem=0.19GiB peak=7.96GiB
[TRAIN] step=20900 loss=-2.29731 nmse_prop=0.03878 nmse_ls=0.15427 lr=3.630e-04 step_time=0.450s steps_per_s=2.123 gpu_mem=0.19GiB peak=7.96GiB
[TRAIN] step=21000 loss=-3.29495 nmse_prop=0.01695 nmse_ls=0.03928 lr=3.613e-04 step_time=0.379s steps_per_s=2.125 gpu_mem=0.19GiB peak=7.96GiB
[TRAIN] saved resumable state at step=21000 reason=periodic: /lustre10/scratch/rsadve1/Ablations_S1P2/TWC_plots_comprehensive/runs_rx16/seed7/1dmrs/convnext_axial_d256_b4_r2/checkpoints/training_state/ckpt-21000
[TRAIN] step=21100 loss=-2.74290 nmse_prop=0.02647 nmse_ls=0.08608 lr=3.596e-04 step_time=0.278s steps_per_s=2.121 gpu_mem=0.19GiB peak=7.96GiB
[TRAIN] step=21200 loss=-3.26474 nmse_prop=0.01746 nmse_ls=0.04012 lr=3.579e-04 step_time=0.378s steps_per_s=2.123 gpu_mem=0.19GiB peak=7.96GiB
[TRAIN] step=21300 loss=-2.14085 nmse_prop=0.04478 nmse_ls=0.18975 lr=3.562e-04 step_time=0.472s steps_per_s=2.124 gpu_mem=0.19GiB peak=7.96GiB
[TRAIN] step=21400 loss=-2.58584 nmse_prop=0.02948 nmse_ls=0.11509 lr=3.545e-04 step_time=0.375s steps_per_s=2.126 gpu_mem=0.19GiB peak=7.96GiB
[TRAIN] step=21500 loss=-2.16078 nmse_prop=0.04399 nmse_ls=0.19306 lr=3.528e-04 step_time=0.366s steps_per_s=2.127 gpu_mem=0.19GiB peak=7.96GiB
[TRAIN] step=21600 loss=-2.11455 nmse_prop=0.04574 nmse_ls=0.20521 lr=3.511e-04 step_time=0.375s steps_per_s=2.129 gpu_mem=0.19GiB peak=7.96GiB
[TRAIN] step=21700 loss=-2.93200 nmse_prop=0.02188 nmse_ls=0.06522 lr=3.494e-04 step_time=0.452s steps_per_s=2.130 gpu_mem=0.19GiB peak=7.96GiB
[TRAIN] step=21800 loss=-2.12469 nmse_prop=0.04516 nmse_ls=0.19423 lr=3.476e-04 step_time=0.452s steps_per_s=2.132 gpu_mem=0.19GiB peak=7.96GiB
[TRAIN] step=21900 loss=-3.15488 nmse_prop=0.01985 nmse_ls=0.04348 lr=3.459e-04 step_time=0.361s steps_per_s=2.134 gpu_mem=0.19GiB peak=7.96GiB
[TRAIN] step=22000 loss=-2.62175 nmse_prop=0.02981 nmse_ls=0.08955 lr=3.442e-04 step_time=149.646s steps_per_s=2.105 gpu_mem=0.19GiB peak=7.96GiB
[TRAIN] saved resumable state at step=22000 reason=periodic: /lustre10/scratch/rsadve1/Ablations_S1P2/TWC_plots_comprehensive/runs_rx16/seed7/1dmrs/convnext_axial_d256_b4_r2/checkpoints/training_state/ckpt-22000
[TRAIN] step=22100 loss=-2.27131 nmse_prop=0.03944 nmse_ls=0.16423 lr=3.425e-04 step_time=0.453s steps_per_s=2.106 gpu_mem=0.19GiB peak=7.96GiB
[TRAIN] step=22200 loss=-3.10778 nmse_prop=0.01944 nmse_ls=0.04920 lr=3.407e-04 step_time=0.455s steps_per_s=2.108 gpu_mem=0.19GiB peak=7.96GiB
[TRAIN] step=22300 loss=-2.74463 nmse_prop=0.02633 nmse_ls=0.08237 lr=3.390e-04 step_time=0.465s steps_per_s=2.109 gpu_mem=0.19GiB peak=7.96GiB
[TRAIN] step=22400 loss=-2.65798 nmse_prop=0.02853 nmse_ls=0.09378 lr=3.373e-04 step_time=0.368s steps_per_s=2.111 gpu_mem=0.19GiB peak=7.96GiB
[TRAIN] step=22500 loss=-2.89692 nmse_prop=0.02314 nmse_ls=0.06489 lr=3.356e-04 step_time=0.456s steps_per_s=2.113 gpu_mem=0.19GiB peak=7.96GiB
[TRAIN] step=22600 loss=-2.84995 nmse_prop=0.02298 nmse_ls=0.07963 lr=3.338e-04 step_time=0.463s steps_per_s=2.114 gpu_mem=0.19GiB peak=7.96GiB
[TRAIN] step=22700 loss=-2.86690 nmse_prop=0.02371 nmse_ls=0.07118 lr=3.321e-04 step_time=0.363s steps_per_s=2.116 gpu_mem=0.19GiB peak=7.96GiB
[TRAIN] step=22800 loss=-2.64404 nmse_prop=0.02821 nmse_ls=0.10639 lr=3.303e-04 step_time=0.365s steps_per_s=2.117 gpu_mem=0.19GiB peak=7.96GiB
[TRAIN] step=22900 loss=-2.10509 nmse_prop=0.04594 nmse_ls=0.20543 lr=3.286e-04 step_time=0.450s steps_per_s=2.119 gpu_mem=0.19GiB peak=7.96GiB
[TRAIN] step=23000 loss=-2.98217 nmse_prop=0.02194 nmse_ls=0.05988 lr=3.269e-04 step_time=0.367s steps_per_s=2.120 gpu_mem=0.19GiB peak=7.96GiB
[TRAIN] saved resumable state at step=23000 reason=periodic: /lustre10/scratch/rsadve1/Ablations_S1P2/TWC_plots_comprehensive/runs_rx16/seed7/1dmrs/convnext_axial_d256_b4_r2/checkpoints/training_state/ckpt-23000
[TRAIN] step=23100 loss=-3.05491 nmse_prop=0.01995 nmse_ls=0.05535 lr=3.251e-04 step_time=0.451s steps_per_s=2.121 gpu_mem=0.19GiB peak=7.96GiB
[TRAIN] step=23200 loss=-3.30784 nmse_prop=0.01683 nmse_ls=0.03821 lr=3.234e-04 step_time=0.367s steps_per_s=2.122 gpu_mem=0.19GiB peak=7.98GiB
[TRAIN] step=23300 loss=-2.94709 nmse_prop=0.02188 nmse_ls=0.06543 lr=3.216e-04 step_time=0.451s steps_per_s=2.124 gpu_mem=0.19GiB peak=7.98GiB
[TRAIN] step=23400 loss=-2.99770 nmse_prop=0.02117 nmse_ls=0.05624 lr=3.199e-04 step_time=0.451s steps_per_s=2.126 gpu_mem=0.19GiB peak=7.98GiB
[TRAIN] step=23500 loss=-2.46643 nmse_prop=0.03358 nmse_ls=0.12034 lr=3.181e-04 step_time=0.463s steps_per_s=2.127 gpu_mem=0.19GiB peak=7.98GiB
[TRAIN] step=23600 loss=-2.20905 nmse_prop=0.04173 nmse_ls=0.19396 lr=3.164e-04 step_time=0.362s steps_per_s=2.128 gpu_mem=0.19GiB peak=7.98GiB
[TRAIN] step=23700 loss=-2.48387 nmse_prop=0.03280 nmse_ls=0.12109 lr=3.146e-04 step_time=0.474s steps_per_s=2.129 gpu_mem=0.19GiB peak=7.98GiB
[TRAIN] step=23800 loss=-3.10066 nmse_prop=0.01971 nmse_ls=0.04987 lr=3.129e-04 step_time=0.463s steps_per_s=2.130 gpu_mem=0.19GiB peak=7.98GiB
[TRAIN] step=23900 loss=-3.10122 nmse_prop=0.01971 nmse_ls=0.05717 lr=3.111e-04 step_time=0.277s steps_per_s=2.131 gpu_mem=0.19GiB peak=7.98GiB
[TRAIN] step=24000 loss=-3.15489 nmse_prop=0.01966 nmse_ls=0.04639 lr=3.094e-04 step_time=150.067s steps_per_s=2.105 gpu_mem=0.19GiB peak=7.98GiB
[TRAIN] saved resumable state at step=24000 reason=periodic: /lustre10/scratch/rsadve1/Ablations_S1P2/TWC_plots_comprehensive/runs_rx16/seed7/1dmrs/convnext_axial_d256_b4_r2/checkpoints/training_state/ckpt-24000
[TRAIN] step=24100 loss=-2.30506 nmse_prop=0.03835 nmse_ls=0.16219 lr=3.076e-04 step_time=0.363s steps_per_s=2.106 gpu_mem=0.19GiB peak=7.98GiB
[TRAIN] step=24200 loss=-3.09808 nmse_prop=0.01983 nmse_ls=0.04852 lr=3.059e-04 step_time=0.450s steps_per_s=2.107 gpu_mem=0.19GiB peak=7.98GiB
[TRAIN] step=24300 loss=-2.05402 nmse_prop=0.04833 nmse_ls=0.22662 lr=3.041e-04 step_time=0.275s steps_per_s=2.109 gpu_mem=0.19GiB peak=7.98GiB
[TRAIN] step=24400 loss=-3.06192 nmse_prop=0.01940 nmse_ls=0.05562 lr=3.024e-04 step_time=0.455s steps_per_s=2.110 gpu_mem=0.19GiB peak=7.98GiB
[TRAIN] step=24500 loss=-2.72873 nmse_prop=0.02654 nmse_ls=0.08828 lr=3.006e-04 step_time=0.278s steps_per_s=2.112 gpu_mem=0.19GiB peak=7.98GiB
[TRAIN] step=24600 loss=-2.52829 nmse_prop=0.03068 nmse_ls=0.12835 lr=2.989e-04 step_time=0.366s steps_per_s=2.113 gpu_mem=0.19GiB peak=7.98GiB
[TRAIN] step=24700 loss=-3.31545 nmse_prop=0.01647 nmse_ls=0.04105 lr=2.971e-04 step_time=0.202s steps_per_s=2.115 gpu_mem=0.19GiB peak=7.98GiB
[TRAIN] step=24800 loss=-2.67177 nmse_prop=0.02730 nmse_ls=0.09743 lr=2.953e-04 step_time=0.464s steps_per_s=2.116 gpu_mem=0.19GiB peak=7.98GiB
[TRAIN] step=24900 loss=-3.15066 nmse_prop=0.01815 nmse_ls=0.04944 lr=2.936e-04 step_time=0.452s steps_per_s=2.117 gpu_mem=0.19GiB peak=7.98GiB
[TRAIN] step=25000 loss=-3.23304 nmse_prop=0.01799 nmse_ls=0.04221 lr=2.918e-04 step_time=0.376s steps_per_s=2.119 gpu_mem=0.19GiB peak=7.98GiB
[TRAIN] saved resumable state at step=25000 reason=periodic: /lustre10/scratch/rsadve1/Ablations_S1P2/TWC_plots_comprehensive/runs_rx16/seed7/1dmrs/convnext_axial_d256_b4_r2/checkpoints/training_state/ckpt-25000
[TRAIN] step=25100 loss=-2.00820 nmse_prop=0.05056 nmse_ls=0.23365 lr=2.901e-04 step_time=0.451s steps_per_s=2.120 gpu_mem=0.19GiB peak=7.98GiB
[TRAIN] step=25200 loss=-2.09457 nmse_prop=0.04657 nmse_ls=0.20506 lr=2.883e-04 step_time=0.463s steps_per_s=2.121 gpu_mem=0.19GiB peak=7.98GiB
[TRAIN] step=25300 loss=-2.71101 nmse_prop=0.02654 nmse_ls=0.09694 lr=2.866e-04 step_time=0.365s steps_per_s=2.122 gpu_mem=0.19GiB peak=7.98GiB
[TRAIN] step=25400 loss=-3.11733 nmse_prop=0.01890 nmse_ls=0.05541 lr=2.848e-04 step_time=0.277s steps_per_s=2.124 gpu_mem=0.19GiB peak=7.98GiB
