[ENV] Reusing portable venv: /home/rsadve1/links/scratch/.vevn_upair_potable
[ENV] Checking installed package metadata only; TensorFlow/Sionna are not imported here.
[ENV] Python 3.11.5
[ENV] numpy 1.26.4+computecanada
[ENV] pandas 2.2.3+computecanada
[ENV] matplotlib 3.10.0+computecanada
[ENV] PyYAML 6.0.2+computecanada
[ENV] scipy 1.15.1+computecanada
[ENV] tensorflow 2.15.1+computecanada
[ENV] sionna-no-rt 1.2.1
[ENV] optuna 4.8.0+computecanada
[ENV] Skipping TensorFlow/Sionna import check on this node. Set UPAIR_DEEP_IMPORT_CHECK=1 to test imports explicitly.
[ENV] Ready: REPO=/home/rsadve1/links/scratch/Ablations_Wave3
[ENV] Ready: VENV=/home/rsadve1/links/scratch/.vevn_upair_potable
[ENV] Reusing portable venv: /home/rsadve1/links/scratch/.vevn_upair_potable
[ENV] Checking installed package metadata only; TensorFlow/Sionna are not imported here.
[ENV] Python 3.11.5
[ENV] numpy 1.26.4+computecanada
[ENV] pandas 2.2.3+computecanada
[ENV] matplotlib 3.10.0+computecanada
[ENV] PyYAML 6.0.2+computecanada
[ENV] scipy 1.15.1+computecanada
[ENV] tensorflow 2.15.1+computecanada
[ENV] sionna-no-rt 1.2.1
[ENV] optuna 4.8.0+computecanada
[ENV] Skipping TensorFlow/Sionna import check on this node. Set UPAIR_DEEP_IMPORT_CHECK=1 to test imports explicitly.
[ENV] Ready: REPO=/home/rsadve1/links/scratch/Ablations_Wave3
[ENV] Ready: VENV=/home/rsadve1/links/scratch/.vevn_upair_potable
================================================================================
[PIPELINE] variant=main_d256_b4_r2
[PIPELINE] root=/home/rsadve1/links/scratch/Ablations_Wave3
[PIPELINE] stageB_prefix=clean_b32_prb8_d256_40k_smart_trueDMRS_u34610_1dmrs_stageB
[PIPELINE] receivers=baseline_ls_2dlmmse_lmmse
[PIPELINE] users=3
[PIPELINE] ebnos=-4,-3,-2,-1,0,1,2,3
[PIPELINE] chunk_batches=20 micro=8
================================================================================
[PIPELINE] UPAIR_EVAL_ONLY=1 -> skipping training for main_d256_b4_r2 (eval-only arm reusing aliased checkpoint).
[PIPELINE] starting/resuming isolated evaluation for main_d256_b4_r2.

--------------------------------------------------------------------------------
[PIPELINE] eval point variant=main_d256_b4_r2 receiver=baseline_ls_2dlmmse_lmmse U=3 Eb/N0=-4
--------------------------------------------------------------------------------
[PIPELINE] status done=0 reason=continue chunks=0 batches=0 block_errors=0/100 next_chunk=0
2026-07-05 21:58:15.186762: E external/local_xla/xla/stream_executor/cuda/cuda_dnn.cc:9261] Unable to register cuDNN factory: Attempting to register factory for plugin cuDNN when one has already been registered
2026-07-05 21:58:15.186816: E external/local_xla/xla/stream_executor/cuda/cuda_fft.cc:607] Unable to register cuFFT factory: Attempting to register factory for plugin cuFFT when one has already been registered
2026-07-05 21:58:15.188301: E external/local_xla/xla/stream_executor/cuda/cuda_blas.cc:1515] Unable to register cuBLAS factory: Attempting to register factory for plugin cuBLAS when one has already been registered
[COMPREHENSIVE] loaded Optuna best JSON for main_d256_b4_r2 from /home/rsadve1/links/scratch/Ablations_Wave3/optuna/clean_b32_prb8_d256_40k_smart_trueDMRS_u34610_1dmrs_stageB_main_d256_b4_r2_best_params.json
[ISO-CHUNK] variant: main_d256_b4_r2
[ISO-CHUNK] receiver: baseline_ls_2dlmmse_lmmse
[ISO-CHUNK] num_users: 3
[ISO-CHUNK] ebno_db: -4.0
[ISO-CHUNK] chunk_idx: 0
[ISO-CHUNK] chunk_batches: 20
[ISO-CHUNK] receiver_microbatch_size: 8
[ISO-CHUNK] chunk_seed: 1636034
[ISO-CHUNK] checkpoint: /lustre10/scratch/rsadve1/Ablations_Wave3/TWC_plots_comprehensive/runs_rx16/seed7/1dmrs/main_d256_b4_r2/checkpoints/best.weights.h5
[ISO-CHUNK] TF_GPU_ALLOCATOR: bfc
[ISO-CHUNK] output tag: main_d256_b4_r2_u3_baseline_ls_2dlmmse_lmmse_ebnom4p0_chunk0000_m8_b20
[EVAL] receiver microbatching enabled: batch_size_eval=64 receiver_microbatch_size=8
WARNING:tensorflow:Model's `__init__()` arguments contain non-serializable objects. Please implement a `get_config()` method in the subclassed Model for proper saving and loading. Defaulting to empty config.
WARNING:tensorflow:Model's `__init__()` arguments contain non-serializable objects. Please implement a `get_config()` method in the subclassed Model for proper saving and loading. Defaulting to empty config.
[EVAL] loaded UPAIR checkpoint: /lustre10/scratch/rsadve1/Ablations_Wave3/TWC_plots_comprehensive/runs_rx16/seed7/1dmrs/main_d256_b4_r2/checkpoints/best.weights.h5
[BASELINES] covariance override active: covariances/cov_300ns.npz
[EVAL] skipping explicit NMSE channel-estimator calls for: baseline_ls_2dlmmse_lmmse
[EVAL] instrumentation log_latency=True log_gpu_memory=True memory_cleanup_every_batches=1 memory_cleanup_every_microbatch=True stream_eval_microbatches=True compiled_receiver_error_counts=False receiver_call_jit_compile=False per_receiver_stopping=False target_bler_floor=1e-05 floor_num_frames=0 gpu_mem=0.10GiB peak=0.29GiB
[EVAL] receiver_call name=baseline_ls_2dlmmse_lmmse mode=positional_y_no compiled_error_counts=False
[EVAL] progress num_users=3 Eb/N0=-4 dB batches=10/20 frame_err=baseline_ls_2dlmmse_lmmse:1555/1920 elapsed=70.1s avg_batch=7.010s gpu_mem=0.10GiB peak=1.88GiB
[EVAL] progress num_users=3 Eb/N0=-4 dB batches=20/20 frame_err=baseline_ls_2dlmmse_lmmse:3118/3840 elapsed=140.2s avg_batch=7.008s gpu_mem=0.10GiB peak=1.88GiB
[EVAL] receiver=baseline_ls_2dlmmse_lmmse Eb/N0=-4.0 dB BER=9.00180e-02 BLER=8.11979e-01 NMSE=nan bit_err=1028711/11427840 blk_err= 3118/3840   batches=  20 stop=global_stop rx_time=74.89s rx_ms_batch=3744.6 rx_ms_frame=19.503 point_time=140.17s gpu_mem=0.10GiB peak=1.88GiB
[ISO-CHUNK] wrote: /home/rsadve1/links/scratch/Ablations_Wave3/_r1_ds3x_300ns_chunks/main_d256_b4_r2_u3_baseline_ls_2dlmmse_lmmse_ebnom4p0_chunk0000_m8_b20/chunk_result.csv
[ISO-CHUNK] DONE
[PIPELINE] status done=1 reason=target_block_errors chunks=1 batches=20 block_errors=3118/100 next_chunk=-1
[ISO-MERGE] chunks: 1
[ISO-MERGE] rows: 1
[ISO-MERGE] wrote: /home/rsadve1/links/scratch/Ablations_Wave3/_r1_ds3x_300ns_chunks/merged_main_d256_b4_r2_u3_baseline_ls_2dlmmse_lmmse_em4.csv
[ISO-MERGE] wrote: /home/rsadve1/links/scratch/Ablations_Wave3/_r1_ds3x_300ns_chunks/merged_main_d256_b4_r2_u3_baseline_ls_2dlmmse_lmmse_em4.summary.json
                 receiver         variant dmrs_case  seed  training_seed  num_users  ebno_db  num_chunks chunk_indices  bit_errors  num_bits  block_errors  num_blocks  num_batches_run  point_elapsed_s  data_elapsed_s  receiver_elapsed_s      ber     bler  nmse       mc_stop_reason  target_bler_floor  bler_zero_error_upper_bound  ber_zero_error_upper_bound  receiver_ms_per_batch  receiver_ms_per_frame  reliable_ber  reliable_bler
baseline_ls_2dlmmse_lmmse main_d256_b4_r2     1dmrs     7              7          3     -4.0           1             0     1028711  11427840          3118        3840               20       140.165903       46.896268           74.891246 0.090018 0.811979   NaN isolated_chunk_merge                NaN                          NaN                         NaN            3744.562278              19.502929          True           True

--------------------------------------------------------------------------------
[PIPELINE] eval point variant=main_d256_b4_r2 receiver=baseline_ls_2dlmmse_lmmse U=3 Eb/N0=-3
--------------------------------------------------------------------------------
[PIPELINE] status done=0 reason=continue chunks=0 batches=0 block_errors=0/100 next_chunk=0
2026-07-05 22:00:53.492797: E external/local_xla/xla/stream_executor/cuda/cuda_dnn.cc:9261] Unable to register cuDNN factory: Attempting to register factory for plugin cuDNN when one has already been registered
2026-07-05 22:00:53.492852: E external/local_xla/xla/stream_executor/cuda/cuda_fft.cc:607] Unable to register cuFFT factory: Attempting to register factory for plugin cuFFT when one has already been registered
2026-07-05 22:00:53.494344: E external/local_xla/xla/stream_executor/cuda/cuda_blas.cc:1515] Unable to register cuBLAS factory: Attempting to register factory for plugin cuBLAS when one has already been registered
[COMPREHENSIVE] loaded Optuna best JSON for main_d256_b4_r2 from /home/rsadve1/links/scratch/Ablations_Wave3/optuna/clean_b32_prb8_d256_40k_smart_trueDMRS_u34610_1dmrs_stageB_main_d256_b4_r2_best_params.json
[ISO-CHUNK] variant: main_d256_b4_r2
[ISO-CHUNK] receiver: baseline_ls_2dlmmse_lmmse
[ISO-CHUNK] num_users: 3
[ISO-CHUNK] ebno_db: -3.0
[ISO-CHUNK] chunk_idx: 0
[ISO-CHUNK] chunk_batches: 20
[ISO-CHUNK] receiver_microbatch_size: 8
[ISO-CHUNK] chunk_seed: 1653034
[ISO-CHUNK] checkpoint: /lustre10/scratch/rsadve1/Ablations_Wave3/TWC_plots_comprehensive/runs_rx16/seed7/1dmrs/main_d256_b4_r2/checkpoints/best.weights.h5
[ISO-CHUNK] TF_GPU_ALLOCATOR: bfc
[ISO-CHUNK] output tag: main_d256_b4_r2_u3_baseline_ls_2dlmmse_lmmse_ebnom3p0_chunk0000_m8_b20
[EVAL] receiver microbatching enabled: batch_size_eval=64 receiver_microbatch_size=8
WARNING:tensorflow:Model's `__init__()` arguments contain non-serializable objects. Please implement a `get_config()` method in the subclassed Model for proper saving and loading. Defaulting to empty config.
WARNING:tensorflow:Model's `__init__()` arguments contain non-serializable objects. Please implement a `get_config()` method in the subclassed Model for proper saving and loading. Defaulting to empty config.
[EVAL] loaded UPAIR checkpoint: /lustre10/scratch/rsadve1/Ablations_Wave3/TWC_plots_comprehensive/runs_rx16/seed7/1dmrs/main_d256_b4_r2/checkpoints/best.weights.h5
[BASELINES] covariance override active: covariances/cov_300ns.npz
[EVAL] skipping explicit NMSE channel-estimator calls for: baseline_ls_2dlmmse_lmmse
[EVAL] instrumentation log_latency=True log_gpu_memory=True memory_cleanup_every_batches=1 memory_cleanup_every_microbatch=True stream_eval_microbatches=True compiled_receiver_error_counts=False receiver_call_jit_compile=False per_receiver_stopping=False target_bler_floor=1e-05 floor_num_frames=0 gpu_mem=0.10GiB peak=0.29GiB
[EVAL] receiver_call name=baseline_ls_2dlmmse_lmmse mode=positional_y_no compiled_error_counts=False
[EVAL] progress num_users=3 Eb/N0=-3 dB batches=10/20 frame_err=baseline_ls_2dlmmse_lmmse:1067/1920 elapsed=69.4s avg_batch=6.937s gpu_mem=0.10GiB peak=1.88GiB
[EVAL] progress num_users=3 Eb/N0=-3 dB batches=20/20 frame_err=baseline_ls_2dlmmse_lmmse:2135/3840 elapsed=138.7s avg_batch=6.935s gpu_mem=0.10GiB peak=1.88GiB
[EVAL] receiver=baseline_ls_2dlmmse_lmmse Eb/N0=-3.0 dB BER=5.41354e-02 BLER=5.55990e-01 NMSE=nan bit_err=618651/11427840 blk_err= 2135/3840   batches=  20 stop=global_stop rx_time=74.08s rx_ms_batch=3703.8 rx_ms_frame=19.291 point_time=138.70s gpu_mem=0.10GiB peak=1.88GiB
[ISO-CHUNK] wrote: /home/rsadve1/links/scratch/Ablations_Wave3/_r1_ds3x_300ns_chunks/main_d256_b4_r2_u3_baseline_ls_2dlmmse_lmmse_ebnom3p0_chunk0000_m8_b20/chunk_result.csv
[ISO-CHUNK] DONE
[PIPELINE] status done=1 reason=target_block_errors chunks=1 batches=20 block_errors=2135/100 next_chunk=-1
[ISO-MERGE] chunks: 1
[ISO-MERGE] rows: 1
[ISO-MERGE] wrote: /home/rsadve1/links/scratch/Ablations_Wave3/_r1_ds3x_300ns_chunks/merged_main_d256_b4_r2_u3_baseline_ls_2dlmmse_lmmse_em3.csv
[ISO-MERGE] wrote: /home/rsadve1/links/scratch/Ablations_Wave3/_r1_ds3x_300ns_chunks/merged_main_d256_b4_r2_u3_baseline_ls_2dlmmse_lmmse_em3.summary.json
                 receiver         variant dmrs_case  seed  training_seed  num_users  ebno_db  num_chunks chunk_indices  bit_errors  num_bits  block_errors  num_blocks  num_batches_run  point_elapsed_s  data_elapsed_s  receiver_elapsed_s      ber    bler  nmse       mc_stop_reason  target_bler_floor  bler_zero_error_upper_bound  ber_zero_error_upper_bound  receiver_ms_per_batch  receiver_ms_per_frame  reliable_ber  reliable_bler
baseline_ls_2dlmmse_lmmse main_d256_b4_r2     1dmrs     7              7          3     -3.0           1             0      618651  11427840          2135        3840               20       138.695138       46.228627            74.07591 0.054135 0.55599   NaN isolated_chunk_merge                NaN                          NaN                         NaN            3703.795483              19.290601          True           True

--------------------------------------------------------------------------------
[PIPELINE] eval point variant=main_d256_b4_r2 receiver=baseline_ls_2dlmmse_lmmse U=3 Eb/N0=-2
--------------------------------------------------------------------------------
[PIPELINE] status done=0 reason=continue chunks=0 batches=0 block_errors=0/100 next_chunk=0
2026-07-05 22:03:29.478850: E external/local_xla/xla/stream_executor/cuda/cuda_dnn.cc:9261] Unable to register cuDNN factory: Attempting to register factory for plugin cuDNN when one has already been registered
2026-07-05 22:03:29.478904: E external/local_xla/xla/stream_executor/cuda/cuda_fft.cc:607] Unable to register cuFFT factory: Attempting to register factory for plugin cuFFT when one has already been registered
2026-07-05 22:03:29.480380: E external/local_xla/xla/stream_executor/cuda/cuda_blas.cc:1515] Unable to register cuBLAS factory: Attempting to register factory for plugin cuBLAS when one has already been registered
[COMPREHENSIVE] loaded Optuna best JSON for main_d256_b4_r2 from /home/rsadve1/links/scratch/Ablations_Wave3/optuna/clean_b32_prb8_d256_40k_smart_trueDMRS_u34610_1dmrs_stageB_main_d256_b4_r2_best_params.json
[ISO-CHUNK] variant: main_d256_b4_r2
[ISO-CHUNK] receiver: baseline_ls_2dlmmse_lmmse
[ISO-CHUNK] num_users: 3
[ISO-CHUNK] ebno_db: -2.0
[ISO-CHUNK] chunk_idx: 0
[ISO-CHUNK] chunk_batches: 20
[ISO-CHUNK] receiver_microbatch_size: 8
[ISO-CHUNK] chunk_seed: 1670034
[ISO-CHUNK] checkpoint: /lustre10/scratch/rsadve1/Ablations_Wave3/TWC_plots_comprehensive/runs_rx16/seed7/1dmrs/main_d256_b4_r2/checkpoints/best.weights.h5
[ISO-CHUNK] TF_GPU_ALLOCATOR: bfc
[ISO-CHUNK] output tag: main_d256_b4_r2_u3_baseline_ls_2dlmmse_lmmse_ebnom2p0_chunk0000_m8_b20
[EVAL] receiver microbatching enabled: batch_size_eval=64 receiver_microbatch_size=8
WARNING:tensorflow:Model's `__init__()` arguments contain non-serializable objects. Please implement a `get_config()` method in the subclassed Model for proper saving and loading. Defaulting to empty config.
WARNING:tensorflow:Model's `__init__()` arguments contain non-serializable objects. Please implement a `get_config()` method in the subclassed Model for proper saving and loading. Defaulting to empty config.
[EVAL] loaded UPAIR checkpoint: /lustre10/scratch/rsadve1/Ablations_Wave3/TWC_plots_comprehensive/runs_rx16/seed7/1dmrs/main_d256_b4_r2/checkpoints/best.weights.h5
[BASELINES] covariance override active: covariances/cov_300ns.npz
[EVAL] skipping explicit NMSE channel-estimator calls for: baseline_ls_2dlmmse_lmmse
[EVAL] instrumentation log_latency=True log_gpu_memory=True memory_cleanup_every_batches=1 memory_cleanup_every_microbatch=True stream_eval_microbatches=True compiled_receiver_error_counts=False receiver_call_jit_compile=False per_receiver_stopping=False target_bler_floor=1e-05 floor_num_frames=0 gpu_mem=0.10GiB peak=0.29GiB
[EVAL] receiver_call name=baseline_ls_2dlmmse_lmmse mode=positional_y_no compiled_error_counts=False
[EVAL] progress num_users=3 Eb/N0=-2 dB batches=10/20 frame_err=baseline_ls_2dlmmse_lmmse:601/1920 elapsed=70.7s avg_batch=7.073s gpu_mem=0.10GiB peak=1.88GiB
[EVAL] progress num_users=3 Eb/N0=-2 dB batches=20/20 frame_err=baseline_ls_2dlmmse_lmmse:1187/3840 elapsed=165.5s avg_batch=8.273s gpu_mem=0.10GiB peak=1.88GiB
[EVAL] receiver=baseline_ls_2dlmmse_lmmse Eb/N0=-2.0 dB BER=2.81556e-02 BLER=3.09115e-01 NMSE=nan bit_err=321758/11427840 blk_err= 1187/3840   batches=  20 stop=global_stop rx_time=75.24s rx_ms_batch=3762.0 rx_ms_frame=19.594 point_time=165.47s gpu_mem=0.10GiB peak=1.88GiB
[ISO-CHUNK] wrote: /home/rsadve1/links/scratch/Ablations_Wave3/_r1_ds3x_300ns_chunks/main_d256_b4_r2_u3_baseline_ls_2dlmmse_lmmse_ebnom2p0_chunk0000_m8_b20/chunk_result.csv
[ISO-CHUNK] DONE
[PIPELINE] status done=1 reason=target_block_errors chunks=1 batches=20 block_errors=1187/100 next_chunk=-1
[ISO-MERGE] chunks: 1
[ISO-MERGE] rows: 1
[ISO-MERGE] wrote: /home/rsadve1/links/scratch/Ablations_Wave3/_r1_ds3x_300ns_chunks/merged_main_d256_b4_r2_u3_baseline_ls_2dlmmse_lmmse_em2.csv
[ISO-MERGE] wrote: /home/rsadve1/links/scratch/Ablations_Wave3/_r1_ds3x_300ns_chunks/merged_main_d256_b4_r2_u3_baseline_ls_2dlmmse_lmmse_em2.summary.json
                 receiver         variant dmrs_case  seed  training_seed  num_users  ebno_db  num_chunks chunk_indices  bit_errors  num_bits  block_errors  num_blocks  num_batches_run  point_elapsed_s  data_elapsed_s  receiver_elapsed_s      ber     bler  nmse       mc_stop_reason  target_bler_floor  bler_zero_error_upper_bound  ber_zero_error_upper_bound  receiver_ms_per_batch  receiver_ms_per_frame  reliable_ber  reliable_bler
baseline_ls_2dlmmse_lmmse main_d256_b4_r2     1dmrs     7              7          3     -2.0           1             0      321758  11427840          1187        3840               20       165.468612       71.538739            75.23937 0.028156 0.309115   NaN isolated_chunk_merge                NaN                          NaN                         NaN            3761.968511              19.593586          True           True

--------------------------------------------------------------------------------
[PIPELINE] eval point variant=main_d256_b4_r2 receiver=baseline_ls_2dlmmse_lmmse U=3 Eb/N0=-1
--------------------------------------------------------------------------------
[PIPELINE] status done=0 reason=continue chunks=0 batches=0 block_errors=0/100 next_chunk=0
2026-07-05 22:06:35.138876: E external/local_xla/xla/stream_executor/cuda/cuda_dnn.cc:9261] Unable to register cuDNN factory: Attempting to register factory for plugin cuDNN when one has already been registered
2026-07-05 22:06:35.139411: E external/local_xla/xla/stream_executor/cuda/cuda_fft.cc:607] Unable to register cuFFT factory: Attempting to register factory for plugin cuFFT when one has already been registered
2026-07-05 22:06:35.178336: E external/local_xla/xla/stream_executor/cuda/cuda_blas.cc:1515] Unable to register cuBLAS factory: Attempting to register factory for plugin cuBLAS when one has already been registered
[COMPREHENSIVE] loaded Optuna best JSON for main_d256_b4_r2 from /home/rsadve1/links/scratch/Ablations_Wave3/optuna/clean_b32_prb8_d256_40k_smart_trueDMRS_u34610_1dmrs_stageB_main_d256_b4_r2_best_params.json
[ISO-CHUNK] variant: main_d256_b4_r2
[ISO-CHUNK] receiver: baseline_ls_2dlmmse_lmmse
[ISO-CHUNK] num_users: 3
[ISO-CHUNK] ebno_db: -1.0
[ISO-CHUNK] chunk_idx: 0
[ISO-CHUNK] chunk_batches: 20
[ISO-CHUNK] receiver_microbatch_size: 8
[ISO-CHUNK] chunk_seed: 1687034
[ISO-CHUNK] checkpoint: /lustre10/scratch/rsadve1/Ablations_Wave3/TWC_plots_comprehensive/runs_rx16/seed7/1dmrs/main_d256_b4_r2/checkpoints/best.weights.h5
[ISO-CHUNK] TF_GPU_ALLOCATOR: bfc
[ISO-CHUNK] output tag: main_d256_b4_r2_u3_baseline_ls_2dlmmse_lmmse_ebnom1p0_chunk0000_m8_b20
[EVAL] receiver microbatching enabled: batch_size_eval=64 receiver_microbatch_size=8
WARNING:tensorflow:Model's `__init__()` arguments contain non-serializable objects. Please implement a `get_config()` method in the subclassed Model for proper saving and loading. Defaulting to empty config.
WARNING:tensorflow:Model's `__init__()` arguments contain non-serializable objects. Please implement a `get_config()` method in the subclassed Model for proper saving and loading. Defaulting to empty config.
[EVAL] loaded UPAIR checkpoint: /lustre10/scratch/rsadve1/Ablations_Wave3/TWC_plots_comprehensive/runs_rx16/seed7/1dmrs/main_d256_b4_r2/checkpoints/best.weights.h5
[BASELINES] covariance override active: covariances/cov_300ns.npz
[EVAL] skipping explicit NMSE channel-estimator calls for: baseline_ls_2dlmmse_lmmse
[EVAL] instrumentation log_latency=True log_gpu_memory=True memory_cleanup_every_batches=1 memory_cleanup_every_microbatch=True stream_eval_microbatches=True compiled_receiver_error_counts=False receiver_call_jit_compile=False per_receiver_stopping=False target_bler_floor=1e-05 floor_num_frames=0 gpu_mem=0.10GiB peak=0.29GiB
[EVAL] receiver_call name=baseline_ls_2dlmmse_lmmse mode=positional_y_no compiled_error_counts=False
[EVAL] progress num_users=3 Eb/N0=-1 dB batches=10/20 frame_err=baseline_ls_2dlmmse_lmmse:342/1920 elapsed=69.7s avg_batch=6.971s gpu_mem=0.10GiB peak=1.88GiB
[EVAL] progress num_users=3 Eb/N0=-1 dB batches=20/20 frame_err=baseline_ls_2dlmmse_lmmse:689/3840 elapsed=139.2s avg_batch=6.962s gpu_mem=0.10GiB peak=1.88GiB
[EVAL] receiver=baseline_ls_2dlmmse_lmmse Eb/N0=-1.0 dB BER=1.55689e-02 BLER=1.79427e-01 NMSE=nan bit_err=177919/11427840 blk_err=  689/3840   batches=  20 stop=global_stop rx_time=74.24s rx_ms_batch=3712.0 rx_ms_frame=19.333 point_time=139.24s gpu_mem=0.10GiB peak=1.88GiB
[ISO-CHUNK] wrote: /home/rsadve1/links/scratch/Ablations_Wave3/_r1_ds3x_300ns_chunks/main_d256_b4_r2_u3_baseline_ls_2dlmmse_lmmse_ebnom1p0_chunk0000_m8_b20/chunk_result.csv
[ISO-CHUNK] DONE
[PIPELINE] status done=1 reason=target_block_errors chunks=1 batches=20 block_errors=689/100 next_chunk=-1
[ISO-MERGE] chunks: 1
[ISO-MERGE] rows: 1
[ISO-MERGE] wrote: /home/rsadve1/links/scratch/Ablations_Wave3/_r1_ds3x_300ns_chunks/merged_main_d256_b4_r2_u3_baseline_ls_2dlmmse_lmmse_em1.csv
[ISO-MERGE] wrote: /home/rsadve1/links/scratch/Ablations_Wave3/_r1_ds3x_300ns_chunks/merged_main_d256_b4_r2_u3_baseline_ls_2dlmmse_lmmse_em1.summary.json
                 receiver         variant dmrs_case  seed  training_seed  num_users  ebno_db  num_chunks chunk_indices  bit_errors  num_bits  block_errors  num_blocks  num_batches_run  point_elapsed_s  data_elapsed_s  receiver_elapsed_s      ber     bler  nmse       mc_stop_reason  target_bler_floor  bler_zero_error_upper_bound  ber_zero_error_upper_bound  receiver_ms_per_batch  receiver_ms_per_frame  reliable_ber  reliable_bler
baseline_ls_2dlmmse_lmmse main_d256_b4_r2     1dmrs     7              7          3     -1.0           1             0      177919  11427840           689        3840               20       139.239529       46.436922           74.239975 0.015569 0.179427   NaN isolated_chunk_merge                NaN                          NaN                         NaN             3711.99875              19.333327          True           True

--------------------------------------------------------------------------------
[PIPELINE] eval point variant=main_d256_b4_r2 receiver=baseline_ls_2dlmmse_lmmse U=3 Eb/N0=0
--------------------------------------------------------------------------------
[PIPELINE] status done=0 reason=continue chunks=0 batches=0 block_errors=0/100 next_chunk=0
2026-07-05 22:09:13.594971: E external/local_xla/xla/stream_executor/cuda/cuda_dnn.cc:9261] Unable to register cuDNN factory: Attempting to register factory for plugin cuDNN when one has already been registered
2026-07-05 22:09:13.595032: E external/local_xla/xla/stream_executor/cuda/cuda_fft.cc:607] Unable to register cuFFT factory: Attempting to register factory for plugin cuFFT when one has already been registered
2026-07-05 22:09:13.596373: E external/local_xla/xla/stream_executor/cuda/cuda_blas.cc:1515] Unable to register cuBLAS factory: Attempting to register factory for plugin cuBLAS when one has already been registered
[COMPREHENSIVE] loaded Optuna best JSON for main_d256_b4_r2 from /home/rsadve1/links/scratch/Ablations_Wave3/optuna/clean_b32_prb8_d256_40k_smart_trueDMRS_u34610_1dmrs_stageB_main_d256_b4_r2_best_params.json
[ISO-CHUNK] variant: main_d256_b4_r2
[ISO-CHUNK] receiver: baseline_ls_2dlmmse_lmmse
[ISO-CHUNK] num_users: 3
[ISO-CHUNK] ebno_db: 0.0
[ISO-CHUNK] chunk_idx: 0
[ISO-CHUNK] chunk_batches: 20
[ISO-CHUNK] receiver_microbatch_size: 8
[ISO-CHUNK] chunk_seed: 1704034
[ISO-CHUNK] checkpoint: /lustre10/scratch/rsadve1/Ablations_Wave3/TWC_plots_comprehensive/runs_rx16/seed7/1dmrs/main_d256_b4_r2/checkpoints/best.weights.h5
[ISO-CHUNK] TF_GPU_ALLOCATOR: bfc
[ISO-CHUNK] output tag: main_d256_b4_r2_u3_baseline_ls_2dlmmse_lmmse_ebno0p0_chunk0000_m8_b20
[EVAL] receiver microbatching enabled: batch_size_eval=64 receiver_microbatch_size=8
WARNING:tensorflow:Model's `__init__()` arguments contain non-serializable objects. Please implement a `get_config()` method in the subclassed Model for proper saving and loading. Defaulting to empty config.
WARNING:tensorflow:Model's `__init__()` arguments contain non-serializable objects. Please implement a `get_config()` method in the subclassed Model for proper saving and loading. Defaulting to empty config.
[EVAL] loaded UPAIR checkpoint: /lustre10/scratch/rsadve1/Ablations_Wave3/TWC_plots_comprehensive/runs_rx16/seed7/1dmrs/main_d256_b4_r2/checkpoints/best.weights.h5
[BASELINES] covariance override active: covariances/cov_300ns.npz
[EVAL] skipping explicit NMSE channel-estimator calls for: baseline_ls_2dlmmse_lmmse
[EVAL] instrumentation log_latency=True log_gpu_memory=True memory_cleanup_every_batches=1 memory_cleanup_every_microbatch=True stream_eval_microbatches=True compiled_receiver_error_counts=False receiver_call_jit_compile=False per_receiver_stopping=False target_bler_floor=1e-05 floor_num_frames=0 gpu_mem=0.10GiB peak=0.29GiB
[EVAL] receiver_call name=baseline_ls_2dlmmse_lmmse mode=positional_y_no compiled_error_counts=False
[EVAL] progress num_users=3 Eb/N0=0 dB batches=10/20 frame_err=baseline_ls_2dlmmse_lmmse:164/1920 elapsed=69.9s avg_batch=6.990s gpu_mem=0.10GiB peak=1.88GiB
[EVAL] progress num_users=3 Eb/N0=0 dB batches=20/20 frame_err=baseline_ls_2dlmmse_lmmse:321/3840 elapsed=139.6s avg_batch=6.980s gpu_mem=0.10GiB peak=1.88GiB
[EVAL] receiver=baseline_ls_2dlmmse_lmmse Eb/N0= 0.0 dB BER=7.19655e-03 BLER=8.35937e-02 NMSE=nan bit_err= 82241/11427840 blk_err=  321/3840   batches=  20 stop=global_stop rx_time=74.40s rx_ms_batch=3719.9 rx_ms_frame=19.374 point_time=139.61s gpu_mem=0.10GiB peak=1.88GiB
[ISO-CHUNK] wrote: /home/rsadve1/links/scratch/Ablations_Wave3/_r1_ds3x_300ns_chunks/main_d256_b4_r2_u3_baseline_ls_2dlmmse_lmmse_ebno0p0_chunk0000_m8_b20/chunk_result.csv
[ISO-CHUNK] DONE
[PIPELINE] status done=1 reason=target_block_errors chunks=1 batches=20 block_errors=321/100 next_chunk=-1
[ISO-MERGE] chunks: 1
[ISO-MERGE] rows: 1
[ISO-MERGE] wrote: /home/rsadve1/links/scratch/Ablations_Wave3/_r1_ds3x_300ns_chunks/merged_main_d256_b4_r2_u3_baseline_ls_2dlmmse_lmmse_e0.csv
[ISO-MERGE] wrote: /home/rsadve1/links/scratch/Ablations_Wave3/_r1_ds3x_300ns_chunks/merged_main_d256_b4_r2_u3_baseline_ls_2dlmmse_lmmse_e0.summary.json
                 receiver         variant dmrs_case  seed  training_seed  num_users  ebno_db  num_chunks chunk_indices  bit_errors  num_bits  block_errors  num_blocks  num_batches_run  point_elapsed_s  data_elapsed_s  receiver_elapsed_s      ber     bler  nmse       mc_stop_reason  target_bler_floor  bler_zero_error_upper_bound  ber_zero_error_upper_bound  receiver_ms_per_batch  receiver_ms_per_frame  reliable_ber  reliable_bler
baseline_ls_2dlmmse_lmmse main_d256_b4_r2     1dmrs     7              7          3      0.0           1             0       82241  11427840           321        3840               20       139.607599       46.612592           74.397676 0.007197 0.083594   NaN isolated_chunk_merge                NaN                          NaN                         NaN            3719.883798              19.374395          True           True

--------------------------------------------------------------------------------
[PIPELINE] eval point variant=main_d256_b4_r2 receiver=baseline_ls_2dlmmse_lmmse U=3 Eb/N0=1
--------------------------------------------------------------------------------
[PIPELINE] status done=0 reason=continue chunks=0 batches=0 block_errors=0/100 next_chunk=0
2026-07-05 22:11:50.472721: E external/local_xla/xla/stream_executor/cuda/cuda_dnn.cc:9261] Unable to register cuDNN factory: Attempting to register factory for plugin cuDNN when one has already been registered
2026-07-05 22:11:50.472772: E external/local_xla/xla/stream_executor/cuda/cuda_fft.cc:607] Unable to register cuFFT factory: Attempting to register factory for plugin cuFFT when one has already been registered
2026-07-05 22:11:50.474122: E external/local_xla/xla/stream_executor/cuda/cuda_blas.cc:1515] Unable to register cuBLAS factory: Attempting to register factory for plugin cuBLAS when one has already been registered
[COMPREHENSIVE] loaded Optuna best JSON for main_d256_b4_r2 from /home/rsadve1/links/scratch/Ablations_Wave3/optuna/clean_b32_prb8_d256_40k_smart_trueDMRS_u34610_1dmrs_stageB_main_d256_b4_r2_best_params.json
[ISO-CHUNK] variant: main_d256_b4_r2
[ISO-CHUNK] receiver: baseline_ls_2dlmmse_lmmse
[ISO-CHUNK] num_users: 3
[ISO-CHUNK] ebno_db: 1.0
[ISO-CHUNK] chunk_idx: 0
[ISO-CHUNK] chunk_batches: 20
[ISO-CHUNK] receiver_microbatch_size: 8
[ISO-CHUNK] chunk_seed: 1721034
[ISO-CHUNK] checkpoint: /lustre10/scratch/rsadve1/Ablations_Wave3/TWC_plots_comprehensive/runs_rx16/seed7/1dmrs/main_d256_b4_r2/checkpoints/best.weights.h5
[ISO-CHUNK] TF_GPU_ALLOCATOR: bfc
[ISO-CHUNK] output tag: main_d256_b4_r2_u3_baseline_ls_2dlmmse_lmmse_ebno1p0_chunk0000_m8_b20
[EVAL] receiver microbatching enabled: batch_size_eval=64 receiver_microbatch_size=8
WARNING:tensorflow:Model's `__init__()` arguments contain non-serializable objects. Please implement a `get_config()` method in the subclassed Model for proper saving and loading. Defaulting to empty config.
WARNING:tensorflow:Model's `__init__()` arguments contain non-serializable objects. Please implement a `get_config()` method in the subclassed Model for proper saving and loading. Defaulting to empty config.
[EVAL] loaded UPAIR checkpoint: /lustre10/scratch/rsadve1/Ablations_Wave3/TWC_plots_comprehensive/runs_rx16/seed7/1dmrs/main_d256_b4_r2/checkpoints/best.weights.h5
[BASELINES] covariance override active: covariances/cov_300ns.npz
[EVAL] skipping explicit NMSE channel-estimator calls for: baseline_ls_2dlmmse_lmmse
[EVAL] instrumentation log_latency=True log_gpu_memory=True memory_cleanup_every_batches=1 memory_cleanup_every_microbatch=True stream_eval_microbatches=True compiled_receiver_error_counts=False receiver_call_jit_compile=False per_receiver_stopping=False target_bler_floor=1e-05 floor_num_frames=0 gpu_mem=0.10GiB peak=0.29GiB
[EVAL] receiver_call name=baseline_ls_2dlmmse_lmmse mode=positional_y_no compiled_error_counts=False
[EVAL] progress num_users=3 Eb/N0=1 dB batches=10/20 frame_err=baseline_ls_2dlmmse_lmmse:101/1920 elapsed=69.7s avg_batch=6.970s gpu_mem=0.10GiB peak=1.88GiB
[EVAL] progress num_users=3 Eb/N0=1 dB batches=20/20 frame_err=baseline_ls_2dlmmse_lmmse:209/3840 elapsed=139.2s avg_batch=6.959s gpu_mem=0.10GiB peak=1.88GiB
[EVAL] receiver=baseline_ls_2dlmmse_lmmse Eb/N0= 1.0 dB BER=4.36653e-03 BLER=5.44271e-02 NMSE=nan bit_err= 49900/11427840 blk_err=  209/3840   batches=  20 stop=global_stop rx_time=74.18s rx_ms_batch=3708.9 rx_ms_frame=19.317 point_time=139.18s gpu_mem=0.10GiB peak=1.88GiB
[ISO-CHUNK] wrote: /home/rsadve1/links/scratch/Ablations_Wave3/_r1_ds3x_300ns_chunks/main_d256_b4_r2_u3_baseline_ls_2dlmmse_lmmse_ebno1p0_chunk0000_m8_b20/chunk_result.csv
[ISO-CHUNK] DONE
[PIPELINE] status done=1 reason=target_block_errors chunks=1 batches=20 block_errors=209/100 next_chunk=-1
[ISO-MERGE] chunks: 1
[ISO-MERGE] rows: 1
[ISO-MERGE] wrote: /home/rsadve1/links/scratch/Ablations_Wave3/_r1_ds3x_300ns_chunks/merged_main_d256_b4_r2_u3_baseline_ls_2dlmmse_lmmse_e1.csv
[ISO-MERGE] wrote: /home/rsadve1/links/scratch/Ablations_Wave3/_r1_ds3x_300ns_chunks/merged_main_d256_b4_r2_u3_baseline_ls_2dlmmse_lmmse_e1.summary.json
                 receiver         variant dmrs_case  seed  training_seed  num_users  ebno_db  num_chunks chunk_indices  bit_errors  num_bits  block_errors  num_blocks  num_batches_run  point_elapsed_s  data_elapsed_s  receiver_elapsed_s      ber     bler  nmse       mc_stop_reason  target_bler_floor  bler_zero_error_upper_bound  ber_zero_error_upper_bound  receiver_ms_per_batch  receiver_ms_per_frame  reliable_ber  reliable_bler
baseline_ls_2dlmmse_lmmse main_d256_b4_r2     1dmrs     7              7          3      1.0           1             0       49900  11427840           209        3840               20       139.176423       46.342333            74.17758 0.004367 0.054427   NaN isolated_chunk_merge                NaN                          NaN                         NaN            3708.879016              19.317078          True           True

--------------------------------------------------------------------------------
[PIPELINE] eval point variant=main_d256_b4_r2 receiver=baseline_ls_2dlmmse_lmmse U=3 Eb/N0=2
--------------------------------------------------------------------------------
[PIPELINE] status done=0 reason=continue chunks=0 batches=0 block_errors=0/100 next_chunk=0
2026-07-05 22:14:26.895544: E external/local_xla/xla/stream_executor/cuda/cuda_dnn.cc:9261] Unable to register cuDNN factory: Attempting to register factory for plugin cuDNN when one has already been registered
2026-07-05 22:14:26.895595: E external/local_xla/xla/stream_executor/cuda/cuda_fft.cc:607] Unable to register cuFFT factory: Attempting to register factory for plugin cuFFT when one has already been registered
2026-07-05 22:14:26.896941: E external/local_xla/xla/stream_executor/cuda/cuda_blas.cc:1515] Unable to register cuBLAS factory: Attempting to register factory for plugin cuBLAS when one has already been registered
[COMPREHENSIVE] loaded Optuna best JSON for main_d256_b4_r2 from /home/rsadve1/links/scratch/Ablations_Wave3/optuna/clean_b32_prb8_d256_40k_smart_trueDMRS_u34610_1dmrs_stageB_main_d256_b4_r2_best_params.json
[ISO-CHUNK] variant: main_d256_b4_r2
[ISO-CHUNK] receiver: baseline_ls_2dlmmse_lmmse
[ISO-CHUNK] num_users: 3
[ISO-CHUNK] ebno_db: 2.0
[ISO-CHUNK] chunk_idx: 0
[ISO-CHUNK] chunk_batches: 20
[ISO-CHUNK] receiver_microbatch_size: 8
[ISO-CHUNK] chunk_seed: 1738034
[ISO-CHUNK] checkpoint: /lustre10/scratch/rsadve1/Ablations_Wave3/TWC_plots_comprehensive/runs_rx16/seed7/1dmrs/main_d256_b4_r2/checkpoints/best.weights.h5
[ISO-CHUNK] TF_GPU_ALLOCATOR: bfc
[ISO-CHUNK] output tag: main_d256_b4_r2_u3_baseline_ls_2dlmmse_lmmse_ebno2p0_chunk0000_m8_b20
[EVAL] receiver microbatching enabled: batch_size_eval=64 receiver_microbatch_size=8
WARNING:tensorflow:Model's `__init__()` arguments contain non-serializable objects. Please implement a `get_config()` method in the subclassed Model for proper saving and loading. Defaulting to empty config.
WARNING:tensorflow:Model's `__init__()` arguments contain non-serializable objects. Please implement a `get_config()` method in the subclassed Model for proper saving and loading. Defaulting to empty config.
[EVAL] loaded UPAIR checkpoint: /lustre10/scratch/rsadve1/Ablations_Wave3/TWC_plots_comprehensive/runs_rx16/seed7/1dmrs/main_d256_b4_r2/checkpoints/best.weights.h5
[BASELINES] covariance override active: covariances/cov_300ns.npz
[EVAL] skipping explicit NMSE channel-estimator calls for: baseline_ls_2dlmmse_lmmse
[EVAL] instrumentation log_latency=True log_gpu_memory=True memory_cleanup_every_batches=1 memory_cleanup_every_microbatch=True stream_eval_microbatches=True compiled_receiver_error_counts=False receiver_call_jit_compile=False per_receiver_stopping=False target_bler_floor=1e-05 floor_num_frames=0 gpu_mem=0.10GiB peak=0.29GiB
[EVAL] receiver_call name=baseline_ls_2dlmmse_lmmse mode=positional_y_no compiled_error_counts=False
[EVAL] progress num_users=3 Eb/N0=2 dB batches=10/20 frame_err=baseline_ls_2dlmmse_lmmse:52/1920 elapsed=70.6s avg_batch=7.062s gpu_mem=0.10GiB peak=1.88GiB
[EVAL] progress num_users=3 Eb/N0=2 dB batches=20/20 frame_err=baseline_ls_2dlmmse_lmmse:102/3840 elapsed=141.1s avg_batch=7.057s gpu_mem=0.10GiB peak=1.88GiB
[EVAL] receiver=baseline_ls_2dlmmse_lmmse Eb/N0= 2.0 dB BER=2.04396e-03 BLER=2.65625e-02 NMSE=nan bit_err= 23358/11427840 blk_err=  102/3840   batches=  20 stop=global_stop rx_time=75.39s rx_ms_batch=3769.3 rx_ms_frame=19.632 point_time=141.15s gpu_mem=0.10GiB peak=1.88GiB
[ISO-CHUNK] wrote: /home/rsadve1/links/scratch/Ablations_Wave3/_r1_ds3x_300ns_chunks/main_d256_b4_r2_u3_baseline_ls_2dlmmse_lmmse_ebno2p0_chunk0000_m8_b20/chunk_result.csv
[ISO-CHUNK] DONE
[PIPELINE] status done=1 reason=target_block_errors chunks=1 batches=20 block_errors=102/100 next_chunk=-1
[ISO-MERGE] chunks: 1
[ISO-MERGE] rows: 1
[ISO-MERGE] wrote: /home/rsadve1/links/scratch/Ablations_Wave3/_r1_ds3x_300ns_chunks/merged_main_d256_b4_r2_u3_baseline_ls_2dlmmse_lmmse_e2.csv
[ISO-MERGE] wrote: /home/rsadve1/links/scratch/Ablations_Wave3/_r1_ds3x_300ns_chunks/merged_main_d256_b4_r2_u3_baseline_ls_2dlmmse_lmmse_e2.summary.json
                 receiver         variant dmrs_case  seed  training_seed  num_users  ebno_db  num_chunks chunk_indices  bit_errors  num_bits  block_errors  num_blocks  num_batches_run  point_elapsed_s  data_elapsed_s  receiver_elapsed_s      ber     bler  nmse       mc_stop_reason  target_bler_floor  bler_zero_error_upper_bound  ber_zero_error_upper_bound  receiver_ms_per_batch  receiver_ms_per_frame  reliable_ber  reliable_bler
baseline_ls_2dlmmse_lmmse main_d256_b4_r2     1dmrs     7              7          3      2.0           1             0       23358  11427840           102        3840               20       141.149721       47.243673           75.386182 0.002044 0.026562   NaN isolated_chunk_merge                NaN                          NaN                         NaN            3769.309105              19.631818          True           True

--------------------------------------------------------------------------------
[PIPELINE] eval point variant=main_d256_b4_r2 receiver=baseline_ls_2dlmmse_lmmse U=3 Eb/N0=3
--------------------------------------------------------------------------------
[PIPELINE] status done=0 reason=continue chunks=0 batches=0 block_errors=0/100 next_chunk=0
2026-07-05 22:17:05.321473: E external/local_xla/xla/stream_executor/cuda/cuda_dnn.cc:9261] Unable to register cuDNN factory: Attempting to register factory for plugin cuDNN when one has already been registered
2026-07-05 22:17:05.321532: E external/local_xla/xla/stream_executor/cuda/cuda_fft.cc:607] Unable to register cuFFT factory: Attempting to register factory for plugin cuFFT when one has already been registered
2026-07-05 22:17:05.322864: E external/local_xla/xla/stream_executor/cuda/cuda_blas.cc:1515] Unable to register cuBLAS factory: Attempting to register factory for plugin cuBLAS when one has already been registered
[COMPREHENSIVE] loaded Optuna best JSON for main_d256_b4_r2 from /home/rsadve1/links/scratch/Ablations_Wave3/optuna/clean_b32_prb8_d256_40k_smart_trueDMRS_u34610_1dmrs_stageB_main_d256_b4_r2_best_params.json
[ISO-CHUNK] variant: main_d256_b4_r2
[ISO-CHUNK] receiver: baseline_ls_2dlmmse_lmmse
[ISO-CHUNK] num_users: 3
[ISO-CHUNK] ebno_db: 3.0
[ISO-CHUNK] chunk_idx: 0
[ISO-CHUNK] chunk_batches: 20
[ISO-CHUNK] receiver_microbatch_size: 8
[ISO-CHUNK] chunk_seed: 1755034
[ISO-CHUNK] checkpoint: /lustre10/scratch/rsadve1/Ablations_Wave3/TWC_plots_comprehensive/runs_rx16/seed7/1dmrs/main_d256_b4_r2/checkpoints/best.weights.h5
[ISO-CHUNK] TF_GPU_ALLOCATOR: bfc
[ISO-CHUNK] output tag: main_d256_b4_r2_u3_baseline_ls_2dlmmse_lmmse_ebno3p0_chunk0000_m8_b20
[EVAL] receiver microbatching enabled: batch_size_eval=64 receiver_microbatch_size=8
WARNING:tensorflow:Model's `__init__()` arguments contain non-serializable objects. Please implement a `get_config()` method in the subclassed Model for proper saving and loading. Defaulting to empty config.
WARNING:tensorflow:Model's `__init__()` arguments contain non-serializable objects. Please implement a `get_config()` method in the subclassed Model for proper saving and loading. Defaulting to empty config.
[EVAL] loaded UPAIR checkpoint: /lustre10/scratch/rsadve1/Ablations_Wave3/TWC_plots_comprehensive/runs_rx16/seed7/1dmrs/main_d256_b4_r2/checkpoints/best.weights.h5
[BASELINES] covariance override active: covariances/cov_300ns.npz
[EVAL] skipping explicit NMSE channel-estimator calls for: baseline_ls_2dlmmse_lmmse
[EVAL] instrumentation log_latency=True log_gpu_memory=True memory_cleanup_every_batches=1 memory_cleanup_every_microbatch=True stream_eval_microbatches=True compiled_receiver_error_counts=False receiver_call_jit_compile=False per_receiver_stopping=False target_bler_floor=1e-05 floor_num_frames=0 gpu_mem=0.10GiB peak=0.29GiB
[EVAL] receiver_call name=baseline_ls_2dlmmse_lmmse mode=positional_y_no compiled_error_counts=False
[EVAL] progress num_users=3 Eb/N0=3 dB batches=10/20 frame_err=baseline_ls_2dlmmse_lmmse:32/1920 elapsed=69.8s avg_batch=6.985s gpu_mem=0.10GiB peak=1.88GiB
[EVAL] progress num_users=3 Eb/N0=3 dB batches=20/20 frame_err=baseline_ls_2dlmmse_lmmse:60/3840 elapsed=139.5s avg_batch=6.975s gpu_mem=0.10GiB peak=1.88GiB
[EVAL] receiver=baseline_ls_2dlmmse_lmmse Eb/N0= 3.0 dB BER=1.16522e-03 BLER=1.56250e-02 NMSE=nan bit_err= 13316/11427840 blk_err=   60/3840   batches=  20 stop=global_stop rx_time=74.47s rx_ms_batch=3723.4 rx_ms_frame=19.393 point_time=139.50s gpu_mem=0.10GiB peak=1.88GiB
[ISO-CHUNK] wrote: /home/rsadve1/links/scratch/Ablations_Wave3/_r1_ds3x_300ns_chunks/main_d256_b4_r2_u3_baseline_ls_2dlmmse_lmmse_ebno3p0_chunk0000_m8_b20/chunk_result.csv
[ISO-CHUNK] DONE
[PIPELINE] status done=0 reason=continue chunks=1 batches=20 block_errors=60/100 next_chunk=1
2026-07-05 22:19:41.537720: E external/local_xla/xla/stream_executor/cuda/cuda_dnn.cc:9261] Unable to register cuDNN factory: Attempting to register factory for plugin cuDNN when one has already been registered
2026-07-05 22:19:41.537780: E external/local_xla/xla/stream_executor/cuda/cuda_fft.cc:607] Unable to register cuFFT factory: Attempting to register factory for plugin cuFFT when one has already been registered
2026-07-05 22:19:41.539124: E external/local_xla/xla/stream_executor/cuda/cuda_blas.cc:1515] Unable to register cuBLAS factory: Attempting to register factory for plugin cuBLAS when one has already been registered
[COMPREHENSIVE] loaded Optuna best JSON for main_d256_b4_r2 from /home/rsadve1/links/scratch/Ablations_Wave3/optuna/clean_b32_prb8_d256_40k_smart_trueDMRS_u34610_1dmrs_stageB_main_d256_b4_r2_best_params.json
[ISO-CHUNK] variant: main_d256_b4_r2
[ISO-CHUNK] receiver: baseline_ls_2dlmmse_lmmse
[ISO-CHUNK] num_users: 3
[ISO-CHUNK] ebno_db: 3.0
[ISO-CHUNK] chunk_idx: 1
[ISO-CHUNK] chunk_batches: 20
[ISO-CHUNK] receiver_microbatch_size: 8
[ISO-CHUNK] chunk_seed: 1855037
[ISO-CHUNK] checkpoint: /lustre10/scratch/rsadve1/Ablations_Wave3/TWC_plots_comprehensive/runs_rx16/seed7/1dmrs/main_d256_b4_r2/checkpoints/best.weights.h5
[ISO-CHUNK] TF_GPU_ALLOCATOR: bfc
[ISO-CHUNK] output tag: main_d256_b4_r2_u3_baseline_ls_2dlmmse_lmmse_ebno3p0_chunk0001_m8_b20
[EVAL] receiver microbatching enabled: batch_size_eval=64 receiver_microbatch_size=8
WARNING:tensorflow:Model's `__init__()` arguments contain non-serializable objects. Please implement a `get_config()` method in the subclassed Model for proper saving and loading. Defaulting to empty config.
WARNING:tensorflow:Model's `__init__()` arguments contain non-serializable objects. Please implement a `get_config()` method in the subclassed Model for proper saving and loading. Defaulting to empty config.
[EVAL] loaded UPAIR checkpoint: /lustre10/scratch/rsadve1/Ablations_Wave3/TWC_plots_comprehensive/runs_rx16/seed7/1dmrs/main_d256_b4_r2/checkpoints/best.weights.h5
[BASELINES] covariance override active: covariances/cov_300ns.npz
[EVAL] skipping explicit NMSE channel-estimator calls for: baseline_ls_2dlmmse_lmmse
[EVAL] instrumentation log_latency=True log_gpu_memory=True memory_cleanup_every_batches=1 memory_cleanup_every_microbatch=True stream_eval_microbatches=True compiled_receiver_error_counts=False receiver_call_jit_compile=False per_receiver_stopping=False target_bler_floor=1e-05 floor_num_frames=0 gpu_mem=0.10GiB peak=0.29GiB
[EVAL] receiver_call name=baseline_ls_2dlmmse_lmmse mode=positional_y_no compiled_error_counts=False
[EVAL] progress num_users=3 Eb/N0=3 dB batches=10/20 frame_err=baseline_ls_2dlmmse_lmmse:26/1920 elapsed=69.4s avg_batch=6.943s gpu_mem=0.10GiB peak=1.88GiB
[EVAL] progress num_users=3 Eb/N0=3 dB batches=20/20 frame_err=baseline_ls_2dlmmse_lmmse:70/3840 elapsed=138.8s avg_batch=6.939s gpu_mem=0.10GiB peak=1.88GiB
[EVAL] receiver=baseline_ls_2dlmmse_lmmse Eb/N0= 3.0 dB BER=1.37900e-03 BLER=1.82292e-02 NMSE=nan bit_err= 15759/11427840 blk_err=   70/3840   batches=  20 stop=global_stop rx_time=73.93s rx_ms_batch=3696.7 rx_ms_frame=19.254 point_time=138.77s gpu_mem=0.10GiB peak=1.88GiB
[ISO-CHUNK] wrote: /home/rsadve1/links/scratch/Ablations_Wave3/_r1_ds3x_300ns_chunks/main_d256_b4_r2_u3_baseline_ls_2dlmmse_lmmse_ebno3p0_chunk0001_m8_b20/chunk_result.csv
[ISO-CHUNK] DONE
[PIPELINE] status done=1 reason=target_block_errors chunks=2 batches=40 block_errors=130/100 next_chunk=-1
[ISO-MERGE] chunks: 2
[ISO-MERGE] rows: 1
[ISO-MERGE] wrote: /home/rsadve1/links/scratch/Ablations_Wave3/_r1_ds3x_300ns_chunks/merged_main_d256_b4_r2_u3_baseline_ls_2dlmmse_lmmse_e3.csv
[ISO-MERGE] wrote: /home/rsadve1/links/scratch/Ablations_Wave3/_r1_ds3x_300ns_chunks/merged_main_d256_b4_r2_u3_baseline_ls_2dlmmse_lmmse_e3.summary.json
                 receiver         variant dmrs_case  seed  training_seed  num_users  ebno_db  num_chunks chunk_indices  bit_errors  num_bits  block_errors  num_blocks  num_batches_run  point_elapsed_s  data_elapsed_s  receiver_elapsed_s      ber     bler  nmse       mc_stop_reason  target_bler_floor  bler_zero_error_upper_bound  ber_zero_error_upper_bound  receiver_ms_per_batch  receiver_ms_per_frame  reliable_ber  reliable_bler
baseline_ls_2dlmmse_lmmse main_d256_b4_r2     1dmrs     7              7          3      3.0           2           0,1       29075  22855680           130        7680               40       278.275243       92.957445          148.401705 0.001272 0.016927   NaN isolated_chunk_merge                NaN                          NaN                         NaN            3710.042637              19.323139          True           True
[PIPELINE] COMPLETE variant=main_d256_b4_r2
