[ENV] Reusing portable venv: /home/rsadve1/links/scratch/.vevn_upair_potable
[ENV] Checking installed package metadata only; TensorFlow/Sionna are not imported here.
[ENV] Python 3.11.5
[ENV] numpy 1.26.4+computecanada
[ENV] pandas 2.2.3+computecanada
[ENV] matplotlib 3.10.0+computecanada
[ENV] PyYAML 6.0.2+computecanada
[ENV] scipy 1.15.1+computecanada
[ENV] tensorflow 2.15.1+computecanada
[ENV] sionna-no-rt 1.2.1
[ENV] optuna 4.8.0+computecanada
[ENV] Skipping TensorFlow/Sionna import check on this node. Set UPAIR_DEEP_IMPORT_CHECK=1 to test imports explicitly.
[ENV] Ready: REPO=/home/rsadve1/links/scratch/Ablations_S1P2
[ENV] Ready: VENV=/home/rsadve1/links/scratch/.vevn_upair_potable
[ENV] Reusing portable venv: /home/rsadve1/links/scratch/.vevn_upair_potable
[ENV] Checking installed package metadata only; TensorFlow/Sionna are not imported here.
[ENV] Python 3.11.5
[ENV] numpy 1.26.4+computecanada
[ENV] pandas 2.2.3+computecanada
[ENV] matplotlib 3.10.0+computecanada
[ENV] PyYAML 6.0.2+computecanada
[ENV] scipy 1.15.1+computecanada
[ENV] tensorflow 2.15.1+computecanada
[ENV] sionna-no-rt 1.2.1
[ENV] optuna 4.8.0+computecanada
[ENV] Skipping TensorFlow/Sionna import check on this node. Set UPAIR_DEEP_IMPORT_CHECK=1 to test imports explicitly.
[ENV] Ready: REPO=/home/rsadve1/links/scratch/Ablations_S1P2
[ENV] Ready: VENV=/home/rsadve1/links/scratch/.vevn_upair_potable
================================================================================
[PIPELINE] variant=constant_prompt_d256_b4_r2
[PIPELINE] root=/home/rsadve1/links/scratch/Ablations_S1P2
[PIPELINE] stageB_prefix=clean_b32_prb8_d256_40k_smart_trueDMRS_u34610_1dmrs_stageB
[PIPELINE] receivers=upair5g_lmmse
[PIPELINE] users=3
[PIPELINE] ebnos=-4,-3,-2,-1,0,1
[PIPELINE] chunk_batches=20 micro=8
================================================================================
[PIPELINE] training missing/incomplete for constant_prompt_d256_b4_r2; running training-only resume.
2026-07-05 13:05:30.744815: E external/local_xla/xla/stream_executor/cuda/cuda_dnn.cc:9261] Unable to register cuDNN factory: Attempting to register factory for plugin cuDNN when one has already been registered
2026-07-05 13:05:30.744878: E external/local_xla/xla/stream_executor/cuda/cuda_fft.cc:607] Unable to register cuFFT factory: Attempting to register factory for plugin cuFFT when one has already been registered
2026-07-05 13:05:30.746267: E external/local_xla/xla/stream_executor/cuda/cuda_blas.cc:1515] Unable to register cuBLAS factory: Attempting to register factory for plugin cuBLAS when one has already been registered
[COMPREHENSIVE] loaded Optuna best JSON for constant_prompt_d256_b4_r2 from /home/rsadve1/links/scratch/Ablations_S1P2/optuna/clean_b32_prb8_d256_40k_smart_trueDMRS_u34610_1dmrs_stageB_constant_prompt_d256_b4_r2_best_params.json
[TRAIN] loss_mode=nll_nmse (use_nll_loss=True)
[TRAIN] optimizer lr_schedule=cosine_decay learning_rate=0.000571292 weight_decay=9.65466e-06
[TRAIN] seeds active_seed=7 training_seed=7 evaluation_seed=1007
[TRAIN] starting from scratch
2026-07-05 13:05:55.553200: E tensorflow/core/grappler/optimizers/meta_optimizer.cc:961] layout failed: INVALID_ARGUMENT: Size of values 0 does not match size of permutation 4 @ fanin shape inaxial_block_0/dropout/dropout_2/SelectV2-2-TransposeNHWCToNCHW-LayoutOptimizer
WARNING: All log messages before absl::InitializeLog() is called are written to STDERR
I0000 00:00:1783271158.455272 1137479 device_compiler.h:186] Compiled cluster using XLA!  This line is logged at most once for the lifetime of the process.
[TRAIN] step=00001 loss=-0.83538 nmse_prop=0.14701 nmse_ls=0.14701 lr=5.713e-04 step_time=20.717s steps_per_s=0.048 gpu_mem=0.09GiB peak=7.25GiB
[TRAIN] step=00100 loss=-1.45427 nmse_prop=0.08243 nmse_ls=0.09310 lr=5.713e-04 step_time=0.487s steps_per_s=1.224 gpu_mem=0.17GiB peak=7.44GiB
[TRAIN] step=00200 loss=-1.35023 nmse_prop=0.08962 nmse_ls=0.11476 lr=5.713e-04 step_time=0.469s steps_per_s=1.644 gpu_mem=0.17GiB peak=7.44GiB
[TRAIN] step=00300 loss=-1.68434 nmse_prop=0.06683 nmse_ls=0.09175 lr=5.712e-04 step_time=0.486s steps_per_s=1.844 gpu_mem=0.17GiB peak=7.45GiB
[TRAIN] step=00400 loss=-1.74559 nmse_prop=0.06366 nmse_ls=0.09575 lr=5.712e-04 step_time=0.473s steps_per_s=1.959 gpu_mem=0.17GiB peak=7.45GiB
[TRAIN] step=00500 loss=-1.67287 nmse_prop=0.06759 nmse_ls=0.13363 lr=5.712e-04 step_time=0.380s steps_per_s=2.033 gpu_mem=0.17GiB peak=7.45GiB
[TRAIN] step=00600 loss=-2.56459 nmse_prop=0.02848 nmse_ls=0.04298 lr=5.711e-04 step_time=0.376s steps_per_s=2.099 gpu_mem=0.17GiB peak=7.45GiB
[TRAIN] step=00700 loss=-2.17493 nmse_prop=0.04286 nmse_ls=0.08367 lr=5.710e-04 step_time=0.391s steps_per_s=2.142 gpu_mem=0.17GiB peak=7.45GiB
[TRAIN] step=00800 loss=-2.60632 nmse_prop=0.02901 nmse_ls=0.05172 lr=5.709e-04 step_time=0.378s steps_per_s=2.170 gpu_mem=0.17GiB peak=7.45GiB
[TRAIN] step=00900 loss=-2.80031 nmse_prop=0.02427 nmse_ls=0.03569 lr=5.708e-04 step_time=0.466s steps_per_s=2.196 gpu_mem=0.17GiB peak=7.45GiB
[TRAIN] step=01000 loss=-2.14169 nmse_prop=0.04375 nmse_ls=0.11447 lr=5.707e-04 step_time=0.202s steps_per_s=2.215 gpu_mem=0.17GiB peak=7.45GiB
[TRAIN] saved resumable state at step=1000 reason=periodic: /lustre10/scratch/rsadve1/Ablations_S1P2/TWC_plots_comprehensive/runs_rx16/seed7/1dmrs/constant_prompt_d256_b4_r2/checkpoints/training_state/ckpt-1000
[TRAIN] step=01100 loss=-2.47085 nmse_prop=0.03327 nmse_ls=0.07685 lr=5.706e-04 step_time=0.378s steps_per_s=2.228 gpu_mem=0.17GiB peak=7.45GiB
