[ENV] Reusing portable venv: /home/rsadve1/links/scratch/.vevn_upair_potable
[ENV] Checking installed package metadata only; TensorFlow/Sionna are not imported here.
[ENV] Python 3.11.5
[ENV] numpy 1.26.4+computecanada
[ENV] pandas 2.2.3+computecanada
[ENV] matplotlib 3.10.0+computecanada
[ENV] PyYAML 6.0.2+computecanada
[ENV] scipy 1.15.1+computecanada
[ENV] tensorflow 2.15.1+computecanada
[ENV] sionna-no-rt 1.2.1
[ENV] optuna 4.8.0+computecanada
[ENV] Skipping TensorFlow/Sionna import check on this node. Set UPAIR_DEEP_IMPORT_CHECK=1 to test imports explicitly.
[ENV] Ready: REPO=/home/rsadve1/links/scratch/Ablations_Wave3
[ENV] Ready: VENV=/home/rsadve1/links/scratch/.vevn_upair_potable
[ENV] Reusing portable venv: /home/rsadve1/links/scratch/.vevn_upair_potable
[ENV] Checking installed package metadata only; TensorFlow/Sionna are not imported here.
[ENV] Python 3.11.5
[ENV] numpy 1.26.4+computecanada
[ENV] pandas 2.2.3+computecanada
[ENV] matplotlib 3.10.0+computecanada
[ENV] PyYAML 6.0.2+computecanada
[ENV] scipy 1.15.1+computecanada
[ENV] tensorflow 2.15.1+computecanada
[ENV] sionna-no-rt 1.2.1
[ENV] optuna 4.8.0+computecanada
[ENV] Skipping TensorFlow/Sionna import check on this node. Set UPAIR_DEEP_IMPORT_CHECK=1 to test imports explicitly.
[ENV] Ready: REPO=/home/rsadve1/links/scratch/Ablations_Wave3
[ENV] Ready: VENV=/home/rsadve1/links/scratch/.vevn_upair_potable
================================================================================
[PIPELINE] variant=dncnn_trunk_lr05_d256_l7
[PIPELINE] root=/home/rsadve1/links/scratch/Ablations_Wave3
[PIPELINE] stageB_prefix=clean_b32_prb8_d256_40k_smart_trueDMRS_u34610_1dmrs_stageB
[PIPELINE] receivers=upair5g_lmmse
[PIPELINE] users=3
[PIPELINE] ebnos=-4,-3,-2,-1,0,1
[PIPELINE] chunk_batches=20 micro=8
================================================================================
[PIPELINE] training missing/incomplete for dncnn_trunk_lr05_d256_l7; running training-only resume.
2026-07-06 18:18:12.616992: E external/local_xla/xla/stream_executor/cuda/cuda_dnn.cc:9261] Unable to register cuDNN factory: Attempting to register factory for plugin cuDNN when one has already been registered
2026-07-06 18:18:12.617559: E external/local_xla/xla/stream_executor/cuda/cuda_fft.cc:607] Unable to register cuFFT factory: Attempting to register factory for plugin cuFFT when one has already been registered
2026-07-06 18:18:12.668692: E external/local_xla/xla/stream_executor/cuda/cuda_blas.cc:1515] Unable to register cuBLAS factory: Attempting to register factory for plugin cuBLAS when one has already been registered
[COMPREHENSIVE] loaded Optuna best JSON for dncnn_trunk_lr05_d256_l7 from /home/rsadve1/links/scratch/Ablations_Wave3/optuna/clean_b32_prb8_d256_40k_smart_trueDMRS_u34610_1dmrs_stageB_dncnn_trunk_lr05_d256_l7_best_params.json
[TRAIN] loss_mode=nll_nmse (use_nll_loss=True)
[TRAIN] optimizer lr_schedule=cosine_decay learning_rate=0.000285646 weight_decay=9.65466e-06
[TRAIN] seeds active_seed=7 training_seed=7 evaluation_seed=1007
[TRAIN] starting from scratch
2026-07-06 18:18:40.286380: E tensorflow/core/grappler/optimizers/meta_optimizer.cc:961] layout failed: INVALID_ARGUMENT: Size of values 0 does not match size of permutation 4 @ fanin shape indncnn_trunk/dropout/dropout/SelectV2-2-TransposeNHWCToNCHW-LayoutOptimizer
WARNING: All log messages before absl::InitializeLog() is called are written to STDERR
I0000 00:00:1783376322.865664 2970690 device_compiler.h:186] Compiled cluster using XLA!  This line is logged at most once for the lifetime of the process.
[TRAIN] step=00001 loss=-0.82798 nmse_prop=0.14818 nmse_ls=0.14818 lr=2.856e-04 step_time=8.866s steps_per_s=0.113 gpu_mem=0.08GiB peak=2.43GiB
[TRAIN] step=00100 loss=-1.33091 nmse_prop=0.09390 nmse_ls=0.09386 lr=2.856e-04 step_time=0.405s steps_per_s=2.043 gpu_mem=0.16GiB peak=2.43GiB
[TRAIN] step=00200 loss=-1.10531 nmse_prop=0.11413 nmse_ls=0.11423 lr=2.856e-04 step_time=0.397s steps_per_s=2.471 gpu_mem=0.16GiB peak=2.43GiB
[TRAIN] step=00300 loss=-1.34334 nmse_prop=0.09300 nmse_ls=0.09304 lr=2.856e-04 step_time=0.399s steps_per_s=2.626 gpu_mem=0.16GiB peak=2.43GiB
[TRAIN] step=00400 loss=-1.32950 nmse_prop=0.09385 nmse_ls=0.09432 lr=2.856e-04 step_time=0.400s steps_per_s=2.704 gpu_mem=0.15GiB peak=2.43GiB
[TRAIN] step=00500 loss=-0.96950 nmse_prop=0.13210 nmse_ls=0.13298 lr=2.856e-04 step_time=0.309s steps_per_s=2.748 gpu_mem=0.16GiB peak=2.43GiB
[TRAIN] step=00600 loss=-2.15216 nmse_prop=0.04431 nmse_ls=0.04529 lr=2.855e-04 step_time=0.309s steps_per_s=2.801 gpu_mem=0.16GiB peak=2.43GiB
[TRAIN] step=00700 loss=-1.50137 nmse_prop=0.08113 nmse_ls=0.08280 lr=2.855e-04 step_time=0.307s steps_per_s=2.830 gpu_mem=0.16GiB peak=2.43GiB
[TRAIN] step=00800 loss=-1.98406 nmse_prop=0.05154 nmse_ls=0.05277 lr=2.855e-04 step_time=0.308s steps_per_s=2.841 gpu_mem=0.16GiB peak=2.43GiB
[TRAIN] step=00900 loss=-2.35602 nmse_prop=0.03605 nmse_ls=0.03721 lr=2.854e-04 step_time=0.397s steps_per_s=2.858 gpu_mem=0.15GiB peak=2.43GiB
[TRAIN] step=01000 loss=-1.18460 nmse_prop=0.10986 nmse_ls=0.11483 lr=2.854e-04 step_time=0.129s steps_per_s=2.866 gpu_mem=0.16GiB peak=2.43GiB
[TRAIN] saved resumable state at step=1000 reason=periodic: /lustre10/scratch/rsadve1/Ablations_Wave3/TWC_plots_comprehensive/runs_rx16/seed7/1dmrs/dncnn_trunk_lr05_d256_l7/checkpoints/training_state/ckpt-1000
[TRAIN] step=01100 loss=-1.58553 nmse_prop=0.07531 nmse_ls=0.07745 lr=2.853e-04 step_time=0.308s steps_per_s=2.873 gpu_mem=0.16GiB peak=2.43GiB
[TRAIN] step=01200 loss=-0.62428 nmse_prop=0.18560 nmse_ls=0.18808 lr=2.852e-04 step_time=0.398s steps_per_s=2.889 gpu_mem=0.16GiB peak=2.43GiB
[TRAIN] step=01300 loss=-1.41408 nmse_prop=0.08846 nmse_ls=0.09037 lr=2.852e-04 step_time=0.398s steps_per_s=2.896 gpu_mem=0.16GiB peak=2.43GiB
[TRAIN] step=01400 loss=-1.89992 nmse_prop=0.05672 nmse_ls=0.06017 lr=2.851e-04 step_time=0.219s steps_per_s=2.906 gpu_mem=0.16GiB peak=2.43GiB
[TRAIN] step=01500 loss=-0.97462 nmse_prop=0.13420 nmse_ls=0.13668 lr=2.850e-04 step_time=0.397s steps_per_s=2.912 gpu_mem=0.16GiB peak=2.43GiB
[TRAIN] step=01600 loss=-2.21791 nmse_prop=0.04179 nmse_ls=0.04442 lr=2.849e-04 step_time=0.308s steps_per_s=2.913 gpu_mem=0.16GiB peak=2.43GiB
[TRAIN] step=01700 loss=-1.76329 nmse_prop=0.06400 nmse_ls=0.06783 lr=2.849e-04 step_time=0.218s steps_per_s=2.918 gpu_mem=0.16GiB peak=2.43GiB
[TRAIN] step=01800 loss=-1.12023 nmse_prop=0.11722 nmse_ls=0.12207 lr=2.848e-04 step_time=0.310s steps_per_s=2.923 gpu_mem=0.16GiB peak=2.43GiB
[TRAIN] step=01900 loss=-1.03499 nmse_prop=0.12692 nmse_ls=0.13195 lr=2.847e-04 step_time=0.308s steps_per_s=2.921 gpu_mem=0.16GiB peak=2.43GiB
WARNING:tensorflow:Model's `__init__()` arguments contain non-serializable objects. Please implement a `get_config()` method in the subclassed Model for proper saving and loading. Defaulting to empty config.
WARNING:tensorflow:Model's `__init__()` arguments contain non-serializable objects. Please implement a `get_config()` method in the subclassed Model for proper saving and loading. Defaulting to empty config.
[TRAIN] saved new best weights at step=2000 val_nmse=0.0817544
[TRAIN] step=02000 loss=-0.73241 nmse_prop=0.16827 nmse_ls=0.17244 lr=2.845e-04 step_time=112.765s steps_per_s=2.516 gpu_mem=0.17GiB peak=2.43GiB
[TRAIN] saved resumable state at step=2000 reason=periodic: /lustre10/scratch/rsadve1/Ablations_Wave3/TWC_plots_comprehensive/runs_rx16/seed7/1dmrs/dncnn_trunk_lr05_d256_l7/checkpoints/training_state/ckpt-2000
[TRAIN] step=02100 loss=-2.01513 nmse_prop=0.05013 nmse_ls=0.05525 lr=2.844e-04 step_time=0.128s steps_per_s=2.524 gpu_mem=0.17GiB peak=2.43GiB
[TRAIN] step=02200 loss=-1.21083 nmse_prop=0.10744 nmse_ls=0.11109 lr=2.843e-04 step_time=0.398s steps_per_s=2.540 gpu_mem=0.17GiB peak=2.43GiB
[TRAIN] step=02300 loss=-2.03549 nmse_prop=0.04925 nmse_ls=0.05186 lr=2.842e-04 step_time=0.400s steps_per_s=2.555 gpu_mem=0.17GiB peak=2.43GiB
[TRAIN] step=02400 loss=-2.34943 nmse_prop=0.03683 nmse_ls=0.03978 lr=2.841e-04 step_time=0.308s steps_per_s=2.569 gpu_mem=0.17GiB peak=2.43GiB
[TRAIN] step=02500 loss=-1.82725 nmse_prop=0.06016 nmse_ls=0.06678 lr=2.839e-04 step_time=0.128s steps_per_s=2.583 gpu_mem=0.17GiB peak=2.43GiB
[TRAIN] step=02600 loss=-0.40112 nmse_prop=0.22795 nmse_ls=0.23777 lr=2.838e-04 step_time=0.308s steps_per_s=2.598 gpu_mem=0.17GiB peak=2.43GiB
[TRAIN] step=02700 loss=-1.80283 nmse_prop=0.06133 nmse_ls=0.06399 lr=2.836e-04 step_time=0.400s steps_per_s=2.609 gpu_mem=0.17GiB peak=2.43GiB
[TRAIN] step=02800 loss=-0.91751 nmse_prop=0.14178 nmse_ls=0.14673 lr=2.835e-04 step_time=0.399s steps_per_s=2.617 gpu_mem=0.17GiB peak=2.43GiB
[TRAIN] step=02900 loss=-0.59517 nmse_prop=0.19136 nmse_ls=0.20411 lr=2.833e-04 step_time=0.220s steps_per_s=2.630 gpu_mem=0.17GiB peak=2.43GiB
[TRAIN] step=03000 loss=-2.01469 nmse_prop=0.05049 nmse_ls=0.05310 lr=2.832e-04 step_time=0.405s steps_per_s=2.641 gpu_mem=0.17GiB peak=2.43GiB
[TRAIN] saved resumable state at step=3000 reason=periodic: /lustre10/scratch/rsadve1/Ablations_Wave3/TWC_plots_comprehensive/runs_rx16/seed7/1dmrs/dncnn_trunk_lr05_d256_l7/checkpoints/training_state/ckpt-3000
[TRAIN] step=03100 loss=-2.00731 nmse_prop=0.05012 nmse_ls=0.05408 lr=2.830e-04 step_time=0.309s steps_per_s=2.644 gpu_mem=0.17GiB peak=2.43GiB
[TRAIN] step=03200 loss=-1.33929 nmse_prop=0.09553 nmse_ls=0.10424 lr=2.828e-04 step_time=0.220s steps_per_s=2.656 gpu_mem=0.17GiB peak=2.43GiB
[TRAIN] step=03300 loss=-0.51134 nmse_prop=0.20675 nmse_ls=0.21825 lr=2.827e-04 step_time=0.310s steps_per_s=2.666 gpu_mem=0.17GiB peak=2.43GiB
[TRAIN] step=03400 loss=-1.76850 nmse_prop=0.06342 nmse_ls=0.06811 lr=2.825e-04 step_time=0.309s steps_per_s=2.674 gpu_mem=0.17GiB peak=2.43GiB
[TRAIN] step=03500 loss=-1.92530 nmse_prop=0.05431 nmse_ls=0.05886 lr=2.823e-04 step_time=0.311s steps_per_s=2.682 gpu_mem=0.17GiB peak=2.43GiB
[TRAIN] step=03600 loss=-2.10067 nmse_prop=0.04659 nmse_ls=0.05066 lr=2.821e-04 step_time=0.308s steps_per_s=2.689 gpu_mem=0.17GiB peak=2.43GiB
[TRAIN] step=03700 loss=-0.46165 nmse_prop=0.21621 nmse_ls=0.22923 lr=2.819e-04 step_time=0.307s steps_per_s=2.695 gpu_mem=0.17GiB peak=2.43GiB
[TRAIN] step=03800 loss=-2.48153 nmse_prop=0.03285 nmse_ls=0.03884 lr=2.817e-04 step_time=0.129s steps_per_s=2.702 gpu_mem=0.17GiB peak=2.43GiB
[TRAIN] step=03900 loss=-1.11045 nmse_prop=0.11835 nmse_ls=0.12404 lr=2.815e-04 step_time=0.398s steps_per_s=2.708 gpu_mem=0.17GiB peak=2.43GiB
[TRAIN] step=04000 loss=-0.46848 nmse_prop=0.21503 nmse_ls=0.22926 lr=2.813e-04 step_time=113.484s steps_per_s=2.521 gpu_mem=0.17GiB peak=2.43GiB
[TRAIN] saved resumable state at step=4000 reason=periodic: /lustre10/scratch/rsadve1/Ablations_Wave3/TWC_plots_comprehensive/runs_rx16/seed7/1dmrs/dncnn_trunk_lr05_d256_l7/checkpoints/training_state/ckpt-4000
[TRAIN] step=04100 loss=-1.57365 nmse_prop=0.07710 nmse_ls=0.08537 lr=2.810e-04 step_time=0.218s steps_per_s=2.531 gpu_mem=0.17GiB peak=2.43GiB
[TRAIN] step=04200 loss=-1.51316 nmse_prop=0.08101 nmse_ls=0.08740 lr=2.808e-04 step_time=0.307s steps_per_s=2.540 gpu_mem=0.17GiB peak=2.43GiB
[TRAIN] step=04300 loss=-2.29802 nmse_prop=0.03831 nmse_ls=0.04111 lr=2.806e-04 step_time=0.397s steps_per_s=2.551 gpu_mem=0.17GiB peak=2.43GiB
[TRAIN] step=04400 loss=-0.64958 nmse_prop=0.18230 nmse_ls=0.19194 lr=2.803e-04 step_time=0.397s steps_per_s=2.561 gpu_mem=0.17GiB peak=2.43GiB
[TRAIN] step=04500 loss=-2.40412 nmse_prop=0.03500 nmse_ls=0.03767 lr=2.801e-04 step_time=0.398s steps_per_s=2.571 gpu_mem=0.17GiB peak=2.43GiB
[TRAIN] step=04600 loss=-1.66665 nmse_prop=0.07001 nmse_ls=0.07619 lr=2.799e-04 step_time=0.309s steps_per_s=2.578 gpu_mem=0.18GiB peak=2.43GiB
[TRAIN] step=04700 loss=-0.44912 nmse_prop=0.21917 nmse_ls=0.23178 lr=2.796e-04 step_time=0.402s steps_per_s=2.586 gpu_mem=0.17GiB peak=2.43GiB
[TRAIN] step=04800 loss=-1.72068 nmse_prop=0.06645 nmse_ls=0.07093 lr=2.793e-04 step_time=0.400s steps_per_s=2.592 gpu_mem=0.18GiB peak=2.43GiB
[TRAIN] step=04900 loss=-1.40873 nmse_prop=0.08986 nmse_ls=0.10319 lr=2.791e-04 step_time=0.218s steps_per_s=2.599 gpu_mem=0.17GiB peak=2.43GiB
[TRAIN] step=05000 loss=-2.29443 nmse_prop=0.03856 nmse_ls=0.04759 lr=2.788e-04 step_time=0.129s steps_per_s=2.606 gpu_mem=0.18GiB peak=2.43GiB
[TRAIN] saved resumable state at step=5000 reason=periodic: /lustre10/scratch/rsadve1/Ablations_Wave3/TWC_plots_comprehensive/runs_rx16/seed7/1dmrs/dncnn_trunk_lr05_d256_l7/checkpoints/training_state/ckpt-5000
[TRAIN] step=05100 loss=-2.07660 nmse_prop=0.04723 nmse_ls=0.05131 lr=2.785e-04 step_time=0.398s steps_per_s=2.613 gpu_mem=0.18GiB peak=2.43GiB
[TRAIN] step=05200 loss=-2.09498 nmse_prop=0.04742 nmse_ls=0.05510 lr=2.783e-04 step_time=0.218s steps_per_s=2.619 gpu_mem=0.17GiB peak=2.43GiB
[TRAIN] step=05300 loss=-0.58263 nmse_prop=0.19402 nmse_ls=0.21192 lr=2.780e-04 step_time=0.309s steps_per_s=2.625 gpu_mem=0.17GiB peak=2.43GiB
[TRAIN] step=05400 loss=-2.22640 nmse_prop=0.04150 nmse_ls=0.04532 lr=2.777e-04 step_time=0.399s steps_per_s=2.629 gpu_mem=0.17GiB peak=2.43GiB
[TRAIN] step=05500 loss=-0.79189 nmse_prop=0.16130 nmse_ls=0.18508 lr=2.774e-04 step_time=0.218s steps_per_s=2.635 gpu_mem=0.17GiB peak=2.43GiB
[TRAIN] step=05600 loss=-2.35016 nmse_prop=0.03744 nmse_ls=0.04437 lr=2.771e-04 step_time=0.220s steps_per_s=2.641 gpu_mem=0.17GiB peak=2.43GiB
[TRAIN] step=05700 loss=-0.88242 nmse_prop=0.14789 nmse_ls=0.19410 lr=2.768e-04 step_time=0.129s steps_per_s=2.646 gpu_mem=0.17GiB peak=2.43GiB
[TRAIN] step=05800 loss=-1.90657 nmse_prop=0.05571 nmse_ls=0.06131 lr=2.765e-04 step_time=0.399s steps_per_s=2.651 gpu_mem=0.18GiB peak=2.43GiB
[TRAIN] step=05900 loss=-2.47197 nmse_prop=0.03332 nmse_ls=0.03847 lr=2.762e-04 step_time=0.309s steps_per_s=2.656 gpu_mem=0.18GiB peak=2.43GiB
WARNING:tensorflow:Model's `__init__()` arguments contain non-serializable objects. Please implement a `get_config()` method in the subclassed Model for proper saving and loading. Defaulting to empty config.
WARNING:tensorflow:Model's `__init__()` arguments contain non-serializable objects. Please implement a `get_config()` method in the subclassed Model for proper saving and loading. Defaulting to empty config.
[TRAIN] saved new best weights at step=6000 val_nmse=0.0774015
[TRAIN] step=06000 loss=-2.47060 nmse_prop=0.03347 nmse_ls=0.03938 lr=2.758e-04 step_time=110.655s steps_per_s=2.536 gpu_mem=0.18GiB peak=2.43GiB
[TRAIN] saved resumable state at step=6000 reason=periodic: /lustre10/scratch/rsadve1/Ablations_Wave3/TWC_plots_comprehensive/runs_rx16/seed7/1dmrs/dncnn_trunk_lr05_d256_l7/checkpoints/training_state/ckpt-6000
[TRAIN] step=06100 loss=-0.40415 nmse_prop=0.22871 nmse_ls=0.24715 lr=2.755e-04 step_time=0.399s steps_per_s=2.543 gpu_mem=0.17GiB peak=2.43GiB
[TRAIN] step=06200 loss=-1.42883 nmse_prop=0.08843 nmse_ls=0.09915 lr=2.752e-04 step_time=0.307s steps_per_s=2.549 gpu_mem=0.17GiB peak=2.43GiB
[TRAIN] step=06300 loss=-0.76145 nmse_prop=0.16596 nmse_ls=0.19728 lr=2.748e-04 step_time=0.218s steps_per_s=2.555 gpu_mem=0.17GiB peak=2.43GiB
[TRAIN] step=06400 loss=-1.44969 nmse_prop=0.08608 nmse_ls=0.09395 lr=2.745e-04 step_time=0.398s steps_per_s=2.562 gpu_mem=0.18GiB peak=2.43GiB
[TRAIN] step=06500 loss=-2.37166 nmse_prop=0.03614 nmse_ls=0.04772 lr=2.742e-04 step_time=0.129s steps_per_s=2.568 gpu_mem=0.17GiB peak=2.43GiB
[TRAIN] step=06600 loss=-2.19539 nmse_prop=0.04278 nmse_ls=0.04943 lr=2.738e-04 step_time=0.309s steps_per_s=2.563 gpu_mem=0.18GiB peak=2.43GiB
[TRAIN] step=06700 loss=-1.20521 nmse_prop=0.10930 nmse_ls=0.12392 lr=2.734e-04 step_time=0.307s steps_per_s=2.567 gpu_mem=0.18GiB peak=2.43GiB
[TRAIN] step=06800 loss=-2.23945 nmse_prop=0.04043 nmse_ls=0.04493 lr=2.731e-04 step_time=0.397s steps_per_s=2.572 gpu_mem=0.18GiB peak=2.43GiB
[TRAIN] step=06900 loss=-0.83921 nmse_prop=0.15420 nmse_ls=0.16934 lr=2.727e-04 step_time=0.398s steps_per_s=2.576 gpu_mem=0.18GiB peak=2.43GiB
[TRAIN] step=07000 loss=-1.08677 nmse_prop=0.12202 nmse_ls=0.13416 lr=2.724e-04 step_time=0.395s steps_per_s=2.578 gpu_mem=0.18GiB peak=2.43GiB
[TRAIN] saved resumable state at step=7000 reason=periodic: /lustre10/scratch/rsadve1/Ablations_Wave3/TWC_plots_comprehensive/runs_rx16/seed7/1dmrs/dncnn_trunk_lr05_d256_l7/checkpoints/training_state/ckpt-7000
[TRAIN] step=07100 loss=-0.85840 nmse_prop=0.15222 nmse_ls=0.18551 lr=2.720e-04 step_time=0.219s steps_per_s=2.583 gpu_mem=0.17GiB peak=2.43GiB
[TRAIN] step=07200 loss=-0.46392 nmse_prop=0.21858 nmse_ls=0.24926 lr=2.716e-04 step_time=0.307s steps_per_s=2.588 gpu_mem=0.18GiB peak=2.43GiB
[TRAIN] step=07300 loss=-1.21997 nmse_prop=0.10800 nmse_ls=0.12352 lr=2.712e-04 step_time=0.308s steps_per_s=2.593 gpu_mem=0.18GiB peak=2.43GiB
[TRAIN] step=07400 loss=-1.99114 nmse_prop=0.05177 nmse_ls=0.05750 lr=2.708e-04 step_time=0.397s steps_per_s=2.598 gpu_mem=0.18GiB peak=2.43GiB
[TRAIN] step=07500 loss=-0.74586 nmse_prop=0.16750 nmse_ls=0.24898 lr=2.704e-04 step_time=0.129s steps_per_s=2.603 gpu_mem=0.18GiB peak=2.43GiB
[TRAIN] step=07600 loss=-1.84985 nmse_prop=0.05911 nmse_ls=0.06853 lr=2.700e-04 step_time=0.307s steps_per_s=2.607 gpu_mem=0.18GiB peak=2.43GiB
[TRAIN] step=07700 loss=-1.74240 nmse_prop=0.06562 nmse_ls=0.07566 lr=2.696e-04 step_time=0.309s steps_per_s=2.612 gpu_mem=0.18GiB peak=2.43GiB
[TRAIN] step=07800 loss=-2.46284 nmse_prop=0.03275 nmse_ls=0.04711 lr=2.692e-04 step_time=0.129s steps_per_s=2.617 gpu_mem=0.18GiB peak=2.43GiB
[TRAIN] step=07900 loss=-1.08294 nmse_prop=0.12399 nmse_ls=0.15463 lr=2.688e-04 step_time=0.218s steps_per_s=2.621 gpu_mem=0.18GiB peak=2.43GiB
[TRAIN] step=08000 loss=-2.29444 nmse_prop=0.03925 nmse_ls=0.04400 lr=2.684e-04 step_time=110.195s steps_per_s=2.535 gpu_mem=0.17GiB peak=2.43GiB
[TRAIN] saved resumable state at step=8000 reason=periodic: /lustre10/scratch/rsadve1/Ablations_Wave3/TWC_plots_comprehensive/runs_rx16/seed7/1dmrs/dncnn_trunk_lr05_d256_l7/checkpoints/training_state/ckpt-8000
[TRAIN] step=08100 loss=-1.23417 nmse_prop=0.10726 nmse_ls=0.12460 lr=2.679e-04 step_time=0.307s steps_per_s=2.535 gpu_mem=0.18GiB peak=2.43GiB
[TRAIN] step=08200 loss=-0.70316 nmse_prop=0.17499 nmse_ls=0.20211 lr=2.675e-04 step_time=0.308s steps_per_s=2.540 gpu_mem=0.18GiB peak=2.43GiB
[TRAIN] step=08300 loss=-2.43922 nmse_prop=0.03393 nmse_ls=0.03812 lr=2.671e-04 step_time=0.397s steps_per_s=2.545 gpu_mem=0.18GiB peak=2.43GiB
[TRAIN] step=08400 loss=-0.70960 nmse_prop=0.17471 nmse_ls=0.19480 lr=2.666e-04 step_time=0.398s steps_per_s=2.550 gpu_mem=0.18GiB peak=2.43GiB
[TRAIN] step=08500 loss=-1.87290 nmse_prop=0.05849 nmse_ls=0.06843 lr=2.662e-04 step_time=0.307s steps_per_s=2.554 gpu_mem=0.18GiB peak=2.43GiB
[TRAIN] step=08600 loss=-1.65390 nmse_prop=0.07125 nmse_ls=0.08045 lr=2.657e-04 step_time=0.397s steps_per_s=2.558 gpu_mem=0.18GiB peak=2.43GiB
[TRAIN] step=08700 loss=-0.95519 nmse_prop=0.13892 nmse_ls=0.15571 lr=2.653e-04 step_time=0.396s steps_per_s=2.562 gpu_mem=0.18GiB peak=2.43GiB
[TRAIN] step=08800 loss=-2.16325 nmse_prop=0.04426 nmse_ls=0.04979 lr=2.648e-04 step_time=0.396s steps_per_s=2.566 gpu_mem=0.18GiB peak=2.43GiB
[TRAIN] step=08900 loss=-1.62635 nmse_prop=0.07377 nmse_ls=0.09376 lr=2.644e-04 step_time=0.217s steps_per_s=2.570 gpu_mem=0.18GiB peak=2.43GiB
[TRAIN] step=09000 loss=-1.77067 nmse_prop=0.06385 nmse_ls=0.07231 lr=2.639e-04 step_time=0.397s steps_per_s=2.575 gpu_mem=0.18GiB peak=2.43GiB
[TRAIN] saved resumable state at step=9000 reason=periodic: /lustre10/scratch/rsadve1/Ablations_Wave3/TWC_plots_comprehensive/runs_rx16/seed7/1dmrs/dncnn_trunk_lr05_d256_l7/checkpoints/training_state/ckpt-9000
[TRAIN] step=09100 loss=-2.26704 nmse_prop=0.04039 nmse_ls=0.04605 lr=2.634e-04 step_time=0.398s steps_per_s=2.576 gpu_mem=0.18GiB peak=2.43GiB
[TRAIN] step=09200 loss=-1.30454 nmse_prop=0.09982 nmse_ls=0.11693 lr=2.629e-04 step_time=0.308s steps_per_s=2.580 gpu_mem=0.18GiB peak=2.43GiB
[TRAIN] step=09300 loss=-1.26359 nmse_prop=0.10373 nmse_ls=0.13374 lr=2.625e-04 step_time=0.218s steps_per_s=2.584 gpu_mem=0.18GiB peak=2.43GiB
[TRAIN] step=09400 loss=-1.89722 nmse_prop=0.05640 nmse_ls=0.08387 lr=2.620e-04 step_time=0.129s steps_per_s=2.587 gpu_mem=0.18GiB peak=2.43GiB
[TRAIN] step=09500 loss=-1.06738 nmse_prop=0.12485 nmse_ls=0.14743 lr=2.615e-04 step_time=0.308s steps_per_s=2.592 gpu_mem=0.18GiB peak=2.43GiB
[TRAIN] step=09600 loss=-1.40816 nmse_prop=0.09074 nmse_ls=0.10729 lr=2.610e-04 step_time=0.310s steps_per_s=2.595 gpu_mem=0.18GiB peak=2.43GiB
[TRAIN] step=09700 loss=-1.97586 nmse_prop=0.05281 nmse_ls=0.06071 lr=2.605e-04 step_time=0.398s steps_per_s=2.598 gpu_mem=0.18GiB peak=2.43GiB
[TRAIN] step=09800 loss=-2.19786 nmse_prop=0.04286 nmse_ls=0.06114 lr=2.600e-04 step_time=0.129s steps_per_s=2.602 gpu_mem=0.18GiB peak=2.43GiB
[TRAIN] step=09900 loss=-1.86341 nmse_prop=0.05875 nmse_ls=0.08587 lr=2.595e-04 step_time=0.129s steps_per_s=2.605 gpu_mem=0.18GiB peak=2.43GiB
[TRAIN] step=10000 loss=-1.33670 nmse_prop=0.09726 nmse_ls=0.11668 lr=2.590e-04 step_time=111.142s steps_per_s=2.536 gpu_mem=0.18GiB peak=2.43GiB
[TRAIN] saved resumable state at step=10000 reason=periodic: /lustre10/scratch/rsadve1/Ablations_Wave3/TWC_plots_comprehensive/runs_rx16/seed7/1dmrs/dncnn_trunk_lr05_d256_l7/checkpoints/training_state/ckpt-10000
[TRAIN] step=10100 loss=-1.52798 nmse_prop=0.08056 nmse_ls=0.09640 lr=2.584e-04 step_time=0.308s steps_per_s=2.534 gpu_mem=0.18GiB peak=2.43GiB
[TRAIN] step=10200 loss=-1.55971 nmse_prop=0.07816 nmse_ls=0.09021 lr=2.579e-04 step_time=0.399s steps_per_s=2.538 gpu_mem=0.18GiB peak=2.43GiB
[TRAIN] step=10300 loss=-1.80861 nmse_prop=0.06153 nmse_ls=0.07428 lr=2.574e-04 step_time=0.308s steps_per_s=2.541 gpu_mem=0.18GiB peak=2.43GiB
[TRAIN] step=10400 loss=-2.26093 nmse_prop=0.04022 nmse_ls=0.04895 lr=2.569e-04 step_time=0.308s steps_per_s=2.544 gpu_mem=0.18GiB peak=2.43GiB
[TRAIN] step=10500 loss=-0.94788 nmse_prop=0.13977 nmse_ls=0.16096 lr=2.563e-04 step_time=0.398s steps_per_s=2.548 gpu_mem=0.18GiB peak=2.43GiB
[TRAIN] step=10600 loss=-1.78758 nmse_prop=0.06301 nmse_ls=0.07605 lr=2.558e-04 step_time=0.307s steps_per_s=2.552 gpu_mem=0.18GiB peak=2.43GiB
[TRAIN] step=10700 loss=-2.22953 nmse_prop=0.04107 nmse_ls=0.04837 lr=2.552e-04 step_time=0.397s steps_per_s=2.555 gpu_mem=0.18GiB peak=2.43GiB
[TRAIN] step=10800 loss=-1.42207 nmse_prop=0.08932 nmse_ls=0.10313 lr=2.547e-04 step_time=0.398s steps_per_s=2.559 gpu_mem=0.18GiB peak=2.43GiB
[TRAIN] step=10900 loss=-1.68151 nmse_prop=0.06950 nmse_ls=0.07994 lr=2.541e-04 step_time=0.399s steps_per_s=2.562 gpu_mem=0.18GiB peak=2.43GiB
[TRAIN] step=11000 loss=-1.01634 nmse_prop=0.13114 nmse_ls=0.15212 lr=2.536e-04 step_time=0.397s steps_per_s=2.567 gpu_mem=0.18GiB peak=2.43GiB
[TRAIN] saved resumable state at step=11000 reason=periodic: /lustre10/scratch/rsadve1/Ablations_Wave3/TWC_plots_comprehensive/runs_rx16/seed7/1dmrs/dncnn_trunk_lr05_d256_l7/checkpoints/training_state/ckpt-11000
[TRAIN] step=11100 loss=-1.58848 nmse_prop=0.07632 nmse_ls=0.11763 lr=2.530e-04 step_time=0.129s steps_per_s=2.562 gpu_mem=0.18GiB peak=2.43GiB
[TRAIN] step=11200 loss=-1.76882 nmse_prop=0.06429 nmse_ls=0.08603 lr=2.525e-04 step_time=0.217s steps_per_s=2.564 gpu_mem=0.18GiB peak=2.43GiB
[TRAIN] step=11300 loss=-0.78400 nmse_prop=0.16415 nmse_ls=0.19995 lr=2.519e-04 step_time=0.307s steps_per_s=2.567 gpu_mem=0.18GiB peak=2.43GiB
[TRAIN] step=11400 loss=-2.59025 nmse_prop=0.02949 nmse_ls=0.03504 lr=2.513e-04 step_time=0.399s steps_per_s=2.570 gpu_mem=0.18GiB peak=2.43GiB
[TRAIN] step=11500 loss=-1.41136 nmse_prop=0.09021 nmse_ls=0.10479 lr=2.507e-04 step_time=0.397s steps_per_s=2.573 gpu_mem=0.18GiB peak=2.43GiB
[TRAIN] step=11600 loss=-0.69967 nmse_prop=0.17691 nmse_ls=0.20664 lr=2.501e-04 step_time=0.398s steps_per_s=2.576 gpu_mem=0.18GiB peak=2.43GiB
[TRAIN] step=11700 loss=-2.53430 nmse_prop=0.03160 nmse_ls=0.04085 lr=2.496e-04 step_time=0.218s steps_per_s=2.580 gpu_mem=0.18GiB peak=2.43GiB
[TRAIN] step=11800 loss=-2.45007 nmse_prop=0.03389 nmse_ls=0.04000 lr=2.490e-04 step_time=0.397s steps_per_s=2.582 gpu_mem=0.18GiB peak=2.43GiB
[TRAIN] step=11900 loss=-2.03206 nmse_prop=0.04991 nmse_ls=0.05905 lr=2.484e-04 step_time=0.399s steps_per_s=2.586 gpu_mem=0.18GiB peak=2.43GiB
WARNING:tensorflow:Model's `__init__()` arguments contain non-serializable objects. Please implement a `get_config()` method in the subclassed Model for proper saving and loading. Defaulting to empty config.
WARNING:tensorflow:Model's `__init__()` arguments contain non-serializable objects. Please implement a `get_config()` method in the subclassed Model for proper saving and loading. Defaulting to empty config.
[TRAIN] saved new best weights at step=12000 val_nmse=0.0748539
[TRAIN] step=12000 loss=-0.97451 nmse_prop=0.13649 nmse_ls=0.15893 lr=2.478e-04 step_time=112.666s steps_per_s=2.528 gpu_mem=0.18GiB peak=2.43GiB
[TRAIN] saved resumable state at step=12000 reason=periodic: /lustre10/scratch/rsadve1/Ablations_Wave3/TWC_plots_comprehensive/runs_rx16/seed7/1dmrs/dncnn_trunk_lr05_d256_l7/checkpoints/training_state/ckpt-12000
[TRAIN] step=12100 loss=-1.86043 nmse_prop=0.05889 nmse_ls=0.06883 lr=2.472e-04 step_time=0.397s steps_per_s=2.530 gpu_mem=0.18GiB peak=2.43GiB
[TRAIN] step=12200 loss=-1.34818 nmse_prop=0.09639 nmse_ls=0.11262 lr=2.466e-04 step_time=0.397s steps_per_s=2.533 gpu_mem=0.18GiB peak=2.43GiB
[TRAIN] step=12300 loss=-2.47761 nmse_prop=0.03299 nmse_ls=0.04069 lr=2.460e-04 step_time=0.308s steps_per_s=2.536 gpu_mem=0.18GiB peak=2.43GiB
[TRAIN] step=12400 loss=-1.52514 nmse_prop=0.08101 nmse_ls=0.09976 lr=2.453e-04 step_time=0.308s steps_per_s=2.539 gpu_mem=0.18GiB peak=2.43GiB
[TRAIN] step=12500 loss=-2.20514 nmse_prop=0.04276 nmse_ls=0.05046 lr=2.447e-04 step_time=0.398s steps_per_s=2.542 gpu_mem=0.18GiB peak=2.43GiB
[TRAIN] step=12600 loss=-0.76919 nmse_prop=0.16659 nmse_ls=0.20872 lr=2.441e-04 step_time=0.309s steps_per_s=2.546 gpu_mem=0.18GiB peak=2.43GiB
[TRAIN] step=12700 loss=-2.23292 nmse_prop=0.04131 nmse_ls=0.05678 lr=2.435e-04 step_time=0.219s steps_per_s=2.549 gpu_mem=0.18GiB peak=2.43GiB
[TRAIN] step=12800 loss=-0.84479 nmse_prop=0.15569 nmse_ls=0.19506 lr=2.428e-04 step_time=0.312s steps_per_s=2.552 gpu_mem=0.18GiB peak=2.43GiB
[TRAIN] step=12900 loss=-1.65513 nmse_prop=0.07131 nmse_ls=0.11009 lr=2.422e-04 step_time=0.129s steps_per_s=2.555 gpu_mem=0.18GiB peak=2.43GiB
[TRAIN] step=13000 loss=-0.57924 nmse_prop=0.19912 nmse_ls=0.25002 lr=2.416e-04 step_time=0.318s steps_per_s=2.558 gpu_mem=0.18GiB peak=2.43GiB
[TRAIN] saved resumable state at step=13000 reason=periodic: /lustre10/scratch/rsadve1/Ablations_Wave3/TWC_plots_comprehensive/runs_rx16/seed7/1dmrs/dncnn_trunk_lr05_d256_l7/checkpoints/training_state/ckpt-13000
[TRAIN] step=13100 loss=-1.48934 nmse_prop=0.08351 nmse_ls=0.09799 lr=2.409e-04 step_time=0.399s steps_per_s=2.560 gpu_mem=0.18GiB peak=2.43GiB
[TRAIN] step=13200 loss=-0.89117 nmse_prop=0.14863 nmse_ls=0.17673 lr=2.403e-04 step_time=0.398s steps_per_s=2.563 gpu_mem=0.18GiB peak=2.43GiB
[TRAIN] step=13300 loss=-2.33604 nmse_prop=0.03762 nmse_ls=0.04663 lr=2.396e-04 step_time=0.309s steps_per_s=2.565 gpu_mem=0.18GiB peak=2.43GiB
[TRAIN] step=13400 loss=-1.84020 nmse_prop=0.06019 nmse_ls=0.07095 lr=2.390e-04 step_time=0.396s steps_per_s=2.568 gpu_mem=0.18GiB peak=2.43GiB
[TRAIN] step=13500 loss=-1.71867 nmse_prop=0.06754 nmse_ls=0.09484 lr=2.383e-04 step_time=0.219s steps_per_s=2.571 gpu_mem=0.18GiB peak=2.43GiB
[TRAIN] step=13600 loss=-2.30970 nmse_prop=0.03855 nmse_ls=0.04609 lr=2.377e-04 step_time=0.397s steps_per_s=2.573 gpu_mem=0.18GiB peak=2.43GiB
[TRAIN] step=13700 loss=-2.03298 nmse_prop=0.05015 nmse_ls=0.05972 lr=2.370e-04 step_time=0.398s steps_per_s=2.575 gpu_mem=0.18GiB peak=2.43GiB
[TRAIN] step=13800 loss=-1.29847 nmse_prop=0.10038 nmse_ls=0.11911 lr=2.363e-04 step_time=0.397s steps_per_s=2.578 gpu_mem=0.18GiB peak=2.43GiB
[TRAIN] step=13900 loss=-1.86828 nmse_prop=0.05863 nmse_ls=0.08813 lr=2.357e-04 step_time=0.128s steps_per_s=2.581 gpu_mem=0.18GiB peak=2.43GiB
WARNING:tensorflow:Model's `__init__()` arguments contain non-serializable objects. Please implement a `get_config()` method in the subclassed Model for proper saving and loading. Defaulting to empty config.
WARNING:tensorflow:Model's `__init__()` arguments contain non-serializable objects. Please implement a `get_config()` method in the subclassed Model for proper saving and loading. Defaulting to empty config.
[TRAIN] saved new best weights at step=14000 val_nmse=0.0733779
[TRAIN] step=14000 loss=-1.00376 nmse_prop=0.13353 nmse_ls=0.15976 lr=2.350e-04 step_time=109.075s steps_per_s=2.533 gpu_mem=0.18GiB peak=2.43GiB
[TRAIN] saved resumable state at step=14000 reason=periodic: /lustre10/scratch/rsadve1/Ablations_Wave3/TWC_plots_comprehensive/runs_rx16/seed7/1dmrs/dncnn_trunk_lr05_d256_l7/checkpoints/training_state/ckpt-14000
[TRAIN] step=14100 loss=-1.68722 nmse_prop=0.06978 nmse_ls=0.08810 lr=2.343e-04 step_time=0.306s steps_per_s=2.534 gpu_mem=0.18GiB peak=2.43GiB
[TRAIN] step=14200 loss=-2.20856 nmse_prop=0.04225 nmse_ls=0.05035 lr=2.336e-04 step_time=0.397s steps_per_s=2.537 gpu_mem=0.18GiB peak=2.43GiB
[TRAIN] step=14300 loss=-2.11003 nmse_prop=0.04624 nmse_ls=0.05529 lr=2.329e-04 step_time=0.397s steps_per_s=2.541 gpu_mem=0.18GiB peak=2.43GiB
[TRAIN] step=14400 loss=-2.03681 nmse_prop=0.04990 nmse_ls=0.06213 lr=2.323e-04 step_time=0.307s steps_per_s=2.544 gpu_mem=0.18GiB peak=2.43GiB
[TRAIN] step=14500 loss=-1.28253 nmse_prop=0.10286 nmse_ls=0.12294 lr=2.316e-04 step_time=0.401s steps_per_s=2.546 gpu_mem=0.18GiB peak=2.43GiB
[TRAIN] step=14600 loss=-2.49239 nmse_prop=0.03282 nmse_ls=0.04082 lr=2.309e-04 step_time=0.307s steps_per_s=2.549 gpu_mem=0.18GiB peak=2.43GiB
[TRAIN] step=14700 loss=-1.71757 nmse_prop=0.06763 nmse_ls=0.08108 lr=2.302e-04 step_time=0.396s steps_per_s=2.552 gpu_mem=0.18GiB peak=2.43GiB
[TRAIN] step=14800 loss=-2.44352 nmse_prop=0.03445 nmse_ls=0.04748 lr=2.295e-04 step_time=0.216s steps_per_s=2.555 gpu_mem=0.18GiB peak=2.43GiB
[TRAIN] step=14900 loss=-1.74741 nmse_prop=0.06568 nmse_ls=0.07826 lr=2.288e-04 step_time=0.397s steps_per_s=2.558 gpu_mem=0.18GiB peak=2.43GiB
[TRAIN] step=15000 loss=-2.80850 nmse_prop=0.02419 nmse_ls=0.03489 lr=2.281e-04 step_time=0.128s steps_per_s=2.560 gpu_mem=0.18GiB peak=2.43GiB
[TRAIN] saved resumable state at step=15000 reason=periodic: /lustre10/scratch/rsadve1/Ablations_Wave3/TWC_plots_comprehensive/runs_rx16/seed7/1dmrs/dncnn_trunk_lr05_d256_l7/checkpoints/training_state/ckpt-15000
[TRAIN] step=15100 loss=-2.46567 nmse_prop=0.03381 nmse_ls=0.04064 lr=2.273e-04 step_time=0.399s steps_per_s=2.561 gpu_mem=0.18GiB peak=2.43GiB
[TRAIN] step=15200 loss=-2.38398 nmse_prop=0.03647 nmse_ls=0.04486 lr=2.266e-04 step_time=0.307s steps_per_s=2.563 gpu_mem=0.18GiB peak=2.43GiB
[TRAIN] step=15300 loss=-2.14817 nmse_prop=0.04508 nmse_ls=0.05602 lr=2.259e-04 step_time=0.306s steps_per_s=2.566 gpu_mem=0.18GiB peak=2.43GiB
[TRAIN] step=15400 loss=-2.61863 nmse_prop=0.02946 nmse_ls=0.03979 lr=2.252e-04 step_time=0.217s steps_per_s=2.568 gpu_mem=0.18GiB peak=2.43GiB
[TRAIN] step=15500 loss=-0.95068 nmse_prop=0.14106 nmse_ls=0.18189 lr=2.245e-04 step_time=0.309s steps_per_s=2.571 gpu_mem=0.18GiB peak=2.43GiB
[TRAIN] step=15600 loss=-2.11523 nmse_prop=0.04647 nmse_ls=0.06593 lr=2.237e-04 step_time=0.217s steps_per_s=2.573 gpu_mem=0.18GiB peak=2.43GiB
[TRAIN] step=15700 loss=-2.59121 nmse_prop=0.02997 nmse_ls=0.03709 lr=2.230e-04 step_time=0.307s steps_per_s=2.575 gpu_mem=0.18GiB peak=2.43GiB
[TRAIN] step=15800 loss=-1.52045 nmse_prop=0.08182 nmse_ls=0.09834 lr=2.223e-04 step_time=0.397s steps_per_s=2.578 gpu_mem=0.18GiB peak=2.43GiB
[TRAIN] step=15900 loss=-2.39996 nmse_prop=0.03517 nmse_ls=0.04938 lr=2.215e-04 step_time=0.218s steps_per_s=2.580 gpu_mem=0.18GiB peak=2.43GiB
WARNING:tensorflow:Model's `__init__()` arguments contain non-serializable objects. Please implement a `get_config()` method in the subclassed Model for proper saving and loading. Defaulting to empty config.
WARNING:tensorflow:Model's `__init__()` arguments contain non-serializable objects. Please implement a `get_config()` method in the subclassed Model for proper saving and loading. Defaulting to empty config.
[TRAIN] saved new best weights at step=16000 val_nmse=0.0731933
[TRAIN] step=16000 loss=-1.91680 nmse_prop=0.05609 nmse_ls=0.07154 lr=2.208e-04 step_time=111.681s steps_per_s=2.536 gpu_mem=0.18GiB peak=2.43GiB
[TRAIN] saved resumable state at step=16000 reason=periodic: /lustre10/scratch/rsadve1/Ablations_Wave3/TWC_plots_comprehensive/runs_rx16/seed7/1dmrs/dncnn_trunk_lr05_d256_l7/checkpoints/training_state/ckpt-16000
[TRAIN] step=16100 loss=-2.21806 nmse_prop=0.04210 nmse_ls=0.05389 lr=2.200e-04 step_time=0.307s steps_per_s=2.538 gpu_mem=0.18GiB peak=2.43GiB
[TRAIN] step=16200 loss=-0.65629 nmse_prop=0.18583 nmse_ls=0.24217 lr=2.193e-04 step_time=0.308s steps_per_s=2.539 gpu_mem=0.18GiB peak=2.43GiB
[TRAIN] step=16300 loss=-1.13748 nmse_prop=0.11839 nmse_ls=0.14229 lr=2.186e-04 step_time=0.396s steps_per_s=2.542 gpu_mem=0.18GiB peak=2.43GiB
[TRAIN] step=16400 loss=-0.91311 nmse_prop=0.14586 nmse_ls=0.17747 lr=2.178e-04 step_time=0.396s steps_per_s=2.544 gpu_mem=0.18GiB peak=2.43GiB
[TRAIN] step=16500 loss=-2.36791 nmse_prop=0.03664 nmse_ls=0.04462 lr=2.170e-04 step_time=0.400s steps_per_s=2.546 gpu_mem=0.18GiB peak=2.43GiB
[TRAIN] step=16600 loss=-1.78279 nmse_prop=0.06319 nmse_ls=0.07653 lr=2.163e-04 step_time=0.396s steps_per_s=2.548 gpu_mem=0.18GiB peak=2.43GiB
[TRAIN] step=16700 loss=-2.60403 nmse_prop=0.02948 nmse_ls=0.03683 lr=2.155e-04 step_time=0.307s steps_per_s=2.551 gpu_mem=0.18GiB peak=2.43GiB
[TRAIN] step=16800 loss=-0.94921 nmse_prop=0.14058 nmse_ls=0.21437 lr=2.148e-04 step_time=0.217s steps_per_s=2.553 gpu_mem=0.18GiB peak=2.43GiB
[TRAIN] step=16900 loss=-0.96461 nmse_prop=0.13913 nmse_ls=0.16961 lr=2.140e-04 step_time=0.396s steps_per_s=2.556 gpu_mem=0.18GiB peak=2.43GiB
[TRAIN] step=17000 loss=-1.37763 nmse_prop=0.09414 nmse_ls=0.12258 lr=2.132e-04 step_time=0.307s steps_per_s=2.558 gpu_mem=0.18GiB peak=2.43GiB
[TRAIN] saved resumable state at step=17000 reason=periodic: /lustre10/scratch/rsadve1/Ablations_Wave3/TWC_plots_comprehensive/runs_rx16/seed7/1dmrs/dncnn_trunk_lr05_d256_l7/checkpoints/training_state/ckpt-17000
[TRAIN] step=17100 loss=-2.59802 nmse_prop=0.02978 nmse_ls=0.04178 lr=2.125e-04 step_time=0.217s steps_per_s=2.560 gpu_mem=0.18GiB peak=2.43GiB
[TRAIN] step=17200 loss=-1.35200 nmse_prop=0.09641 nmse_ls=0.11680 lr=2.117e-04 step_time=0.396s steps_per_s=2.562 gpu_mem=0.18GiB peak=2.43GiB
[TRAIN] step=17300 loss=-0.89783 nmse_prop=0.14791 nmse_ls=0.18158 lr=2.109e-04 step_time=0.396s steps_per_s=2.564 gpu_mem=0.18GiB peak=2.43GiB
[TRAIN] step=17400 loss=-1.05566 nmse_prop=0.12691 nmse_ls=0.22326 lr=2.101e-04 step_time=0.129s steps_per_s=2.567 gpu_mem=0.18GiB peak=2.43GiB
[TRAIN] step=17500 loss=-1.00534 nmse_prop=0.13414 nmse_ls=0.17629 lr=2.094e-04 step_time=0.307s steps_per_s=2.569 gpu_mem=0.18GiB peak=2.43GiB
[TRAIN] step=17600 loss=-1.12650 nmse_prop=0.12051 nmse_ls=0.15803 lr=2.086e-04 step_time=0.307s steps_per_s=2.570 gpu_mem=0.18GiB peak=2.43GiB
[TRAIN] step=17700 loss=-1.07755 nmse_prop=0.12574 nmse_ls=0.15393 lr=2.078e-04 step_time=0.398s steps_per_s=2.573 gpu_mem=0.18GiB peak=2.43GiB
[TRAIN] step=17800 loss=-0.64188 nmse_prop=0.18828 nmse_ls=0.24792 lr=2.070e-04 step_time=0.308s steps_per_s=2.574 gpu_mem=0.18GiB peak=2.43GiB
[TRAIN] step=17900 loss=-2.00470 nmse_prop=0.05145 nmse_ls=0.06324 lr=2.062e-04 step_time=0.396s steps_per_s=2.577 gpu_mem=0.18GiB peak=2.43GiB
WARNING:tensorflow:Model's `__init__()` arguments contain non-serializable objects. Please implement a `get_config()` method in the subclassed Model for proper saving and loading. Defaulting to empty config.
WARNING:tensorflow:Model's `__init__()` arguments contain non-serializable objects. Please implement a `get_config()` method in the subclassed Model for proper saving and loading. Defaulting to empty config.
[TRAIN] saved new best weights at step=18000 val_nmse=0.0665905
[TRAIN] step=18000 loss=-2.00258 nmse_prop=0.05209 nmse_ls=0.06707 lr=2.054e-04 step_time=111.458s steps_per_s=2.537 gpu_mem=0.18GiB peak=2.43GiB
[TRAIN] saved resumable state at step=18000 reason=periodic: /lustre10/scratch/rsadve1/Ablations_Wave3/TWC_plots_comprehensive/runs_rx16/seed7/1dmrs/dncnn_trunk_lr05_d256_l7/checkpoints/training_state/ckpt-18000
[TRAIN] step=18100 loss=-1.75246 nmse_prop=0.06566 nmse_ls=0.08021 lr=2.046e-04 step_time=0.396s steps_per_s=2.538 gpu_mem=0.18GiB peak=2.43GiB
[TRAIN] step=18200 loss=-1.31056 nmse_prop=0.10069 nmse_ls=0.12289 lr=2.038e-04 step_time=0.395s steps_per_s=2.540 gpu_mem=0.18GiB peak=2.43GiB
[TRAIN] step=18300 loss=-1.19381 nmse_prop=0.11220 nmse_ls=0.13669 lr=2.030e-04 step_time=0.396s steps_per_s=2.542 gpu_mem=0.18GiB peak=2.43GiB
[TRAIN] step=18400 loss=-2.41340 nmse_prop=0.03543 nmse_ls=0.04307 lr=2.022e-04 step_time=0.398s steps_per_s=2.544 gpu_mem=0.19GiB peak=2.43GiB
[TRAIN] step=18500 loss=-1.34792 nmse_prop=0.09641 nmse_ls=0.11814 lr=2.014e-04 step_time=0.398s steps_per_s=2.546 gpu_mem=0.18GiB peak=2.43GiB
[TRAIN] step=18600 loss=-2.46556 nmse_prop=0.03380 nmse_ls=0.04343 lr=2.006e-04 step_time=0.307s steps_per_s=2.548 gpu_mem=0.18GiB peak=2.43GiB
[TRAIN] step=18700 loss=-2.34641 nmse_prop=0.03703 nmse_ls=0.04578 lr=1.998e-04 step_time=0.399s steps_per_s=2.550 gpu_mem=0.19GiB peak=2.43GiB
[TRAIN] step=18800 loss=-1.20171 nmse_prop=0.11151 nmse_ls=0.13817 lr=1.990e-04 step_time=0.397s steps_per_s=2.553 gpu_mem=0.18GiB peak=2.43GiB
[TRAIN] step=18900 loss=-1.15859 nmse_prop=0.11618 nmse_ls=0.15417 lr=1.982e-04 step_time=0.308s steps_per_s=2.554 gpu_mem=0.18GiB peak=2.43GiB
[TRAIN] step=19000 loss=-2.00633 nmse_prop=0.05122 nmse_ls=0.07730 lr=1.974e-04 step_time=0.218s steps_per_s=2.556 gpu_mem=0.18GiB peak=2.43GiB
[TRAIN] saved resumable state at step=19000 reason=periodic: /lustre10/scratch/rsadve1/Ablations_Wave3/TWC_plots_comprehensive/runs_rx16/seed7/1dmrs/dncnn_trunk_lr05_d256_l7/checkpoints/training_state/ckpt-19000
[TRAIN] step=19100 loss=-1.60146 nmse_prop=0.07603 nmse_ls=0.09376 lr=1.965e-04 step_time=0.397s steps_per_s=2.558 gpu_mem=0.18GiB peak=2.43GiB
[TRAIN] step=19200 loss=-1.73283 nmse_prop=0.06692 nmse_ls=0.10347 lr=1.957e-04 step_time=0.218s steps_per_s=2.559 gpu_mem=0.18GiB peak=2.43GiB
[TRAIN] step=19300 loss=-2.13297 nmse_prop=0.04547 nmse_ls=0.05607 lr=1.949e-04 step_time=0.399s steps_per_s=2.561 gpu_mem=0.18GiB peak=2.43GiB
[TRAIN] step=19400 loss=-2.50323 nmse_prop=0.03237 nmse_ls=0.04175 lr=1.941e-04 step_time=0.308s steps_per_s=2.563 gpu_mem=0.19GiB peak=2.43GiB
[TRAIN] step=19500 loss=-1.65009 nmse_prop=0.07274 nmse_ls=0.09671 lr=1.933e-04 step_time=0.308s steps_per_s=2.565 gpu_mem=0.18GiB peak=2.43GiB
[TRAIN] step=19600 loss=-2.28842 nmse_prop=0.03972 nmse_ls=0.06359 lr=1.924e-04 step_time=0.128s steps_per_s=2.566 gpu_mem=0.19GiB peak=2.43GiB
[TRAIN] step=19700 loss=-2.18684 nmse_prop=0.04355 nmse_ls=0.05735 lr=1.916e-04 step_time=0.308s steps_per_s=2.568 gpu_mem=0.18GiB peak=2.43GiB
[TRAIN] step=19800 loss=-2.31104 nmse_prop=0.03873 nmse_ls=0.04776 lr=1.908e-04 step_time=0.397s steps_per_s=2.570 gpu_mem=0.18GiB peak=2.43GiB
[TRAIN] step=19900 loss=-2.04099 nmse_prop=0.04970 nmse_ls=0.07623 lr=1.899e-04 step_time=0.218s steps_per_s=2.573 gpu_mem=0.18GiB peak=2.43GiB
[TRAIN] step=20000 loss=-0.88108 nmse_prop=0.15104 nmse_ls=0.18856 lr=1.891e-04 step_time=108.784s steps_per_s=2.539 gpu_mem=0.18GiB peak=2.43GiB
[TRAIN] saved resumable state at step=20000 reason=periodic: /lustre10/scratch/rsadve1/Ablations_Wave3/TWC_plots_comprehensive/runs_rx16/seed7/1dmrs/dncnn_trunk_lr05_d256_l7/checkpoints/training_state/ckpt-20000
[TRAIN] step=20100 loss=-1.33893 nmse_prop=0.09805 nmse_ls=0.12186 lr=1.883e-04 step_time=0.397s steps_per_s=2.540 gpu_mem=0.19GiB peak=2.43GiB
[TRAIN] step=20200 loss=-1.32952 nmse_prop=0.09904 nmse_ls=0.12290 lr=1.874e-04 step_time=0.398s steps_per_s=2.542 gpu_mem=0.19GiB peak=2.43GiB
[TRAIN] step=20300 loss=-1.34397 nmse_prop=0.09675 nmse_ls=0.15605 lr=1.866e-04 step_time=0.219s steps_per_s=2.544 gpu_mem=0.18GiB peak=2.43GiB
[TRAIN] step=20400 loss=-2.27663 nmse_prop=0.03974 nmse_ls=0.04957 lr=1.857e-04 step_time=0.396s steps_per_s=2.546 gpu_mem=0.18GiB peak=2.43GiB
[TRAIN] step=20500 loss=-2.01807 nmse_prop=0.05115 nmse_ls=0.06739 lr=1.849e-04 step_time=0.308s steps_per_s=2.547 gpu_mem=0.19GiB peak=2.43GiB
[TRAIN] step=20600 loss=-1.73318 nmse_prop=0.06696 nmse_ls=0.08364 lr=1.841e-04 step_time=0.396s steps_per_s=2.549 gpu_mem=0.18GiB peak=2.43GiB
[TRAIN] step=20700 loss=-1.50877 nmse_prop=0.08317 nmse_ls=0.10371 lr=1.832e-04 step_time=0.395s steps_per_s=2.551 gpu_mem=0.19GiB peak=2.43GiB
[TRAIN] step=20800 loss=-0.98650 nmse_prop=0.13731 nmse_ls=0.17261 lr=1.824e-04 step_time=0.397s steps_per_s=2.553 gpu_mem=0.18GiB peak=2.43GiB
[TRAIN] step=20900 loss=-1.11369 nmse_prop=0.12164 nmse_ls=0.15274 lr=1.815e-04 step_time=0.399s steps_per_s=2.555 gpu_mem=0.19GiB peak=2.43GiB
[TRAIN] step=21000 loss=-2.59201 nmse_prop=0.02999 nmse_ls=0.03915 lr=1.807e-04 step_time=0.307s steps_per_s=2.557 gpu_mem=0.19GiB peak=2.43GiB
[TRAIN] saved resumable state at step=21000 reason=periodic: /lustre10/scratch/rsadve1/Ablations_Wave3/TWC_plots_comprehensive/runs_rx16/seed7/1dmrs/dncnn_trunk_lr05_d256_l7/checkpoints/training_state/ckpt-21000
[TRAIN] step=21100 loss=-1.95070 nmse_prop=0.05455 nmse_ls=0.08443 lr=1.798e-04 step_time=0.218s steps_per_s=2.558 gpu_mem=0.19GiB peak=2.43GiB
[TRAIN] step=21200 loss=-2.57946 nmse_prop=0.03033 nmse_ls=0.03981 lr=1.790e-04 step_time=0.308s steps_per_s=2.560 gpu_mem=0.19GiB peak=2.43GiB
[TRAIN] step=21300 loss=-0.91294 nmse_prop=0.14784 nmse_ls=0.18643 lr=1.781e-04 step_time=0.398s steps_per_s=2.562 gpu_mem=0.19GiB peak=2.43GiB
[TRAIN] step=21400 loss=-1.49546 nmse_prop=0.08469 nmse_ls=0.11447 lr=1.773e-04 step_time=0.308s steps_per_s=2.563 gpu_mem=0.19GiB peak=2.43GiB
[TRAIN] step=21500 loss=-0.96631 nmse_prop=0.13992 nmse_ls=0.19305 lr=1.764e-04 step_time=0.307s steps_per_s=2.565 gpu_mem=0.19GiB peak=2.43GiB
[TRAIN] step=21600 loss=-0.90598 nmse_prop=0.14876 nmse_ls=0.20426 lr=1.755e-04 step_time=0.309s steps_per_s=2.564 gpu_mem=0.19GiB peak=2.43GiB
[TRAIN] step=21700 loss=-1.96936 nmse_prop=0.05341 nmse_ls=0.06561 lr=1.747e-04 step_time=0.397s steps_per_s=2.566 gpu_mem=0.18GiB peak=2.43GiB
[TRAIN] step=21800 loss=-0.86726 nmse_prop=0.15318 nmse_ls=0.19316 lr=1.738e-04 step_time=0.399s steps_per_s=2.568 gpu_mem=0.19GiB peak=2.43GiB
[TRAIN] step=21900 loss=-2.50001 nmse_prop=0.03288 nmse_ls=0.04232 lr=1.730e-04 step_time=0.309s steps_per_s=2.569 gpu_mem=0.19GiB peak=2.43GiB
[TRAIN] step=22000 loss=-1.69280 nmse_prop=0.07020 nmse_ls=0.08776 lr=1.721e-04 step_time=112.417s steps_per_s=2.538 gpu_mem=0.19GiB peak=2.43GiB
[TRAIN] saved resumable state at step=22000 reason=periodic: /lustre10/scratch/rsadve1/Ablations_Wave3/TWC_plots_comprehensive/runs_rx16/seed7/1dmrs/dncnn_trunk_lr05_d256_l7/checkpoints/training_state/ckpt-22000
[TRAIN] step=22100 loss=-1.03570 nmse_prop=0.13098 nmse_ls=0.16457 lr=1.712e-04 step_time=0.400s steps_per_s=2.539 gpu_mem=0.19GiB peak=2.43GiB
[TRAIN] step=22200 loss=-2.28702 nmse_prop=0.03974 nmse_ls=0.04919 lr=1.704e-04 step_time=0.399s steps_per_s=2.541 gpu_mem=0.19GiB peak=2.43GiB
[TRAIN] step=22300 loss=-1.75040 nmse_prop=0.06591 nmse_ls=0.08248 lr=1.695e-04 step_time=0.398s steps_per_s=2.542 gpu_mem=0.19GiB peak=2.43GiB
[TRAIN] step=22400 loss=-1.68752 nmse_prop=0.07042 nmse_ls=0.09381 lr=1.686e-04 step_time=0.307s steps_per_s=2.544 gpu_mem=0.19GiB peak=2.43GiB
[TRAIN] step=22500 loss=-1.99647 nmse_prop=0.05231 nmse_ls=0.06496 lr=1.678e-04 step_time=0.399s steps_per_s=2.546 gpu_mem=0.19GiB peak=2.43GiB
[TRAIN] step=22600 loss=-1.75475 nmse_prop=0.06604 nmse_ls=0.08242 lr=1.669e-04 step_time=0.398s steps_per_s=2.548 gpu_mem=0.19GiB peak=2.43GiB
[TRAIN] step=22700 loss=-1.98311 nmse_prop=0.05315 nmse_ls=0.07061 lr=1.660e-04 step_time=0.307s steps_per_s=2.550 gpu_mem=0.19GiB peak=2.43GiB
[TRAIN] step=22800 loss=-1.56516 nmse_prop=0.07948 nmse_ls=0.10852 lr=1.652e-04 step_time=0.308s steps_per_s=2.551 gpu_mem=0.19GiB peak=2.43GiB
[TRAIN] step=22900 loss=-0.81351 nmse_prop=0.16244 nmse_ls=0.20603 lr=1.643e-04 step_time=0.400s steps_per_s=2.553 gpu_mem=0.19GiB peak=2.43GiB
[TRAIN] step=23000 loss=-2.19285 nmse_prop=0.04330 nmse_ls=0.05758 lr=1.634e-04 step_time=0.308s steps_per_s=2.554 gpu_mem=0.19GiB peak=2.43GiB
[TRAIN] saved resumable state at step=23000 reason=periodic: /lustre10/scratch/rsadve1/Ablations_Wave3/TWC_plots_comprehensive/runs_rx16/seed7/1dmrs/dncnn_trunk_lr05_d256_l7/checkpoints/training_state/ckpt-23000
[TRAIN] step=23100 loss=-2.16176 nmse_prop=0.04454 nmse_ls=0.05590 lr=1.626e-04 step_time=0.399s steps_per_s=2.555 gpu_mem=0.19GiB peak=2.43GiB
[TRAIN] step=23200 loss=-2.57123 nmse_prop=0.03110 nmse_ls=0.03990 lr=1.617e-04 step_time=0.308s steps_per_s=2.557 gpu_mem=0.19GiB peak=2.43GiB
[TRAIN] step=23300 loss=-2.00298 nmse_prop=0.05212 nmse_ls=0.06553 lr=1.608e-04 step_time=0.398s steps_per_s=2.559 gpu_mem=0.19GiB peak=2.43GiB
[TRAIN] step=23400 loss=-2.15886 nmse_prop=0.04473 nmse_ls=0.05588 lr=1.599e-04 step_time=0.401s steps_per_s=2.560 gpu_mem=0.19GiB peak=2.43GiB
[TRAIN] step=23500 loss=-1.40004 nmse_prop=0.09340 nmse_ls=0.11756 lr=1.591e-04 step_time=0.400s steps_per_s=2.562 gpu_mem=0.19GiB peak=2.43GiB
[TRAIN] step=23600 loss=-0.98519 nmse_prop=0.13954 nmse_ls=0.19420 lr=1.582e-04 step_time=0.308s steps_per_s=2.563 gpu_mem=0.19GiB peak=2.43GiB
[TRAIN] step=23700 loss=-1.39749 nmse_prop=0.09354 nmse_ls=0.11969 lr=1.573e-04 step_time=0.398s steps_per_s=2.564 gpu_mem=0.19GiB peak=2.43GiB
[TRAIN] step=23800 loss=-2.25644 nmse_prop=0.04132 nmse_ls=0.05107 lr=1.564e-04 step_time=0.399s steps_per_s=2.565 gpu_mem=0.19GiB peak=2.43GiB
[TRAIN] step=23900 loss=-2.38020 nmse_prop=0.03631 nmse_ls=0.05584 lr=1.556e-04 step_time=0.218s steps_per_s=2.567 gpu_mem=0.19GiB peak=2.43GiB
[TRAIN] step=24000 loss=-2.42528 nmse_prop=0.03484 nmse_ls=0.04541 lr=1.547e-04 step_time=112.550s steps_per_s=2.538 gpu_mem=0.19GiB peak=2.43GiB
[TRAIN] saved resumable state at step=24000 reason=periodic: /lustre10/scratch/rsadve1/Ablations_Wave3/TWC_plots_comprehensive/runs_rx16/seed7/1dmrs/dncnn_trunk_lr05_d256_l7/checkpoints/training_state/ckpt-24000
[TRAIN] step=24100 loss=-1.19770 nmse_prop=0.11436 nmse_ls=0.15971 lr=1.538e-04 step_time=0.309s steps_per_s=2.539 gpu_mem=0.19GiB peak=2.43GiB
[TRAIN] step=24200 loss=-2.33023 nmse_prop=0.03806 nmse_ls=0.04731 lr=1.529e-04 step_time=0.401s steps_per_s=2.540 gpu_mem=0.19GiB peak=2.43GiB
[TRAIN] step=24300 loss=-0.99593 nmse_prop=0.13513 nmse_ls=0.22738 lr=1.521e-04 step_time=0.217s steps_per_s=2.542 gpu_mem=0.19GiB peak=2.43GiB
[TRAIN] step=24400 loss=-2.13301 nmse_prop=0.04599 nmse_ls=0.05719 lr=1.512e-04 step_time=0.401s steps_per_s=2.543 gpu_mem=0.19GiB peak=2.43GiB
[TRAIN] step=24500 loss=-1.93820 nmse_prop=0.05488 nmse_ls=0.08740 lr=1.503e-04 step_time=0.218s steps_per_s=2.545 gpu_mem=0.19GiB peak=2.43GiB
[TRAIN] step=24600 loss=-1.41530 nmse_prop=0.09222 nmse_ls=0.12917 lr=1.494e-04 step_time=0.308s steps_per_s=2.547 gpu_mem=0.19GiB peak=2.43GiB
[TRAIN] step=24700 loss=-2.71879 nmse_prop=0.02680 nmse_ls=0.04180 lr=1.486e-04 step_time=0.129s steps_per_s=2.548 gpu_mem=0.19GiB peak=2.43GiB
[TRAIN] step=24800 loss=-1.55480 nmse_prop=0.08018 nmse_ls=0.10127 lr=1.477e-04 step_time=0.397s steps_per_s=2.550 gpu_mem=0.19GiB peak=2.43GiB
[TRAIN] step=24900 loss=-2.28508 nmse_prop=0.03993 nmse_ls=0.05011 lr=1.468e-04 step_time=0.398s steps_per_s=2.551 gpu_mem=0.19GiB peak=2.43GiB
[TRAIN] step=25000 loss=-2.51654 nmse_prop=0.03268 nmse_ls=0.04228 lr=1.459e-04 step_time=0.307s steps_per_s=2.553 gpu_mem=0.19GiB peak=2.43GiB
[TRAIN] saved resumable state at step=25000 reason=periodic: /lustre10/scratch/rsadve1/Ablations_Wave3/TWC_plots_comprehensive/runs_rx16/seed7/1dmrs/dncnn_trunk_lr05_d256_l7/checkpoints/training_state/ckpt-25000
[TRAIN] step=25100 loss=-0.69782 nmse_prop=0.18177 nmse_ls=0.23249 lr=1.450e-04 step_time=0.399s steps_per_s=2.554 gpu_mem=0.19GiB peak=2.43GiB
[TRAIN] step=25200 loss=-0.82864 nmse_prop=0.16115 nmse_ls=0.20543 lr=1.442e-04 step_time=0.398s steps_per_s=2.555 gpu_mem=0.19GiB peak=2.43GiB
[TRAIN] step=25300 loss=-1.68265 nmse_prop=0.07139 nmse_ls=0.09790 lr=1.433e-04 step_time=0.308s steps_per_s=2.557 gpu_mem=0.19GiB peak=2.43GiB
[TRAIN] step=25400 loss=-2.35485 nmse_prop=0.03732 nmse_ls=0.05663 lr=1.424e-04 step_time=0.218s steps_per_s=2.558 gpu_mem=0.19GiB peak=2.43GiB
[TRAIN] step=25500 loss=-1.72322 nmse_prop=0.06834 nmse_ls=0.08559 lr=1.415e-04 step_time=0.398s steps_per_s=2.560 gpu_mem=0.19GiB peak=2.43GiB
[TRAIN] step=25600 loss=-2.15641 nmse_prop=0.04480 nmse_ls=0.05677 lr=1.406e-04 step_time=0.397s steps_per_s=2.561 gpu_mem=0.19GiB peak=2.43GiB
[TRAIN] step=25700 loss=-0.57359 nmse_prop=0.20349 nmse_ls=0.26090 lr=1.398e-04 step_time=0.397s steps_per_s=2.562 gpu_mem=0.19GiB peak=2.43GiB
[TRAIN] step=25800 loss=-0.79455 nmse_prop=0.16582 nmse_ls=0.21288 lr=1.389e-04 step_time=0.396s steps_per_s=2.564 gpu_mem=0.19GiB peak=2.43GiB
[TRAIN] step=25900 loss=-2.40317 nmse_prop=0.03574 nmse_ls=0.04492 lr=1.380e-04 step_time=0.398s steps_per_s=2.565 gpu_mem=0.19GiB peak=2.43GiB
[TRAIN] step=26000 loss=-1.57272 nmse_prop=0.07847 nmse_ls=0.13227 lr=1.371e-04 step_time=110.012s steps_per_s=2.539 gpu_mem=0.19GiB peak=2.43GiB
[TRAIN] saved resumable state at step=26000 reason=periodic: /lustre10/scratch/rsadve1/Ablations_Wave3/TWC_plots_comprehensive/runs_rx16/seed7/1dmrs/dncnn_trunk_lr05_d256_l7/checkpoints/training_state/ckpt-26000
[TRAIN] step=26100 loss=-0.76739 nmse_prop=0.16910 nmse_ls=0.21598 lr=1.363e-04 step_time=0.395s steps_per_s=2.539 gpu_mem=0.19GiB peak=2.43GiB
[TRAIN] step=26200 loss=-1.76680 nmse_prop=0.06547 nmse_ls=0.08956 lr=1.354e-04 step_time=0.309s steps_per_s=2.541 gpu_mem=0.19GiB peak=2.43GiB
[TRAIN] step=26300 loss=-1.77550 nmse_prop=0.06488 nmse_ls=0.08231 lr=1.345e-04 step_time=0.398s steps_per_s=2.542 gpu_mem=0.19GiB peak=2.43GiB
[TRAIN] step=26400 loss=-2.11473 nmse_prop=0.04684 nmse_ls=0.05888 lr=1.336e-04 step_time=0.397s steps_per_s=2.544 gpu_mem=0.19GiB peak=2.43GiB
[TRAIN] step=26500 loss=-1.49384 nmse_prop=0.08529 nmse_ls=0.10905 lr=1.328e-04 step_time=0.397s steps_per_s=2.545 gpu_mem=0.19GiB peak=2.43GiB
[TRAIN] step=26600 loss=-1.02126 nmse_prop=0.13522 nmse_ls=0.19172 lr=1.319e-04 step_time=0.308s steps_per_s=2.547 gpu_mem=0.19GiB peak=2.43GiB
[TRAIN] step=26700 loss=-1.66959 nmse_prop=0.07215 nmse_ls=0.09159 lr=1.310e-04 step_time=0.397s steps_per_s=2.548 gpu_mem=0.19GiB peak=2.43GiB
[TRAIN] step=26800 loss=-0.61225 nmse_prop=0.19773 nmse_ls=0.25503 lr=1.301e-04 step_time=0.399s steps_per_s=2.549 gpu_mem=0.19GiB peak=2.43GiB
[TRAIN] step=26900 loss=-1.77973 nmse_prop=0.06453 nmse_ls=0.12302 lr=1.293e-04 step_time=0.129s steps_per_s=2.552 gpu_mem=0.19GiB peak=2.43GiB
[TRAIN] step=27000 loss=-2.18732 nmse_prop=0.04356 nmse_ls=0.06922 lr=1.284e-04 step_time=0.218s steps_per_s=2.553 gpu_mem=0.19GiB peak=2.43GiB
[TRAIN] saved resumable state at step=27000 reason=periodic: /lustre10/scratch/rsadve1/Ablations_Wave3/TWC_plots_comprehensive/runs_rx16/seed7/1dmrs/dncnn_trunk_lr05_d256_l7/checkpoints/training_state/ckpt-27000
[TRAIN] step=27100 loss=-2.35808 nmse_prop=0.03744 nmse_ls=0.04712 lr=1.275e-04 step_time=0.398s steps_per_s=2.554 gpu_mem=0.19GiB peak=2.43GiB
[TRAIN] step=27200 loss=-1.83397 nmse_prop=0.06153 nmse_ls=0.07788 lr=1.267e-04 step_time=0.399s steps_per_s=2.555 gpu_mem=0.19GiB peak=2.43GiB
[TRAIN] step=27300 loss=-0.66478 nmse_prop=0.18862 nmse_ls=0.24384 lr=1.258e-04 step_time=0.397s steps_per_s=2.556 gpu_mem=0.19GiB peak=2.43GiB
[TRAIN] step=27400 loss=-1.38905 nmse_prop=0.09473 nmse_ls=0.12111 lr=1.249e-04 step_time=0.397s steps_per_s=2.558 gpu_mem=0.19GiB peak=2.43GiB
[TRAIN] step=27500 loss=-1.33017 nmse_prop=0.10044 nmse_ls=0.20296 lr=1.241e-04 step_time=0.128s steps_per_s=2.559 gpu_mem=0.19GiB peak=2.43GiB
[TRAIN] step=27600 loss=-0.62127 nmse_prop=0.19628 nmse_ls=0.25397 lr=1.232e-04 step_time=0.397s steps_per_s=2.561 gpu_mem=0.19GiB peak=2.43GiB
[TRAIN] step=27700 loss=-1.60505 nmse_prop=0.07627 nmse_ls=0.12832 lr=1.223e-04 step_time=0.217s steps_per_s=2.562 gpu_mem=0.19GiB peak=2.43GiB
[TRAIN] step=27800 loss=-2.32498 nmse_prop=0.03881 nmse_ls=0.06772 lr=1.215e-04 step_time=0.129s steps_per_s=2.563 gpu_mem=0.19GiB peak=2.43GiB
[TRAIN] step=27900 loss=-1.89872 nmse_prop=0.05805 nmse_ls=0.07316 lr=1.206e-04 step_time=0.397s steps_per_s=2.564 gpu_mem=0.19GiB peak=2.43GiB
[TRAIN] step=28000 loss=-0.72632 nmse_prop=0.17669 nmse_ls=0.22753 lr=1.197e-04 step_time=110.163s steps_per_s=2.540 gpu_mem=0.19GiB peak=2.43GiB
[TRAIN] saved resumable state at step=28000 reason=periodic: /lustre10/scratch/rsadve1/Ablations_Wave3/TWC_plots_comprehensive/runs_rx16/seed7/1dmrs/dncnn_trunk_lr05_d256_l7/checkpoints/training_state/ckpt-28000
[TRAIN] step=28100 loss=-1.24763 nmse_prop=0.10923 nmse_ls=0.15322 lr=1.189e-04 step_time=0.310s steps_per_s=2.541 gpu_mem=0.19GiB peak=2.43GiB
[TRAIN] step=28200 loss=-2.72275 nmse_prop=0.02710 nmse_ls=0.03956 lr=1.180e-04 step_time=0.219s steps_per_s=2.542 gpu_mem=0.19GiB peak=2.43GiB
[TRAIN] step=28300 loss=-2.00716 nmse_prop=0.05184 nmse_ls=0.06635 lr=1.171e-04 step_time=0.398s steps_per_s=2.543 gpu_mem=0.19GiB peak=2.43GiB
[TRAIN] step=28400 loss=-0.67557 nmse_prop=0.18662 nmse_ls=0.24365 lr=1.163e-04 step_time=0.397s steps_per_s=2.544 gpu_mem=0.19GiB peak=2.43GiB
[TRAIN] step=28500 loss=-1.67606 nmse_prop=0.07244 nmse_ls=0.10012 lr=1.154e-04 step_time=0.309s steps_per_s=2.545 gpu_mem=0.19GiB peak=2.43GiB
[TRAIN] step=28600 loss=-2.11882 nmse_prop=0.04670 nmse_ls=0.05925 lr=1.146e-04 step_time=0.396s steps_per_s=2.547 gpu_mem=0.19GiB peak=2.43GiB
[TRAIN] step=28700 loss=-2.20994 nmse_prop=0.04283 nmse_ls=0.05434 lr=1.137e-04 step_time=0.398s steps_per_s=2.548 gpu_mem=0.19GiB peak=2.43GiB
[TRAIN] step=28800 loss=-1.98964 nmse_prop=0.05316 nmse_ls=0.06780 lr=1.129e-04 step_time=0.397s steps_per_s=2.549 gpu_mem=0.19GiB peak=2.43GiB
[TRAIN] step=28900 loss=-1.52800 nmse_prop=0.08283 nmse_ls=0.11677 lr=1.120e-04 step_time=0.308s steps_per_s=2.550 gpu_mem=0.19GiB peak=2.43GiB
[TRAIN] step=29000 loss=-1.60647 nmse_prop=0.07732 nmse_ls=0.10714 lr=1.112e-04 step_time=0.307s steps_per_s=2.551 gpu_mem=0.19GiB peak=2.43GiB
[TRAIN] saved resumable state at step=29000 reason=periodic: /lustre10/scratch/rsadve1/Ablations_Wave3/TWC_plots_comprehensive/runs_rx16/seed7/1dmrs/dncnn_trunk_lr05_d256_l7/checkpoints/training_state/ckpt-29000
[TRAIN] step=29100 loss=-1.97886 nmse_prop=0.05280 nmse_ls=0.08617 lr=1.103e-04 step_time=0.218s steps_per_s=2.545 gpu_mem=0.19GiB peak=2.43GiB
[TRAIN] step=29200 loss=-1.13925 nmse_prop=0.12079 nmse_ls=0.17292 lr=1.095e-04 step_time=0.308s steps_per_s=2.546 gpu_mem=0.19GiB peak=2.43GiB
[TRAIN] step=29300 loss=-1.16520 nmse_prop=0.11664 nmse_ls=0.20878 lr=1.086e-04 step_time=0.218s steps_per_s=2.547 gpu_mem=0.19GiB peak=2.43GiB
[TRAIN] step=29400 loss=-0.76355 nmse_prop=0.17162 nmse_ls=0.22403 lr=1.078e-04 step_time=0.397s steps_per_s=2.549 gpu_mem=0.19GiB peak=2.43GiB
[TRAIN] step=29500 loss=-2.23787 nmse_prop=0.04235 nmse_ls=0.05706 lr=1.069e-04 step_time=0.311s steps_per_s=2.550 gpu_mem=0.19GiB peak=2.43GiB
[TRAIN] step=29600 loss=-1.84539 nmse_prop=0.06043 nmse_ls=0.08337 lr=1.061e-04 step_time=0.309s steps_per_s=2.552 gpu_mem=0.19GiB peak=2.43GiB
[TRAIN] step=29700 loss=-1.20789 nmse_prop=0.11072 nmse_ls=0.19611 lr=1.052e-04 step_time=0.219s steps_per_s=2.553 gpu_mem=0.19GiB peak=2.43GiB
[TRAIN] step=29800 loss=-0.84715 nmse_prop=0.15913 nmse_ls=0.20699 lr=1.044e-04 step_time=0.397s steps_per_s=2.554 gpu_mem=0.19GiB peak=2.43GiB
[TRAIN] step=29900 loss=-0.91073 nmse_prop=0.14950 nmse_ls=0.19491 lr=1.036e-04 step_time=0.397s steps_per_s=2.555 gpu_mem=0.19GiB peak=2.43GiB
WARNING:tensorflow:Model's `__init__()` arguments contain non-serializable objects. Please implement a `get_config()` method in the subclassed Model for proper saving and loading. Defaulting to empty config.
WARNING:tensorflow:Model's `__init__()` arguments contain non-serializable objects. Please implement a `get_config()` method in the subclassed Model for proper saving and loading. Defaulting to empty config.
[TRAIN] saved new best weights at step=30000 val_nmse=0.0654341
[TRAIN] step=30000 loss=-1.27039 nmse_prop=0.10683 nmse_ls=0.15268 lr=1.027e-04 step_time=112.572s steps_per_s=2.532 gpu_mem=0.19GiB peak=2.43GiB
[TRAIN] saved resumable state at step=30000 reason=periodic: /lustre10/scratch/rsadve1/Ablations_Wave3/TWC_plots_comprehensive/runs_rx16/seed7/1dmrs/dncnn_trunk_lr05_d256_l7/checkpoints/training_state/ckpt-30000
[TRAIN] step=30100 loss=-1.71344 nmse_prop=0.06861 nmse_ls=0.11686 lr=1.019e-04 step_time=0.217s steps_per_s=2.533 gpu_mem=0.19GiB peak=2.43GiB
[TRAIN] step=30200 loss=-1.19543 nmse_prop=0.11490 nmse_ls=0.16506 lr=1.011e-04 step_time=0.307s steps_per_s=2.534 gpu_mem=0.19GiB peak=2.43GiB
[TRAIN] step=30300 loss=-0.95945 nmse_prop=0.14016 nmse_ls=0.25536 lr=1.002e-04 step_time=0.218s steps_per_s=2.535 gpu_mem=0.19GiB peak=2.43GiB
[TRAIN] step=30400 loss=-2.32620 nmse_prop=0.03844 nmse_ls=0.04935 lr=9.941e-05 step_time=0.397s steps_per_s=2.537 gpu_mem=0.19GiB peak=2.43GiB
[TRAIN] step=30500 loss=-2.10086 nmse_prop=0.04781 nmse_ls=0.06046 lr=9.858e-05 step_time=0.396s steps_per_s=2.538 gpu_mem=0.19GiB peak=2.43GiB
[TRAIN] step=30600 loss=-1.60274 nmse_prop=0.07724 nmse_ls=0.10808 lr=9.776e-05 step_time=0.307s steps_per_s=2.539 gpu_mem=0.19GiB peak=2.43GiB
[TRAIN] step=30700 loss=-1.62256 nmse_prop=0.07561 nmse_ls=0.10575 lr=9.693e-05 step_time=0.306s steps_per_s=2.541 gpu_mem=0.19GiB peak=2.43GiB
[TRAIN] step=30800 loss=-2.39915 nmse_prop=0.03584 nmse_ls=0.04548 lr=9.611e-05 step_time=0.400s steps_per_s=2.542 gpu_mem=0.19GiB peak=2.43GiB
[TRAIN] step=30900 loss=-2.49160 nmse_prop=0.03333 nmse_ls=0.04197 lr=9.529e-05 step_time=0.397s steps_per_s=2.543 gpu_mem=0.19GiB peak=2.43GiB
[TRAIN] step=31000 loss=-1.34628 nmse_prop=0.09862 nmse_ls=0.12786 lr=9.447e-05 step_time=0.397s steps_per_s=2.545 gpu_mem=0.19GiB peak=2.43GiB
[TRAIN] saved resumable state at step=31000 reason=periodic: /lustre10/scratch/rsadve1/Ablations_Wave3/TWC_plots_comprehensive/runs_rx16/seed7/1dmrs/dncnn_trunk_lr05_d256_l7/checkpoints/training_state/ckpt-31000
[TRAIN] step=31100 loss=-1.88260 nmse_prop=0.05825 nmse_ls=0.09732 lr=9.366e-05 step_time=0.218s steps_per_s=2.545 gpu_mem=0.19GiB peak=2.43GiB
[TRAIN] step=31200 loss=-2.01868 nmse_prop=0.05168 nmse_ls=0.07141 lr=9.285e-05 step_time=0.307s steps_per_s=2.547 gpu_mem=0.19GiB peak=2.43GiB
[TRAIN] step=31300 loss=-1.18957 nmse_prop=0.11417 nmse_ls=0.14913 lr=9.204e-05 step_time=0.397s steps_per_s=2.548 gpu_mem=0.19GiB peak=2.43GiB
[TRAIN] step=31400 loss=-0.64404 nmse_prop=0.19193 nmse_ls=0.25304 lr=9.123e-05 step_time=0.397s steps_per_s=2.549 gpu_mem=0.19GiB peak=2.43GiB
[TRAIN] step=31500 loss=-2.07177 nmse_prop=0.04881 nmse_ls=0.06286 lr=9.042e-05 step_time=0.397s steps_per_s=2.550 gpu_mem=0.19GiB peak=2.43GiB
[TRAIN] step=31600 loss=-1.73146 nmse_prop=0.06803 nmse_ls=0.08802 lr=8.961e-05 step_time=0.398s steps_per_s=2.551 gpu_mem=0.19GiB peak=2.43GiB
[TRAIN] step=31700 loss=-2.52209 nmse_prop=0.03203 nmse_ls=0.04923 lr=8.881e-05 step_time=0.218s steps_per_s=2.553 gpu_mem=0.19GiB peak=2.43GiB
[TRAIN] step=31800 loss=-2.31515 nmse_prop=0.03873 nmse_ls=0.06962 lr=8.801e-05 step_time=0.128s steps_per_s=2.554 gpu_mem=0.19GiB peak=2.43GiB
[TRAIN] step=31900 loss=-2.45762 nmse_prop=0.03396 nmse_ls=0.04397 lr=8.721e-05 step_time=0.397s steps_per_s=2.555 gpu_mem=0.19GiB peak=2.43GiB
[TRAIN] step=32000 loss=-1.40193 nmse_prop=0.09420 nmse_ls=0.13580 lr=8.642e-05 step_time=111.955s steps_per_s=2.534 gpu_mem=0.19GiB peak=2.43GiB
[TRAIN] saved resumable state at step=32000 reason=periodic: /lustre10/scratch/rsadve1/Ablations_Wave3/TWC_plots_comprehensive/runs_rx16/seed7/1dmrs/dncnn_trunk_lr05_d256_l7/checkpoints/training_state/ckpt-32000
[TRAIN] step=32100 loss=-0.73299 nmse_prop=0.17651 nmse_ls=0.23337 lr=8.562e-05 step_time=0.394s steps_per_s=2.535 gpu_mem=0.19GiB peak=2.43GiB
[TRAIN] step=32200 loss=-0.67839 nmse_prop=0.18658 nmse_ls=0.24981 lr=8.483e-05 step_time=0.395s steps_per_s=2.536 gpu_mem=0.19GiB peak=2.43GiB
[TRAIN] step=32300 loss=-1.12793 nmse_prop=0.11967 nmse_ls=0.21545 lr=8.405e-05 step_time=0.215s steps_per_s=2.537 gpu_mem=0.19GiB peak=2.43GiB
[TRAIN] step=32400 loss=-2.72196 nmse_prop=0.02672 nmse_ls=0.03598 lr=8.326e-05 step_time=0.303s steps_per_s=2.538 gpu_mem=0.19GiB peak=2.43GiB
[TRAIN] step=32500 loss=-2.08313 nmse_prop=0.04793 nmse_ls=0.07829 lr=8.248e-05 step_time=0.214s steps_per_s=2.540 gpu_mem=0.19GiB peak=2.43GiB
[TRAIN] step=32600 loss=-1.38583 nmse_prop=0.09401 nmse_ls=0.16886 lr=8.169e-05 step_time=0.214s steps_per_s=2.541 gpu_mem=0.19GiB peak=2.43GiB
[TRAIN] step=32700 loss=-1.57535 nmse_prop=0.07909 nmse_ls=0.11335 lr=8.092e-05 step_time=0.302s steps_per_s=2.543 gpu_mem=0.19GiB peak=2.43GiB
[TRAIN] step=32800 loss=-1.61871 nmse_prop=0.07583 nmse_ls=0.10810 lr=8.014e-05 step_time=0.302s steps_per_s=2.544 gpu_mem=0.19GiB peak=2.43GiB
[TRAIN] step=32900 loss=-1.04737 nmse_prop=0.13200 nmse_ls=0.19443 lr=7.937e-05 step_time=0.302s steps_per_s=2.545 gpu_mem=0.19GiB peak=2.43GiB
[TRAIN] step=33000 loss=-2.70839 nmse_prop=0.02712 nmse_ls=0.04568 lr=7.860e-05 step_time=0.126s steps_per_s=2.547 gpu_mem=0.19GiB peak=2.43GiB
[TRAIN] saved resumable state at step=33000 reason=periodic: /lustre10/scratch/rsadve1/Ablations_Wave3/TWC_plots_comprehensive/runs_rx16/seed7/1dmrs/dncnn_trunk_lr05_d256_l7/checkpoints/training_state/ckpt-33000
[TRAIN] step=33100 loss=-1.61450 nmse_prop=0.07551 nmse_ls=0.13122 lr=7.783e-05 step_time=0.214s steps_per_s=2.547 gpu_mem=0.19GiB peak=2.43GiB
[TRAIN] step=33200 loss=-1.24019 nmse_prop=0.10935 nmse_ls=0.14397 lr=7.706e-05 step_time=0.389s steps_per_s=2.549 gpu_mem=0.19GiB peak=2.43GiB
[TRAIN] step=33300 loss=-0.98863 nmse_prop=0.13930 nmse_ls=0.18450 lr=7.630e-05 step_time=0.391s steps_per_s=2.550 gpu_mem=0.19GiB peak=2.43GiB
[TRAIN] step=33400 loss=-1.67994 nmse_prop=0.07042 nmse_ls=0.12143 lr=7.554e-05 step_time=0.213s steps_per_s=2.551 gpu_mem=0.19GiB peak=2.43GiB
[TRAIN] step=33500 loss=-1.73377 nmse_prop=0.06793 nmse_ls=0.08897 lr=7.478e-05 step_time=0.389s steps_per_s=2.553 gpu_mem=0.19GiB peak=2.43GiB
[TRAIN] step=33600 loss=-1.17286 nmse_prop=0.11437 nmse_ls=0.21131 lr=7.403e-05 step_time=0.214s steps_per_s=2.554 gpu_mem=0.20GiB peak=2.43GiB
[TRAIN] step=33700 loss=-2.21100 nmse_prop=0.04313 nmse_ls=0.05493 lr=7.328e-05 step_time=0.396s steps_per_s=2.555 gpu_mem=0.19GiB peak=2.43GiB
[TRAIN] step=33800 loss=-2.59958 nmse_prop=0.03021 nmse_ls=0.04119 lr=7.253e-05 step_time=0.303s steps_per_s=2.556 gpu_mem=0.20GiB peak=2.43GiB
[TRAIN] step=33900 loss=-1.03866 nmse_prop=0.13292 nmse_ls=0.17709 lr=7.178e-05 step_time=0.390s steps_per_s=2.557 gpu_mem=0.19GiB peak=2.43GiB
[TRAIN] step=34000 loss=-1.45867 nmse_prop=0.08752 nmse_ls=0.15849 lr=7.104e-05 step_time=108.079s steps_per_s=2.538 gpu_mem=0.20GiB peak=2.43GiB
[TRAIN] saved resumable state at step=34000 reason=periodic: /lustre10/scratch/rsadve1/Ablations_Wave3/TWC_plots_comprehensive/runs_rx16/seed7/1dmrs/dncnn_trunk_lr05_d256_l7/checkpoints/training_state/ckpt-34000
[TRAIN] step=34100 loss=-0.90948 nmse_prop=0.14904 nmse_ls=0.19796 lr=7.030e-05 step_time=0.390s steps_per_s=2.539 gpu_mem=0.19GiB peak=2.43GiB
[TRAIN] step=34200 loss=-1.32676 nmse_prop=0.10115 nmse_ls=0.13325 lr=6.956e-05 step_time=0.391s steps_per_s=2.540 gpu_mem=0.19GiB peak=2.43GiB
[TRAIN] step=34300 loss=-2.12000 nmse_prop=0.04692 nmse_ls=0.06576 lr=6.883e-05 step_time=0.301s steps_per_s=2.542 gpu_mem=0.20GiB peak=2.43GiB
[TRAIN] step=34400 loss=-1.82012 nmse_prop=0.06251 nmse_ls=0.08060 lr=6.810e-05 step_time=0.388s steps_per_s=2.543 gpu_mem=0.19GiB peak=2.43GiB
[TRAIN] step=34500 loss=-2.15306 nmse_prop=0.04549 nmse_ls=0.05867 lr=6.737e-05 step_time=0.389s steps_per_s=2.544 gpu_mem=0.20GiB peak=2.43GiB
[TRAIN] step=34600 loss=-2.34102 nmse_prop=0.03814 nmse_ls=0.04848 lr=6.665e-05 step_time=0.390s steps_per_s=2.545 gpu_mem=0.20GiB peak=2.43GiB
[TRAIN] step=34700 loss=-0.75404 nmse_prop=0.17396 nmse_ls=0.23214 lr=6.592e-05 step_time=0.389s steps_per_s=2.547 gpu_mem=0.19GiB peak=2.43GiB
[TRAIN] step=34800 loss=-2.24919 nmse_prop=0.04136 nmse_ls=0.06575 lr=6.521e-05 step_time=0.214s steps_per_s=2.548 gpu_mem=0.19GiB peak=2.43GiB
[TRAIN] step=34900 loss=-2.39149 nmse_prop=0.03623 nmse_ls=0.05061 lr=6.449e-05 step_time=0.302s steps_per_s=2.549 gpu_mem=0.20GiB peak=2.43GiB
[TRAIN] step=35000 loss=-0.89373 nmse_prop=0.15320 nmse_ls=0.22698 lr=6.378e-05 step_time=0.301s steps_per_s=2.550 gpu_mem=0.19GiB peak=2.43GiB
[TRAIN] saved resumable state at step=35000 reason=periodic: /lustre10/scratch/rsadve1/Ablations_Wave3/TWC_plots_comprehensive/runs_rx16/seed7/1dmrs/dncnn_trunk_lr05_d256_l7/checkpoints/training_state/ckpt-35000
[TRAIN] step=35100 loss=-1.57673 nmse_prop=0.07887 nmse_ls=0.10320 lr=6.307e-05 step_time=0.391s steps_per_s=2.550 gpu_mem=0.20GiB peak=2.43GiB
[TRAIN] step=35200 loss=-2.84448 nmse_prop=0.02391 nmse_ls=0.03680 lr=6.236e-05 step_time=0.213s steps_per_s=2.552 gpu_mem=0.19GiB peak=2.43GiB
[TRAIN] step=35300 loss=-1.48387 nmse_prop=0.08677 nmse_ls=0.11456 lr=6.166e-05 step_time=0.389s steps_per_s=2.553 gpu_mem=0.20GiB peak=2.43GiB
[TRAIN] step=35400 loss=-0.70476 nmse_prop=0.18153 nmse_ls=0.24284 lr=6.096e-05 step_time=0.390s steps_per_s=2.554 gpu_mem=0.20GiB peak=2.43GiB
[TRAIN] step=35500 loss=-1.33798 nmse_prop=0.09979 nmse_ls=0.13216 lr=6.027e-05 step_time=0.389s steps_per_s=2.555 gpu_mem=0.20GiB peak=2.43GiB
[TRAIN] step=35600 loss=-0.91094 nmse_prop=0.14978 nmse_ls=0.20015 lr=5.958e-05 step_time=0.390s steps_per_s=2.556 gpu_mem=0.20GiB peak=2.43GiB
[TRAIN] step=35700 loss=-2.10438 nmse_prop=0.04789 nmse_ls=0.06203 lr=5.889e-05 step_time=0.388s steps_per_s=2.557 gpu_mem=0.20GiB peak=2.43GiB
[TRAIN] step=35800 loss=-1.87685 nmse_prop=0.05921 nmse_ls=0.07689 lr=5.820e-05 step_time=0.390s steps_per_s=2.558 gpu_mem=0.20GiB peak=2.43GiB
[TRAIN] step=35900 loss=-2.11434 nmse_prop=0.04733 nmse_ls=0.06159 lr=5.752e-05 step_time=0.388s steps_per_s=2.560 gpu_mem=0.20GiB peak=2.43GiB
WARNING:tensorflow:Model's `__init__()` arguments contain non-serializable objects. Please implement a `get_config()` method in the subclassed Model for proper saving and loading. Defaulting to empty config.
WARNING:tensorflow:Model's `__init__()` arguments contain non-serializable objects. Please implement a `get_config()` method in the subclassed Model for proper saving and loading. Defaulting to empty config.
[TRAIN] saved new best weights at step=36000 val_nmse=0.0639704
[TRAIN] step=36000 loss=-2.47390 nmse_prop=0.03318 nmse_ls=0.04661 lr=5.684e-05 step_time=109.853s steps_per_s=2.541 gpu_mem=0.20GiB peak=2.43GiB
[TRAIN] saved resumable state at step=36000 reason=periodic: /lustre10/scratch/rsadve1/Ablations_Wave3/TWC_plots_comprehensive/runs_rx16/seed7/1dmrs/dncnn_trunk_lr05_d256_l7/checkpoints/training_state/ckpt-36000
[TRAIN] step=36100 loss=-1.04883 nmse_prop=0.13167 nmse_ls=0.17616 lr=5.617e-05 step_time=0.388s steps_per_s=2.542 gpu_mem=0.20GiB peak=2.43GiB
[TRAIN] step=36200 loss=-1.93502 nmse_prop=0.05588 nmse_ls=0.07324 lr=5.550e-05 step_time=0.389s steps_per_s=2.543 gpu_mem=0.20GiB peak=2.43GiB
[TRAIN] step=36300 loss=-2.62797 nmse_prop=0.02910 nmse_ls=0.03985 lr=5.483e-05 step_time=0.306s steps_per_s=2.544 gpu_mem=0.20GiB peak=2.43GiB
[TRAIN] step=36400 loss=-2.55015 nmse_prop=0.03174 nmse_ls=0.04315 lr=5.416e-05 step_time=0.301s steps_per_s=2.545 gpu_mem=0.20GiB peak=2.43GiB
[TRAIN] step=36500 loss=-0.98767 nmse_prop=0.13953 nmse_ls=0.20863 lr=5.350e-05 step_time=0.302s steps_per_s=2.546 gpu_mem=0.20GiB peak=2.43GiB
[TRAIN] step=36600 loss=-1.81942 nmse_prop=0.06179 nmse_ls=0.12641 lr=5.285e-05 step_time=0.126s steps_per_s=2.547 gpu_mem=0.20GiB peak=2.43GiB
[TRAIN] step=36700 loss=-1.89674 nmse_prop=0.05809 nmse_ls=0.07660 lr=5.219e-05 step_time=0.388s steps_per_s=2.549 gpu_mem=0.20GiB peak=2.43GiB
[TRAIN] step=36800 loss=-2.65888 nmse_prop=0.02862 nmse_ls=0.03887 lr=5.154e-05 step_time=0.301s steps_per_s=2.550 gpu_mem=0.20GiB peak=2.43GiB
[TRAIN] step=36900 loss=-2.71033 nmse_prop=0.02752 nmse_ls=0.03745 lr=5.090e-05 step_time=0.302s steps_per_s=2.551 gpu_mem=0.20GiB peak=2.43GiB
[TRAIN] step=37000 loss=-2.27220 nmse_prop=0.04073 nmse_ls=0.05239 lr=5.026e-05 step_time=0.388s steps_per_s=2.552 gpu_mem=0.20GiB peak=2.43GiB
[TRAIN] saved resumable state at step=37000 reason=periodic: /lustre10/scratch/rsadve1/Ablations_Wave3/TWC_plots_comprehensive/runs_rx16/seed7/1dmrs/dncnn_trunk_lr05_d256_l7/checkpoints/training_state/ckpt-37000
[TRAIN] step=37100 loss=-2.21058 nmse_prop=0.04335 nmse_ls=0.05627 lr=4.962e-05 step_time=0.389s steps_per_s=2.553 gpu_mem=0.20GiB peak=2.43GiB
[TRAIN] step=37200 loss=-1.91310 nmse_prop=0.05733 nmse_ls=0.07452 lr=4.898e-05 step_time=0.390s steps_per_s=2.554 gpu_mem=0.20GiB peak=2.43GiB
[TRAIN] step=37300 loss=-2.04991 nmse_prop=0.04991 nmse_ls=0.08309 lr=4.835e-05 step_time=0.213s steps_per_s=2.555 gpu_mem=0.20GiB peak=2.43GiB
[TRAIN] step=37400 loss=-1.69660 nmse_prop=0.07066 nmse_ls=0.09293 lr=4.773e-05 step_time=0.389s steps_per_s=2.556 gpu_mem=0.20GiB peak=2.43GiB
[TRAIN] step=37500 loss=-2.60098 nmse_prop=0.03004 nmse_ls=0.04122 lr=4.710e-05 step_time=0.303s steps_per_s=2.557 gpu_mem=0.20GiB peak=2.43GiB
[TRAIN] step=37600 loss=-1.43016 nmse_prop=0.09072 nmse_ls=0.11956 lr=4.649e-05 step_time=0.389s steps_per_s=2.558 gpu_mem=0.20GiB peak=2.43GiB
[TRAIN] step=37700 loss=-1.90425 nmse_prop=0.05827 nmse_ls=0.08439 lr=4.587e-05 step_time=0.302s steps_per_s=2.559 gpu_mem=0.20GiB peak=2.43GiB
[TRAIN] step=37800 loss=-1.36671 nmse_prop=0.09591 nmse_ls=0.17928 lr=4.526e-05 step_time=0.214s steps_per_s=2.560 gpu_mem=0.20GiB peak=2.43GiB
[TRAIN] step=37900 loss=-2.49390 nmse_prop=0.03348 nmse_ls=0.04518 lr=4.465e-05 step_time=0.302s steps_per_s=2.561 gpu_mem=0.20GiB peak=2.43GiB
[TRAIN] step=38000 loss=-1.04249 nmse_prop=0.13287 nmse_ls=0.19900 lr=4.405e-05 step_time=110.596s steps_per_s=2.543 gpu_mem=0.20GiB peak=2.43GiB
[TRAIN] saved resumable state at step=38000 reason=periodic: /lustre10/scratch/rsadve1/Ablations_Wave3/TWC_plots_comprehensive/runs_rx16/seed7/1dmrs/dncnn_trunk_lr05_d256_l7/checkpoints/training_state/ckpt-38000
[TRAIN] step=38100 loss=-2.56313 nmse_prop=0.03095 nmse_ls=0.04014 lr=4.345e-05 step_time=0.390s steps_per_s=2.542 gpu_mem=0.20GiB peak=2.43GiB
[TRAIN] step=38200 loss=-1.05559 nmse_prop=0.13097 nmse_ls=0.17429 lr=4.286e-05 step_time=0.390s steps_per_s=2.543 gpu_mem=0.20GiB peak=2.43GiB
[TRAIN] step=38300 loss=-2.56997 nmse_prop=0.03132 nmse_ls=0.04271 lr=4.226e-05 step_time=0.303s steps_per_s=2.545 gpu_mem=0.20GiB peak=2.43GiB
[2026-07-07T02:29:53.519] error: *** JOB 15428313 ON rg31608 CANCELLED AT 2026-07-07T02:29:53 DUE to SIGNAL Terminated ***
