[ENV] Reusing portable venv: /home/rsadve1/scratch/.vevn_upair_potable
[ENV] Checking installed package metadata only; TensorFlow/Sionna are not imported here.
[ENV] Python 3.11.5
[ENV] numpy 1.26.4+computecanada
[ENV] pandas 2.2.3+computecanada
[ENV] matplotlib 3.10.0+computecanada
[ENV] PyYAML 6.0.2+computecanada
[ENV] scipy 1.15.1+computecanada
[ENV] tensorflow 2.15.1+computecanada
[ENV] sionna-no-rt 1.2.1
[ENV] optuna 4.8.0+computecanada
[ENV] Skipping TensorFlow/Sionna import check on this node. Set UPAIR_DEEP_IMPORT_CHECK=1 to test imports explicitly.
[ENV] Ready: REPO=/home/rsadve1/scratch/NewAblations_Fabel
[ENV] Ready: VENV=/home/rsadve1/scratch/.vevn_upair_potable
[ENV] Reusing portable venv: /home/rsadve1/scratch/.vevn_upair_potable
[ENV] Checking installed package metadata only; TensorFlow/Sionna are not imported here.
[ENV] Python 3.11.5
[ENV] numpy 1.26.4+computecanada
[ENV] pandas 2.2.3+computecanada
[ENV] matplotlib 3.10.0+computecanada
[ENV] PyYAML 6.0.2+computecanada
[ENV] scipy 1.15.1+computecanada
[ENV] tensorflow 2.15.1+computecanada
[ENV] sionna-no-rt 1.2.1
[ENV] optuna 4.8.0+computecanada
[ENV] Skipping TensorFlow/Sionna import check on this node. Set UPAIR_DEEP_IMPORT_CHECK=1 to test imports explicitly.
[ENV] Ready: REPO=/home/rsadve1/scratch/NewAblations_Fabel
[ENV] Ready: VENV=/home/rsadve1/scratch/.vevn_upair_potable
================================================================================
[PIPELINE] variant=no_learned_errvar_d256_b4_r2
[PIPELINE] root=/home/rsadve1/scratch/NewAblations_Fabel
[PIPELINE] stageB_prefix=clean_b32_prb8_d256_40k_smart_trueDMRS_u34610_1dmrs_stageB
[PIPELINE] receivers=upair5g_lmmse
[PIPELINE] users=3
[PIPELINE] ebnos=-4,-3,-2,-1,0,1
[PIPELINE] chunk_batches=20 micro=8
================================================================================
[PIPELINE] training missing/incomplete for no_learned_errvar_d256_b4_r2; running training-only resume.
2026-07-04 12:38:39.573995: E external/local_xla/xla/stream_executor/cuda/cuda_dnn.cc:9261] Unable to register cuDNN factory: Attempting to register factory for plugin cuDNN when one has already been registered
2026-07-04 12:38:39.574031: E external/local_xla/xla/stream_executor/cuda/cuda_fft.cc:607] Unable to register cuFFT factory: Attempting to register factory for plugin cuFFT when one has already been registered
2026-07-04 12:38:39.575124: E external/local_xla/xla/stream_executor/cuda/cuda_blas.cc:1515] Unable to register cuBLAS factory: Attempting to register factory for plugin cuBLAS when one has already been registered
[COMPREHENSIVE] loaded Optuna best JSON for no_learned_errvar_d256_b4_r2 from /home/rsadve1/scratch/NewAblations_Fabel/optuna/clean_b32_prb8_d256_40k_smart_trueDMRS_u34610_1dmrs_stageB_no_learned_errvar_d256_b4_r2_best_params.json
[TRAIN] loss_mode=nmse (use_nll_loss=False)
[TRAIN] optimizer lr_schedule=cosine_decay learning_rate=0.000571292 weight_decay=9.65466e-06
[TRAIN] seeds active_seed=7 training_seed=7 evaluation_seed=1007
[TRAIN] starting from scratch
2026-07-04 12:39:11.986350: E tensorflow/core/grappler/optimizers/meta_optimizer.cc:961] layout failed: INVALID_ARGUMENT: Size of values 0 does not match size of permutation 4 @ fanin shape inaxial_block_0/dropout/dropout_2/SelectV2-2-TransposeNHWCToNCHW-LayoutOptimizer
WARNING: All log messages before absl::InitializeLog() is called are written to STDERR
I0000 00:00:1783183153.564017 3172080 device_compiler.h:186] Compiled cluster using XLA!  This line is logged at most once for the lifetime of the process.
[TRAIN] step=00001 loss=0.14601 nmse_prop=0.14601 nmse_ls=0.14601 lr=5.713e-04 step_time=14.848s steps_per_s=0.067 gpu_mem=0.07GiB peak=7.04GiB
[TRAIN] step=00100 loss=0.07999 nmse_prop=0.07999 nmse_ls=0.09269 lr=5.713e-04 step_time=0.491s steps_per_s=1.291 gpu_mem=0.09GiB peak=7.09GiB
[TRAIN] step=00200 loss=0.08319 nmse_prop=0.08319 nmse_ls=0.11245 lr=5.713e-04 step_time=0.540s steps_per_s=1.631 gpu_mem=0.09GiB peak=7.09GiB
[TRAIN] step=00300 loss=0.06564 nmse_prop=0.06564 nmse_ls=0.09280 lr=5.712e-04 step_time=0.553s steps_per_s=1.773 gpu_mem=0.09GiB peak=7.09GiB
[TRAIN] step=00400 loss=0.06090 nmse_prop=0.06090 nmse_ls=0.09625 lr=5.712e-04 step_time=0.545s steps_per_s=1.846 gpu_mem=0.09GiB peak=7.09GiB
[TRAIN] step=00500 loss=0.06464 nmse_prop=0.06464 nmse_ls=0.13364 lr=5.712e-04 step_time=0.442s steps_per_s=1.893 gpu_mem=0.09GiB peak=7.09GiB
[TRAIN] step=00600 loss=0.03087 nmse_prop=0.03087 nmse_ls=0.04534 lr=5.711e-04 step_time=0.444s steps_per_s=1.932 gpu_mem=0.09GiB peak=7.09GiB
[TRAIN] step=00700 loss=0.04246 nmse_prop=0.04246 nmse_ls=0.08156 lr=5.710e-04 step_time=0.449s steps_per_s=1.956 gpu_mem=0.09GiB peak=7.09GiB
[TRAIN] step=00800 loss=0.03075 nmse_prop=0.03075 nmse_ls=0.05211 lr=5.709e-04 step_time=0.447s steps_per_s=1.968 gpu_mem=0.09GiB peak=7.09GiB
[TRAIN] step=00900 loss=0.02628 nmse_prop=0.02628 nmse_ls=0.03723 lr=5.708e-04 step_time=0.570s steps_per_s=1.983 gpu_mem=0.09GiB peak=7.09GiB
[TRAIN] step=01000 loss=0.04638 nmse_prop=0.04638 nmse_ls=0.11665 lr=5.707e-04 step_time=0.241s steps_per_s=1.991 gpu_mem=0.09GiB peak=7.09GiB
[TRAIN] saved resumable state at step=1000 reason=periodic: /scratch/rsadve1/NewAblations_Fabel/TWC_plots_comprehensive/runs_rx16/seed7/1dmrs/no_learned_errvar_d256_b4_r2/checkpoints/training_state/ckpt-1000
[TRAIN] step=01100 loss=0.03262 nmse_prop=0.03262 nmse_ls=0.07664 lr=5.706e-04 step_time=0.445s steps_per_s=1.993 gpu_mem=0.09GiB peak=7.09GiB
[TRAIN] step=01200 loss=0.06862 nmse_prop=0.06862 nmse_ls=0.18562 lr=5.705e-04 step_time=0.536s steps_per_s=2.008 gpu_mem=0.09GiB peak=7.09GiB
[TRAIN] step=01300 loss=0.04171 nmse_prop=0.04171 nmse_ls=0.09185 lr=5.704e-04 step_time=0.555s steps_per_s=2.016 gpu_mem=0.09GiB peak=7.09GiB
[TRAIN] step=01400 loss=0.02674 nmse_prop=0.02674 nmse_ls=0.05699 lr=5.702e-04 step_time=0.330s steps_per_s=2.025 gpu_mem=0.09GiB peak=7.09GiB
[TRAIN] step=01500 loss=0.05025 nmse_prop=0.05025 nmse_ls=0.13779 lr=5.701e-04 step_time=0.556s steps_per_s=2.031 gpu_mem=0.09GiB peak=7.09GiB
[TRAIN] step=01600 loss=0.02302 nmse_prop=0.02302 nmse_ls=0.04291 lr=5.699e-04 step_time=0.439s steps_per_s=2.035 gpu_mem=0.09GiB peak=7.09GiB
[TRAIN] step=01700 loss=0.02887 nmse_prop=0.02887 nmse_ls=0.06682 lr=5.697e-04 step_time=0.315s steps_per_s=2.041 gpu_mem=0.09GiB peak=7.09GiB
[TRAIN] step=01800 loss=0.03848 nmse_prop=0.03848 nmse_ls=0.11949 lr=5.695e-04 step_time=0.445s steps_per_s=2.047 gpu_mem=0.09GiB peak=7.09GiB
[TRAIN] step=01900 loss=0.04122 nmse_prop=0.04122 nmse_ls=0.13062 lr=5.693e-04 step_time=0.447s steps_per_s=2.046 gpu_mem=0.09GiB peak=7.09GiB
WARNING:tensorflow:Model's `__init__()` arguments contain non-serializable objects. Please implement a `get_config()` method in the subclassed Model for proper saving and loading. Defaulting to empty config.
WARNING:tensorflow:Model's `__init__()` arguments contain non-serializable objects. Please implement a `get_config()` method in the subclassed Model for proper saving and loading. Defaulting to empty config.
[TRAIN] saved new best weights at step=2000 val_nmse=0.0328727
[TRAIN] step=02000 loss=0.05688 nmse_prop=0.05688 nmse_ls=0.17448 lr=5.691e-04 step_time=146.916s steps_per_s=1.785 gpu_mem=0.11GiB peak=7.09GiB
[TRAIN] saved resumable state at step=2000 reason=periodic: /scratch/rsadve1/NewAblations_Fabel/TWC_plots_comprehensive/runs_rx16/seed7/1dmrs/no_learned_errvar_d256_b4_r2/checkpoints/training_state/ckpt-2000
[TRAIN] step=02100 loss=0.02316 nmse_prop=0.02316 nmse_ls=0.05285 lr=5.689e-04 step_time=0.236s steps_per_s=1.798 gpu_mem=0.11GiB peak=7.10GiB
[TRAIN] step=02200 loss=0.03723 nmse_prop=0.03723 nmse_ls=0.10897 lr=5.686e-04 step_time=0.550s steps_per_s=1.809 gpu_mem=0.11GiB peak=7.10GiB
[TRAIN] step=02300 loss=0.02547 nmse_prop=0.02547 nmse_ls=0.05218 lr=5.684e-04 step_time=0.530s steps_per_s=1.820 gpu_mem=0.11GiB peak=7.10GiB
[TRAIN] step=02400 loss=0.01946 nmse_prop=0.01946 nmse_ls=0.03836 lr=5.681e-04 step_time=0.444s steps_per_s=1.831 gpu_mem=0.11GiB peak=7.10GiB
[TRAIN] step=02500 loss=0.02937 nmse_prop=0.02937 nmse_ls=0.06786 lr=5.679e-04 step_time=0.234s steps_per_s=1.841 gpu_mem=0.11GiB peak=7.10GiB
[TRAIN] step=02600 loss=0.06101 nmse_prop=0.06101 nmse_ls=0.23784 lr=5.676e-04 step_time=0.422s steps_per_s=1.852 gpu_mem=0.11GiB peak=7.10GiB
[TRAIN] step=02700 loss=0.02739 nmse_prop=0.02739 nmse_ls=0.06424 lr=5.673e-04 step_time=0.537s steps_per_s=1.860 gpu_mem=0.11GiB peak=7.10GiB
[TRAIN] step=02800 loss=0.04435 nmse_prop=0.04435 nmse_ls=0.14649 lr=5.670e-04 step_time=0.540s steps_per_s=1.866 gpu_mem=0.11GiB peak=7.10GiB
[TRAIN] step=02900 loss=0.05357 nmse_prop=0.05357 nmse_ls=0.20454 lr=5.667e-04 step_time=0.327s steps_per_s=1.876 gpu_mem=0.11GiB peak=7.10GiB
[TRAIN] step=03000 loss=0.02255 nmse_prop=0.02255 nmse_ls=0.04991 lr=5.663e-04 step_time=0.543s steps_per_s=1.883 gpu_mem=0.11GiB peak=7.10GiB
[TRAIN] saved resumable state at step=3000 reason=periodic: /scratch/rsadve1/NewAblations_Fabel/TWC_plots_comprehensive/runs_rx16/seed7/1dmrs/no_learned_errvar_d256_b4_r2/checkpoints/training_state/ckpt-3000
[TRAIN] step=03100 loss=0.02270 nmse_prop=0.02270 nmse_ls=0.05382 lr=5.660e-04 step_time=0.444s steps_per_s=1.885 gpu_mem=0.11GiB peak=7.10GiB
[TRAIN] step=03200 loss=0.03484 nmse_prop=0.03484 nmse_ls=0.10371 lr=5.657e-04 step_time=0.340s steps_per_s=1.892 gpu_mem=0.11GiB peak=7.10GiB
[TRAIN] step=03300 loss=0.05549 nmse_prop=0.05549 nmse_ls=0.21933 lr=5.653e-04 step_time=0.449s steps_per_s=1.898 gpu_mem=0.11GiB peak=7.10GiB
[TRAIN] step=03400 loss=0.02717 nmse_prop=0.02717 nmse_ls=0.06766 lr=5.649e-04 step_time=0.449s steps_per_s=1.903 gpu_mem=0.11GiB peak=7.10GiB
[TRAIN] step=03500 loss=0.02532 nmse_prop=0.02532 nmse_ls=0.06097 lr=5.646e-04 step_time=0.444s steps_per_s=1.908 gpu_mem=0.11GiB peak=7.10GiB
[TRAIN] step=03600 loss=0.02144 nmse_prop=0.02144 nmse_ls=0.04865 lr=5.642e-04 step_time=0.435s steps_per_s=1.913 gpu_mem=0.11GiB peak=7.10GiB
[TRAIN] step=03700 loss=0.05657 nmse_prop=0.05657 nmse_ls=0.23056 lr=5.638e-04 step_time=0.443s steps_per_s=1.917 gpu_mem=0.11GiB peak=7.10GiB
[TRAIN] step=03800 loss=0.02523 nmse_prop=0.02523 nmse_ls=0.04370 lr=5.634e-04 step_time=0.234s steps_per_s=1.921 gpu_mem=0.11GiB peak=7.10GiB
[TRAIN] step=03900 loss=0.03910 nmse_prop=0.03910 nmse_ls=0.12659 lr=5.629e-04 step_time=0.549s steps_per_s=1.925 gpu_mem=0.11GiB peak=7.10GiB
WARNING:tensorflow:Model's `__init__()` arguments contain non-serializable objects. Please implement a `get_config()` method in the subclassed Model for proper saving and loading. Defaulting to empty config.
WARNING:tensorflow:Model's `__init__()` arguments contain non-serializable objects. Please implement a `get_config()` method in the subclassed Model for proper saving and loading. Defaulting to empty config.
[TRAIN] saved new best weights at step=4000 val_nmse=0.0309558
[TRAIN] step=04000 loss=0.05612 nmse_prop=0.05612 nmse_ls=0.23068 lr=5.625e-04 step_time=147.555s steps_per_s=1.801 gpu_mem=0.11GiB peak=7.10GiB
[TRAIN] saved resumable state at step=4000 reason=periodic: /scratch/rsadve1/NewAblations_Fabel/TWC_plots_comprehensive/runs_rx16/seed7/1dmrs/no_learned_errvar_d256_b4_r2/checkpoints/training_state/ckpt-4000
[TRAIN] step=04100 loss=0.02929 nmse_prop=0.02929 nmse_ls=0.08385 lr=5.621e-04 step_time=0.334s steps_per_s=1.807 gpu_mem=0.11GiB peak=7.10GiB
[TRAIN] step=04200 loss=0.03237 nmse_prop=0.03237 nmse_ls=0.09038 lr=5.616e-04 step_time=0.440s steps_per_s=1.813 gpu_mem=0.11GiB peak=7.10GiB
[TRAIN] step=04300 loss=0.02104 nmse_prop=0.02104 nmse_ls=0.04229 lr=5.612e-04 step_time=0.558s steps_per_s=1.820 gpu_mem=0.11GiB peak=7.10GiB
[TRAIN] step=04400 loss=0.05095 nmse_prop=0.05095 nmse_ls=0.19294 lr=5.607e-04 step_time=0.559s steps_per_s=1.826 gpu_mem=0.11GiB peak=7.10GiB
[TRAIN] step=04500 loss=0.02160 nmse_prop=0.02160 nmse_ls=0.03933 lr=5.602e-04 step_time=0.547s steps_per_s=1.832 gpu_mem=0.11GiB peak=7.10GiB
[TRAIN] step=04600 loss=0.02588 nmse_prop=0.02588 nmse_ls=0.07518 lr=5.597e-04 step_time=0.445s steps_per_s=1.837 gpu_mem=0.11GiB peak=7.10GiB
[TRAIN] step=04700 loss=0.05703 nmse_prop=0.05703 nmse_ls=0.23134 lr=5.592e-04 step_time=0.545s steps_per_s=1.842 gpu_mem=0.11GiB peak=7.10GiB
[TRAIN] step=04800 loss=0.02820 nmse_prop=0.02820 nmse_ls=0.07119 lr=5.587e-04 step_time=0.548s steps_per_s=1.846 gpu_mem=0.11GiB peak=7.10GiB
[TRAIN] step=04900 loss=0.02983 nmse_prop=0.02983 nmse_ls=0.10229 lr=5.582e-04 step_time=0.338s steps_per_s=1.851 gpu_mem=0.11GiB peak=7.10GiB
[TRAIN] step=05000 loss=0.02452 nmse_prop=0.02452 nmse_ls=0.05324 lr=5.576e-04 step_time=0.235s steps_per_s=1.855 gpu_mem=0.11GiB peak=7.10GiB
[TRAIN] saved resumable state at step=5000 reason=periodic: /scratch/rsadve1/NewAblations_Fabel/TWC_plots_comprehensive/runs_rx16/seed7/1dmrs/no_learned_errvar_d256_b4_r2/checkpoints/training_state/ckpt-5000
[TRAIN] step=05100 loss=0.02406 nmse_prop=0.02406 nmse_ls=0.05215 lr=5.571e-04 step_time=0.549s steps_per_s=1.860 gpu_mem=0.11GiB peak=7.10GiB
[TRAIN] step=05200 loss=0.02052 nmse_prop=0.02052 nmse_ls=0.05212 lr=5.565e-04 step_time=0.333s steps_per_s=1.864 gpu_mem=0.11GiB peak=7.10GiB
[TRAIN] step=05300 loss=0.05188 nmse_prop=0.05188 nmse_ls=0.21254 lr=5.559e-04 step_time=0.448s steps_per_s=1.868 gpu_mem=0.11GiB peak=7.10GiB
[TRAIN] step=05400 loss=0.02076 nmse_prop=0.02076 nmse_ls=0.04495 lr=5.554e-04 step_time=0.554s steps_per_s=1.871 gpu_mem=0.11GiB peak=7.10GiB
[TRAIN] step=05500 loss=0.04449 nmse_prop=0.04449 nmse_ls=0.18551 lr=5.548e-04 step_time=0.338s steps_per_s=1.875 gpu_mem=0.11GiB peak=7.10GiB
[TRAIN] step=05600 loss=0.01887 nmse_prop=0.01887 nmse_ls=0.04259 lr=5.542e-04 step_time=0.341s steps_per_s=1.878 gpu_mem=0.11GiB peak=7.10GiB
[TRAIN] step=05700 loss=0.04016 nmse_prop=0.04016 nmse_ls=0.19353 lr=5.536e-04 step_time=0.235s steps_per_s=1.881 gpu_mem=0.11GiB peak=7.10GiB
[TRAIN] step=05800 loss=0.02299 nmse_prop=0.02299 nmse_ls=0.06007 lr=5.529e-04 step_time=0.560s steps_per_s=1.884 gpu_mem=0.11GiB peak=7.10GiB
[TRAIN] step=05900 loss=0.01743 nmse_prop=0.01743 nmse_ls=0.03700 lr=5.523e-04 step_time=0.441s steps_per_s=1.887 gpu_mem=0.11GiB peak=7.10GiB
WARNING:tensorflow:Model's `__init__()` arguments contain non-serializable objects. Please implement a `get_config()` method in the subclassed Model for proper saving and loading. Defaulting to empty config.
WARNING:tensorflow:Model's `__init__()` arguments contain non-serializable objects. Please implement a `get_config()` method in the subclassed Model for proper saving and loading. Defaulting to empty config.
[TRAIN] saved new best weights at step=6000 val_nmse=0.028147
[TRAIN] step=06000 loss=0.01997 nmse_prop=0.01997 nmse_ls=0.04060 lr=5.517e-04 step_time=158.979s steps_per_s=1.800 gpu_mem=0.11GiB peak=7.10GiB
[TRAIN] saved resumable state at step=6000 reason=periodic: /scratch/rsadve1/NewAblations_Fabel/TWC_plots_comprehensive/runs_rx16/seed7/1dmrs/no_learned_errvar_d256_b4_r2/checkpoints/training_state/ckpt-6000
[TRAIN] step=06100 loss=0.05819 nmse_prop=0.05819 nmse_ls=0.24624 lr=5.510e-04 step_time=0.550s steps_per_s=1.804 gpu_mem=0.11GiB peak=7.10GiB
[TRAIN] step=06200 loss=0.03123 nmse_prop=0.03123 nmse_ls=0.10010 lr=5.504e-04 step_time=0.460s steps_per_s=1.808 gpu_mem=0.11GiB peak=7.10GiB
[TRAIN] step=06300 loss=0.04159 nmse_prop=0.04159 nmse_ls=0.19308 lr=5.497e-04 step_time=0.351s steps_per_s=1.811 gpu_mem=0.11GiB peak=7.10GiB
[TRAIN] step=06400 loss=0.03240 nmse_prop=0.03240 nmse_ls=0.09432 lr=5.490e-04 step_time=0.560s steps_per_s=1.815 gpu_mem=0.11GiB peak=7.10GiB
[TRAIN] step=06500 loss=0.01721 nmse_prop=0.01721 nmse_ls=0.04745 lr=5.483e-04 step_time=0.239s steps_per_s=1.818 gpu_mem=0.11GiB peak=7.10GiB
[TRAIN] step=06600 loss=0.02257 nmse_prop=0.02257 nmse_ls=0.05090 lr=5.476e-04 step_time=0.445s steps_per_s=1.822 gpu_mem=0.11GiB peak=7.10GiB
[TRAIN] step=06700 loss=0.03465 nmse_prop=0.03465 nmse_ls=0.12410 lr=5.469e-04 step_time=0.456s steps_per_s=1.825 gpu_mem=0.11GiB peak=7.10GiB
[TRAIN] step=06800 loss=0.02154 nmse_prop=0.02154 nmse_ls=0.04665 lr=5.462e-04 step_time=0.548s steps_per_s=1.828 gpu_mem=0.11GiB peak=7.10GiB
[TRAIN] step=06900 loss=0.04319 nmse_prop=0.04319 nmse_ls=0.16790 lr=5.454e-04 step_time=0.541s steps_per_s=1.831 gpu_mem=0.11GiB peak=7.10GiB
[TRAIN] step=07000 loss=0.03491 nmse_prop=0.03491 nmse_ls=0.13037 lr=5.447e-04 step_time=0.548s steps_per_s=1.834 gpu_mem=0.11GiB peak=7.10GiB
[TRAIN] saved resumable state at step=7000 reason=periodic: /scratch/rsadve1/NewAblations_Fabel/TWC_plots_comprehensive/runs_rx16/seed7/1dmrs/no_learned_errvar_d256_b4_r2/checkpoints/training_state/ckpt-7000
[TRAIN] step=07100 loss=0.03976 nmse_prop=0.03976 nmse_ls=0.18272 lr=5.439e-04 step_time=0.336s steps_per_s=1.838 gpu_mem=0.11GiB peak=7.10GiB
[TRAIN] step=07200 loss=0.05518 nmse_prop=0.05518 nmse_ls=0.25108 lr=5.432e-04 step_time=0.447s steps_per_s=1.841 gpu_mem=0.11GiB peak=7.10GiB
[TRAIN] step=07300 loss=0.03246 nmse_prop=0.03246 nmse_ls=0.12177 lr=5.424e-04 step_time=0.455s steps_per_s=1.844 gpu_mem=0.11GiB peak=7.10GiB
[TRAIN] step=07400 loss=0.02340 nmse_prop=0.02340 nmse_ls=0.05673 lr=5.416e-04 step_time=0.544s steps_per_s=1.847 gpu_mem=0.11GiB peak=7.10GiB
[TRAIN] step=07500 loss=0.04625 nmse_prop=0.04625 nmse_ls=0.24361 lr=5.408e-04 step_time=0.235s steps_per_s=1.851 gpu_mem=0.11GiB peak=7.10GiB
[TRAIN] step=07600 loss=0.02534 nmse_prop=0.02534 nmse_ls=0.07160 lr=5.400e-04 step_time=0.440s steps_per_s=1.854 gpu_mem=0.11GiB peak=7.10GiB
[TRAIN] step=07700 loss=0.02684 nmse_prop=0.02684 nmse_ls=0.07806 lr=5.392e-04 step_time=0.437s steps_per_s=1.857 gpu_mem=0.11GiB peak=7.10GiB
[TRAIN] step=07800 loss=0.01696 nmse_prop=0.01696 nmse_ls=0.04949 lr=5.384e-04 step_time=0.232s steps_per_s=1.860 gpu_mem=0.11GiB peak=7.10GiB
[TRAIN] step=07900 loss=0.03445 nmse_prop=0.03445 nmse_ls=0.15530 lr=5.376e-04 step_time=0.330s steps_per_s=1.864 gpu_mem=0.11GiB peak=7.10GiB
[TRAIN] step=08000 loss=0.02035 nmse_prop=0.02035 nmse_ls=0.04307 lr=5.367e-04 step_time=136.271s steps_per_s=1.810 gpu_mem=0.11GiB peak=7.10GiB
[TRAIN] saved resumable state at step=8000 reason=periodic: /scratch/rsadve1/NewAblations_Fabel/TWC_plots_comprehensive/runs_rx16/seed7/1dmrs/no_learned_errvar_d256_b4_r2/checkpoints/training_state/ckpt-8000
[TRAIN] step=08100 loss=0.03447 nmse_prop=0.03447 nmse_ls=0.12665 lr=5.359e-04 step_time=0.443s steps_per_s=1.812 gpu_mem=0.11GiB peak=7.10GiB
[TRAIN] step=08200 loss=0.04714 nmse_prop=0.04714 nmse_ls=0.20383 lr=5.350e-04 step_time=0.439s steps_per_s=1.816 gpu_mem=0.11GiB peak=7.10GiB
[TRAIN] step=08300 loss=0.02044 nmse_prop=0.02044 nmse_ls=0.03967 lr=5.341e-04 step_time=0.546s steps_per_s=1.819 gpu_mem=0.11GiB peak=7.10GiB
[TRAIN] step=08400 loss=0.04720 nmse_prop=0.04720 nmse_ls=0.19396 lr=5.333e-04 step_time=0.547s steps_per_s=1.822 gpu_mem=0.11GiB peak=7.10GiB
[TRAIN] step=08500 loss=0.02592 nmse_prop=0.02592 nmse_ls=0.06889 lr=5.324e-04 step_time=0.439s steps_per_s=1.825 gpu_mem=0.11GiB peak=7.10GiB
[TRAIN] step=08600 loss=0.02830 nmse_prop=0.02830 nmse_ls=0.08271 lr=5.315e-04 step_time=0.544s steps_per_s=1.828 gpu_mem=0.11GiB peak=7.10GiB
[TRAIN] step=08700 loss=0.03997 nmse_prop=0.03997 nmse_ls=0.15658 lr=5.306e-04 step_time=0.553s steps_per_s=1.830 gpu_mem=0.11GiB peak=7.10GiB
[TRAIN] step=08800 loss=0.02147 nmse_prop=0.02147 nmse_ls=0.04849 lr=5.297e-04 step_time=0.545s steps_per_s=1.834 gpu_mem=0.11GiB peak=7.10GiB
[TRAIN] step=08900 loss=0.02534 nmse_prop=0.02534 nmse_ls=0.09450 lr=5.287e-04 step_time=0.331s steps_per_s=1.836 gpu_mem=0.11GiB peak=7.10GiB
[TRAIN] step=09000 loss=0.02677 nmse_prop=0.02677 nmse_ls=0.07321 lr=5.278e-04 step_time=0.551s steps_per_s=1.839 gpu_mem=0.11GiB peak=7.10GiB
[TRAIN] saved resumable state at step=9000 reason=periodic: /scratch/rsadve1/NewAblations_Fabel/TWC_plots_comprehensive/runs_rx16/seed7/1dmrs/no_learned_errvar_d256_b4_r2/checkpoints/training_state/ckpt-9000
[TRAIN] step=09100 loss=0.02176 nmse_prop=0.02176 nmse_ls=0.04603 lr=5.268e-04 step_time=0.547s steps_per_s=1.841 gpu_mem=0.11GiB peak=7.10GiB
[TRAIN] step=09200 loss=0.03337 nmse_prop=0.03337 nmse_ls=0.11886 lr=5.259e-04 step_time=0.442s steps_per_s=1.844 gpu_mem=0.11GiB peak=7.10GiB
[TRAIN] step=09300 loss=0.03310 nmse_prop=0.03310 nmse_ls=0.13871 lr=5.249e-04 step_time=0.326s steps_per_s=1.847 gpu_mem=0.11GiB peak=7.10GiB
[TRAIN] step=09400 loss=0.02156 nmse_prop=0.02156 nmse_ls=0.08372 lr=5.240e-04 step_time=0.227s steps_per_s=1.849 gpu_mem=0.11GiB peak=7.10GiB
[TRAIN] step=09500 loss=0.03710 nmse_prop=0.03710 nmse_ls=0.14649 lr=5.230e-04 step_time=0.446s steps_per_s=1.852 gpu_mem=0.11GiB peak=7.10GiB
[TRAIN] step=09600 loss=0.03185 nmse_prop=0.03185 nmse_ls=0.10984 lr=5.220e-04 step_time=0.441s steps_per_s=1.854 gpu_mem=0.11GiB peak=7.10GiB
[TRAIN] step=09700 loss=0.02327 nmse_prop=0.02327 nmse_ls=0.05939 lr=5.210e-04 step_time=0.548s steps_per_s=1.856 gpu_mem=0.11GiB peak=7.10GiB
[TRAIN] step=09800 loss=0.01913 nmse_prop=0.01913 nmse_ls=0.06127 lr=5.200e-04 step_time=0.234s steps_per_s=1.859 gpu_mem=0.11GiB peak=7.10GiB
[TRAIN] step=09900 loss=0.02222 nmse_prop=0.02222 nmse_ls=0.08682 lr=5.190e-04 step_time=0.230s steps_per_s=1.861 gpu_mem=0.11GiB peak=7.10GiB
[TRAIN] step=10000 loss=0.03118 nmse_prop=0.03118 nmse_ls=0.11616 lr=5.179e-04 step_time=137.992s steps_per_s=1.818 gpu_mem=0.11GiB peak=7.10GiB
[TRAIN] saved resumable state at step=10000 reason=periodic: /scratch/rsadve1/NewAblations_Fabel/TWC_plots_comprehensive/runs_rx16/seed7/1dmrs/no_learned_errvar_d256_b4_r2/checkpoints/training_state/ckpt-10000
[TRAIN] step=10100 loss=0.02827 nmse_prop=0.02827 nmse_ls=0.09744 lr=5.169e-04 step_time=0.437s steps_per_s=1.820 gpu_mem=0.11GiB peak=7.10GiB
[TRAIN] step=10200 loss=0.02754 nmse_prop=0.02754 nmse_ls=0.09032 lr=5.158e-04 step_time=0.542s steps_per_s=1.823 gpu_mem=0.11GiB peak=7.10GiB
[TRAIN] step=10300 loss=0.02456 nmse_prop=0.02456 nmse_ls=0.07629 lr=5.148e-04 step_time=0.442s steps_per_s=1.825 gpu_mem=0.11GiB peak=7.10GiB
[TRAIN] step=10400 loss=0.02017 nmse_prop=0.02017 nmse_ls=0.04943 lr=5.137e-04 step_time=0.439s steps_per_s=1.827 gpu_mem=0.11GiB peak=7.10GiB
[TRAIN] step=10500 loss=0.03996 nmse_prop=0.03996 nmse_ls=0.16044 lr=5.127e-04 step_time=0.551s steps_per_s=1.830 gpu_mem=0.11GiB peak=7.10GiB
[TRAIN] step=10600 loss=0.02351 nmse_prop=0.02351 nmse_ls=0.07542 lr=5.116e-04 step_time=0.427s steps_per_s=1.833 gpu_mem=0.11GiB peak=7.10GiB
[TRAIN] step=10700 loss=0.02197 nmse_prop=0.02197 nmse_ls=0.05088 lr=5.105e-04 step_time=0.552s steps_per_s=1.835 gpu_mem=0.11GiB peak=7.10GiB
[TRAIN] step=10800 loss=0.03164 nmse_prop=0.03164 nmse_ls=0.10356 lr=5.094e-04 step_time=0.547s steps_per_s=1.837 gpu_mem=0.11GiB peak=7.10GiB
[TRAIN] step=10900 loss=0.02647 nmse_prop=0.02647 nmse_ls=0.07954 lr=5.083e-04 step_time=0.548s steps_per_s=1.839 gpu_mem=0.11GiB peak=7.10GiB
[TRAIN] step=11000 loss=0.03957 nmse_prop=0.03957 nmse_ls=0.15389 lr=5.072e-04 step_time=0.546s steps_per_s=1.842 gpu_mem=0.11GiB peak=7.10GiB
[TRAIN] saved resumable state at step=11000 reason=periodic: /scratch/rsadve1/NewAblations_Fabel/TWC_plots_comprehensive/runs_rx16/seed7/1dmrs/no_learned_errvar_d256_b4_r2/checkpoints/training_state/ckpt-11000
[TRAIN] step=11100 loss=0.02504 nmse_prop=0.02504 nmse_ls=0.11209 lr=5.060e-04 step_time=0.231s steps_per_s=1.844 gpu_mem=0.11GiB peak=7.10GiB
[TRAIN] step=11200 loss=0.02080 nmse_prop=0.02080 nmse_ls=0.08332 lr=5.049e-04 step_time=0.344s steps_per_s=1.845 gpu_mem=0.11GiB peak=7.10GiB
[TRAIN] step=11300 loss=0.04420 nmse_prop=0.04420 nmse_ls=0.20026 lr=5.038e-04 step_time=0.441s steps_per_s=1.847 gpu_mem=0.11GiB peak=7.10GiB
[TRAIN] step=11400 loss=0.01841 nmse_prop=0.01841 nmse_ls=0.03638 lr=5.026e-04 step_time=0.552s steps_per_s=1.849 gpu_mem=0.11GiB peak=7.10GiB
[TRAIN] step=11500 loss=0.02990 nmse_prop=0.02990 nmse_ls=0.10420 lr=5.015e-04 step_time=0.544s steps_per_s=1.851 gpu_mem=0.11GiB peak=7.10GiB
[TRAIN] step=11600 loss=0.04642 nmse_prop=0.04642 nmse_ls=0.20600 lr=5.003e-04 step_time=0.541s steps_per_s=1.853 gpu_mem=0.11GiB peak=7.10GiB
[TRAIN] step=11700 loss=0.01486 nmse_prop=0.01486 nmse_ls=0.03669 lr=4.991e-04 step_time=0.332s steps_per_s=1.856 gpu_mem=0.11GiB peak=7.10GiB
[TRAIN] step=11800 loss=0.01797 nmse_prop=0.01797 nmse_ls=0.03900 lr=4.979e-04 step_time=0.553s steps_per_s=1.857 gpu_mem=0.11GiB peak=7.10GiB
[TRAIN] step=11900 loss=0.02279 nmse_prop=0.02279 nmse_ls=0.05845 lr=4.968e-04 step_time=0.535s steps_per_s=1.860 gpu_mem=0.11GiB peak=7.10GiB
WARNING:tensorflow:Model's `__init__()` arguments contain non-serializable objects. Please implement a `get_config()` method in the subclassed Model for proper saving and loading. Defaulting to empty config.
WARNING:tensorflow:Model's `__init__()` arguments contain non-serializable objects. Please implement a `get_config()` method in the subclassed Model for proper saving and loading. Defaulting to empty config.
[TRAIN] saved new best weights at step=12000 val_nmse=0.0264068
[TRAIN] step=12000 loss=0.03834 nmse_prop=0.03834 nmse_ls=0.15772 lr=4.956e-04 step_time=148.800s steps_per_s=1.820 gpu_mem=0.11GiB peak=7.10GiB
[TRAIN] saved resumable state at step=12000 reason=periodic: /scratch/rsadve1/NewAblations_Fabel/TWC_plots_comprehensive/runs_rx16/seed7/1dmrs/no_learned_errvar_d256_b4_r2/checkpoints/training_state/ckpt-12000
[TRAIN] step=12100 loss=0.02537 nmse_prop=0.02537 nmse_ls=0.06992 lr=4.944e-04 step_time=0.543s steps_per_s=1.821 gpu_mem=0.11GiB peak=7.10GiB
[TRAIN] step=12200 loss=0.03132 nmse_prop=0.03132 nmse_ls=0.11264 lr=4.931e-04 step_time=0.551s steps_per_s=1.823 gpu_mem=0.11GiB peak=7.10GiB
[TRAIN] step=12300 loss=0.01948 nmse_prop=0.01948 nmse_ls=0.04228 lr=4.919e-04 step_time=0.437s steps_per_s=1.825 gpu_mem=0.11GiB peak=7.10GiB
[TRAIN] step=12400 loss=0.02770 nmse_prop=0.02770 nmse_ls=0.10033 lr=4.907e-04 step_time=0.423s steps_per_s=1.828 gpu_mem=0.11GiB peak=7.10GiB
[TRAIN] step=12500 loss=0.02209 nmse_prop=0.02209 nmse_ls=0.05077 lr=4.894e-04 step_time=0.530s steps_per_s=1.830 gpu_mem=0.11GiB peak=7.10GiB
[TRAIN] step=12600 loss=0.04253 nmse_prop=0.04253 nmse_ls=0.20922 lr=4.882e-04 step_time=0.447s steps_per_s=1.832 gpu_mem=0.11GiB peak=7.10GiB
[TRAIN] step=12700 loss=0.01803 nmse_prop=0.01803 nmse_ls=0.05662 lr=4.869e-04 step_time=0.329s steps_per_s=1.834 gpu_mem=0.11GiB peak=7.10GiB
[TRAIN] step=12800 loss=0.04031 nmse_prop=0.04031 nmse_ls=0.19477 lr=4.857e-04 step_time=0.438s steps_per_s=1.836 gpu_mem=0.11GiB peak=7.10GiB
[TRAIN] step=12900 loss=0.02548 nmse_prop=0.02548 nmse_ls=0.11038 lr=4.844e-04 step_time=0.229s steps_per_s=1.838 gpu_mem=0.11GiB peak=7.10GiB
[TRAIN] step=13000 loss=0.04791 nmse_prop=0.04791 nmse_ls=0.24781 lr=4.831e-04 step_time=0.436s steps_per_s=1.841 gpu_mem=0.11GiB peak=7.10GiB
[TRAIN] saved resumable state at step=13000 reason=periodic: /scratch/rsadve1/NewAblations_Fabel/TWC_plots_comprehensive/runs_rx16/seed7/1dmrs/no_learned_errvar_d256_b4_r2/checkpoints/training_state/ckpt-13000
[TRAIN] step=13100 loss=0.03053 nmse_prop=0.03053 nmse_ls=0.10036 lr=4.819e-04 step_time=0.541s steps_per_s=1.842 gpu_mem=0.11GiB peak=7.10GiB
[TRAIN] step=13200 loss=0.04051 nmse_prop=0.04051 nmse_ls=0.17655 lr=4.806e-04 step_time=0.532s steps_per_s=1.844 gpu_mem=0.11GiB peak=7.10GiB
[TRAIN] step=13300 loss=0.02034 nmse_prop=0.02034 nmse_ls=0.04720 lr=4.793e-04 step_time=0.441s steps_per_s=1.846 gpu_mem=0.11GiB peak=7.10GiB
[TRAIN] step=13400 loss=0.02363 nmse_prop=0.02363 nmse_ls=0.06905 lr=4.780e-04 step_time=0.544s steps_per_s=1.847 gpu_mem=0.11GiB peak=7.10GiB
[TRAIN] step=13500 loss=0.02612 nmse_prop=0.02612 nmse_ls=0.09741 lr=4.766e-04 step_time=0.329s steps_per_s=1.849 gpu_mem=0.11GiB peak=7.10GiB
[TRAIN] step=13600 loss=0.02080 nmse_prop=0.02080 nmse_ls=0.04785 lr=4.753e-04 step_time=0.547s steps_per_s=1.851 gpu_mem=0.11GiB peak=7.10GiB
[TRAIN] step=13700 loss=0.02246 nmse_prop=0.02246 nmse_ls=0.05794 lr=4.740e-04 step_time=0.539s steps_per_s=1.852 gpu_mem=0.11GiB peak=7.10GiB
[TRAIN] step=13800 loss=0.03337 nmse_prop=0.03337 nmse_ls=0.12106 lr=4.727e-04 step_time=0.543s steps_per_s=1.854 gpu_mem=0.11GiB peak=7.10GiB
[TRAIN] step=13900 loss=0.01790 nmse_prop=0.01790 nmse_ls=0.08198 lr=4.713e-04 step_time=0.230s steps_per_s=1.856 gpu_mem=0.11GiB peak=7.10GiB
WARNING:tensorflow:Model's `__init__()` arguments contain non-serializable objects. Please implement a `get_config()` method in the subclassed Model for proper saving and loading. Defaulting to empty config.
WARNING:tensorflow:Model's `__init__()` arguments contain non-serializable objects. Please implement a `get_config()` method in the subclassed Model for proper saving and loading. Defaulting to empty config.
[TRAIN] saved new best weights at step=14000 val_nmse=0.0255598
[TRAIN] step=14000 loss=0.03766 nmse_prop=0.03766 nmse_ls=0.16038 lr=4.700e-04 step_time=146.323s steps_per_s=1.822 gpu_mem=0.11GiB peak=7.10GiB
[TRAIN] saved resumable state at step=14000 reason=periodic: /scratch/rsadve1/NewAblations_Fabel/TWC_plots_comprehensive/runs_rx16/seed7/1dmrs/no_learned_errvar_d256_b4_r2/checkpoints/training_state/ckpt-14000
[TRAIN] step=14100 loss=0.02487 nmse_prop=0.02487 nmse_ls=0.08751 lr=4.686e-04 step_time=0.438s steps_per_s=1.823 gpu_mem=0.11GiB peak=7.10GiB
