[ENV] Reusing portable venv: /home/rsadve1/scratch/.vevn_upair_potable
[ENV] Checking installed package metadata only; TensorFlow/Sionna are not imported here.
[ENV] Python 3.11.5
[ENV] numpy 1.26.4+computecanada
[ENV] pandas 2.2.3+computecanada
[ENV] matplotlib 3.10.0+computecanada
[ENV] PyYAML 6.0.2+computecanada
[ENV] scipy 1.15.1+computecanada
[ENV] tensorflow 2.15.1+computecanada
[ENV] sionna-no-rt 1.2.1
[ENV] optuna 4.8.0+computecanada
[ENV] Skipping TensorFlow/Sionna import check on this node. Set UPAIR_DEEP_IMPORT_CHECK=1 to test imports explicitly.
[ENV] Ready: REPO=/home/rsadve1/scratch/NewAblations_Fabel
[ENV] Ready: VENV=/home/rsadve1/scratch/.vevn_upair_potable
[ENV] Reusing portable venv: /home/rsadve1/scratch/.vevn_upair_potable
[ENV] Checking installed package metadata only; TensorFlow/Sionna are not imported here.
[ENV] Python 3.11.5
[ENV] numpy 1.26.4+computecanada
[ENV] pandas 2.2.3+computecanada
[ENV] matplotlib 3.10.0+computecanada
[ENV] PyYAML 6.0.2+computecanada
[ENV] scipy 1.15.1+computecanada
[ENV] tensorflow 2.15.1+computecanada
[ENV] sionna-no-rt 1.2.1
[ENV] optuna 4.8.0+computecanada
[ENV] Skipping TensorFlow/Sionna import check on this node. Set UPAIR_DEEP_IMPORT_CHECK=1 to test imports explicitly.
[ENV] Ready: REPO=/home/rsadve1/scratch/NewAblations_Fabel
[ENV] Ready: VENV=/home/rsadve1/scratch/.vevn_upair_potable
================================================================================
[PIPELINE] variant=no_raw_y_d256_b4_r2
[PIPELINE] root=/home/rsadve1/scratch/NewAblations_Fabel
[PIPELINE] stageB_prefix=clean_b32_prb8_d256_40k_smart_trueDMRS_u34610_1dmrs_stageB
[PIPELINE] receivers=upair5g_lmmse
[PIPELINE] users=3
[PIPELINE] ebnos=-4,-3,-2,-1,0,1
[PIPELINE] chunk_batches=20 micro=8
================================================================================
[PIPELINE] training missing/incomplete for no_raw_y_d256_b4_r2; running training-only resume.
2026-07-04 12:35:06.062797: E external/local_xla/xla/stream_executor/cuda/cuda_dnn.cc:9261] Unable to register cuDNN factory: Attempting to register factory for plugin cuDNN when one has already been registered
2026-07-04 12:35:06.062834: E external/local_xla/xla/stream_executor/cuda/cuda_fft.cc:607] Unable to register cuFFT factory: Attempting to register factory for plugin cuFFT when one has already been registered
2026-07-04 12:35:06.064038: E external/local_xla/xla/stream_executor/cuda/cuda_blas.cc:1515] Unable to register cuBLAS factory: Attempting to register factory for plugin cuBLAS when one has already been registered
[COMPREHENSIVE] loaded Optuna best JSON for no_raw_y_d256_b4_r2 from /home/rsadve1/scratch/NewAblations_Fabel/optuna/clean_b32_prb8_d256_40k_smart_trueDMRS_u34610_1dmrs_stageB_no_raw_y_d256_b4_r2_best_params.json
[TRAIN] loss_mode=nll_nmse (use_nll_loss=True)
[TRAIN] optimizer lr_schedule=cosine_decay learning_rate=0.000571292 weight_decay=9.65466e-06
[TRAIN] seeds active_seed=7 training_seed=7 evaluation_seed=1007
[TRAIN] starting from scratch
2026-07-04 12:35:40.482414: E tensorflow/core/grappler/optimizers/meta_optimizer.cc:961] layout failed: INVALID_ARGUMENT: Size of values 0 does not match size of permutation 4 @ fanin shape inaxial_block_0/dropout/dropout_2/SelectV2-2-TransposeNHWCToNCHW-LayoutOptimizer
WARNING: All log messages before absl::InitializeLog() is called are written to STDERR
I0000 00:00:1783182942.046538  116288 device_compiler.h:186] Compiled cluster using XLA!  This line is logged at most once for the lifetime of the process.
[TRAIN] step=00001 loss=-0.82631 nmse_prop=0.14845 nmse_ls=0.14845 lr=5.713e-04 step_time=15.003s steps_per_s=0.067 gpu_mem=0.09GiB peak=7.07GiB
[TRAIN] step=00100 loss=-1.43847 nmse_prop=0.08358 nmse_ls=0.09516 lr=5.713e-04 step_time=0.550s steps_per_s=1.279 gpu_mem=0.17GiB peak=7.20GiB
[TRAIN] step=00200 loss=-1.38293 nmse_prop=0.08653 nmse_ls=0.11376 lr=5.713e-04 step_time=0.559s steps_per_s=1.610 gpu_mem=0.17GiB peak=7.20GiB
[TRAIN] step=00300 loss=-1.73449 nmse_prop=0.06394 nmse_ls=0.09137 lr=5.712e-04 step_time=0.551s steps_per_s=1.750 gpu_mem=0.17GiB peak=7.20GiB
[TRAIN] step=00400 loss=-1.81408 nmse_prop=0.05861 nmse_ls=0.09286 lr=5.712e-04 step_time=0.548s steps_per_s=1.824 gpu_mem=0.17GiB peak=7.20GiB
[TRAIN] step=00500 loss=-1.75483 nmse_prop=0.06291 nmse_ls=0.13141 lr=5.712e-04 step_time=0.441s steps_per_s=1.869 gpu_mem=0.17GiB peak=7.20GiB
[TRAIN] step=00600 loss=-2.63020 nmse_prop=0.02823 nmse_ls=0.04452 lr=5.711e-04 step_time=0.444s steps_per_s=1.912 gpu_mem=0.17GiB peak=7.20GiB
[TRAIN] step=00700 loss=-2.25394 nmse_prop=0.03974 nmse_ls=0.08101 lr=5.710e-04 step_time=0.441s steps_per_s=1.940 gpu_mem=0.17GiB peak=7.20GiB
[TRAIN] step=00800 loss=-2.64464 nmse_prop=0.02827 nmse_ls=0.05178 lr=5.709e-04 step_time=0.444s steps_per_s=1.955 gpu_mem=0.17GiB peak=7.20GiB
[TRAIN] step=00900 loss=-2.84096 nmse_prop=0.02391 nmse_ls=0.03614 lr=5.708e-04 step_time=0.559s steps_per_s=1.971 gpu_mem=0.17GiB peak=7.20GiB
[TRAIN] step=01000 loss=-2.11424 nmse_prop=0.04571 nmse_ls=0.11748 lr=5.707e-04 step_time=0.228s steps_per_s=1.981 gpu_mem=0.17GiB peak=7.20GiB
[TRAIN] saved resumable state at step=1000 reason=periodic: /scratch/rsadve1/NewAblations_Fabel/TWC_plots_comprehensive/runs_rx16/seed7/1dmrs/no_raw_y_d256_b4_r2/checkpoints/training_state/ckpt-1000
[TRAIN] step=01100 loss=-2.52693 nmse_prop=0.03111 nmse_ls=0.07544 lr=5.706e-04 step_time=0.447s steps_per_s=1.987 gpu_mem=0.17GiB peak=7.20GiB
[TRAIN] step=01200 loss=-1.64558 nmse_prop=0.07263 nmse_ls=0.18679 lr=5.705e-04 step_time=0.547s steps_per_s=2.000 gpu_mem=0.17GiB peak=7.20GiB
[TRAIN] step=01300 loss=-2.25619 nmse_prop=0.04078 nmse_ls=0.09078 lr=5.704e-04 step_time=0.554s steps_per_s=2.008 gpu_mem=0.17GiB peak=7.20GiB
[TRAIN] step=01400 loss=-2.79003 nmse_prop=0.02504 nmse_ls=0.05662 lr=5.702e-04 step_time=0.327s steps_per_s=2.018 gpu_mem=0.17GiB peak=7.20GiB
[TRAIN] step=01500 loss=-1.94893 nmse_prop=0.05422 nmse_ls=0.13913 lr=5.701e-04 step_time=0.537s steps_per_s=2.025 gpu_mem=0.17GiB peak=7.20GiB
[TRAIN] step=01600 loss=-2.98008 nmse_prop=0.02139 nmse_ls=0.04196 lr=5.699e-04 step_time=0.448s steps_per_s=2.028 gpu_mem=0.17GiB peak=7.20GiB
[TRAIN] step=01700 loss=-2.71051 nmse_prop=0.02670 nmse_ls=0.06719 lr=5.697e-04 step_time=0.340s steps_per_s=2.034 gpu_mem=0.17GiB peak=7.20GiB
[TRAIN] step=01800 loss=-2.27258 nmse_prop=0.03950 nmse_ls=0.12112 lr=5.695e-04 step_time=0.446s steps_per_s=2.039 gpu_mem=0.17GiB peak=7.20GiB
[TRAIN] step=01900 loss=-2.24561 nmse_prop=0.04031 nmse_ls=0.12961 lr=5.693e-04 step_time=0.446s steps_per_s=2.039 gpu_mem=0.17GiB peak=7.20GiB
WARNING:tensorflow:Model's `__init__()` arguments contain non-serializable objects. Please implement a `get_config()` method in the subclassed Model for proper saving and loading. Defaulting to empty config.
WARNING:tensorflow:Model's `__init__()` arguments contain non-serializable objects. Please implement a `get_config()` method in the subclassed Model for proper saving and loading. Defaulting to empty config.
[TRAIN] saved new best weights at step=2000 val_nmse=0.0325948
[TRAIN] step=02000 loss=-1.81177 nmse_prop=0.06203 nmse_ls=0.17607 lr=5.691e-04 step_time=156.855s steps_per_s=1.764 gpu_mem=0.19GiB peak=7.20GiB
[TRAIN] saved resumable state at step=2000 reason=periodic: /scratch/rsadve1/NewAblations_Fabel/TWC_plots_comprehensive/runs_rx16/seed7/1dmrs/no_raw_y_d256_b4_r2/checkpoints/training_state/ckpt-2000
[TRAIN] step=02100 loss=-2.88019 nmse_prop=0.02235 nmse_ls=0.05307 lr=5.689e-04 step_time=0.237s steps_per_s=1.778 gpu_mem=0.19GiB peak=7.23GiB
[TRAIN] step=02200 loss=-2.22291 nmse_prop=0.04224 nmse_ls=0.11152 lr=5.686e-04 step_time=0.547s steps_per_s=1.789 gpu_mem=0.19GiB peak=7.23GiB
[TRAIN] step=02300 loss=-2.80441 nmse_prop=0.02443 nmse_ls=0.05010 lr=5.684e-04 step_time=0.547s steps_per_s=1.800 gpu_mem=0.19GiB peak=7.23GiB
[TRAIN] step=02400 loss=-2.99559 nmse_prop=0.02142 nmse_ls=0.04115 lr=5.681e-04 step_time=0.446s steps_per_s=1.811 gpu_mem=0.19GiB peak=7.23GiB
[TRAIN] step=02500 loss=-2.63661 nmse_prop=0.02948 nmse_ls=0.06944 lr=5.679e-04 step_time=0.231s steps_per_s=1.821 gpu_mem=0.19GiB peak=7.23GiB
[TRAIN] step=02600 loss=-1.80742 nmse_prop=0.06070 nmse_ls=0.23759 lr=5.676e-04 step_time=0.447s steps_per_s=1.831 gpu_mem=0.19GiB peak=7.23GiB
[TRAIN] step=02700 loss=-2.69475 nmse_prop=0.02715 nmse_ls=0.06353 lr=5.673e-04 step_time=0.549s steps_per_s=1.839 gpu_mem=0.19GiB peak=7.23GiB
[TRAIN] step=02800 loss=-2.09618 nmse_prop=0.04708 nmse_ls=0.14700 lr=5.670e-04 step_time=0.560s steps_per_s=1.844 gpu_mem=0.19GiB peak=7.23GiB
[TRAIN] step=02900 loss=-1.92200 nmse_prop=0.05488 nmse_ls=0.20625 lr=5.667e-04 step_time=0.330s steps_per_s=1.854 gpu_mem=0.19GiB peak=7.23GiB
[TRAIN] step=03000 loss=-2.87703 nmse_prop=0.02322 nmse_ls=0.05060 lr=5.663e-04 step_time=0.550s steps_per_s=1.861 gpu_mem=0.19GiB peak=7.23GiB
[TRAIN] saved resumable state at step=3000 reason=periodic: /scratch/rsadve1/NewAblations_Fabel/TWC_plots_comprehensive/runs_rx16/seed7/1dmrs/no_raw_y_d256_b4_r2/checkpoints/training_state/ckpt-3000
[TRAIN] step=03100 loss=-2.86965 nmse_prop=0.02351 nmse_ls=0.05533 lr=5.660e-04 step_time=0.433s steps_per_s=1.864 gpu_mem=0.19GiB peak=7.23GiB
[TRAIN] step=03200 loss=-2.49879 nmse_prop=0.03172 nmse_ls=0.10222 lr=5.657e-04 step_time=0.334s steps_per_s=1.872 gpu_mem=0.19GiB peak=7.23GiB
[TRAIN] step=03300 loss=-1.90278 nmse_prop=0.05529 nmse_ls=0.21972 lr=5.653e-04 step_time=0.432s steps_per_s=1.879 gpu_mem=0.19GiB peak=7.23GiB
[TRAIN] step=03400 loss=-2.70185 nmse_prop=0.02718 nmse_ls=0.06860 lr=5.649e-04 step_time=0.441s steps_per_s=1.885 gpu_mem=0.19GiB peak=7.23GiB
[TRAIN] step=03500 loss=-2.80299 nmse_prop=0.02497 nmse_ls=0.06134 lr=5.646e-04 step_time=0.415s steps_per_s=1.891 gpu_mem=0.19GiB peak=7.23GiB
[TRAIN] step=03600 loss=-2.92288 nmse_prop=0.02264 nmse_ls=0.05032 lr=5.642e-04 step_time=0.440s steps_per_s=1.896 gpu_mem=0.19GiB peak=7.23GiB
[TRAIN] step=03700 loss=-1.86123 nmse_prop=0.05780 nmse_ls=0.23143 lr=5.638e-04 step_time=0.443s steps_per_s=1.900 gpu_mem=0.19GiB peak=7.23GiB
[TRAIN] step=03800 loss=-2.84072 nmse_prop=0.02380 nmse_ls=0.04207 lr=5.634e-04 step_time=0.234s steps_per_s=1.906 gpu_mem=0.19GiB peak=7.23GiB
[TRAIN] step=03900 loss=-2.29651 nmse_prop=0.03852 nmse_ls=0.12526 lr=5.629e-04 step_time=0.547s steps_per_s=1.910 gpu_mem=0.19GiB peak=7.23GiB
WARNING:tensorflow:Model's `__init__()` arguments contain non-serializable objects. Please implement a `get_config()` method in the subclassed Model for proper saving and loading. Defaulting to empty config.
WARNING:tensorflow:Model's `__init__()` arguments contain non-serializable objects. Please implement a `get_config()` method in the subclassed Model for proper saving and loading. Defaulting to empty config.
[TRAIN] saved new best weights at step=4000 val_nmse=0.0309256
[TRAIN] step=04000 loss=-1.86106 nmse_prop=0.05804 nmse_ls=0.23212 lr=5.625e-04 step_time=159.745s steps_per_s=1.779 gpu_mem=0.19GiB peak=7.23GiB
[TRAIN] saved resumable state at step=4000 reason=periodic: /scratch/rsadve1/NewAblations_Fabel/TWC_plots_comprehensive/runs_rx16/seed7/1dmrs/no_raw_y_d256_b4_r2/checkpoints/training_state/ckpt-4000
[TRAIN] step=04100 loss=-2.70178 nmse_prop=0.02643 nmse_ls=0.08093 lr=5.621e-04 step_time=0.339s steps_per_s=1.784 gpu_mem=0.19GiB peak=7.23GiB
[TRAIN] step=04200 loss=-2.59873 nmse_prop=0.02933 nmse_ls=0.08828 lr=5.616e-04 step_time=0.442s steps_per_s=1.790 gpu_mem=0.19GiB peak=7.23GiB
[TRAIN] step=04300 loss=-3.04438 nmse_prop=0.02021 nmse_ls=0.04227 lr=5.612e-04 step_time=0.574s steps_per_s=1.796 gpu_mem=0.19GiB peak=7.23GiB
[TRAIN] step=04400 loss=-2.01408 nmse_prop=0.04993 nmse_ls=0.19076 lr=5.607e-04 step_time=0.553s steps_per_s=1.802 gpu_mem=0.19GiB peak=7.23GiB
[TRAIN] step=04500 loss=-3.08570 nmse_prop=0.01978 nmse_ls=0.03869 lr=5.602e-04 step_time=0.565s steps_per_s=1.808 gpu_mem=0.19GiB peak=7.23GiB
[TRAIN] step=04600 loss=-2.71891 nmse_prop=0.02642 nmse_ls=0.07615 lr=5.597e-04 step_time=0.451s steps_per_s=1.813 gpu_mem=0.19GiB peak=7.23GiB
[TRAIN] step=04700 loss=-1.90476 nmse_prop=0.05508 nmse_ls=0.22974 lr=5.592e-04 step_time=0.554s steps_per_s=1.817 gpu_mem=0.19GiB peak=7.23GiB
[TRAIN] step=04800 loss=-2.72661 nmse_prop=0.02637 nmse_ls=0.06942 lr=5.587e-04 step_time=0.566s steps_per_s=1.821 gpu_mem=0.19GiB peak=7.23GiB
[TRAIN] step=04900 loss=-2.53539 nmse_prop=0.03074 nmse_ls=0.10230 lr=5.582e-04 step_time=0.349s steps_per_s=1.824 gpu_mem=0.19GiB peak=7.23GiB
[TRAIN] step=05000 loss=-2.96201 nmse_prop=0.02126 nmse_ls=0.04977 lr=5.576e-04 step_time=0.236s steps_per_s=1.829 gpu_mem=0.19GiB peak=7.23GiB
[TRAIN] saved resumable state at step=5000 reason=periodic: /scratch/rsadve1/NewAblations_Fabel/TWC_plots_comprehensive/runs_rx16/seed7/1dmrs/no_raw_y_d256_b4_r2/checkpoints/training_state/ckpt-5000
[TRAIN] step=05100 loss=-2.90723 nmse_prop=0.02275 nmse_ls=0.05165 lr=5.571e-04 step_time=0.554s steps_per_s=1.832 gpu_mem=0.19GiB peak=7.23GiB
[TRAIN] step=05200 loss=-2.93597 nmse_prop=0.02238 nmse_ls=0.05401 lr=5.565e-04 step_time=0.345s steps_per_s=1.836 gpu_mem=0.19GiB peak=7.23GiB
[TRAIN] step=05300 loss=-1.98691 nmse_prop=0.05168 nmse_ls=0.21173 lr=5.559e-04 step_time=0.434s steps_per_s=1.840 gpu_mem=0.19GiB peak=7.23GiB
[TRAIN] step=05400 loss=-3.06912 nmse_prop=0.01944 nmse_ls=0.04340 lr=5.554e-04 step_time=0.555s steps_per_s=1.843 gpu_mem=0.19GiB peak=7.23GiB
[TRAIN] step=05500 loss=-2.14220 nmse_prop=0.04422 nmse_ls=0.18308 lr=5.548e-04 step_time=0.337s steps_per_s=1.847 gpu_mem=0.19GiB peak=7.23GiB
[TRAIN] step=05600 loss=-3.11848 nmse_prop=0.01897 nmse_ls=0.04187 lr=5.542e-04 step_time=0.314s steps_per_s=1.851 gpu_mem=0.19GiB peak=7.23GiB
[TRAIN] step=05700 loss=-2.03919 nmse_prop=0.04846 nmse_ls=0.18948 lr=5.536e-04 step_time=0.236s steps_per_s=1.854 gpu_mem=0.19GiB peak=7.23GiB
[TRAIN] step=05800 loss=-2.80378 nmse_prop=0.02510 nmse_ls=0.06202 lr=5.529e-04 step_time=0.546s steps_per_s=1.858 gpu_mem=0.19GiB peak=7.23GiB
[TRAIN] step=05900 loss=-3.21189 nmse_prop=0.01764 nmse_ls=0.03709 lr=5.523e-04 step_time=0.443s steps_per_s=1.861 gpu_mem=0.19GiB peak=7.23GiB
WARNING:tensorflow:Model's `__init__()` arguments contain non-serializable objects. Please implement a `get_config()` method in the subclassed Model for proper saving and loading. Defaulting to empty config.
WARNING:tensorflow:Model's `__init__()` arguments contain non-serializable objects. Please implement a `get_config()` method in the subclassed Model for proper saving and loading. Defaulting to empty config.
[TRAIN] saved new best weights at step=6000 val_nmse=0.0283494
[TRAIN] step=06000 loss=-3.19265 nmse_prop=0.01814 nmse_ls=0.03811 lr=5.517e-04 step_time=153.588s steps_per_s=1.780 gpu_mem=0.19GiB peak=7.23GiB
[TRAIN] saved resumable state at step=6000 reason=periodic: /scratch/rsadve1/NewAblations_Fabel/TWC_plots_comprehensive/runs_rx16/seed7/1dmrs/no_raw_y_d256_b4_r2/checkpoints/training_state/ckpt-6000
[TRAIN] step=06100 loss=-1.77957 nmse_prop=0.06215 nmse_ls=0.24938 lr=5.510e-04 step_time=0.547s steps_per_s=1.784 gpu_mem=0.19GiB peak=7.23GiB
[TRAIN] step=06200 loss=-2.50202 nmse_prop=0.03256 nmse_ls=0.10130 lr=5.504e-04 step_time=0.443s steps_per_s=1.789 gpu_mem=0.19GiB peak=7.23GiB
[TRAIN] step=06300 loss=-2.10909 nmse_prop=0.04565 nmse_ls=0.19457 lr=5.497e-04 step_time=0.339s steps_per_s=1.793 gpu_mem=0.19GiB peak=7.23GiB
[TRAIN] step=06400 loss=-2.52751 nmse_prop=0.03171 nmse_ls=0.09457 lr=5.490e-04 step_time=0.552s steps_per_s=1.798 gpu_mem=0.19GiB peak=7.23GiB
[TRAIN] step=06500 loss=-2.94723 nmse_prop=0.02247 nmse_ls=0.05068 lr=5.483e-04 step_time=0.235s steps_per_s=1.802 gpu_mem=0.19GiB peak=7.23GiB
[TRAIN] step=06600 loss=-2.95818 nmse_prop=0.02264 nmse_ls=0.05085 lr=5.476e-04 step_time=0.444s steps_per_s=1.806 gpu_mem=0.19GiB peak=7.23GiB
[TRAIN] step=06700 loss=-2.42170 nmse_prop=0.03403 nmse_ls=0.12230 lr=5.469e-04 step_time=0.449s steps_per_s=1.809 gpu_mem=0.19GiB peak=7.23GiB
[TRAIN] step=06800 loss=-2.96388 nmse_prop=0.02241 nmse_ls=0.04829 lr=5.462e-04 step_time=0.552s steps_per_s=1.812 gpu_mem=0.19GiB peak=7.23GiB
[TRAIN] step=06900 loss=-2.15781 nmse_prop=0.04379 nmse_ls=0.16821 lr=5.454e-04 step_time=0.546s steps_per_s=1.815 gpu_mem=0.19GiB peak=7.23GiB
[TRAIN] step=07000 loss=-2.33047 nmse_prop=0.03724 nmse_ls=0.13296 lr=5.447e-04 step_time=0.554s steps_per_s=1.818 gpu_mem=0.19GiB peak=7.23GiB
[TRAIN] saved resumable state at step=7000 reason=periodic: /scratch/rsadve1/NewAblations_Fabel/TWC_plots_comprehensive/runs_rx16/seed7/1dmrs/no_raw_y_d256_b4_r2/checkpoints/training_state/ckpt-7000
[TRAIN] step=07100 loss=-2.11065 nmse_prop=0.04584 nmse_ls=0.18456 lr=5.439e-04 step_time=0.335s steps_per_s=1.821 gpu_mem=0.19GiB peak=7.23GiB
[TRAIN] step=07200 loss=-1.87285 nmse_prop=0.05706 nmse_ls=0.25143 lr=5.432e-04 step_time=0.446s steps_per_s=1.824 gpu_mem=0.19GiB peak=7.23GiB
[TRAIN] step=07300 loss=-2.46273 nmse_prop=0.03280 nmse_ls=0.12058 lr=5.424e-04 step_time=0.445s steps_per_s=1.828 gpu_mem=0.19GiB peak=7.23GiB
[TRAIN] step=07400 loss=-2.89099 nmse_prop=0.02284 nmse_ls=0.05763 lr=5.416e-04 step_time=0.549s steps_per_s=1.831 gpu_mem=0.19GiB peak=7.23GiB
[TRAIN] step=07500 loss=-1.86148 nmse_prop=0.05701 nmse_ls=0.24375 lr=5.408e-04 step_time=0.236s steps_per_s=1.835 gpu_mem=0.19GiB peak=7.23GiB
[TRAIN] step=07600 loss=-2.79696 nmse_prop=0.02487 nmse_ls=0.07055 lr=5.400e-04 step_time=0.438s steps_per_s=1.838 gpu_mem=0.19GiB peak=7.23GiB
[TRAIN] step=07700 loss=-2.69244 nmse_prop=0.02746 nmse_ls=0.07815 lr=5.392e-04 step_time=0.439s steps_per_s=1.841 gpu_mem=0.19GiB peak=7.23GiB
[TRAIN] step=07800 loss=-2.90361 nmse_prop=0.02373 nmse_ls=0.05211 lr=5.384e-04 step_time=0.237s steps_per_s=1.844 gpu_mem=0.19GiB peak=7.23GiB
[TRAIN] step=07900 loss=-2.26878 nmse_prop=0.03965 nmse_ls=0.15638 lr=5.376e-04 step_time=0.338s steps_per_s=1.847 gpu_mem=0.19GiB peak=7.23GiB
WARNING:tensorflow:Model's `__init__()` arguments contain non-serializable objects. Please implement a `get_config()` method in the subclassed Model for proper saving and loading. Defaulting to empty config.
WARNING:tensorflow:Model's `__init__()` arguments contain non-serializable objects. Please implement a `get_config()` method in the subclassed Model for proper saving and loading. Defaulting to empty config.
[TRAIN] saved new best weights at step=8000 val_nmse=0.0282995
[TRAIN] step=08000 loss=-3.10070 nmse_prop=0.01950 nmse_ls=0.04259 lr=5.367e-04 step_time=179.252s steps_per_s=1.777 gpu_mem=0.19GiB peak=7.23GiB
[TRAIN] saved resumable state at step=8000 reason=periodic: /scratch/rsadve1/NewAblations_Fabel/TWC_plots_comprehensive/runs_rx16/seed7/1dmrs/no_raw_y_d256_b4_r2/checkpoints/training_state/ckpt-8000
[TRAIN] step=08100 loss=-2.44361 nmse_prop=0.03344 nmse_ls=0.12474 lr=5.359e-04 step_time=0.450s steps_per_s=1.779 gpu_mem=0.19GiB peak=7.23GiB
[TRAIN] step=08200 loss=-2.04118 nmse_prop=0.04879 nmse_ls=0.20271 lr=5.350e-04 step_time=0.454s steps_per_s=1.783 gpu_mem=0.19GiB peak=7.23GiB
[TRAIN] step=08300 loss=-3.07066 nmse_prop=0.02076 nmse_ls=0.04113 lr=5.341e-04 step_time=0.554s steps_per_s=1.786 gpu_mem=0.19GiB peak=7.23GiB
[TRAIN] step=08400 loss=-2.09889 nmse_prop=0.04582 nmse_ls=0.19225 lr=5.333e-04 step_time=0.545s steps_per_s=1.789 gpu_mem=0.19GiB peak=7.23GiB
[TRAIN] step=08500 loss=-2.91049 nmse_prop=0.02174 nmse_ls=0.06467 lr=5.324e-04 step_time=0.444s steps_per_s=1.792 gpu_mem=0.19GiB peak=7.23GiB
[TRAIN] step=08600 loss=-2.67540 nmse_prop=0.02758 nmse_ls=0.08216 lr=5.315e-04 step_time=0.554s steps_per_s=1.795 gpu_mem=0.19GiB peak=7.23GiB
[TRAIN] step=08700 loss=-2.22785 nmse_prop=0.04108 nmse_ls=0.15754 lr=5.306e-04 step_time=0.555s steps_per_s=1.797 gpu_mem=0.19GiB peak=7.23GiB
[TRAIN] step=08800 loss=-2.94688 nmse_prop=0.02304 nmse_ls=0.05094 lr=5.297e-04 step_time=0.555s steps_per_s=1.800 gpu_mem=0.19GiB peak=7.23GiB
[TRAIN] step=08900 loss=-2.61608 nmse_prop=0.02934 nmse_ls=0.09674 lr=5.287e-04 step_time=0.333s steps_per_s=1.803 gpu_mem=0.19GiB peak=7.23GiB
[TRAIN] step=09000 loss=-2.77726 nmse_prop=0.02493 nmse_ls=0.07189 lr=5.278e-04 step_time=0.554s steps_per_s=1.806 gpu_mem=0.19GiB peak=7.23GiB
[TRAIN] saved resumable state at step=9000 reason=periodic: /scratch/rsadve1/NewAblations_Fabel/TWC_plots_comprehensive/runs_rx16/seed7/1dmrs/no_raw_y_d256_b4_r2/checkpoints/training_state/ckpt-9000
[TRAIN] step=09100 loss=-3.05395 nmse_prop=0.02051 nmse_ls=0.04551 lr=5.268e-04 step_time=0.549s steps_per_s=1.808 gpu_mem=0.19GiB peak=7.23GiB
[TRAIN] step=09200 loss=-2.45010 nmse_prop=0.03403 nmse_ls=0.11831 lr=5.259e-04 step_time=0.443s steps_per_s=1.810 gpu_mem=0.19GiB peak=7.23GiB
[TRAIN] step=09300 loss=-2.32877 nmse_prop=0.03761 nmse_ls=0.13881 lr=5.249e-04 step_time=0.335s steps_per_s=1.813 gpu_mem=0.19GiB peak=7.23GiB
[TRAIN] step=09400 loss=-2.65751 nmse_prop=0.02824 nmse_ls=0.08479 lr=5.240e-04 step_time=0.237s steps_per_s=1.816 gpu_mem=0.19GiB peak=7.23GiB
[TRAIN] step=09500 loss=-2.34889 nmse_prop=0.03680 nmse_ls=0.14461 lr=5.230e-04 step_time=0.448s steps_per_s=1.819 gpu_mem=0.19GiB peak=7.23GiB
[TRAIN] step=09600 loss=-2.53536 nmse_prop=0.03122 nmse_ls=0.10904 lr=5.220e-04 step_time=0.438s steps_per_s=1.821 gpu_mem=0.19GiB peak=7.23GiB
[TRAIN] step=09700 loss=-2.85029 nmse_prop=0.02431 nmse_ls=0.06056 lr=5.210e-04 step_time=0.544s steps_per_s=1.823 gpu_mem=0.19GiB peak=7.23GiB
[TRAIN] step=09800 loss=-2.79099 nmse_prop=0.02598 nmse_ls=0.06492 lr=5.200e-04 step_time=0.235s steps_per_s=1.826 gpu_mem=0.19GiB peak=7.23GiB
[TRAIN] step=09900 loss=-2.63061 nmse_prop=0.02918 nmse_ls=0.08838 lr=5.190e-04 step_time=0.236s steps_per_s=1.829 gpu_mem=0.19GiB peak=7.23GiB
[TRAIN] step=10000 loss=-2.51907 nmse_prop=0.03133 nmse_ls=0.11594 lr=5.179e-04 step_time=162.935s steps_per_s=1.779 gpu_mem=0.19GiB peak=7.23GiB
[TRAIN] saved resumable state at step=10000 reason=periodic: /scratch/rsadve1/NewAblations_Fabel/TWC_plots_comprehensive/runs_rx16/seed7/1dmrs/no_raw_y_d256_b4_r2/checkpoints/training_state/ckpt-10000
[TRAIN] step=10100 loss=-2.65710 nmse_prop=0.02751 nmse_ls=0.09590 lr=5.169e-04 step_time=0.445s steps_per_s=1.782 gpu_mem=0.19GiB peak=7.23GiB
[TRAIN] step=10200 loss=-2.66849 nmse_prop=0.02752 nmse_ls=0.09030 lr=5.158e-04 step_time=0.553s steps_per_s=1.784 gpu_mem=0.19GiB peak=7.23GiB
[TRAIN] step=10300 loss=-2.78597 nmse_prop=0.02516 nmse_ls=0.07615 lr=5.148e-04 step_time=0.441s steps_per_s=1.786 gpu_mem=0.19GiB peak=7.23GiB
[TRAIN] step=10400 loss=-2.99514 nmse_prop=0.02169 nmse_ls=0.05083 lr=5.137e-04 step_time=0.445s steps_per_s=1.789 gpu_mem=0.19GiB peak=7.23GiB
[TRAIN] step=10500 loss=-2.26624 nmse_prop=0.03930 nmse_ls=0.15989 lr=5.127e-04 step_time=0.548s steps_per_s=1.791 gpu_mem=0.19GiB peak=7.23GiB
[TRAIN] step=10600 loss=-2.79125 nmse_prop=0.02478 nmse_ls=0.07647 lr=5.116e-04 step_time=0.444s steps_per_s=1.794 gpu_mem=0.19GiB peak=7.23GiB
[TRAIN] step=10700 loss=-3.04230 nmse_prop=0.02016 nmse_ls=0.04876 lr=5.105e-04 step_time=0.545s steps_per_s=1.796 gpu_mem=0.19GiB peak=7.23GiB
[TRAIN] step=10800 loss=-2.56339 nmse_prop=0.03023 nmse_ls=0.10297 lr=5.094e-04 step_time=0.544s steps_per_s=1.799 gpu_mem=0.19GiB peak=7.23GiB
[TRAIN] step=10900 loss=-2.73766 nmse_prop=0.02578 nmse_ls=0.07966 lr=5.083e-04 step_time=0.532s steps_per_s=1.801 gpu_mem=0.19GiB peak=7.23GiB
[TRAIN] step=11000 loss=-2.34180 nmse_prop=0.03642 nmse_ls=0.15146 lr=5.072e-04 step_time=0.550s steps_per_s=1.804 gpu_mem=0.19GiB peak=7.23GiB
[TRAIN] saved resumable state at step=11000 reason=periodic: /scratch/rsadve1/NewAblations_Fabel/TWC_plots_comprehensive/runs_rx16/seed7/1dmrs/no_raw_y_d256_b4_r2/checkpoints/training_state/ckpt-11000
[TRAIN] step=11100 loss=-2.49110 nmse_prop=0.03254 nmse_ls=0.11304 lr=5.060e-04 step_time=0.238s steps_per_s=1.806 gpu_mem=0.19GiB peak=7.23GiB
[TRAIN] step=11200 loss=-2.70566 nmse_prop=0.02708 nmse_ls=0.08890 lr=5.049e-04 step_time=0.331s steps_per_s=1.808 gpu_mem=0.19GiB peak=7.23GiB
[TRAIN] step=11300 loss=-2.16662 nmse_prop=0.04311 nmse_ls=0.19828 lr=5.038e-04 step_time=0.440s steps_per_s=1.810 gpu_mem=0.19GiB peak=7.23GiB
[TRAIN] step=11400 loss=-3.19212 nmse_prop=0.01843 nmse_ls=0.03735 lr=5.026e-04 step_time=0.554s steps_per_s=1.812 gpu_mem=0.19GiB peak=7.23GiB
[TRAIN] step=11500 loss=-2.53441 nmse_prop=0.03121 nmse_ls=0.10529 lr=5.015e-04 step_time=0.560s steps_per_s=1.814 gpu_mem=0.19GiB peak=7.23GiB
[TRAIN] step=11600 loss=-2.08084 nmse_prop=0.04718 nmse_ls=0.20706 lr=5.003e-04 step_time=0.544s steps_per_s=1.816 gpu_mem=0.19GiB peak=7.23GiB
[TRAIN] step=11700 loss=-3.24706 nmse_prop=0.01745 nmse_ls=0.03848 lr=4.991e-04 step_time=0.334s steps_per_s=1.818 gpu_mem=0.19GiB peak=7.23GiB
[TRAIN] step=11800 loss=-3.10969 nmse_prop=0.02021 nmse_ls=0.04134 lr=4.979e-04 step_time=0.555s steps_per_s=1.820 gpu_mem=0.19GiB peak=7.23GiB
[TRAIN] step=11900 loss=-2.96381 nmse_prop=0.02131 nmse_ls=0.05726 lr=4.968e-04 step_time=0.540s steps_per_s=1.822 gpu_mem=0.19GiB peak=7.23GiB
WARNING:tensorflow:Model's `__init__()` arguments contain non-serializable objects. Please implement a `get_config()` method in the subclassed Model for proper saving and loading. Defaulting to empty config.
WARNING:tensorflow:Model's `__init__()` arguments contain non-serializable objects. Please implement a `get_config()` method in the subclassed Model for proper saving and loading. Defaulting to empty config.
[TRAIN] saved new best weights at step=12000 val_nmse=0.0267177
[TRAIN] step=12000 loss=-2.28897 nmse_prop=0.03887 nmse_ls=0.15838 lr=4.956e-04 step_time=175.263s steps_per_s=1.777 gpu_mem=0.19GiB peak=7.23GiB
[TRAIN] saved resumable state at step=12000 reason=periodic: /scratch/rsadve1/NewAblations_Fabel/TWC_plots_comprehensive/runs_rx16/seed7/1dmrs/no_raw_y_d256_b4_r2/checkpoints/training_state/ckpt-12000
[TRAIN] step=12100 loss=-2.87042 nmse_prop=0.02319 nmse_ls=0.06838 lr=4.944e-04 step_time=0.549s steps_per_s=1.779 gpu_mem=0.19GiB peak=7.23GiB
[TRAIN] step=12200 loss=-2.49374 nmse_prop=0.03275 nmse_ls=0.11402 lr=4.931e-04 step_time=0.551s steps_per_s=1.781 gpu_mem=0.19GiB peak=7.23GiB
[TRAIN] step=12300 loss=-3.11669 nmse_prop=0.01999 nmse_ls=0.04317 lr=4.919e-04 step_time=0.439s steps_per_s=1.783 gpu_mem=0.19GiB peak=7.23GiB
[TRAIN] step=12400 loss=-2.61649 nmse_prop=0.02900 nmse_ls=0.10065 lr=4.907e-04 step_time=0.447s steps_per_s=1.786 gpu_mem=0.19GiB peak=7.23GiB
[TRAIN] step=12500 loss=-3.07641 nmse_prop=0.01979 nmse_ls=0.04913 lr=4.894e-04 step_time=0.548s steps_per_s=1.788 gpu_mem=0.19GiB peak=7.23GiB
[TRAIN] step=12600 loss=-2.14140 nmse_prop=0.04431 nmse_ls=0.20854 lr=4.882e-04 step_time=0.443s steps_per_s=1.790 gpu_mem=0.19GiB peak=7.23GiB
[TRAIN] step=12700 loss=-2.99289 nmse_prop=0.02139 nmse_ls=0.05778 lr=4.869e-04 step_time=0.339s steps_per_s=1.792 gpu_mem=0.19GiB peak=7.23GiB
[TRAIN] step=12800 loss=-2.16745 nmse_prop=0.04336 nmse_ls=0.19601 lr=4.857e-04 step_time=0.446s steps_per_s=1.795 gpu_mem=0.19GiB peak=7.23GiB
[TRAIN] step=12900 loss=-2.47861 nmse_prop=0.03308 nmse_ls=0.11056 lr=4.844e-04 step_time=0.235s steps_per_s=1.797 gpu_mem=0.19GiB peak=7.23GiB
[TRAIN] step=13000 loss=-1.99682 nmse_prop=0.05068 nmse_ls=0.24908 lr=4.831e-04 step_time=0.442s steps_per_s=1.799 gpu_mem=0.19GiB peak=7.23GiB
[TRAIN] saved resumable state at step=13000 reason=periodic: /scratch/rsadve1/NewAblations_Fabel/TWC_plots_comprehensive/runs_rx16/seed7/1dmrs/no_raw_y_d256_b4_r2/checkpoints/training_state/ckpt-13000
[TRAIN] step=13100 loss=-2.63569 nmse_prop=0.02834 nmse_ls=0.09817 lr=4.819e-04 step_time=0.546s steps_per_s=1.801 gpu_mem=0.19GiB peak=7.23GiB
[TRAIN] step=13200 loss=-2.21144 nmse_prop=0.04158 nmse_ls=0.17797 lr=4.806e-04 step_time=0.548s steps_per_s=1.802 gpu_mem=0.19GiB peak=7.23GiB
[TRAIN] step=13300 loss=-3.08201 nmse_prop=0.02021 nmse_ls=0.04752 lr=4.793e-04 step_time=0.429s steps_per_s=1.804 gpu_mem=0.19GiB peak=7.23GiB
[TRAIN] step=13400 loss=-2.85491 nmse_prop=0.02378 nmse_ls=0.06983 lr=4.780e-04 step_time=0.542s steps_per_s=1.806 gpu_mem=0.19GiB peak=7.23GiB
[TRAIN] step=13500 loss=-2.71558 nmse_prop=0.02610 nmse_ls=0.09525 lr=4.766e-04 step_time=0.335s steps_per_s=1.808 gpu_mem=0.19GiB peak=7.23GiB
[TRAIN] step=13600 loss=-3.10577 nmse_prop=0.01945 nmse_ls=0.04711 lr=4.753e-04 step_time=0.547s steps_per_s=1.810 gpu_mem=0.19GiB peak=7.23GiB
[TRAIN] step=13700 loss=-2.97500 nmse_prop=0.02137 nmse_ls=0.05791 lr=4.740e-04 step_time=0.534s steps_per_s=1.812 gpu_mem=0.19GiB peak=7.23GiB
[TRAIN] step=13800 loss=-2.50108 nmse_prop=0.03227 nmse_ls=0.11990 lr=4.727e-04 step_time=0.547s steps_per_s=1.814 gpu_mem=0.19GiB peak=7.23GiB
[TRAIN] step=13900 loss=-2.72339 nmse_prop=0.02666 nmse_ls=0.08640 lr=4.713e-04 step_time=0.225s steps_per_s=1.816 gpu_mem=0.19GiB peak=7.23GiB
WARNING:tensorflow:Model's `__init__()` arguments contain non-serializable objects. Please implement a `get_config()` method in the subclassed Model for proper saving and loading. Defaulting to empty config.
WARNING:tensorflow:Model's `__init__()` arguments contain non-serializable objects. Please implement a `get_config()` method in the subclassed Model for proper saving and loading. Defaulting to empty config.
[TRAIN] saved new best weights at step=14000 val_nmse=0.0264917
[TRAIN] step=14000 loss=-2.29299 nmse_prop=0.03878 nmse_ls=0.16105 lr=4.700e-04 step_time=149.356s steps_per_s=1.783 gpu_mem=0.19GiB peak=7.23GiB
[TRAIN] saved resumable state at step=14000 reason=periodic: /scratch/rsadve1/NewAblations_Fabel/TWC_plots_comprehensive/runs_rx16/seed7/1dmrs/no_raw_y_d256_b4_r2/checkpoints/training_state/ckpt-14000
[TRAIN] step=14100 loss=-2.76600 nmse_prop=0.02522 nmse_ls=0.08659 lr=4.686e-04 step_time=0.435s steps_per_s=1.784 gpu_mem=0.19GiB peak=7.23GiB
[TRAIN] step=14200 loss=-3.02277 nmse_prop=0.02065 nmse_ls=0.05201 lr=4.673e-04 step_time=0.551s steps_per_s=1.787 gpu_mem=0.19GiB peak=7.23GiB
