[ENV] Reusing portable venv: /home/rsadve1/links/scratch/.vevn_upair_potable
[ENV] Checking installed package metadata only; TensorFlow/Sionna are not imported here.
[ENV] Python 3.11.5
[ENV] numpy 1.26.4+computecanada
[ENV] pandas 2.2.3+computecanada
[ENV] matplotlib 3.10.0+computecanada
[ENV] PyYAML 6.0.2+computecanada
[ENV] scipy 1.15.1+computecanada
[ENV] tensorflow 2.15.1+computecanada
[ENV] sionna-no-rt 1.2.1
[ENV] optuna 4.8.0+computecanada
[ENV] Skipping TensorFlow/Sionna import check on this node. Set UPAIR_DEEP_IMPORT_CHECK=1 to test imports explicitly.
[ENV] Ready: REPO=/home/rsadve1/links/scratch/Ablations_Wave3
[ENV] Ready: VENV=/home/rsadve1/links/scratch/.vevn_upair_potable
[ENV] Reusing portable venv: /home/rsadve1/links/scratch/.vevn_upair_potable
[ENV] Checking installed package metadata only; TensorFlow/Sionna are not imported here.
[ENV] Python 3.11.5
[ENV] numpy 1.26.4+computecanada
[ENV] pandas 2.2.3+computecanada
[ENV] matplotlib 3.10.0+computecanada
[ENV] PyYAML 6.0.2+computecanada
[ENV] scipy 1.15.1+computecanada
[ENV] tensorflow 2.15.1+computecanada
[ENV] sionna-no-rt 1.2.1
[ENV] optuna 4.8.0+computecanada
[ENV] Skipping TensorFlow/Sionna import check on this node. Set UPAIR_DEEP_IMPORT_CHECK=1 to test imports explicitly.
[ENV] Ready: REPO=/home/rsadve1/links/scratch/Ablations_Wave3
[ENV] Ready: VENV=/home/rsadve1/links/scratch/.vevn_upair_potable
================================================================================
[PIPELINE] variant=main_d256_b4_r2
[PIPELINE] root=/home/rsadve1/links/scratch/Ablations_Wave3
[PIPELINE] stageB_prefix=clean_b32_prb8_d256_40k_smart_trueDMRS_u34610_1dmrs_stageB
[PIPELINE] receivers=baseline_ls_2dlmmse_lmmse
[PIPELINE] users=3
[PIPELINE] ebnos=-2,0,2
[PIPELINE] chunk_batches=20 micro=8
================================================================================
[PIPELINE] UPAIR_EVAL_ONLY=1 -> skipping training for main_d256_b4_r2 (eval-only arm reusing aliased checkpoint).
[PIPELINE] starting/resuming isolated evaluation for main_d256_b4_r2.

--------------------------------------------------------------------------------
[PIPELINE] eval point variant=main_d256_b4_r2 receiver=baseline_ls_2dlmmse_lmmse U=3 Eb/N0=-2
--------------------------------------------------------------------------------
[PIPELINE] status done=0 reason=continue chunks=0 batches=0 block_errors=0/100 next_chunk=0
2026-07-13 17:13:51.868748: E external/local_xla/xla/stream_executor/cuda/cuda_dnn.cc:9261] Unable to register cuDNN factory: Attempting to register factory for plugin cuDNN when one has already been registered
2026-07-13 17:13:51.868809: E external/local_xla/xla/stream_executor/cuda/cuda_fft.cc:607] Unable to register cuFFT factory: Attempting to register factory for plugin cuFFT when one has already been registered
2026-07-13 17:13:51.973974: E external/local_xla/xla/stream_executor/cuda/cuda_blas.cc:1515] Unable to register cuBLAS factory: Attempting to register factory for plugin cuBLAS when one has already been registered
[COMPREHENSIVE] loaded Optuna best JSON for main_d256_b4_r2 from /home/rsadve1/links/scratch/Ablations_Wave3/optuna/clean_b32_prb8_d256_40k_smart_trueDMRS_u34610_1dmrs_stageB_main_d256_b4_r2_best_params.json
[ISO-CHUNK] variant: main_d256_b4_r2
[ISO-CHUNK] receiver: baseline_ls_2dlmmse_lmmse
[ISO-CHUNK] num_users: 3
[ISO-CHUNK] ebno_db: -2.0
[ISO-CHUNK] chunk_idx: 0
[ISO-CHUNK] chunk_batches: 20
[ISO-CHUNK] receiver_microbatch_size: 8
[ISO-CHUNK] chunk_seed: 1670034
[ISO-CHUNK] checkpoint: /lustre10/scratch/rsadve1/Ablations_Wave3/TWC_plots_comprehensive/runs_rx16/seed7/1dmrs/main_d256_b4_r2/checkpoints/best.weights.h5
[ISO-CHUNK] TF_GPU_ALLOCATOR: bfc
[ISO-CHUNK] output tag: main_d256_b4_r2_u3_baseline_ls_2dlmmse_lmmse_ebnom2p0_chunk0000_m8_b20
[EVAL] receiver microbatching enabled: batch_size_eval=64 receiver_microbatch_size=8
WARNING:tensorflow:Model's `__init__()` arguments contain non-serializable objects. Please implement a `get_config()` method in the subclassed Model for proper saving and loading. Defaulting to empty config.
WARNING:tensorflow:Model's `__init__()` arguments contain non-serializable objects. Please implement a `get_config()` method in the subclassed Model for proper saving and loading. Defaulting to empty config.
[EVAL] loaded UPAIR checkpoint: /lustre10/scratch/rsadve1/Ablations_Wave3/TWC_plots_comprehensive/runs_rx16/seed7/1dmrs/main_d256_b4_r2/checkpoints/best.weights.h5
[BASELINES] covariance override active: covariances/cov_300ns.npz
[EVAL] skipping explicit NMSE channel-estimator calls for: baseline_ls_2dlmmse_lmmse
[EVAL] instrumentation log_latency=True log_gpu_memory=True memory_cleanup_every_batches=1 memory_cleanup_every_microbatch=True stream_eval_microbatches=True compiled_receiver_error_counts=False receiver_call_jit_compile=False per_receiver_stopping=False target_bler_floor=1e-05 floor_num_frames=0 gpu_mem=0.10GiB peak=0.29GiB
[EVAL] receiver_call name=baseline_ls_2dlmmse_lmmse mode=positional_y_no compiled_error_counts=False
[EVAL] progress num_users=3 Eb/N0=-2 dB batches=10/20 frame_err=baseline_ls_2dlmmse_lmmse:860/1920 elapsed=69.1s avg_batch=6.913s gpu_mem=0.10GiB peak=1.88GiB
[EVAL] progress num_users=3 Eb/N0=-2 dB batches=20/20 frame_err=baseline_ls_2dlmmse_lmmse:1725/3840 elapsed=138.4s avg_batch=6.920s gpu_mem=0.10GiB peak=1.88GiB
[EVAL] receiver=baseline_ls_2dlmmse_lmmse Eb/N0=-2.0 dB BER=4.45804e-02 BLER=4.49219e-01 NMSE=nan bit_err=509458/11427840 blk_err= 1725/3840   batches=  20 stop=global_stop rx_time=73.77s rx_ms_batch=3688.4 rx_ms_frame=19.210 point_time=138.40s gpu_mem=0.10GiB peak=1.88GiB
[ISO-CHUNK] wrote: /home/rsadve1/links/scratch/Ablations_Wave3/_r1_ds4x_300ns_chunks/main_d256_b4_r2_u3_baseline_ls_2dlmmse_lmmse_ebnom2p0_chunk0000_m8_b20/chunk_result.csv
[ISO-CHUNK] DONE
[PIPELINE] status done=1 reason=target_block_errors chunks=1 batches=20 block_errors=1725/100 next_chunk=-1
[ISO-MERGE] chunks: 1
[ISO-MERGE] rows: 1
[ISO-MERGE] wrote: /home/rsadve1/links/scratch/Ablations_Wave3/_r1_ds4x_300ns_chunks/merged_main_d256_b4_r2_u3_baseline_ls_2dlmmse_lmmse_em2.csv
[ISO-MERGE] wrote: /home/rsadve1/links/scratch/Ablations_Wave3/_r1_ds4x_300ns_chunks/merged_main_d256_b4_r2_u3_baseline_ls_2dlmmse_lmmse_em2.summary.json
                 receiver         variant dmrs_case  seed  training_seed  num_users  ebno_db  num_chunks chunk_indices  bit_errors  num_bits  block_errors  num_blocks  num_batches_run  point_elapsed_s  data_elapsed_s  receiver_elapsed_s     ber     bler  nmse       mc_stop_reason  target_bler_floor  bler_zero_error_upper_bound  ber_zero_error_upper_bound  receiver_ms_per_batch  receiver_ms_per_frame  reliable_ber  reliable_bler
baseline_ls_2dlmmse_lmmse main_d256_b4_r2     1dmrs     7              7          3     -2.0           1             0      509458  11427840          1725        3840               20       138.400039       46.076858           73.767401 0.04458 0.449219   NaN isolated_chunk_merge                NaN                          NaN                         NaN            3688.370068              19.210261          True           True

--------------------------------------------------------------------------------
[PIPELINE] eval point variant=main_d256_b4_r2 receiver=baseline_ls_2dlmmse_lmmse U=3 Eb/N0=0
--------------------------------------------------------------------------------
[PIPELINE] status done=0 reason=continue chunks=0 batches=0 block_errors=0/100 next_chunk=0
2026-07-13 17:16:40.106553: E external/local_xla/xla/stream_executor/cuda/cuda_dnn.cc:9261] Unable to register cuDNN factory: Attempting to register factory for plugin cuDNN when one has already been registered
2026-07-13 17:16:40.106602: E external/local_xla/xla/stream_executor/cuda/cuda_fft.cc:607] Unable to register cuFFT factory: Attempting to register factory for plugin cuFFT when one has already been registered
2026-07-13 17:16:40.108089: E external/local_xla/xla/stream_executor/cuda/cuda_blas.cc:1515] Unable to register cuBLAS factory: Attempting to register factory for plugin cuBLAS when one has already been registered
[COMPREHENSIVE] loaded Optuna best JSON for main_d256_b4_r2 from /home/rsadve1/links/scratch/Ablations_Wave3/optuna/clean_b32_prb8_d256_40k_smart_trueDMRS_u34610_1dmrs_stageB_main_d256_b4_r2_best_params.json
[ISO-CHUNK] variant: main_d256_b4_r2
[ISO-CHUNK] receiver: baseline_ls_2dlmmse_lmmse
[ISO-CHUNK] num_users: 3
[ISO-CHUNK] ebno_db: 0.0
[ISO-CHUNK] chunk_idx: 0
[ISO-CHUNK] chunk_batches: 20
[ISO-CHUNK] receiver_microbatch_size: 8
[ISO-CHUNK] chunk_seed: 1704034
[ISO-CHUNK] checkpoint: /lustre10/scratch/rsadve1/Ablations_Wave3/TWC_plots_comprehensive/runs_rx16/seed7/1dmrs/main_d256_b4_r2/checkpoints/best.weights.h5
[ISO-CHUNK] TF_GPU_ALLOCATOR: bfc
[ISO-CHUNK] output tag: main_d256_b4_r2_u3_baseline_ls_2dlmmse_lmmse_ebno0p0_chunk0000_m8_b20
[EVAL] receiver microbatching enabled: batch_size_eval=64 receiver_microbatch_size=8
WARNING:tensorflow:Model's `__init__()` arguments contain non-serializable objects. Please implement a `get_config()` method in the subclassed Model for proper saving and loading. Defaulting to empty config.
WARNING:tensorflow:Model's `__init__()` arguments contain non-serializable objects. Please implement a `get_config()` method in the subclassed Model for proper saving and loading. Defaulting to empty config.
[EVAL] loaded UPAIR checkpoint: /lustre10/scratch/rsadve1/Ablations_Wave3/TWC_plots_comprehensive/runs_rx16/seed7/1dmrs/main_d256_b4_r2/checkpoints/best.weights.h5
[BASELINES] covariance override active: covariances/cov_300ns.npz
[EVAL] skipping explicit NMSE channel-estimator calls for: baseline_ls_2dlmmse_lmmse
[EVAL] instrumentation log_latency=True log_gpu_memory=True memory_cleanup_every_batches=1 memory_cleanup_every_microbatch=True stream_eval_microbatches=True compiled_receiver_error_counts=False receiver_call_jit_compile=False per_receiver_stopping=False target_bler_floor=1e-05 floor_num_frames=0 gpu_mem=0.10GiB peak=0.29GiB
[EVAL] receiver_call name=baseline_ls_2dlmmse_lmmse mode=positional_y_no compiled_error_counts=False
[EVAL] progress num_users=3 Eb/N0=0 dB batches=10/20 frame_err=baseline_ls_2dlmmse_lmmse:299/1920 elapsed=69.5s avg_batch=6.949s gpu_mem=0.10GiB peak=1.88GiB
[EVAL] progress num_users=3 Eb/N0=0 dB batches=20/20 frame_err=baseline_ls_2dlmmse_lmmse:582/3840 elapsed=138.5s avg_batch=6.924s gpu_mem=0.10GiB peak=1.88GiB
[EVAL] receiver=baseline_ls_2dlmmse_lmmse Eb/N0= 0.0 dB BER=1.48409e-02 BLER=1.51562e-01 NMSE=nan bit_err=169600/11427840 blk_err=  582/3840   batches=  20 stop=global_stop rx_time=73.68s rx_ms_batch=3684.0 rx_ms_frame=19.187 point_time=138.48s gpu_mem=0.10GiB peak=1.88GiB
[ISO-CHUNK] wrote: /home/rsadve1/links/scratch/Ablations_Wave3/_r1_ds4x_300ns_chunks/main_d256_b4_r2_u3_baseline_ls_2dlmmse_lmmse_ebno0p0_chunk0000_m8_b20/chunk_result.csv
[ISO-CHUNK] DONE
[PIPELINE] status done=1 reason=target_block_errors chunks=1 batches=20 block_errors=582/100 next_chunk=-1
[ISO-MERGE] chunks: 1
[ISO-MERGE] rows: 1
[ISO-MERGE] wrote: /home/rsadve1/links/scratch/Ablations_Wave3/_r1_ds4x_300ns_chunks/merged_main_d256_b4_r2_u3_baseline_ls_2dlmmse_lmmse_e0.csv
[ISO-MERGE] wrote: /home/rsadve1/links/scratch/Ablations_Wave3/_r1_ds4x_300ns_chunks/merged_main_d256_b4_r2_u3_baseline_ls_2dlmmse_lmmse_e0.summary.json
                 receiver         variant dmrs_case  seed  training_seed  num_users  ebno_db  num_chunks chunk_indices  bit_errors  num_bits  block_errors  num_blocks  num_batches_run  point_elapsed_s  data_elapsed_s  receiver_elapsed_s      ber     bler  nmse       mc_stop_reason  target_bler_floor  bler_zero_error_upper_bound  ber_zero_error_upper_bound  receiver_ms_per_batch  receiver_ms_per_frame  reliable_ber  reliable_bler
baseline_ls_2dlmmse_lmmse main_d256_b4_r2     1dmrs     7              7          3      0.0           1             0      169600  11427840           582        3840               20       138.482569       46.120686           73.679642 0.014841 0.151562   NaN isolated_chunk_merge                NaN                          NaN                         NaN            3683.982089              19.187407          True           True

--------------------------------------------------------------------------------
[PIPELINE] eval point variant=main_d256_b4_r2 receiver=baseline_ls_2dlmmse_lmmse U=3 Eb/N0=2
--------------------------------------------------------------------------------
[PIPELINE] status done=0 reason=continue chunks=0 batches=0 block_errors=0/100 next_chunk=0
2026-07-13 17:19:15.919779: E external/local_xla/xla/stream_executor/cuda/cuda_dnn.cc:9261] Unable to register cuDNN factory: Attempting to register factory for plugin cuDNN when one has already been registered
2026-07-13 17:19:15.919832: E external/local_xla/xla/stream_executor/cuda/cuda_fft.cc:607] Unable to register cuFFT factory: Attempting to register factory for plugin cuFFT when one has already been registered
2026-07-13 17:19:15.921229: E external/local_xla/xla/stream_executor/cuda/cuda_blas.cc:1515] Unable to register cuBLAS factory: Attempting to register factory for plugin cuBLAS when one has already been registered
[COMPREHENSIVE] loaded Optuna best JSON for main_d256_b4_r2 from /home/rsadve1/links/scratch/Ablations_Wave3/optuna/clean_b32_prb8_d256_40k_smart_trueDMRS_u34610_1dmrs_stageB_main_d256_b4_r2_best_params.json
[ISO-CHUNK] variant: main_d256_b4_r2
[ISO-CHUNK] receiver: baseline_ls_2dlmmse_lmmse
[ISO-CHUNK] num_users: 3
[ISO-CHUNK] ebno_db: 2.0
[ISO-CHUNK] chunk_idx: 0
[ISO-CHUNK] chunk_batches: 20
[ISO-CHUNK] receiver_microbatch_size: 8
[ISO-CHUNK] chunk_seed: 1738034
[ISO-CHUNK] checkpoint: /lustre10/scratch/rsadve1/Ablations_Wave3/TWC_plots_comprehensive/runs_rx16/seed7/1dmrs/main_d256_b4_r2/checkpoints/best.weights.h5
[ISO-CHUNK] TF_GPU_ALLOCATOR: bfc
[ISO-CHUNK] output tag: main_d256_b4_r2_u3_baseline_ls_2dlmmse_lmmse_ebno2p0_chunk0000_m8_b20
[EVAL] receiver microbatching enabled: batch_size_eval=64 receiver_microbatch_size=8
WARNING:tensorflow:Model's `__init__()` arguments contain non-serializable objects. Please implement a `get_config()` method in the subclassed Model for proper saving and loading. Defaulting to empty config.
WARNING:tensorflow:Model's `__init__()` arguments contain non-serializable objects. Please implement a `get_config()` method in the subclassed Model for proper saving and loading. Defaulting to empty config.
[EVAL] loaded UPAIR checkpoint: /lustre10/scratch/rsadve1/Ablations_Wave3/TWC_plots_comprehensive/runs_rx16/seed7/1dmrs/main_d256_b4_r2/checkpoints/best.weights.h5
[BASELINES] covariance override active: covariances/cov_300ns.npz
[EVAL] skipping explicit NMSE channel-estimator calls for: baseline_ls_2dlmmse_lmmse
[EVAL] instrumentation log_latency=True log_gpu_memory=True memory_cleanup_every_batches=1 memory_cleanup_every_microbatch=True stream_eval_microbatches=True compiled_receiver_error_counts=False receiver_call_jit_compile=False per_receiver_stopping=False target_bler_floor=1e-05 floor_num_frames=0 gpu_mem=0.10GiB peak=0.29GiB
[EVAL] receiver_call name=baseline_ls_2dlmmse_lmmse mode=positional_y_no compiled_error_counts=False
[EVAL] progress num_users=3 Eb/N0=2 dB batches=10/20 frame_err=baseline_ls_2dlmmse_lmmse:128/1920 elapsed=69.5s avg_batch=6.953s gpu_mem=0.10GiB peak=1.88GiB
[EVAL] progress num_users=3 Eb/N0=2 dB batches=20/20 frame_err=baseline_ls_2dlmmse_lmmse:249/3840 elapsed=138.6s avg_batch=6.930s gpu_mem=0.10GiB peak=1.88GiB
[EVAL] receiver=baseline_ls_2dlmmse_lmmse Eb/N0= 2.0 dB BER=6.70450e-03 BLER=6.48438e-02 NMSE=nan bit_err= 76618/11427840 blk_err=  249/3840   batches=  20 stop=global_stop rx_time=73.82s rx_ms_batch=3691.0 rx_ms_frame=19.224 point_time=138.60s gpu_mem=0.10GiB peak=1.88GiB
[ISO-CHUNK] wrote: /home/rsadve1/links/scratch/Ablations_Wave3/_r1_ds4x_300ns_chunks/main_d256_b4_r2_u3_baseline_ls_2dlmmse_lmmse_ebno2p0_chunk0000_m8_b20/chunk_result.csv
[ISO-CHUNK] DONE
[PIPELINE] status done=1 reason=target_block_errors chunks=1 batches=20 block_errors=249/100 next_chunk=-1
[ISO-MERGE] chunks: 1
[ISO-MERGE] rows: 1
[ISO-MERGE] wrote: /home/rsadve1/links/scratch/Ablations_Wave3/_r1_ds4x_300ns_chunks/merged_main_d256_b4_r2_u3_baseline_ls_2dlmmse_lmmse_e2.csv
[ISO-MERGE] wrote: /home/rsadve1/links/scratch/Ablations_Wave3/_r1_ds4x_300ns_chunks/merged_main_d256_b4_r2_u3_baseline_ls_2dlmmse_lmmse_e2.summary.json
                 receiver         variant dmrs_case  seed  training_seed  num_users  ebno_db  num_chunks chunk_indices  bit_errors  num_bits  block_errors  num_blocks  num_batches_run  point_elapsed_s  data_elapsed_s  receiver_elapsed_s      ber     bler  nmse       mc_stop_reason  target_bler_floor  bler_zero_error_upper_bound  ber_zero_error_upper_bound  receiver_ms_per_batch  receiver_ms_per_frame  reliable_ber  reliable_bler
baseline_ls_2dlmmse_lmmse main_d256_b4_r2     1dmrs     7              7          3      2.0           1             0       76618  11427840           249        3840               20       138.602099       46.194716           73.820602 0.006705 0.064844   NaN isolated_chunk_merge                NaN                          NaN                         NaN            3691.030114              19.224115          True           True
[PIPELINE] COMPLETE variant=main_d256_b4_r2
