[ENV] Reusing portable venv: /home/rsadve1/scratch/.vevn_upair_potable
[ENV] Checking installed package metadata only; TensorFlow/Sionna are not imported here.
[ENV] Python 3.11.5
[ENV] numpy 1.26.4+computecanada
[ENV] pandas 2.2.3+computecanada
[ENV] matplotlib 3.10.0+computecanada
[ENV] PyYAML 6.0.2+computecanada
[ENV] scipy 1.15.1+computecanada
[ENV] tensorflow 2.15.1+computecanada
[ENV] sionna-no-rt 1.2.1
[ENV] optuna 4.8.0+computecanada
[ENV] Skipping TensorFlow/Sionna import check on this node. Set UPAIR_DEEP_IMPORT_CHECK=1 to test imports explicitly.
[ENV] Ready: REPO=/home/rsadve1/scratch/NewAblations_Fabel
[ENV] Ready: VENV=/home/rsadve1/scratch/.vevn_upair_potable
[ENV] Reusing portable venv: /home/rsadve1/scratch/.vevn_upair_potable
[ENV] Checking installed package metadata only; TensorFlow/Sionna are not imported here.
[ENV] Python 3.11.5
[ENV] numpy 1.26.4+computecanada
[ENV] pandas 2.2.3+computecanada
[ENV] matplotlib 3.10.0+computecanada
[ENV] PyYAML 6.0.2+computecanada
[ENV] scipy 1.15.1+computecanada
[ENV] tensorflow 2.15.1+computecanada
[ENV] sionna-no-rt 1.2.1
[ENV] optuna 4.8.0+computecanada
[ENV] Skipping TensorFlow/Sionna import check on this node. Set UPAIR_DEEP_IMPORT_CHECK=1 to test imports explicitly.
[ENV] Ready: REPO=/home/rsadve1/scratch/NewAblations_Fabel
[ENV] Ready: VENV=/home/rsadve1/scratch/.vevn_upair_potable
================================================================================
[PIPELINE] variant=no_prompt_film_d256_b4_r2
[PIPELINE] root=/home/rsadve1/scratch/NewAblations_Fabel
[PIPELINE] stageB_prefix=clean_b32_prb8_d256_40k_smart_trueDMRS_u34610_1dmrs_stageB
[PIPELINE] receivers=upair5g_lmmse
[PIPELINE] users=3
[PIPELINE] ebnos=-4,-3,-2,-1,0,1
[PIPELINE] chunk_batches=20 micro=8
================================================================================
[PIPELINE] training missing/incomplete for no_prompt_film_d256_b4_r2; running training-only resume.
2026-07-04 12:31:40.081935: E external/local_xla/xla/stream_executor/cuda/cuda_dnn.cc:9261] Unable to register cuDNN factory: Attempting to register factory for plugin cuDNN when one has already been registered
2026-07-04 12:31:40.082003: E external/local_xla/xla/stream_executor/cuda/cuda_fft.cc:607] Unable to register cuFFT factory: Attempting to register factory for plugin cuFFT when one has already been registered
2026-07-04 12:31:40.366292: E external/local_xla/xla/stream_executor/cuda/cuda_blas.cc:1515] Unable to register cuBLAS factory: Attempting to register factory for plugin cuBLAS when one has already been registered
[COMPREHENSIVE] loaded Optuna best JSON for no_prompt_film_d256_b4_r2 from /home/rsadve1/scratch/NewAblations_Fabel/optuna/clean_b32_prb8_d256_40k_smart_trueDMRS_u34610_1dmrs_stageB_no_prompt_film_d256_b4_r2_best_params.json
[TRAIN] loss_mode=nll_nmse (use_nll_loss=True)
[TRAIN] optimizer lr_schedule=cosine_decay learning_rate=0.000571292 weight_decay=9.65466e-06
[TRAIN] seeds active_seed=7 training_seed=7 evaluation_seed=1007
[TRAIN] starting from scratch
2026-07-04 12:32:34.633418: E tensorflow/core/grappler/optimizers/meta_optimizer.cc:961] layout failed: INVALID_ARGUMENT: Size of values 0 does not match size of permutation 4 @ fanin shape inaxial_block_0/dropout/dropout_2/SelectV2-2-TransposeNHWCToNCHW-LayoutOptimizer
WARNING: All log messages before absl::InitializeLog() is called are written to STDERR
I0000 00:00:1783182756.366196 3974573 device_compiler.h:186] Compiled cluster using XLA!  This line is logged at most once for the lifetime of the process.
[TRAIN] step=00001 loss=-0.82804 nmse_prop=0.14817 nmse_ls=0.14817 lr=5.713e-04 step_time=14.714s steps_per_s=0.068 gpu_mem=0.08GiB peak=6.40GiB
[TRAIN] step=00100 loss=-1.43337 nmse_prop=0.08396 nmse_ls=0.09432 lr=5.713e-04 step_time=0.539s steps_per_s=1.295 gpu_mem=0.14GiB peak=6.52GiB
[TRAIN] step=00200 loss=-1.35185 nmse_prop=0.08981 nmse_ls=0.11511 lr=5.713e-04 step_time=0.533s steps_per_s=1.614 gpu_mem=0.14GiB peak=6.52GiB
[TRAIN] step=00300 loss=-1.69864 nmse_prop=0.06607 nmse_ls=0.09079 lr=5.712e-04 step_time=0.553s steps_per_s=1.742 gpu_mem=0.14GiB peak=6.52GiB
[TRAIN] step=00400 loss=-1.73701 nmse_prop=0.06382 nmse_ls=0.09592 lr=5.712e-04 step_time=0.565s steps_per_s=1.808 gpu_mem=0.14GiB peak=6.52GiB
[TRAIN] step=00500 loss=-1.70619 nmse_prop=0.06556 nmse_ls=0.13196 lr=5.712e-04 step_time=0.452s steps_per_s=1.848 gpu_mem=0.14GiB peak=6.52GiB
[TRAIN] step=00600 loss=-2.56599 nmse_prop=0.02969 nmse_ls=0.04445 lr=5.711e-04 step_time=0.445s steps_per_s=1.888 gpu_mem=0.14GiB peak=6.52GiB
[TRAIN] step=00700 loss=-2.18894 nmse_prop=0.04188 nmse_ls=0.08262 lr=5.710e-04 step_time=0.448s steps_per_s=1.913 gpu_mem=0.14GiB peak=6.52GiB
[TRAIN] step=00800 loss=-2.65028 nmse_prop=0.02718 nmse_ls=0.05048 lr=5.709e-04 step_time=0.454s steps_per_s=1.926 gpu_mem=0.14GiB peak=6.52GiB
[TRAIN] step=00900 loss=-2.72378 nmse_prop=0.02637 nmse_ls=0.03780 lr=5.708e-04 step_time=0.559s steps_per_s=1.940 gpu_mem=0.14GiB peak=6.52GiB
[TRAIN] step=01000 loss=-2.13632 nmse_prop=0.04454 nmse_ls=0.11684 lr=5.707e-04 step_time=0.232s steps_per_s=1.949 gpu_mem=0.14GiB peak=6.52GiB
[TRAIN] saved resumable state at step=1000 reason=periodic: /scratch/rsadve1/NewAblations_Fabel/TWC_plots_comprehensive/runs_rx16/seed7/1dmrs/no_prompt_film_d256_b4_r2/checkpoints/training_state/ckpt-1000
[TRAIN] step=01100 loss=-2.48913 nmse_prop=0.03227 nmse_ls=0.07677 lr=5.706e-04 step_time=0.455s steps_per_s=1.954 gpu_mem=0.14GiB peak=6.52GiB
[TRAIN] step=01200 loss=-1.65895 nmse_prop=0.07226 nmse_ls=0.18564 lr=5.705e-04 step_time=0.573s steps_per_s=1.966 gpu_mem=0.14GiB peak=6.52GiB
[TRAIN] step=01300 loss=-2.20322 nmse_prop=0.04303 nmse_ls=0.09191 lr=5.704e-04 step_time=0.572s steps_per_s=1.972 gpu_mem=0.14GiB peak=6.52GiB
[TRAIN] step=01400 loss=-2.72109 nmse_prop=0.02701 nmse_ls=0.05808 lr=5.702e-04 step_time=0.327s steps_per_s=1.979 gpu_mem=0.14GiB peak=6.52GiB
[TRAIN] step=01500 loss=-1.99101 nmse_prop=0.05239 nmse_ls=0.13748 lr=5.701e-04 step_time=0.562s steps_per_s=1.984 gpu_mem=0.14GiB peak=6.52GiB
[TRAIN] step=01600 loss=-2.95318 nmse_prop=0.02181 nmse_ls=0.04254 lr=5.699e-04 step_time=0.452s steps_per_s=1.987 gpu_mem=0.14GiB peak=6.52GiB
[TRAIN] step=01700 loss=-2.68796 nmse_prop=0.02711 nmse_ls=0.06658 lr=5.697e-04 step_time=0.345s steps_per_s=1.991 gpu_mem=0.14GiB peak=6.52GiB
[TRAIN] step=01800 loss=-2.29253 nmse_prop=0.03849 nmse_ls=0.12004 lr=5.695e-04 step_time=0.451s steps_per_s=1.995 gpu_mem=0.14GiB peak=6.52GiB
[TRAIN] step=01900 loss=-2.20538 nmse_prop=0.04193 nmse_ls=0.13133 lr=5.693e-04 step_time=0.459s steps_per_s=1.994 gpu_mem=0.14GiB peak=6.52GiB
WARNING:tensorflow:Model's `__init__()` arguments contain non-serializable objects. Please implement a `get_config()` method in the subclassed Model for proper saving and loading. Defaulting to empty config.
WARNING:tensorflow:Model's `__init__()` arguments contain non-serializable objects. Please implement a `get_config()` method in the subclassed Model for proper saving and loading. Defaulting to empty config.
[TRAIN] saved new best weights at step=2000 val_nmse=0.0325114
[TRAIN] step=02000 loss=-1.84188 nmse_prop=0.05996 nmse_ls=0.17412 lr=5.691e-04 step_time=183.559s steps_per_s=1.692 gpu_mem=0.16GiB peak=6.52GiB
[TRAIN] saved resumable state at step=2000 reason=periodic: /scratch/rsadve1/NewAblations_Fabel/TWC_plots_comprehensive/runs_rx16/seed7/1dmrs/no_prompt_film_d256_b4_r2/checkpoints/training_state/ckpt-2000
[TRAIN] step=02100 loss=-2.82174 nmse_prop=0.02319 nmse_ls=0.05435 lr=5.689e-04 step_time=0.230s steps_per_s=1.705 gpu_mem=0.16GiB peak=6.53GiB
[TRAIN] step=02200 loss=-2.21058 nmse_prop=0.04315 nmse_ls=0.11284 lr=5.686e-04 step_time=0.574s steps_per_s=1.717 gpu_mem=0.16GiB peak=6.53GiB
[TRAIN] step=02300 loss=-2.75510 nmse_prop=0.02628 nmse_ls=0.05226 lr=5.684e-04 step_time=0.568s steps_per_s=1.729 gpu_mem=0.16GiB peak=6.53GiB
[TRAIN] step=02400 loss=-3.01373 nmse_prop=0.02078 nmse_ls=0.04009 lr=5.681e-04 step_time=0.450s steps_per_s=1.739 gpu_mem=0.16GiB peak=6.53GiB
[TRAIN] step=02500 loss=-2.80490 nmse_prop=0.02329 nmse_ls=0.06382 lr=5.679e-04 step_time=0.232s steps_per_s=1.749 gpu_mem=0.16GiB peak=6.53GiB
[TRAIN] step=02600 loss=-1.81397 nmse_prop=0.05996 nmse_ls=0.23706 lr=5.676e-04 step_time=0.456s steps_per_s=1.760 gpu_mem=0.16GiB peak=6.53GiB
[TRAIN] step=02700 loss=-2.65992 nmse_prop=0.02827 nmse_ls=0.06421 lr=5.673e-04 step_time=0.566s steps_per_s=1.768 gpu_mem=0.16GiB peak=6.53GiB
[TRAIN] step=02800 loss=-2.11037 nmse_prop=0.04627 nmse_ls=0.14658 lr=5.670e-04 step_time=0.564s steps_per_s=1.775 gpu_mem=0.16GiB peak=6.53GiB
[TRAIN] step=02900 loss=-1.98622 nmse_prop=0.05142 nmse_ls=0.20489 lr=5.667e-04 step_time=0.344s steps_per_s=1.784 gpu_mem=0.16GiB peak=6.53GiB
[TRAIN] step=03000 loss=-2.82171 nmse_prop=0.02455 nmse_ls=0.05238 lr=5.663e-04 step_time=0.571s steps_per_s=1.792 gpu_mem=0.16GiB peak=6.53GiB
[TRAIN] saved resumable state at step=3000 reason=periodic: /scratch/rsadve1/NewAblations_Fabel/TWC_plots_comprehensive/runs_rx16/seed7/1dmrs/no_prompt_film_d256_b4_r2/checkpoints/training_state/ckpt-3000
[TRAIN] step=03100 loss=-2.81492 nmse_prop=0.02489 nmse_ls=0.05694 lr=5.660e-04 step_time=0.454s steps_per_s=1.795 gpu_mem=0.16GiB peak=6.53GiB
[TRAIN] step=03200 loss=-2.47424 nmse_prop=0.03304 nmse_ls=0.10578 lr=5.657e-04 step_time=0.340s steps_per_s=1.803 gpu_mem=0.16GiB peak=6.53GiB
[TRAIN] step=03300 loss=-1.92864 nmse_prop=0.05410 nmse_ls=0.21981 lr=5.653e-04 step_time=0.411s steps_per_s=1.810 gpu_mem=0.16GiB peak=6.53GiB
[TRAIN] step=03400 loss=-2.71143 nmse_prop=0.02735 nmse_ls=0.06911 lr=5.649e-04 step_time=0.454s steps_per_s=1.816 gpu_mem=0.16GiB peak=6.53GiB
[TRAIN] step=03500 loss=-2.82772 nmse_prop=0.02414 nmse_ls=0.06095 lr=5.646e-04 step_time=0.452s steps_per_s=1.822 gpu_mem=0.16GiB peak=6.53GiB
[TRAIN] step=03600 loss=-2.94932 nmse_prop=0.02176 nmse_ls=0.04891 lr=5.642e-04 step_time=0.451s steps_per_s=1.827 gpu_mem=0.16GiB peak=6.53GiB
[TRAIN] step=03700 loss=-1.89037 nmse_prop=0.05604 nmse_ls=0.23156 lr=5.638e-04 step_time=0.454s steps_per_s=1.832 gpu_mem=0.16GiB peak=6.53GiB
[TRAIN] step=03800 loss=-3.00264 nmse_prop=0.01995 nmse_ls=0.03998 lr=5.634e-04 step_time=0.232s steps_per_s=1.837 gpu_mem=0.16GiB peak=6.53GiB
[TRAIN] step=03900 loss=-2.32625 nmse_prop=0.03738 nmse_ls=0.12491 lr=5.629e-04 step_time=0.570s steps_per_s=1.842 gpu_mem=0.16GiB peak=6.53GiB
WARNING:tensorflow:Model's `__init__()` arguments contain non-serializable objects. Please implement a `get_config()` method in the subclassed Model for proper saving and loading. Defaulting to empty config.
WARNING:tensorflow:Model's `__init__()` arguments contain non-serializable objects. Please implement a `get_config()` method in the subclassed Model for proper saving and loading. Defaulting to empty config.
[TRAIN] saved new best weights at step=4000 val_nmse=0.0302649
[TRAIN] step=04000 loss=-1.93311 nmse_prop=0.05384 nmse_ls=0.22925 lr=5.625e-04 step_time=185.597s steps_per_s=1.701 gpu_mem=0.16GiB peak=6.53GiB
[TRAIN] saved resumable state at step=4000 reason=periodic: /scratch/rsadve1/NewAblations_Fabel/TWC_plots_comprehensive/runs_rx16/seed7/1dmrs/no_prompt_film_d256_b4_r2/checkpoints/training_state/ckpt-4000
[TRAIN] step=04100 loss=-2.69740 nmse_prop=0.02708 nmse_ls=0.08409 lr=5.621e-04 step_time=0.336s steps_per_s=1.708 gpu_mem=0.16GiB peak=6.53GiB
[TRAIN] step=04200 loss=-2.58212 nmse_prop=0.02994 nmse_ls=0.08994 lr=5.616e-04 step_time=0.458s steps_per_s=1.715 gpu_mem=0.16GiB peak=6.53GiB
[TRAIN] step=04300 loss=-2.96940 nmse_prop=0.02187 nmse_ls=0.04379 lr=5.612e-04 step_time=0.567s steps_per_s=1.722 gpu_mem=0.16GiB peak=6.53GiB
[TRAIN] step=04400 loss=-1.99335 nmse_prop=0.05082 nmse_ls=0.19343 lr=5.607e-04 step_time=0.566s steps_per_s=1.729 gpu_mem=0.16GiB peak=6.53GiB
[TRAIN] step=04500 loss=-3.02652 nmse_prop=0.02062 nmse_ls=0.03939 lr=5.602e-04 step_time=0.573s steps_per_s=1.736 gpu_mem=0.16GiB peak=6.53GiB
[TRAIN] step=04600 loss=-2.73559 nmse_prop=0.02523 nmse_ls=0.07589 lr=5.597e-04 step_time=0.457s steps_per_s=1.742 gpu_mem=0.16GiB peak=6.53GiB
[TRAIN] step=04700 loss=-1.91095 nmse_prop=0.05468 nmse_ls=0.22996 lr=5.592e-04 step_time=0.563s steps_per_s=1.747 gpu_mem=0.16GiB peak=6.53GiB
[TRAIN] step=04800 loss=-2.74473 nmse_prop=0.02586 nmse_ls=0.06922 lr=5.587e-04 step_time=0.554s steps_per_s=1.752 gpu_mem=0.16GiB peak=6.53GiB
[TRAIN] step=04900 loss=-2.59869 nmse_prop=0.02928 nmse_ls=0.10426 lr=5.582e-04 step_time=0.340s steps_per_s=1.757 gpu_mem=0.16GiB peak=6.53GiB
[TRAIN] step=05000 loss=-3.01508 nmse_prop=0.02029 nmse_ls=0.05086 lr=5.576e-04 step_time=0.232s steps_per_s=1.763 gpu_mem=0.16GiB peak=6.53GiB
[TRAIN] saved resumable state at step=5000 reason=periodic: /scratch/rsadve1/NewAblations_Fabel/TWC_plots_comprehensive/runs_rx16/seed7/1dmrs/no_prompt_film_d256_b4_r2/checkpoints/training_state/ckpt-5000
[TRAIN] step=05100 loss=-2.88949 nmse_prop=0.02296 nmse_ls=0.05197 lr=5.571e-04 step_time=0.570s steps_per_s=1.767 gpu_mem=0.16GiB peak=6.53GiB
[TRAIN] step=05200 loss=-3.10434 nmse_prop=0.01851 nmse_ls=0.05131 lr=5.565e-04 step_time=0.342s steps_per_s=1.772 gpu_mem=0.16GiB peak=6.53GiB
[TRAIN] step=05300 loss=-2.04575 nmse_prop=0.04862 nmse_ls=0.21126 lr=5.559e-04 step_time=0.459s steps_per_s=1.776 gpu_mem=0.16GiB peak=6.53GiB
[TRAIN] step=05400 loss=-2.94313 nmse_prop=0.02244 nmse_ls=0.04660 lr=5.554e-04 step_time=0.570s steps_per_s=1.779 gpu_mem=0.16GiB peak=6.53GiB
[TRAIN] step=05500 loss=-2.24393 nmse_prop=0.04026 nmse_ls=0.18297 lr=5.548e-04 step_time=0.330s steps_per_s=1.784 gpu_mem=0.16GiB peak=6.53GiB
[TRAIN] step=05600 loss=-3.19427 nmse_prop=0.01781 nmse_ls=0.04180 lr=5.542e-04 step_time=0.339s steps_per_s=1.788 gpu_mem=0.16GiB peak=6.53GiB
[TRAIN] step=05700 loss=-2.19925 nmse_prop=0.04187 nmse_ls=0.19754 lr=5.536e-04 step_time=0.233s steps_per_s=1.791 gpu_mem=0.16GiB peak=6.53GiB
[TRAIN] step=05800 loss=-2.80330 nmse_prop=0.02497 nmse_ls=0.06271 lr=5.529e-04 step_time=0.563s steps_per_s=1.795 gpu_mem=0.16GiB peak=6.53GiB
[TRAIN] step=05900 loss=-3.23318 nmse_prop=0.01704 nmse_ls=0.03638 lr=5.523e-04 step_time=0.454s steps_per_s=1.799 gpu_mem=0.16GiB peak=6.53GiB
WARNING:tensorflow:Model's `__init__()` arguments contain non-serializable objects. Please implement a `get_config()` method in the subclassed Model for proper saving and loading. Defaulting to empty config.
WARNING:tensorflow:Model's `__init__()` arguments contain non-serializable objects. Please implement a `get_config()` method in the subclassed Model for proper saving and loading. Defaulting to empty config.
[TRAIN] saved new best weights at step=6000 val_nmse=0.0270888
[TRAIN] step=06000 loss=-3.31610 nmse_prop=0.01551 nmse_ls=0.03622 lr=5.517e-04 step_time=181.982s steps_per_s=1.709 gpu_mem=0.16GiB peak=6.53GiB
[TRAIN] saved resumable state at step=6000 reason=periodic: /scratch/rsadve1/NewAblations_Fabel/TWC_plots_comprehensive/runs_rx16/seed7/1dmrs/no_prompt_film_d256_b4_r2/checkpoints/training_state/ckpt-6000
[TRAIN] step=06100 loss=-1.86450 nmse_prop=0.05723 nmse_ls=0.24666 lr=5.510e-04 step_time=0.553s steps_per_s=1.713 gpu_mem=0.16GiB peak=6.53GiB
[TRAIN] step=06200 loss=-2.60986 nmse_prop=0.02897 nmse_ls=0.09909 lr=5.504e-04 step_time=0.456s steps_per_s=1.718 gpu_mem=0.16GiB peak=6.53GiB
[TRAIN] step=06300 loss=-2.19052 nmse_prop=0.04261 nmse_ls=0.19765 lr=5.497e-04 step_time=0.343s steps_per_s=1.723 gpu_mem=0.16GiB peak=6.53GiB
[TRAIN] step=06400 loss=-2.59321 nmse_prop=0.02905 nmse_ls=0.09245 lr=5.490e-04 step_time=0.577s steps_per_s=1.727 gpu_mem=0.16GiB peak=6.53GiB
[TRAIN] step=06500 loss=-3.05808 nmse_prop=0.02072 nmse_ls=0.05201 lr=5.483e-04 step_time=0.232s steps_per_s=1.731 gpu_mem=0.16GiB peak=6.53GiB
[TRAIN] step=06600 loss=-3.01688 nmse_prop=0.02119 nmse_ls=0.05008 lr=5.476e-04 step_time=0.460s steps_per_s=1.735 gpu_mem=0.16GiB peak=6.53GiB
[TRAIN] step=06700 loss=-2.50369 nmse_prop=0.03163 nmse_ls=0.12186 lr=5.469e-04 step_time=0.450s steps_per_s=1.739 gpu_mem=0.16GiB peak=6.53GiB
[TRAIN] step=06800 loss=-3.01161 nmse_prop=0.02088 nmse_ls=0.04648 lr=5.462e-04 step_time=0.572s steps_per_s=1.742 gpu_mem=0.16GiB peak=6.53GiB
[TRAIN] step=06900 loss=-2.18745 nmse_prop=0.04265 nmse_ls=0.16912 lr=5.454e-04 step_time=0.567s steps_per_s=1.745 gpu_mem=0.16GiB peak=6.53GiB
[TRAIN] step=07000 loss=-2.35516 nmse_prop=0.03650 nmse_ls=0.13339 lr=5.447e-04 step_time=0.569s steps_per_s=1.749 gpu_mem=0.16GiB peak=6.53GiB
[TRAIN] saved resumable state at step=7000 reason=periodic: /scratch/rsadve1/NewAblations_Fabel/TWC_plots_comprehensive/runs_rx16/seed7/1dmrs/no_prompt_film_d256_b4_r2/checkpoints/training_state/ckpt-7000
[TRAIN] step=07100 loss=-2.27647 nmse_prop=0.03897 nmse_ls=0.18381 lr=5.439e-04 step_time=0.318s steps_per_s=1.752 gpu_mem=0.16GiB peak=6.53GiB
[TRAIN] step=07200 loss=-1.99502 nmse_prop=0.05059 nmse_ls=0.24874 lr=5.432e-04 step_time=0.451s steps_per_s=1.756 gpu_mem=0.16GiB peak=6.53GiB
[TRAIN] step=07300 loss=-2.52641 nmse_prop=0.03112 nmse_ls=0.12063 lr=5.424e-04 step_time=0.455s steps_per_s=1.759 gpu_mem=0.16GiB peak=6.53GiB
[TRAIN] step=07400 loss=-2.89721 nmse_prop=0.02303 nmse_ls=0.05808 lr=5.416e-04 step_time=0.564s steps_per_s=1.762 gpu_mem=0.16GiB peak=6.53GiB
[TRAIN] step=07500 loss=-2.12405 nmse_prop=0.04454 nmse_ls=0.24581 lr=5.408e-04 step_time=0.237s steps_per_s=1.766 gpu_mem=0.16GiB peak=6.53GiB
[TRAIN] step=07600 loss=-2.86515 nmse_prop=0.02328 nmse_ls=0.07027 lr=5.400e-04 step_time=0.451s steps_per_s=1.769 gpu_mem=0.16GiB peak=6.53GiB
[TRAIN] step=07700 loss=-2.80639 nmse_prop=0.02451 nmse_ls=0.07664 lr=5.392e-04 step_time=0.449s steps_per_s=1.772 gpu_mem=0.16GiB peak=6.53GiB
[TRAIN] step=07800 loss=-3.15321 nmse_prop=0.01841 nmse_ls=0.05042 lr=5.384e-04 step_time=0.234s steps_per_s=1.775 gpu_mem=0.16GiB peak=6.53GiB
[TRAIN] step=07900 loss=-2.44928 nmse_prop=0.03342 nmse_ls=0.15600 lr=5.376e-04 step_time=0.338s steps_per_s=1.779 gpu_mem=0.16GiB peak=6.53GiB
WARNING:tensorflow:Model's `__init__()` arguments contain non-serializable objects. Please implement a `get_config()` method in the subclassed Model for proper saving and loading. Defaulting to empty config.
WARNING:tensorflow:Model's `__init__()` arguments contain non-serializable objects. Please implement a `get_config()` method in the subclassed Model for proper saving and loading. Defaulting to empty config.
[TRAIN] saved new best weights at step=8000 val_nmse=0.0262611
[TRAIN] step=08000 loss=-3.09359 nmse_prop=0.01946 nmse_ls=0.04298 lr=5.367e-04 step_time=182.304s steps_per_s=1.713 gpu_mem=0.16GiB peak=6.53GiB
[TRAIN] saved resumable state at step=8000 reason=periodic: /scratch/rsadve1/NewAblations_Fabel/TWC_plots_comprehensive/runs_rx16/seed7/1dmrs/no_prompt_film_d256_b4_r2/checkpoints/training_state/ckpt-8000
[TRAIN] step=08100 loss=-2.50471 nmse_prop=0.03186 nmse_ls=0.12507 lr=5.359e-04 step_time=0.452s steps_per_s=1.715 gpu_mem=0.16GiB peak=6.53GiB
[TRAIN] step=08200 loss=-2.14491 nmse_prop=0.04403 nmse_ls=0.20211 lr=5.350e-04 step_time=0.457s steps_per_s=1.719 gpu_mem=0.16GiB peak=6.53GiB
[TRAIN] step=08300 loss=-3.13396 nmse_prop=0.01865 nmse_ls=0.03877 lr=5.341e-04 step_time=0.563s steps_per_s=1.722 gpu_mem=0.16GiB peak=6.53GiB
[TRAIN] step=08400 loss=-2.09889 nmse_prop=0.04608 nmse_ls=0.19451 lr=5.333e-04 step_time=0.557s steps_per_s=1.725 gpu_mem=0.16GiB peak=6.53GiB
[TRAIN] step=08500 loss=-2.90317 nmse_prop=0.02287 nmse_ls=0.06720 lr=5.324e-04 step_time=0.455s steps_per_s=1.728 gpu_mem=0.16GiB peak=6.53GiB
[TRAIN] step=08600 loss=-2.74548 nmse_prop=0.02559 nmse_ls=0.08130 lr=5.315e-04 step_time=0.571s steps_per_s=1.731 gpu_mem=0.16GiB peak=6.53GiB
[TRAIN] step=08700 loss=-2.29507 nmse_prop=0.03849 nmse_ls=0.15689 lr=5.306e-04 step_time=0.563s steps_per_s=1.734 gpu_mem=0.16GiB peak=6.53GiB
[TRAIN] step=08800 loss=-2.95268 nmse_prop=0.02266 nmse_ls=0.05028 lr=5.297e-04 step_time=0.568s steps_per_s=1.737 gpu_mem=0.16GiB peak=6.53GiB
[TRAIN] step=08900 loss=-2.74457 nmse_prop=0.02597 nmse_ls=0.09642 lr=5.287e-04 step_time=0.345s steps_per_s=1.740 gpu_mem=0.16GiB peak=6.53GiB
[TRAIN] step=09000 loss=-2.73231 nmse_prop=0.02673 nmse_ls=0.07410 lr=5.278e-04 step_time=0.563s steps_per_s=1.743 gpu_mem=0.16GiB peak=6.53GiB
[TRAIN] saved resumable state at step=9000 reason=periodic: /scratch/rsadve1/NewAblations_Fabel/TWC_plots_comprehensive/runs_rx16/seed7/1dmrs/no_prompt_film_d256_b4_r2/checkpoints/training_state/ckpt-9000
[TRAIN] step=09100 loss=-3.04510 nmse_prop=0.02064 nmse_ls=0.04539 lr=5.268e-04 step_time=0.569s steps_per_s=1.745 gpu_mem=0.16GiB peak=6.53GiB
[TRAIN] step=09200 loss=-2.56391 nmse_prop=0.03045 nmse_ls=0.11866 lr=5.259e-04 step_time=0.447s steps_per_s=1.748 gpu_mem=0.16GiB peak=6.53GiB
[TRAIN] step=09300 loss=-2.53038 nmse_prop=0.03131 nmse_ls=0.13846 lr=5.249e-04 step_time=0.333s steps_per_s=1.751 gpu_mem=0.16GiB peak=6.53GiB
[TRAIN] step=09400 loss=-2.84862 nmse_prop=0.02375 nmse_ls=0.08514 lr=5.240e-04 step_time=0.232s steps_per_s=1.753 gpu_mem=0.16GiB peak=6.53GiB
[TRAIN] step=09500 loss=-2.42510 nmse_prop=0.03409 nmse_ls=0.14572 lr=5.230e-04 step_time=0.455s steps_per_s=1.756 gpu_mem=0.16GiB peak=6.53GiB
[TRAIN] step=09600 loss=-2.66963 nmse_prop=0.02722 nmse_ls=0.10840 lr=5.220e-04 step_time=0.452s steps_per_s=1.759 gpu_mem=0.16GiB peak=6.53GiB
[TRAIN] step=09700 loss=-2.96212 nmse_prop=0.02116 nmse_ls=0.05811 lr=5.210e-04 step_time=0.562s steps_per_s=1.761 gpu_mem=0.16GiB peak=6.53GiB
[TRAIN] step=09800 loss=-3.00884 nmse_prop=0.02175 nmse_ls=0.06184 lr=5.200e-04 step_time=0.235s steps_per_s=1.764 gpu_mem=0.16GiB peak=6.53GiB
[TRAIN] step=09900 loss=-2.94760 nmse_prop=0.02115 nmse_ls=0.08376 lr=5.190e-04 step_time=0.237s steps_per_s=1.766 gpu_mem=0.16GiB peak=6.53GiB
[TRAIN] step=10000 loss=-2.57046 nmse_prop=0.03000 nmse_ls=0.11738 lr=5.179e-04 step_time=182.298s steps_per_s=1.714 gpu_mem=0.16GiB peak=6.53GiB
[TRAIN] saved resumable state at step=10000 reason=periodic: /scratch/rsadve1/NewAblations_Fabel/TWC_plots_comprehensive/runs_rx16/seed7/1dmrs/no_prompt_film_d256_b4_r2/checkpoints/training_state/ckpt-10000
[TRAIN] step=10100 loss=-2.75334 nmse_prop=0.02479 nmse_ls=0.09529 lr=5.169e-04 step_time=0.455s steps_per_s=1.717 gpu_mem=0.16GiB peak=6.53GiB
[TRAIN] step=10200 loss=-2.70348 nmse_prop=0.02646 nmse_ls=0.08990 lr=5.158e-04 step_time=0.559s steps_per_s=1.719 gpu_mem=0.16GiB peak=6.53GiB
[TRAIN] step=10300 loss=-2.88854 nmse_prop=0.02275 nmse_ls=0.07578 lr=5.148e-04 step_time=0.453s steps_per_s=1.722 gpu_mem=0.16GiB peak=6.53GiB
[TRAIN] step=10400 loss=-3.05250 nmse_prop=0.02074 nmse_ls=0.05116 lr=5.137e-04 step_time=0.458s steps_per_s=1.724 gpu_mem=0.16GiB peak=6.53GiB
[TRAIN] step=10500 loss=-2.29948 nmse_prop=0.03842 nmse_ls=0.16080 lr=5.127e-04 step_time=0.565s steps_per_s=1.727 gpu_mem=0.16GiB peak=6.53GiB
[TRAIN] step=10600 loss=-2.85043 nmse_prop=0.02413 nmse_ls=0.07771 lr=5.116e-04 step_time=0.454s steps_per_s=1.730 gpu_mem=0.16GiB peak=6.53GiB
[TRAIN] step=10700 loss=-3.01685 nmse_prop=0.02104 nmse_ls=0.04986 lr=5.105e-04 step_time=0.566s steps_per_s=1.732 gpu_mem=0.16GiB peak=6.53GiB
[TRAIN] step=10800 loss=-2.59552 nmse_prop=0.02968 nmse_ls=0.10356 lr=5.094e-04 step_time=0.564s steps_per_s=1.735 gpu_mem=0.16GiB peak=6.53GiB
[TRAIN] step=10900 loss=-2.78945 nmse_prop=0.02468 nmse_ls=0.07971 lr=5.083e-04 step_time=0.575s steps_per_s=1.737 gpu_mem=0.16GiB peak=6.53GiB
[TRAIN] step=11000 loss=-2.37176 nmse_prop=0.03573 nmse_ls=0.15270 lr=5.072e-04 step_time=0.564s steps_per_s=1.740 gpu_mem=0.16GiB peak=6.53GiB
[TRAIN] saved resumable state at step=11000 reason=periodic: /scratch/rsadve1/NewAblations_Fabel/TWC_plots_comprehensive/runs_rx16/seed7/1dmrs/no_prompt_film_d256_b4_r2/checkpoints/training_state/ckpt-11000
[TRAIN] step=11100 loss=-2.81301 nmse_prop=0.02390 nmse_ls=0.10886 lr=5.060e-04 step_time=0.234s steps_per_s=1.742 gpu_mem=0.16GiB peak=6.53GiB
[TRAIN] step=11200 loss=-2.91091 nmse_prop=0.02248 nmse_ls=0.08682 lr=5.049e-04 step_time=0.343s steps_per_s=1.744 gpu_mem=0.16GiB peak=6.53GiB
[TRAIN] step=11300 loss=-2.31155 nmse_prop=0.03739 nmse_ls=0.19773 lr=5.038e-04 step_time=0.446s steps_per_s=1.746 gpu_mem=0.16GiB peak=6.53GiB
[TRAIN] step=11400 loss=-3.16540 nmse_prop=0.01869 nmse_ls=0.03795 lr=5.026e-04 step_time=0.562s steps_per_s=1.748 gpu_mem=0.16GiB peak=6.53GiB
[TRAIN] step=11500 loss=-2.56853 nmse_prop=0.03058 nmse_ls=0.10632 lr=5.015e-04 step_time=0.562s steps_per_s=1.750 gpu_mem=0.16GiB peak=6.53GiB
[TRAIN] step=11600 loss=-2.19384 nmse_prop=0.04200 nmse_ls=0.20503 lr=5.003e-04 step_time=0.552s steps_per_s=1.752 gpu_mem=0.16GiB peak=6.53GiB
[TRAIN] step=11700 loss=-3.29654 nmse_prop=0.01679 nmse_ls=0.03948 lr=4.991e-04 step_time=0.339s steps_per_s=1.755 gpu_mem=0.16GiB peak=6.53GiB
[TRAIN] step=11800 loss=-3.08367 nmse_prop=0.02035 nmse_ls=0.04204 lr=4.979e-04 step_time=0.552s steps_per_s=1.757 gpu_mem=0.16GiB peak=6.53GiB
[TRAIN] step=11900 loss=-2.91173 nmse_prop=0.02290 nmse_ls=0.05965 lr=4.968e-04 step_time=0.566s steps_per_s=1.759 gpu_mem=0.16GiB peak=6.53GiB
WARNING:tensorflow:Model's `__init__()` arguments contain non-serializable objects. Please implement a `get_config()` method in the subclassed Model for proper saving and loading. Defaulting to empty config.
WARNING:tensorflow:Model's `__init__()` arguments contain non-serializable objects. Please implement a `get_config()` method in the subclassed Model for proper saving and loading. Defaulting to empty config.
[TRAIN] saved new best weights at step=12000 val_nmse=0.0248698
[TRAIN] step=12000 loss=-2.37946 nmse_prop=0.03559 nmse_ls=0.15709 lr=4.956e-04 step_time=182.333s steps_per_s=1.715 gpu_mem=0.16GiB peak=6.53GiB
[TRAIN] saved resumable state at step=12000 reason=periodic: /scratch/rsadve1/NewAblations_Fabel/TWC_plots_comprehensive/runs_rx16/seed7/1dmrs/no_prompt_film_d256_b4_r2/checkpoints/training_state/ckpt-12000
[TRAIN] step=12100 loss=-2.86448 nmse_prop=0.02343 nmse_ls=0.06978 lr=4.944e-04 step_time=0.566s steps_per_s=1.717 gpu_mem=0.16GiB peak=6.53GiB
[TRAIN] step=12200 loss=-2.59826 nmse_prop=0.02896 nmse_ls=0.11189 lr=4.931e-04 step_time=0.559s steps_per_s=1.719 gpu_mem=0.16GiB peak=6.53GiB
[TRAIN] step=12300 loss=-3.23215 nmse_prop=0.01783 nmse_ls=0.04193 lr=4.919e-04 step_time=0.450s steps_per_s=1.721 gpu_mem=0.16GiB peak=6.53GiB
[TRAIN] step=12400 loss=-2.74113 nmse_prop=0.02555 nmse_ls=0.09914 lr=4.907e-04 step_time=0.454s steps_per_s=1.724 gpu_mem=0.16GiB peak=6.53GiB
[TRAIN] step=12500 loss=-3.02965 nmse_prop=0.02032 nmse_ls=0.05026 lr=4.894e-04 step_time=0.574s steps_per_s=1.726 gpu_mem=0.16GiB peak=6.53GiB
[TRAIN] step=12600 loss=-2.26163 nmse_prop=0.03946 nmse_ls=0.20826 lr=4.882e-04 step_time=0.465s steps_per_s=1.728 gpu_mem=0.16GiB peak=6.53GiB
[TRAIN] step=12700 loss=-3.17714 nmse_prop=0.01799 nmse_ls=0.05688 lr=4.869e-04 step_time=0.333s steps_per_s=1.730 gpu_mem=0.16GiB peak=6.53GiB
[TRAIN] step=12800 loss=-2.31261 nmse_prop=0.03785 nmse_ls=0.19579 lr=4.857e-04 step_time=0.451s steps_per_s=1.733 gpu_mem=0.16GiB peak=6.53GiB
[TRAIN] step=12900 loss=-2.75001 nmse_prop=0.02615 nmse_ls=0.11122 lr=4.844e-04 step_time=0.232s steps_per_s=1.735 gpu_mem=0.16GiB peak=6.53GiB
[TRAIN] step=13000 loss=-2.13711 nmse_prop=0.04429 nmse_ls=0.24786 lr=4.831e-04 step_time=0.466s steps_per_s=1.737 gpu_mem=0.16GiB peak=6.53GiB
[TRAIN] saved resumable state at step=13000 reason=periodic: /scratch/rsadve1/NewAblations_Fabel/TWC_plots_comprehensive/runs_rx16/seed7/1dmrs/no_prompt_film_d256_b4_r2/checkpoints/training_state/ckpt-13000
[TRAIN] step=13100 loss=-2.64823 nmse_prop=0.02806 nmse_ls=0.09952 lr=4.819e-04 step_time=0.576s steps_per_s=1.739 gpu_mem=0.16GiB peak=6.53GiB
[TRAIN] step=13200 loss=-2.30526 nmse_prop=0.03792 nmse_ls=0.17611 lr=4.806e-04 step_time=0.566s steps_per_s=1.740 gpu_mem=0.16GiB peak=6.53GiB
[TRAIN] step=13300 loss=-3.04932 nmse_prop=0.02181 nmse_ls=0.05053 lr=4.793e-04 step_time=0.446s steps_per_s=1.742 gpu_mem=0.16GiB peak=6.53GiB
[TRAIN] step=13400 loss=-2.90438 nmse_prop=0.02253 nmse_ls=0.06929 lr=4.780e-04 step_time=0.566s steps_per_s=1.744 gpu_mem=0.16GiB peak=6.53GiB
[TRAIN] step=13500 loss=-2.90947 nmse_prop=0.02201 nmse_ls=0.09394 lr=4.766e-04 step_time=0.338s steps_per_s=1.746 gpu_mem=0.16GiB peak=6.53GiB
[TRAIN] step=13600 loss=-3.13278 nmse_prop=0.01872 nmse_ls=0.04654 lr=4.753e-04 step_time=0.567s steps_per_s=1.748 gpu_mem=0.16GiB peak=6.53GiB
[TRAIN] step=13700 loss=-3.03937 nmse_prop=0.01966 nmse_ls=0.05684 lr=4.740e-04 step_time=0.576s steps_per_s=1.749 gpu_mem=0.16GiB peak=6.53GiB
[TRAIN] step=13800 loss=-2.56240 nmse_prop=0.03005 nmse_ls=0.11896 lr=4.727e-04 step_time=0.563s steps_per_s=1.751 gpu_mem=0.16GiB peak=6.53GiB
[TRAIN] step=13900 loss=-2.98529 nmse_prop=0.02128 nmse_ls=0.08553 lr=4.713e-04 step_time=0.231s steps_per_s=1.753 gpu_mem=0.16GiB peak=6.53GiB
WARNING:tensorflow:Model's `__init__()` arguments contain non-serializable objects. Please implement a `get_config()` method in the subclassed Model for proper saving and loading. Defaulting to empty config.
WARNING:tensorflow:Model's `__init__()` arguments contain non-serializable objects. Please implement a `get_config()` method in the subclassed Model for proper saving and loading. Defaulting to empty config.
[TRAIN] saved new best weights at step=14000 val_nmse=0.0237057
[TRAIN] step=14000 loss=-2.34057 nmse_prop=0.03765 nmse_ls=0.16209 lr=4.700e-04 step_time=180.309s steps_per_s=1.716 gpu_mem=0.16GiB peak=6.53GiB
[TRAIN] saved resumable state at step=14000 reason=periodic: /scratch/rsadve1/NewAblations_Fabel/TWC_plots_comprehensive/runs_rx16/seed7/1dmrs/no_prompt_film_d256_b4_r2/checkpoints/training_state/ckpt-14000
[TRAIN] step=14100 loss=-2.88705 nmse_prop=0.02215 nmse_ls=0.08670 lr=4.686e-04 step_time=0.456s steps_per_s=1.718 gpu_mem=0.16GiB peak=6.53GiB
[TRAIN] step=14200 loss=-3.02543 nmse_prop=0.02063 nmse_ls=0.05259 lr=4.673e-04 step_time=0.574s steps_per_s=1.720 gpu_mem=0.16GiB peak=6.53GiB
[TRAIN] step=14300 loss=-2.99570 nmse_prop=0.02133 nmse_ls=0.05703 lr=4.659e-04 step_time=0.557s steps_per_s=1.722 gpu_mem=0.16GiB peak=6.53GiB
[TRAIN] step=14400 loss=-3.06170 nmse_prop=0.01983 nmse_ls=0.06225 lr=4.645e-04 step_time=0.453s steps_per_s=1.724 gpu_mem=0.16GiB peak=6.53GiB
[TRAIN] step=14500 loss=-2.55938 nmse_prop=0.03009 nmse_ls=0.12320 lr=4.631e-04 step_time=0.582s steps_per_s=1.726 gpu_mem=0.16GiB peak=6.53GiB
[TRAIN] step=14600 loss=-3.25882 nmse_prop=0.01748 nmse_ls=0.04073 lr=4.617e-04 step_time=0.457s steps_per_s=1.728 gpu_mem=0.16GiB peak=6.53GiB
[TRAIN] step=14700 loss=-2.78046 nmse_prop=0.02521 nmse_ls=0.08348 lr=4.603e-04 step_time=0.570s steps_per_s=1.730 gpu_mem=0.16GiB peak=6.53GiB
[TRAIN] step=14800 loss=-3.23071 nmse_prop=0.01834 nmse_ls=0.04841 lr=4.589e-04 step_time=0.340s steps_per_s=1.732 gpu_mem=0.16GiB peak=6.53GiB
[TRAIN] step=14900 loss=-2.84005 nmse_prop=0.02379 nmse_ls=0.07767 lr=4.575e-04 step_time=0.574s steps_per_s=1.734 gpu_mem=0.16GiB peak=6.53GiB
[TRAIN] step=15000 loss=-3.39675 nmse_prop=0.01517 nmse_ls=0.03815 lr=4.561e-04 step_time=0.237s steps_per_s=1.735 gpu_mem=0.16GiB peak=6.53GiB
[TRAIN] saved resumable state at step=15000 reason=periodic: /scratch/rsadve1/NewAblations_Fabel/TWC_plots_comprehensive/runs_rx16/seed7/1dmrs/no_prompt_film_d256_b4_r2/checkpoints/training_state/ckpt-15000
[TRAIN] step=15100 loss=-3.17215 nmse_prop=0.01835 nmse_ls=0.04007 lr=4.547e-04 step_time=0.572s steps_per_s=1.737 gpu_mem=0.16GiB peak=6.53GiB
[TRAIN] step=15200 loss=-3.24174 nmse_prop=0.01734 nmse_ls=0.04415 lr=4.532e-04 step_time=0.454s steps_per_s=1.738 gpu_mem=0.16GiB peak=6.53GiB
[TRAIN] step=15300 loss=-3.16261 nmse_prop=0.01823 nmse_ls=0.05455 lr=4.518e-04 step_time=0.461s steps_per_s=1.740 gpu_mem=0.16GiB peak=6.53GiB
[TRAIN] step=15400 loss=-3.32801 nmse_prop=0.01627 nmse_ls=0.03934 lr=4.504e-04 step_time=0.348s steps_per_s=1.742 gpu_mem=0.16GiB peak=6.53GiB
[TRAIN] step=15500 loss=-2.40069 nmse_prop=0.03486 nmse_ls=0.18131 lr=4.489e-04 step_time=0.459s steps_per_s=1.744 gpu_mem=0.16GiB peak=6.53GiB
[TRAIN] step=15600 loss=-3.16392 nmse_prop=0.01777 nmse_ls=0.06408 lr=4.475e-04 step_time=0.344s steps_per_s=1.745 gpu_mem=0.16GiB peak=6.53GiB
[TRAIN] step=15700 loss=-3.36471 nmse_prop=0.01591 nmse_ls=0.03621 lr=4.460e-04 step_time=0.459s steps_per_s=1.747 gpu_mem=0.16GiB peak=6.53GiB
[TRAIN] step=15800 loss=-2.72406 nmse_prop=0.02605 nmse_ls=0.09770 lr=4.445e-04 step_time=0.544s steps_per_s=1.748 gpu_mem=0.16GiB peak=6.53GiB
[TRAIN] step=15900 loss=-3.29079 nmse_prop=0.01617 nmse_ls=0.05091 lr=4.431e-04 step_time=0.345s steps_per_s=1.750 gpu_mem=0.16GiB peak=6.53GiB
WARNING:tensorflow:Model's `__init__()` arguments contain non-serializable objects. Please implement a `get_config()` method in the subclassed Model for proper saving and loading. Defaulting to empty config.
WARNING:tensorflow:Model's `__init__()` arguments contain non-serializable objects. Please implement a `get_config()` method in the subclassed Model for proper saving and loading. Defaulting to empty config.
[TRAIN] saved new best weights at step=16000 val_nmse=0.0236831
[TRAIN] step=16000 loss=-2.98256 nmse_prop=0.02129 nmse_ls=0.07288 lr=4.416e-04 step_time=183.516s steps_per_s=1.717 gpu_mem=0.16GiB peak=6.53GiB
[TRAIN] saved resumable state at step=16000 reason=periodic: /scratch/rsadve1/NewAblations_Fabel/TWC_plots_comprehensive/runs_rx16/seed7/1dmrs/no_prompt_film_d256_b4_r2/checkpoints/training_state/ckpt-16000
[TRAIN] step=16100 loss=-3.08123 nmse_prop=0.02028 nmse_ls=0.05682 lr=4.401e-04 step_time=0.457s steps_per_s=1.718 gpu_mem=0.16GiB peak=6.53GiB
[TRAIN] step=16200 loss=-2.23481 nmse_prop=0.04000 nmse_ls=0.24136 lr=4.386e-04 step_time=0.451s steps_per_s=1.719 gpu_mem=0.16GiB peak=6.53GiB
[TRAIN] step=16300 loss=-2.50508 nmse_prop=0.03160 nmse_ls=0.14001 lr=4.371e-04 step_time=0.572s steps_per_s=1.721 gpu_mem=0.16GiB peak=6.53GiB
[TRAIN] step=16400 loss=-2.33301 nmse_prop=0.03713 nmse_ls=0.17796 lr=4.356e-04 step_time=0.555s steps_per_s=1.723 gpu_mem=0.16GiB peak=6.53GiB
[TRAIN] step=16500 loss=-3.13826 nmse_prop=0.01897 nmse_ls=0.04571 lr=4.341e-04 step_time=0.562s steps_per_s=1.724 gpu_mem=0.16GiB peak=6.53GiB
[TRAIN] step=16600 loss=-2.83266 nmse_prop=0.02409 nmse_ls=0.07826 lr=4.326e-04 step_time=0.576s steps_per_s=1.726 gpu_mem=0.16GiB peak=6.53GiB
[TRAIN] step=16700 loss=-3.39494 nmse_prop=0.01509 nmse_ls=0.03714 lr=4.311e-04 step_time=0.442s steps_per_s=1.728 gpu_mem=0.16GiB peak=6.53GiB
[TRAIN] step=16800 loss=-2.42251 nmse_prop=0.03400 nmse_ls=0.21532 lr=4.295e-04 step_time=0.340s steps_per_s=1.729 gpu_mem=0.16GiB peak=6.53GiB
[TRAIN] step=16900 loss=-2.39169 nmse_prop=0.03521 nmse_ls=0.16962 lr=4.280e-04 step_time=0.546s steps_per_s=1.731 gpu_mem=0.16GiB peak=6.53GiB
[TRAIN] step=17000 loss=-2.64124 nmse_prop=0.02819 nmse_ls=0.12344 lr=4.265e-04 step_time=0.444s steps_per_s=1.733 gpu_mem=0.16GiB peak=6.53GiB
[TRAIN] saved resumable state at step=17000 reason=periodic: /scratch/rsadve1/NewAblations_Fabel/TWC_plots_comprehensive/runs_rx16/seed7/1dmrs/no_prompt_film_d256_b4_r2/checkpoints/training_state/ckpt-17000
[TRAIN] step=17100 loss=-3.33324 nmse_prop=0.01667 nmse_ls=0.04269 lr=4.249e-04 step_time=0.339s steps_per_s=1.734 gpu_mem=0.16GiB peak=6.53GiB
[TRAIN] step=17200 loss=-2.64670 nmse_prop=0.02786 nmse_ls=0.11347 lr=4.234e-04 step_time=0.567s steps_per_s=1.736 gpu_mem=0.16GiB peak=6.53GiB
[TRAIN] step=17300 loss=-2.29902 nmse_prop=0.03823 nmse_ls=0.18194 lr=4.218e-04 step_time=0.568s steps_per_s=1.737 gpu_mem=0.16GiB peak=6.53GiB
[TRAIN] step=17400 loss=-2.46333 nmse_prop=0.03277 nmse_ls=0.21739 lr=4.203e-04 step_time=0.238s steps_per_s=1.739 gpu_mem=0.16GiB peak=6.53GiB
[TRAIN] step=17500 loss=-2.39049 nmse_prop=0.03530 nmse_ls=0.17908 lr=4.187e-04 step_time=0.451s steps_per_s=1.740 gpu_mem=0.16GiB peak=6.53GiB
[TRAIN] step=17600 loss=-2.53214 nmse_prop=0.03106 nmse_ls=0.15761 lr=4.171e-04 step_time=0.437s steps_per_s=1.741 gpu_mem=0.16GiB peak=6.53GiB
[TRAIN] step=17700 loss=-2.46105 nmse_prop=0.03304 nmse_ls=0.15370 lr=4.156e-04 step_time=0.568s steps_per_s=1.743 gpu_mem=0.16GiB peak=6.53GiB
[TRAIN] step=17800 loss=-2.21706 nmse_prop=0.04080 nmse_ls=0.24604 lr=4.140e-04 step_time=0.450s steps_per_s=1.744 gpu_mem=0.16GiB peak=6.53GiB
[TRAIN] step=17900 loss=-3.00302 nmse_prop=0.02074 nmse_ls=0.06442 lr=4.124e-04 step_time=0.575s steps_per_s=1.746 gpu_mem=0.16GiB peak=6.53GiB
WARNING:tensorflow:Model's `__init__()` arguments contain non-serializable objects. Please implement a `get_config()` method in the subclassed Model for proper saving and loading. Defaulting to empty config.
WARNING:tensorflow:Model's `__init__()` arguments contain non-serializable objects. Please implement a `get_config()` method in the subclassed Model for proper saving and loading. Defaulting to empty config.
[TRAIN] saved new best weights at step=18000 val_nmse=0.0223831
[TRAIN] step=18000 loss=-3.03684 nmse_prop=0.02057 nmse_ls=0.06723 lr=4.108e-04 step_time=182.444s steps_per_s=1.716 gpu_mem=0.16GiB peak=6.53GiB
[TRAIN] saved resumable state at step=18000 reason=periodic: /scratch/rsadve1/NewAblations_Fabel/TWC_plots_comprehensive/runs_rx16/seed7/1dmrs/no_prompt_film_d256_b4_r2/checkpoints/training_state/ckpt-18000
[TRAIN] step=18100 loss=-2.83243 nmse_prop=0.02406 nmse_ls=0.08057 lr=4.092e-04 step_time=0.570s steps_per_s=1.717 gpu_mem=0.16GiB peak=6.53GiB
[TRAIN] step=18200 loss=-2.59470 nmse_prop=0.02964 nmse_ls=0.12232 lr=4.076e-04 step_time=0.565s steps_per_s=1.719 gpu_mem=0.16GiB peak=6.53GiB
[TRAIN] step=18300 loss=-2.43369 nmse_prop=0.03461 nmse_ls=0.14022 lr=4.060e-04 step_time=0.575s steps_per_s=1.720 gpu_mem=0.16GiB peak=6.53GiB
[TRAIN] step=18400 loss=-3.21562 nmse_prop=0.01774 nmse_ls=0.04198 lr=4.044e-04 step_time=0.541s steps_per_s=1.722 gpu_mem=0.16GiB peak=6.53GiB
[TRAIN] step=18500 loss=-2.62536 nmse_prop=0.02874 nmse_ls=0.11913 lr=4.028e-04 step_time=0.576s steps_per_s=1.723 gpu_mem=0.16GiB peak=6.53GiB
[TRAIN] step=18600 loss=-3.35115 nmse_prop=0.01540 nmse_ls=0.04146 lr=4.012e-04 step_time=0.456s steps_per_s=1.724 gpu_mem=0.16GiB peak=6.53GiB
[TRAIN] step=18700 loss=-3.24316 nmse_prop=0.01635 nmse_ls=0.04465 lr=3.996e-04 step_time=0.563s steps_per_s=1.726 gpu_mem=0.16GiB peak=6.53GiB
[TRAIN] step=18800 loss=-2.53112 nmse_prop=0.03116 nmse_ls=0.13786 lr=3.980e-04 step_time=0.572s steps_per_s=1.728 gpu_mem=0.16GiB peak=6.53GiB
[TRAIN] step=18900 loss=-2.52447 nmse_prop=0.03126 nmse_ls=0.15536 lr=3.963e-04 step_time=0.439s steps_per_s=1.729 gpu_mem=0.16GiB peak=6.53GiB
[TRAIN] step=19000 loss=-3.10198 nmse_prop=0.01890 nmse_ls=0.07739 lr=3.947e-04 step_time=0.344s steps_per_s=1.730 gpu_mem=0.16GiB peak=6.53GiB
[TRAIN] saved resumable state at step=19000 reason=periodic: /scratch/rsadve1/NewAblations_Fabel/TWC_plots_comprehensive/runs_rx16/seed7/1dmrs/no_prompt_film_d256_b4_r2/checkpoints/training_state/ckpt-19000
[TRAIN] step=19100 loss=-2.73576 nmse_prop=0.02644 nmse_ls=0.09454 lr=3.931e-04 step_time=0.568s steps_per_s=1.731 gpu_mem=0.16GiB peak=6.53GiB
[TRAIN] step=19200 loss=-2.95305 nmse_prop=0.02142 nmse_ls=0.10167 lr=3.914e-04 step_time=0.341s steps_per_s=1.732 gpu_mem=0.16GiB peak=6.53GiB
[TRAIN] step=19300 loss=-3.02034 nmse_prop=0.02090 nmse_ls=0.05728 lr=3.898e-04 step_time=0.557s steps_per_s=1.734 gpu_mem=0.16GiB peak=6.53GiB
[TRAIN] step=19400 loss=-3.28500 nmse_prop=0.01691 nmse_ls=0.04313 lr=3.882e-04 step_time=0.455s steps_per_s=1.735 gpu_mem=0.16GiB peak=6.53GiB
[TRAIN] step=19500 loss=-2.83767 nmse_prop=0.02381 nmse_ls=0.09768 lr=3.865e-04 step_time=0.443s steps_per_s=1.736 gpu_mem=0.16GiB peak=6.53GiB
[TRAIN] step=19600 loss=-3.03795 nmse_prop=0.02152 nmse_ls=0.06771 lr=3.848e-04 step_time=0.229s steps_per_s=1.738 gpu_mem=0.16GiB peak=6.53GiB
[TRAIN] step=19700 loss=-3.12271 nmse_prop=0.01874 nmse_ls=0.05894 lr=3.832e-04 step_time=0.456s steps_per_s=1.739 gpu_mem=0.16GiB peak=6.53GiB
[TRAIN] step=19800 loss=-3.10179 nmse_prop=0.01985 nmse_ls=0.04858 lr=3.815e-04 step_time=0.565s steps_per_s=1.741 gpu_mem=0.16GiB peak=6.53GiB
[TRAIN] step=19900 loss=-3.15865 nmse_prop=0.01782 nmse_ls=0.07518 lr=3.799e-04 step_time=0.341s steps_per_s=1.742 gpu_mem=0.16GiB peak=6.53GiB
[TRAIN] step=20000 loss=-2.34282 nmse_prop=0.03650 nmse_ls=0.18827 lr=3.782e-04 step_time=178.334s steps_per_s=1.717 gpu_mem=0.16GiB peak=6.53GiB
[TRAIN] saved resumable state at step=20000 reason=periodic: /scratch/rsadve1/NewAblations_Fabel/TWC_plots_comprehensive/runs_rx16/seed7/1dmrs/no_prompt_film_d256_b4_r2/checkpoints/training_state/ckpt-20000
[TRAIN] step=20100 loss=-2.64711 nmse_prop=0.02778 nmse_ls=0.12059 lr=3.765e-04 step_time=0.572s steps_per_s=1.718 gpu_mem=0.16GiB peak=6.53GiB
[TRAIN] step=20200 loss=-2.66941 nmse_prop=0.02702 nmse_ls=0.11997 lr=3.748e-04 step_time=0.560s steps_per_s=1.719 gpu_mem=0.16GiB peak=6.53GiB
[TRAIN] step=20300 loss=-2.67499 nmse_prop=0.02682 nmse_ls=0.15781 lr=3.732e-04 step_time=0.348s steps_per_s=1.720 gpu_mem=0.16GiB peak=6.53GiB
[TRAIN] step=20400 loss=-3.18680 nmse_prop=0.01761 nmse_ls=0.04945 lr=3.715e-04 step_time=0.578s steps_per_s=1.722 gpu_mem=0.16GiB peak=6.53GiB
[TRAIN] step=20500 loss=-3.08915 nmse_prop=0.01924 nmse_ls=0.06790 lr=3.698e-04 step_time=0.457s steps_per_s=1.723 gpu_mem=0.16GiB peak=6.53GiB
[TRAIN] step=20600 loss=-2.81790 nmse_prop=0.02449 nmse_ls=0.08509 lr=3.681e-04 step_time=0.561s steps_per_s=1.724 gpu_mem=0.16GiB peak=6.53GiB
[TRAIN] step=20700 loss=-2.71175 nmse_prop=0.02677 nmse_ls=0.10443 lr=3.664e-04 step_time=0.575s steps_per_s=1.726 gpu_mem=0.16GiB peak=6.53GiB
[TRAIN] step=20800 loss=-2.40965 nmse_prop=0.03460 nmse_ls=0.17281 lr=3.647e-04 step_time=0.561s steps_per_s=1.727 gpu_mem=0.16GiB peak=6.53GiB
[TRAIN] step=20900 loss=-2.48748 nmse_prop=0.03225 nmse_ls=0.15358 lr=3.630e-04 step_time=0.580s steps_per_s=1.728 gpu_mem=0.16GiB peak=6.53GiB
[TRAIN] step=21000 loss=-3.34985 nmse_prop=0.01629 nmse_ls=0.03985 lr=3.613e-04 step_time=0.448s steps_per_s=1.730 gpu_mem=0.16GiB peak=6.53GiB
[TRAIN] saved resumable state at step=21000 reason=periodic: /scratch/rsadve1/NewAblations_Fabel/TWC_plots_comprehensive/runs_rx16/seed7/1dmrs/no_prompt_film_d256_b4_r2/checkpoints/training_state/ckpt-21000
[TRAIN] step=21100 loss=-3.19890 nmse_prop=0.01663 nmse_ls=0.08200 lr=3.596e-04 step_time=0.351s steps_per_s=1.731 gpu_mem=0.16GiB peak=6.53GiB
[TRAIN] step=21200 loss=-3.39429 nmse_prop=0.01530 nmse_ls=0.03903 lr=3.579e-04 step_time=0.454s steps_per_s=1.732 gpu_mem=0.16GiB peak=6.53GiB
[TRAIN] step=21300 loss=-2.32939 nmse_prop=0.03741 nmse_ls=0.18937 lr=3.562e-04 step_time=0.562s steps_per_s=1.733 gpu_mem=0.16GiB peak=6.53GiB
[TRAIN] step=21400 loss=-2.77722 nmse_prop=0.02480 nmse_ls=0.11619 lr=3.545e-04 step_time=0.457s steps_per_s=1.734 gpu_mem=0.16GiB peak=6.53GiB
[TRAIN] step=21500 loss=-2.44744 nmse_prop=0.03306 nmse_ls=0.19162 lr=3.528e-04 step_time=0.458s steps_per_s=1.736 gpu_mem=0.16GiB peak=6.53GiB
[TRAIN] step=21600 loss=-2.37744 nmse_prop=0.03549 nmse_ls=0.20417 lr=3.511e-04 step_time=0.452s steps_per_s=1.737 gpu_mem=0.16GiB peak=6.53GiB
[TRAIN] step=21700 loss=-3.00955 nmse_prop=0.02062 nmse_ls=0.06549 lr=3.494e-04 step_time=0.575s steps_per_s=1.738 gpu_mem=0.16GiB peak=6.53GiB
[TRAIN] step=21800 loss=-2.33725 nmse_prop=0.03681 nmse_ls=0.19325 lr=3.476e-04 step_time=0.576s steps_per_s=1.739 gpu_mem=0.16GiB peak=6.53GiB
[TRAIN] step=21900 loss=-3.30401 nmse_prop=0.01680 nmse_ls=0.04313 lr=3.459e-04 step_time=0.456s steps_per_s=1.741 gpu_mem=0.16GiB peak=6.53GiB
WARNING:tensorflow:Model's `__init__()` arguments contain non-serializable objects. Please implement a `get_config()` method in the subclassed Model for proper saving and loading. Defaulting to empty config.
WARNING:tensorflow:Model's `__init__()` arguments contain non-serializable objects. Please implement a `get_config()` method in the subclassed Model for proper saving and loading. Defaulting to empty config.
[TRAIN] saved new best weights at step=22000 val_nmse=0.0220476
[TRAIN] step=22000 loss=-2.88347 nmse_prop=0.02230 nmse_ls=0.08475 lr=3.442e-04 step_time=183.614s steps_per_s=1.717 gpu_mem=0.16GiB peak=6.53GiB
[TRAIN] saved resumable state at step=22000 reason=periodic: /scratch/rsadve1/NewAblations_Fabel/TWC_plots_comprehensive/runs_rx16/seed7/1dmrs/no_prompt_film_d256_b4_r2/checkpoints/training_state/ckpt-22000
[TRAIN] step=22100 loss=-2.41400 nmse_prop=0.03461 nmse_ls=0.16573 lr=3.425e-04 step_time=0.565s steps_per_s=1.718 gpu_mem=0.16GiB peak=6.53GiB
[TRAIN] step=22200 loss=-3.20650 nmse_prop=0.01742 nmse_ls=0.04781 lr=3.407e-04 step_time=0.577s steps_per_s=1.719 gpu_mem=0.16GiB peak=6.53GiB
[TRAIN] step=22300 loss=-2.85303 nmse_prop=0.02386 nmse_ls=0.08253 lr=3.390e-04 step_time=0.573s steps_per_s=1.720 gpu_mem=0.16GiB peak=6.53GiB
[TRAIN] step=22400 loss=-2.89639 nmse_prop=0.02260 nmse_ls=0.09228 lr=3.373e-04 step_time=0.456s steps_per_s=1.722 gpu_mem=0.16GiB peak=6.53GiB
[TRAIN] step=22500 loss=-2.98561 nmse_prop=0.02088 nmse_ls=0.06483 lr=3.356e-04 step_time=0.574s steps_per_s=1.723 gpu_mem=0.16GiB peak=6.53GiB
[TRAIN] step=22600 loss=-2.85631 nmse_prop=0.02367 nmse_ls=0.08272 lr=3.338e-04 step_time=0.568s steps_per_s=1.724 gpu_mem=0.16GiB peak=6.53GiB
[TRAIN] step=22700 loss=-3.08341 nmse_prop=0.01920 nmse_ls=0.06997 lr=3.321e-04 step_time=0.457s steps_per_s=1.725 gpu_mem=0.16GiB peak=6.53GiB
[TRAIN] step=22800 loss=-2.87488 nmse_prop=0.02251 nmse_ls=0.10611 lr=3.303e-04 step_time=0.458s steps_per_s=1.727 gpu_mem=0.16GiB peak=6.53GiB
[TRAIN] step=22900 loss=-2.34016 nmse_prop=0.03638 nmse_ls=0.20367 lr=3.286e-04 step_time=0.567s steps_per_s=1.728 gpu_mem=0.16GiB peak=6.53GiB
[TRAIN] step=23000 loss=-3.24836 nmse_prop=0.01634 nmse_ls=0.05702 lr=3.269e-04 step_time=0.451s steps_per_s=1.729 gpu_mem=0.16GiB peak=6.53GiB
[TRAIN] saved resumable state at step=23000 reason=periodic: /scratch/rsadve1/NewAblations_Fabel/TWC_plots_comprehensive/runs_rx16/seed7/1dmrs/no_prompt_film_d256_b4_r2/checkpoints/training_state/ckpt-23000
[TRAIN] step=23100 loss=-3.10912 nmse_prop=0.01910 nmse_ls=0.05627 lr=3.251e-04 step_time=0.567s steps_per_s=1.730 gpu_mem=0.16GiB peak=6.53GiB
[TRAIN] step=23200 loss=-3.46786 nmse_prop=0.01383 nmse_ls=0.03701 lr=3.234e-04 step_time=0.457s steps_per_s=1.731 gpu_mem=0.16GiB peak=6.53GiB
[TRAIN] step=23300 loss=-3.01386 nmse_prop=0.02057 nmse_ls=0.06602 lr=3.216e-04 step_time=0.536s steps_per_s=1.732 gpu_mem=0.16GiB peak=6.53GiB
[TRAIN] step=23400 loss=-3.15410 nmse_prop=0.01786 nmse_ls=0.05463 lr=3.199e-04 step_time=0.581s steps_per_s=1.733 gpu_mem=0.16GiB peak=6.53GiB
[TRAIN] step=23500 loss=-2.58664 nmse_prop=0.03012 nmse_ls=0.12128 lr=3.181e-04 step_time=0.570s steps_per_s=1.734 gpu_mem=0.16GiB peak=6.53GiB
[TRAIN] step=23600 loss=-2.42212 nmse_prop=0.03424 nmse_ls=0.19596 lr=3.164e-04 step_time=0.455s steps_per_s=1.735 gpu_mem=0.16GiB peak=6.53GiB
[TRAIN] step=23700 loss=-2.71096 nmse_prop=0.02612 nmse_ls=0.11852 lr=3.146e-04 step_time=0.568s steps_per_s=1.736 gpu_mem=0.16GiB peak=6.53GiB
[TRAIN] step=23800 loss=-3.16134 nmse_prop=0.01869 nmse_ls=0.04998 lr=3.129e-04 step_time=0.579s steps_per_s=1.737 gpu_mem=0.16GiB peak=6.53GiB
[TRAIN] step=23900 loss=-3.44956 nmse_prop=0.01336 nmse_ls=0.05440 lr=3.111e-04 step_time=0.342s steps_per_s=1.738 gpu_mem=0.16GiB peak=6.53GiB
[TRAIN] step=24000 loss=-3.34496 nmse_prop=0.01585 nmse_ls=0.04508 lr=3.094e-04 step_time=182.685s steps_per_s=1.717 gpu_mem=0.16GiB peak=6.53GiB
[TRAIN] saved resumable state at step=24000 reason=periodic: /scratch/rsadve1/NewAblations_Fabel/TWC_plots_comprehensive/runs_rx16/seed7/1dmrs/no_prompt_film_d256_b4_r2/checkpoints/training_state/ckpt-24000
[TRAIN] step=24100 loss=-2.53613 nmse_prop=0.03127 nmse_ls=0.16330 lr=3.076e-04 step_time=0.462s steps_per_s=1.717 gpu_mem=0.16GiB peak=6.53GiB
[TRAIN] step=24200 loss=-3.18482 nmse_prop=0.01824 nmse_ls=0.04830 lr=3.059e-04 step_time=0.569s steps_per_s=1.718 gpu_mem=0.16GiB peak=6.53GiB
[TRAIN] step=24300 loss=-2.48427 nmse_prop=0.03163 nmse_ls=0.22400 lr=3.041e-04 step_time=0.343s steps_per_s=1.719 gpu_mem=0.16GiB peak=6.53GiB
[TRAIN] step=24400 loss=-3.10014 nmse_prop=0.01904 nmse_ls=0.05776 lr=3.024e-04 step_time=0.561s steps_per_s=1.720 gpu_mem=0.16GiB peak=6.53GiB
[TRAIN] step=24500 loss=-3.07363 nmse_prop=0.01951 nmse_ls=0.08729 lr=3.006e-04 step_time=0.343s steps_per_s=1.722 gpu_mem=0.16GiB peak=6.53GiB
[TRAIN] step=24600 loss=-2.75286 nmse_prop=0.02540 nmse_ls=0.13009 lr=2.989e-04 step_time=0.458s steps_per_s=1.723 gpu_mem=0.16GiB peak=6.53GiB
[TRAIN] step=24700 loss=-3.51585 nmse_prop=0.01313 nmse_ls=0.04302 lr=2.971e-04 step_time=0.238s steps_per_s=1.724 gpu_mem=0.16GiB peak=6.53GiB
[TRAIN] step=24800 loss=-2.75756 nmse_prop=0.02554 nmse_ls=0.09948 lr=2.953e-04 step_time=0.583s steps_per_s=1.725 gpu_mem=0.16GiB peak=6.53GiB
[TRAIN] step=24900 loss=-3.15842 nmse_prop=0.01890 nmse_ls=0.05091 lr=2.936e-04 step_time=0.563s steps_per_s=1.726 gpu_mem=0.16GiB peak=6.53GiB
[TRAIN] step=25000 loss=-3.44465 nmse_prop=0.01422 nmse_ls=0.03978 lr=2.918e-04 step_time=0.467s steps_per_s=1.727 gpu_mem=0.16GiB peak=6.53GiB
[TRAIN] saved resumable state at step=25000 reason=periodic: /scratch/rsadve1/NewAblations_Fabel/TWC_plots_comprehensive/runs_rx16/seed7/1dmrs/no_prompt_film_d256_b4_r2/checkpoints/training_state/ckpt-25000
[TRAIN] step=25100 loss=-2.21728 nmse_prop=0.04116 nmse_ls=0.23339 lr=2.901e-04 step_time=0.565s steps_per_s=1.728 gpu_mem=0.16GiB peak=6.53GiB
[TRAIN] step=25200 loss=-2.32708 nmse_prop=0.03723 nmse_ls=0.20346 lr=2.883e-04 step_time=0.573s steps_per_s=1.729 gpu_mem=0.16GiB peak=6.53GiB
[TRAIN] step=25300 loss=-2.90561 nmse_prop=0.02232 nmse_ls=0.09772 lr=2.866e-04 step_time=0.451s steps_per_s=1.730 gpu_mem=0.16GiB peak=6.53GiB
[TRAIN] step=25400 loss=-3.33174 nmse_prop=0.01610 nmse_ls=0.05611 lr=2.848e-04 step_time=0.339s steps_per_s=1.731 gpu_mem=0.16GiB peak=6.53GiB
[TRAIN] step=25500 loss=-2.89347 nmse_prop=0.02241 nmse_ls=0.08353 lr=2.831e-04 step_time=0.572s steps_per_s=1.732 gpu_mem=0.16GiB peak=6.53GiB
[TRAIN] step=25600 loss=-3.12435 nmse_prop=0.01881 nmse_ls=0.05607 lr=2.813e-04 step_time=0.582s steps_per_s=1.733 gpu_mem=0.16GiB peak=6.53GiB
[TRAIN] step=25700 loss=-2.08884 nmse_prop=0.04669 nmse_ls=0.26321 lr=2.795e-04 step_time=0.572s steps_per_s=1.734 gpu_mem=0.16GiB peak=6.53GiB
[TRAIN] step=25800 loss=-2.27509 nmse_prop=0.03917 nmse_ls=0.21311 lr=2.778e-04 step_time=0.576s steps_per_s=1.735 gpu_mem=0.16GiB peak=6.53GiB
[TRAIN] step=25900 loss=-3.25487 nmse_prop=0.01721 nmse_ls=0.04455 lr=2.760e-04 step_time=0.555s steps_per_s=1.736 gpu_mem=0.16GiB peak=6.53GiB
WARNING:tensorflow:Model's `__init__()` arguments contain non-serializable objects. Please implement a `get_config()` method in the subclassed Model for proper saving and loading. Defaulting to empty config.
WARNING:tensorflow:Model's `__init__()` arguments contain non-serializable objects. Please implement a `get_config()` method in the subclassed Model for proper saving and loading. Defaulting to empty config.
[TRAIN] saved new best weights at step=26000 val_nmse=0.0220183
[TRAIN] step=26000 loss=-2.93342 nmse_prop=0.02113 nmse_ls=0.13004 lr=2.743e-04 step_time=181.277s steps_per_s=1.716 gpu_mem=0.16GiB peak=6.53GiB
[TRAIN] saved resumable state at step=26000 reason=periodic: /scratch/rsadve1/NewAblations_Fabel/TWC_plots_comprehensive/runs_rx16/seed7/1dmrs/no_prompt_film_d256_b4_r2/checkpoints/training_state/ckpt-26000
[TRAIN] step=26100 loss=-2.25043 nmse_prop=0.04026 nmse_ls=0.21920 lr=2.725e-04 step_time=0.573s steps_per_s=1.716 gpu_mem=0.16GiB peak=6.53GiB
[TRAIN] step=26200 loss=-3.00530 nmse_prop=0.02032 nmse_ls=0.08865 lr=2.708e-04 step_time=0.456s steps_per_s=1.717 gpu_mem=0.16GiB peak=6.53GiB
[TRAIN] step=26300 loss=-2.87556 nmse_prop=0.02308 nmse_ls=0.08317 lr=2.690e-04 step_time=0.572s steps_per_s=1.719 gpu_mem=0.16GiB peak=6.53GiB
[TRAIN] step=26400 loss=-3.10468 nmse_prop=0.01933 nmse_ls=0.05703 lr=2.673e-04 step_time=0.565s steps_per_s=1.720 gpu_mem=0.16GiB peak=6.53GiB
[TRAIN] step=26500 loss=-2.67494 nmse_prop=0.02789 nmse_ls=0.11165 lr=2.655e-04 step_time=0.568s steps_per_s=1.721 gpu_mem=0.16GiB peak=6.53GiB
[TRAIN] step=26600 loss=-2.55562 nmse_prop=0.02969 nmse_ls=0.18926 lr=2.638e-04 step_time=0.451s steps_per_s=1.722 gpu_mem=0.16GiB peak=6.53GiB
[TRAIN] step=26700 loss=-2.96744 nmse_prop=0.02038 nmse_ls=0.08932 lr=2.620e-04 step_time=0.566s steps_per_s=1.723 gpu_mem=0.16GiB peak=6.53GiB
[TRAIN] step=26800 loss=-2.14585 nmse_prop=0.04400 nmse_ls=0.25454 lr=2.603e-04 step_time=0.574s steps_per_s=1.724 gpu_mem=0.16GiB peak=6.53GiB
[TRAIN] step=26900 loss=-3.06452 nmse_prop=0.01892 nmse_ls=0.12191 lr=2.585e-04 step_time=0.236s steps_per_s=1.725 gpu_mem=0.16GiB peak=6.53GiB
[TRAIN] step=27000 loss=-3.24135 nmse_prop=0.01717 nmse_ls=0.06798 lr=2.568e-04 step_time=0.345s steps_per_s=1.726 gpu_mem=0.16GiB peak=6.53GiB
[TRAIN] saved resumable state at step=27000 reason=periodic: /scratch/rsadve1/NewAblations_Fabel/TWC_plots_comprehensive/runs_rx16/seed7/1dmrs/no_prompt_film_d256_b4_r2/checkpoints/training_state/ckpt-27000
[TRAIN] step=27100 loss=-3.19857 nmse_prop=0.01784 nmse_ls=0.04761 lr=2.551e-04 step_time=0.573s steps_per_s=1.727 gpu_mem=0.16GiB peak=6.53GiB
[TRAIN] step=27200 loss=-2.86654 nmse_prop=0.02403 nmse_ls=0.07921 lr=2.533e-04 step_time=0.563s steps_per_s=1.728 gpu_mem=0.16GiB peak=6.53GiB
[TRAIN] step=27300 loss=-2.18256 nmse_prop=0.04286 nmse_ls=0.24630 lr=2.516e-04 step_time=0.564s steps_per_s=1.729 gpu_mem=0.16GiB peak=6.53GiB
[TRAIN] step=27400 loss=-2.67698 nmse_prop=0.02741 nmse_ls=0.12162 lr=2.498e-04 step_time=0.576s steps_per_s=1.730 gpu_mem=0.16GiB peak=6.53GiB
[TRAIN] step=27500 loss=-2.72758 nmse_prop=0.02486 nmse_ls=0.20191 lr=2.481e-04 step_time=0.236s steps_per_s=1.731 gpu_mem=0.16GiB peak=6.53GiB
[TRAIN] step=27600 loss=-2.15650 nmse_prop=0.04399 nmse_ls=0.25453 lr=2.464e-04 step_time=0.572s steps_per_s=1.732 gpu_mem=0.16GiB peak=6.53GiB
[TRAIN] step=27700 loss=-2.84236 nmse_prop=0.02370 nmse_ls=0.12955 lr=2.446e-04 step_time=0.339s steps_per_s=1.732 gpu_mem=0.16GiB peak=6.53GiB
[TRAIN] step=27800 loss=-3.29185 nmse_prop=0.01599 nmse_ls=0.07127 lr=2.429e-04 step_time=0.232s steps_per_s=1.733 gpu_mem=0.16GiB peak=6.53GiB
[TRAIN] step=27900 loss=-2.98166 nmse_prop=0.02118 nmse_ls=0.07317 lr=2.412e-04 step_time=0.562s steps_per_s=1.734 gpu_mem=0.16GiB peak=6.53GiB
WARNING:tensorflow:Model's `__init__()` arguments contain non-serializable objects. Please implement a `get_config()` method in the subclassed Model for proper saving and loading. Defaulting to empty config.
WARNING:tensorflow:Model's `__init__()` arguments contain non-serializable objects. Please implement a `get_config()` method in the subclassed Model for proper saving and loading. Defaulting to empty config.
[TRAIN] saved new best weights at step=28000 val_nmse=0.0216921
[TRAIN] step=28000 loss=-2.24985 nmse_prop=0.03986 nmse_ls=0.22628 lr=2.395e-04 step_time=181.300s steps_per_s=1.716 gpu_mem=0.16GiB peak=6.53GiB
[TRAIN] saved resumable state at step=28000 reason=periodic: /scratch/rsadve1/NewAblations_Fabel/TWC_plots_comprehensive/runs_rx16/seed7/1dmrs/no_prompt_film_d256_b4_r2/checkpoints/training_state/ckpt-28000
[TRAIN] step=28100 loss=-2.64677 nmse_prop=0.02802 nmse_ls=0.15168 lr=2.377e-04 step_time=0.446s steps_per_s=1.717 gpu_mem=0.16GiB peak=6.53GiB
[TRAIN] step=28200 loss=-3.59043 nmse_prop=0.01317 nmse_ls=0.03861 lr=2.360e-04 step_time=0.356s steps_per_s=1.718 gpu_mem=0.16GiB peak=6.53GiB
[TRAIN] step=28300 loss=-3.01800 nmse_prop=0.02079 nmse_ls=0.06785 lr=2.343e-04 step_time=0.572s steps_per_s=1.718 gpu_mem=0.16GiB peak=6.53GiB
[TRAIN] step=28400 loss=-2.19630 nmse_prop=0.04212 nmse_ls=0.24523 lr=2.326e-04 step_time=0.570s steps_per_s=1.719 gpu_mem=0.16GiB peak=6.53GiB
[TRAIN] step=28500 loss=-2.93399 nmse_prop=0.02166 nmse_ls=0.09974 lr=2.309e-04 step_time=0.456s steps_per_s=1.720 gpu_mem=0.16GiB peak=6.53GiB
[TRAIN] step=28600 loss=-3.11546 nmse_prop=0.01892 nmse_ls=0.05967 lr=2.292e-04 step_time=0.572s steps_per_s=1.721 gpu_mem=0.16GiB peak=6.53GiB
[TRAIN] step=28700 loss=-3.21583 nmse_prop=0.01733 nmse_ls=0.05156 lr=2.274e-04 step_time=0.569s steps_per_s=1.722 gpu_mem=0.16GiB peak=6.53GiB
[TRAIN] step=28800 loss=-3.01268 nmse_prop=0.02091 nmse_ls=0.06842 lr=2.257e-04 step_time=0.566s steps_per_s=1.723 gpu_mem=0.16GiB peak=6.53GiB
[TRAIN] step=28900 loss=-2.86342 nmse_prop=0.02304 nmse_ls=0.11691 lr=2.240e-04 step_time=0.454s steps_per_s=1.723 gpu_mem=0.16GiB peak=6.53GiB
[TRAIN] step=29000 loss=-2.94171 nmse_prop=0.02170 nmse_ls=0.10301 lr=2.223e-04 step_time=0.461s steps_per_s=1.724 gpu_mem=0.16GiB peak=6.53GiB
[TRAIN] saved resumable state at step=29000 reason=periodic: /scratch/rsadve1/NewAblations_Fabel/TWC_plots_comprehensive/runs_rx16/seed7/1dmrs/no_prompt_film_d256_b4_r2/checkpoints/training_state/ckpt-29000
[TRAIN] step=29100 loss=-3.22843 nmse_prop=0.01654 nmse_ls=0.08645 lr=2.206e-04 step_time=0.339s steps_per_s=1.725 gpu_mem=0.16GiB peak=6.53GiB
[TRAIN] step=29200 loss=-2.64106 nmse_prop=0.02756 nmse_ls=0.17206 lr=2.189e-04 step_time=0.459s steps_per_s=1.726 gpu_mem=0.16GiB peak=6.53GiB
[TRAIN] step=29300 loss=-2.64635 nmse_prop=0.02709 nmse_ls=0.20821 lr=2.172e-04 step_time=0.341s steps_per_s=1.727 gpu_mem=0.16GiB peak=6.53GiB
[TRAIN] step=29400 loss=-2.27323 nmse_prop=0.03945 nmse_ls=0.22465 lr=2.155e-04 step_time=0.565s steps_per_s=1.728 gpu_mem=0.16GiB peak=6.53GiB
[TRAIN] step=29500 loss=-3.30604 nmse_prop=0.01613 nmse_ls=0.05430 lr=2.139e-04 step_time=0.442s steps_per_s=1.728 gpu_mem=0.16GiB peak=6.53GiB
[TRAIN] step=29600 loss=-2.95201 nmse_prop=0.02226 nmse_ls=0.08556 lr=2.122e-04 step_time=0.455s steps_per_s=1.729 gpu_mem=0.16GiB peak=6.53GiB
[TRAIN] step=29700 loss=-2.59601 nmse_prop=0.02938 nmse_ls=0.19647 lr=2.105e-04 step_time=0.341s steps_per_s=1.730 gpu_mem=0.16GiB peak=6.53GiB
[TRAIN] step=29800 loss=-2.31543 nmse_prop=0.03794 nmse_ls=0.20886 lr=2.088e-04 step_time=0.568s steps_per_s=1.731 gpu_mem=0.16GiB peak=6.53GiB
[TRAIN] step=29900 loss=-2.35353 nmse_prop=0.03639 nmse_ls=0.19545 lr=2.071e-04 step_time=0.566s steps_per_s=1.732 gpu_mem=0.16GiB peak=6.53GiB
WARNING:tensorflow:Model's `__init__()` arguments contain non-serializable objects. Please implement a `get_config()` method in the subclassed Model for proper saving and loading. Defaulting to empty config.
WARNING:tensorflow:Model's `__init__()` arguments contain non-serializable objects. Please implement a `get_config()` method in the subclassed Model for proper saving and loading. Defaulting to empty config.
[TRAIN] saved new best weights at step=30000 val_nmse=0.0207005
[TRAIN] step=30000 loss=-2.69031 nmse_prop=0.02655 nmse_ls=0.15142 lr=2.055e-04 step_time=183.522s steps_per_s=1.715 gpu_mem=0.16GiB peak=6.53GiB
[TRAIN] saved resumable state at step=30000 reason=periodic: /scratch/rsadve1/NewAblations_Fabel/TWC_plots_comprehensive/runs_rx16/seed7/1dmrs/no_prompt_film_d256_b4_r2/checkpoints/training_state/ckpt-30000
[TRAIN] step=30100 loss=-2.98558 nmse_prop=0.02068 nmse_ls=0.11756 lr=2.038e-04 step_time=0.343s steps_per_s=1.715 gpu_mem=0.16GiB peak=6.53GiB
[TRAIN] step=30200 loss=-2.60600 nmse_prop=0.02913 nmse_ls=0.16737 lr=2.021e-04 step_time=0.465s steps_per_s=1.716 gpu_mem=0.16GiB peak=6.53GiB
[TRAIN] step=30300 loss=-2.50872 nmse_prop=0.03064 nmse_ls=0.25315 lr=2.005e-04 step_time=0.337s steps_per_s=1.717 gpu_mem=0.16GiB peak=6.53GiB
[TRAIN] step=30400 loss=-3.23632 nmse_prop=0.01732 nmse_ls=0.04856 lr=1.988e-04 step_time=0.568s steps_per_s=1.718 gpu_mem=0.16GiB peak=6.53GiB
[TRAIN] step=30500 loss=-3.08012 nmse_prop=0.02010 nmse_ls=0.06067 lr=1.972e-04 step_time=0.568s steps_per_s=1.719 gpu_mem=0.16GiB peak=6.53GiB
[TRAIN] step=30600 loss=-2.95705 nmse_prop=0.02129 nmse_ls=0.10551 lr=1.955e-04 step_time=0.442s steps_per_s=1.720 gpu_mem=0.16GiB peak=6.53GiB
[TRAIN] step=30700 loss=-2.97358 nmse_prop=0.02056 nmse_ls=0.10296 lr=1.939e-04 step_time=0.454s steps_per_s=1.721 gpu_mem=0.16GiB peak=6.53GiB
[TRAIN] step=30800 loss=-3.25687 nmse_prop=0.01738 nmse_ls=0.04593 lr=1.922e-04 step_time=0.564s steps_per_s=1.722 gpu_mem=0.16GiB peak=6.53GiB
[TRAIN] step=30900 loss=-3.37421 nmse_prop=0.01521 nmse_ls=0.03967 lr=1.906e-04 step_time=0.568s steps_per_s=1.723 gpu_mem=0.16GiB peak=6.53GiB
[TRAIN] step=31000 loss=-2.66313 nmse_prop=0.02775 nmse_ls=0.12884 lr=1.889e-04 step_time=0.568s steps_per_s=1.724 gpu_mem=0.16GiB peak=6.53GiB
[TRAIN] saved resumable state at step=31000 reason=periodic: /scratch/rsadve1/NewAblations_Fabel/TWC_plots_comprehensive/runs_rx16/seed7/1dmrs/no_prompt_film_d256_b4_r2/checkpoints/training_state/ckpt-31000
[TRAIN] step=31100 loss=-3.11806 nmse_prop=0.01864 nmse_ls=0.09577 lr=1.873e-04 step_time=0.343s steps_per_s=1.724 gpu_mem=0.16GiB peak=6.53GiB
[TRAIN] step=31200 loss=-3.10097 nmse_prop=0.01977 nmse_ls=0.07266 lr=1.857e-04 step_time=0.440s steps_per_s=1.725 gpu_mem=0.16GiB peak=6.53GiB
[TRAIN] step=31300 loss=-2.57490 nmse_prop=0.02973 nmse_ls=0.14952 lr=1.841e-04 step_time=0.561s steps_per_s=1.726 gpu_mem=0.16GiB peak=6.53GiB
[TRAIN] step=31400 loss=-2.19859 nmse_prop=0.04219 nmse_ls=0.25369 lr=1.825e-04 step_time=0.564s steps_per_s=1.727 gpu_mem=0.16GiB peak=6.53GiB
[TRAIN] step=31500 loss=-3.12370 nmse_prop=0.01870 nmse_ls=0.06186 lr=1.808e-04 step_time=0.555s steps_per_s=1.728 gpu_mem=0.16GiB peak=6.53GiB
[TRAIN] step=31600 loss=-2.90582 nmse_prop=0.02233 nmse_ls=0.08832 lr=1.792e-04 step_time=0.562s steps_per_s=1.728 gpu_mem=0.16GiB peak=6.53GiB
[TRAIN] step=31700 loss=-3.41734 nmse_prop=0.01531 nmse_ls=0.05020 lr=1.776e-04 step_time=0.344s steps_per_s=1.729 gpu_mem=0.16GiB peak=6.53GiB
[TRAIN] step=31800 loss=-3.34082 nmse_prop=0.01506 nmse_ls=0.06950 lr=1.760e-04 step_time=0.229s steps_per_s=1.730 gpu_mem=0.16GiB peak=6.53GiB
[TRAIN] step=31900 loss=-3.30284 nmse_prop=0.01642 nmse_ls=0.04348 lr=1.744e-04 step_time=0.569s steps_per_s=1.731 gpu_mem=0.16GiB peak=6.53GiB
[TRAIN] step=32000 loss=-2.77036 nmse_prop=0.02499 nmse_ls=0.13485 lr=1.728e-04 step_time=181.419s steps_per_s=1.715 gpu_mem=0.16GiB peak=6.53GiB
[TRAIN] saved resumable state at step=32000 reason=periodic: /scratch/rsadve1/NewAblations_Fabel/TWC_plots_comprehensive/runs_rx16/seed7/1dmrs/no_prompt_film_d256_b4_r2/checkpoints/training_state/ckpt-32000
[TRAIN] step=32100 loss=-2.30622 nmse_prop=0.03785 nmse_ls=0.23199 lr=1.712e-04 step_time=0.565s steps_per_s=1.716 gpu_mem=0.16GiB peak=6.53GiB
[TRAIN] step=32200 loss=-2.25249 nmse_prop=0.03997 nmse_ls=0.24922 lr=1.697e-04 step_time=0.559s steps_per_s=1.717 gpu_mem=0.16GiB peak=6.53GiB
[TRAIN] step=32300 loss=-2.60532 nmse_prop=0.02904 nmse_ls=0.21584 lr=1.681e-04 step_time=0.342s steps_per_s=1.718 gpu_mem=0.16GiB peak=6.53GiB
[TRAIN] step=32400 loss=-3.46375 nmse_prop=0.01499 nmse_ls=0.03708 lr=1.665e-04 step_time=0.456s steps_per_s=1.719 gpu_mem=0.16GiB peak=6.53GiB
[TRAIN] step=32500 loss=-3.30046 nmse_prop=0.01575 nmse_ls=0.07691 lr=1.650e-04 step_time=0.336s steps_per_s=1.720 gpu_mem=0.16GiB peak=6.53GiB
[TRAIN] step=32600 loss=-2.74722 nmse_prop=0.02562 nmse_ls=0.17130 lr=1.634e-04 step_time=0.342s steps_per_s=1.720 gpu_mem=0.16GiB peak=6.53GiB
[TRAIN] step=32700 loss=-2.86652 nmse_prop=0.02311 nmse_ls=0.11513 lr=1.618e-04 step_time=0.442s steps_per_s=1.721 gpu_mem=0.16GiB peak=6.53GiB
[TRAIN] step=32800 loss=-2.92940 nmse_prop=0.02164 nmse_ls=0.10850 lr=1.603e-04 step_time=0.446s steps_per_s=1.722 gpu_mem=0.16GiB peak=6.53GiB
[TRAIN] step=32900 loss=-2.50488 nmse_prop=0.03179 nmse_ls=0.19498 lr=1.587e-04 step_time=0.450s steps_per_s=1.723 gpu_mem=0.16GiB peak=6.53GiB
[TRAIN] step=33000 loss=-3.63590 nmse_prop=0.01178 nmse_ls=0.04433 lr=1.572e-04 step_time=0.233s steps_per_s=1.724 gpu_mem=0.16GiB peak=6.53GiB
[TRAIN] saved resumable state at step=33000 reason=periodic: /scratch/rsadve1/NewAblations_Fabel/TWC_plots_comprehensive/runs_rx16/seed7/1dmrs/no_prompt_film_d256_b4_r2/checkpoints/training_state/ckpt-33000
[TRAIN] step=33100 loss=-2.95429 nmse_prop=0.02108 nmse_ls=0.13048 lr=1.557e-04 step_time=0.339s steps_per_s=1.724 gpu_mem=0.16GiB peak=6.53GiB
[TRAIN] step=33200 loss=-2.63872 nmse_prop=0.02793 nmse_ls=0.14289 lr=1.541e-04 step_time=0.560s steps_per_s=1.725 gpu_mem=0.16GiB peak=6.53GiB
[TRAIN] step=33300 loss=-2.44941 nmse_prop=0.03356 nmse_ls=0.18619 lr=1.526e-04 step_time=0.567s steps_per_s=1.726 gpu_mem=0.16GiB peak=6.53GiB
[TRAIN] step=33400 loss=-2.94562 nmse_prop=0.02179 nmse_ls=0.12275 lr=1.511e-04 step_time=0.343s steps_per_s=1.727 gpu_mem=0.16GiB peak=6.53GiB
[TRAIN] step=33500 loss=-2.89186 nmse_prop=0.02268 nmse_ls=0.08950 lr=1.496e-04 step_time=0.563s steps_per_s=1.728 gpu_mem=0.16GiB peak=6.53GiB
[TRAIN] step=33600 loss=-2.65227 nmse_prop=0.02744 nmse_ls=0.21099 lr=1.481e-04 step_time=0.335s steps_per_s=1.729 gpu_mem=0.16GiB peak=6.53GiB
[TRAIN] step=33700 loss=-3.18454 nmse_prop=0.01826 nmse_ls=0.05389 lr=1.466e-04 step_time=0.575s steps_per_s=1.729 gpu_mem=0.16GiB peak=6.53GiB
[TRAIN] step=33800 loss=-3.42500 nmse_prop=0.01540 nmse_ls=0.04068 lr=1.451e-04 step_time=0.446s steps_per_s=1.730 gpu_mem=0.16GiB peak=6.53GiB
[TRAIN] step=33900 loss=-2.44291 nmse_prop=0.03405 nmse_ls=0.17924 lr=1.436e-04 step_time=0.565s steps_per_s=1.731 gpu_mem=0.16GiB peak=6.53GiB
[TRAIN] step=34000 loss=-2.86952 nmse_prop=0.02277 nmse_ls=0.16000 lr=1.421e-04 step_time=177.175s steps_per_s=1.716 gpu_mem=0.16GiB peak=6.53GiB
[TRAIN] saved resumable state at step=34000 reason=periodic: /scratch/rsadve1/NewAblations_Fabel/TWC_plots_comprehensive/runs_rx16/seed7/1dmrs/no_prompt_film_d256_b4_r2/checkpoints/training_state/ckpt-34000
[TRAIN] step=34100 loss=-2.39584 nmse_prop=0.03525 nmse_ls=0.19948 lr=1.406e-04 step_time=0.557s steps_per_s=1.717 gpu_mem=0.16GiB peak=6.53GiB
[TRAIN] step=34200 loss=-2.64068 nmse_prop=0.02841 nmse_ls=0.13319 lr=1.391e-04 step_time=0.552s steps_per_s=1.718 gpu_mem=0.16GiB peak=6.53GiB
[TRAIN] step=34300 loss=-3.17190 nmse_prop=0.01824 nmse_ls=0.06657 lr=1.377e-04 step_time=0.446s steps_per_s=1.719 gpu_mem=0.16GiB peak=6.53GiB
[TRAIN] step=34400 loss=-2.95934 nmse_prop=0.02164 nmse_ls=0.07940 lr=1.362e-04 step_time=0.557s steps_per_s=1.719 gpu_mem=0.16GiB peak=6.53GiB
[TRAIN] step=34500 loss=-3.16591 nmse_prop=0.01818 nmse_ls=0.05804 lr=1.347e-04 step_time=0.560s steps_per_s=1.720 gpu_mem=0.16GiB peak=6.53GiB
[TRAIN] step=34600 loss=-3.20796 nmse_prop=0.01816 nmse_ls=0.04910 lr=1.333e-04 step_time=0.565s steps_per_s=1.721 gpu_mem=0.16GiB peak=6.53GiB
[TRAIN] step=34700 loss=-2.26737 nmse_prop=0.03987 nmse_ls=0.23171 lr=1.318e-04 step_time=0.567s steps_per_s=1.722 gpu_mem=0.16GiB peak=6.53GiB
[TRAIN] step=34800 loss=-3.38092 nmse_prop=0.01517 nmse_ls=0.06370 lr=1.304e-04 step_time=0.341s steps_per_s=1.723 gpu_mem=0.16GiB peak=6.53GiB
[TRAIN] step=34900 loss=-3.28635 nmse_prop=0.01704 nmse_ls=0.05255 lr=1.290e-04 step_time=0.443s steps_per_s=1.723 gpu_mem=0.16GiB peak=6.53GiB
[TRAIN] step=35000 loss=-2.43046 nmse_prop=0.03401 nmse_ls=0.22788 lr=1.276e-04 step_time=0.452s steps_per_s=1.724 gpu_mem=0.16GiB peak=6.53GiB
[TRAIN] saved resumable state at step=35000 reason=periodic: /scratch/rsadve1/NewAblations_Fabel/TWC_plots_comprehensive/runs_rx16/seed7/1dmrs/no_prompt_film_d256_b4_r2/checkpoints/training_state/ckpt-35000
[TRAIN] step=35100 loss=-2.85956 nmse_prop=0.02291 nmse_ls=0.10241 lr=1.261e-04 step_time=0.568s steps_per_s=1.725 gpu_mem=0.16GiB peak=6.53GiB
[TRAIN] step=35200 loss=-3.47266 nmse_prop=0.01584 nmse_ls=0.04011 lr=1.247e-04 step_time=0.345s steps_per_s=1.726 gpu_mem=0.16GiB peak=6.53GiB
[TRAIN] step=35300 loss=-2.72265 nmse_prop=0.02675 nmse_ls=0.11721 lr=1.233e-04 step_time=0.567s steps_per_s=1.726 gpu_mem=0.16GiB peak=6.53GiB
[TRAIN] step=35400 loss=-2.24963 nmse_prop=0.04023 nmse_ls=0.24228 lr=1.219e-04 step_time=0.567s steps_per_s=1.727 gpu_mem=0.16GiB peak=6.53GiB
[TRAIN] step=35500 loss=-2.69091 nmse_prop=0.02681 nmse_ls=0.13205 lr=1.205e-04 step_time=0.568s steps_per_s=1.728 gpu_mem=0.16GiB peak=6.53GiB
[TRAIN] step=35600 loss=-2.40793 nmse_prop=0.03485 nmse_ls=0.20017 lr=1.192e-04 step_time=0.568s steps_per_s=1.729 gpu_mem=0.16GiB peak=6.53GiB
[TRAIN] step=35700 loss=-3.20305 nmse_prop=0.01729 nmse_ls=0.05925 lr=1.178e-04 step_time=0.561s steps_per_s=1.729 gpu_mem=0.16GiB peak=6.53GiB
[TRAIN] step=35800 loss=-3.01042 nmse_prop=0.02070 nmse_ls=0.07531 lr=1.164e-04 step_time=0.565s steps_per_s=1.730 gpu_mem=0.16GiB peak=6.53GiB
[TRAIN] step=35900 loss=-3.13636 nmse_prop=0.01856 nmse_ls=0.06038 lr=1.150e-04 step_time=0.571s steps_per_s=1.731 gpu_mem=0.16GiB peak=6.53GiB
WARNING:tensorflow:Model's `__init__()` arguments contain non-serializable objects. Please implement a `get_config()` method in the subclassed Model for proper saving and loading. Defaulting to empty config.
WARNING:tensorflow:Model's `__init__()` arguments contain non-serializable objects. Please implement a `get_config()` method in the subclassed Model for proper saving and loading. Defaulting to empty config.
[TRAIN] saved new best weights at step=36000 val_nmse=0.0203062
[TRAIN] step=36000 loss=-3.52244 nmse_prop=0.01241 nmse_ls=0.04616 lr=1.137e-04 step_time=181.624s steps_per_s=1.717 gpu_mem=0.16GiB peak=6.53GiB
[TRAIN] saved resumable state at step=36000 reason=periodic: /scratch/rsadve1/NewAblations_Fabel/TWC_plots_comprehensive/runs_rx16/seed7/1dmrs/no_prompt_film_d256_b4_r2/checkpoints/training_state/ckpt-36000
[TRAIN] step=36100 loss=-2.49912 nmse_prop=0.03176 nmse_ls=0.17692 lr=1.123e-04 step_time=0.561s steps_per_s=1.717 gpu_mem=0.16GiB peak=6.53GiB
[TRAIN] step=36200 loss=-3.07567 nmse_prop=0.01881 nmse_ls=0.07340 lr=1.110e-04 step_time=0.564s steps_per_s=1.718 gpu_mem=0.16GiB peak=6.53GiB
[TRAIN] step=36300 loss=-3.42779 nmse_prop=0.01531 nmse_ls=0.04122 lr=1.097e-04 step_time=0.456s steps_per_s=1.719 gpu_mem=0.16GiB peak=6.53GiB
[TRAIN] step=36400 loss=-3.54320 nmse_prop=0.01320 nmse_ls=0.03963 lr=1.083e-04 step_time=0.454s steps_per_s=1.719 gpu_mem=0.16GiB peak=6.53GiB
[TRAIN] step=36500 loss=-2.56436 nmse_prop=0.02970 nmse_ls=0.20666 lr=1.070e-04 step_time=0.451s steps_per_s=1.720 gpu_mem=0.16GiB peak=6.53GiB
[TRAIN] step=36600 loss=-3.12075 nmse_prop=0.01786 nmse_ls=0.12432 lr=1.057e-04 step_time=0.240s steps_per_s=1.721 gpu_mem=0.16GiB peak=6.53GiB
2026-07-04 18:27:17.919049: E external/local_xla/xla/stream_executor/gpu/gpu_cudamallocasync_allocator.cc:306] gpu_async_0 cuMemAllocAsync failed to allocate 44040192 bytes: CUDA error: out of memory (CUDA_ERROR_OUT_OF_MEMORY)
 Reported by CUDA: Free memory/Total memory: 52756480/85017624576
2026-07-04 18:27:17.923691: E external/local_xla/xla/stream_executor/gpu/gpu_cudamallocasync_allocator.cc:311] Stats: Limit:                     82577784832
InUse:                      6902911361
MaxInUse:                   7010700033
NumAllocs:                   206797811
MaxAllocSize:                132120576
Reserved:                            0
PeakReserved:                        0
LargestFreeBlock:                    0

2026-07-04 18:27:17.924831: E external/local_xla/xla/stream_executor/gpu/gpu_cudamallocasync_allocator.cc:63] Histogram of current allocation: (allocation_size_in_bytes, nb_allocation_of_that_sizes), ...;
2026-07-04 18:27:17.924842: E external/local_xla/xla/stream_executor/gpu/gpu_cudamallocasync_allocator.cc:66] 1, 21
2026-07-04 18:27:17.924845: E external/local_xla/xla/stream_executor/gpu/gpu_cudamallocasync_allocator.cc:66] 4, 110098
2026-07-04 18:27:17.924848: E external/local_xla/xla/stream_executor/gpu/gpu_cudamallocasync_allocator.cc:66] 8, 77
2026-07-04 18:27:17.924850: E external/local_xla/xla/stream_executor/gpu/gpu_cudamallocasync_allocator.cc:66] 12, 50
2026-07-04 18:27:17.924852: E external/local_xla/xla/stream_executor/gpu/gpu_cudamallocasync_allocator.cc:66] 16, 5
2026-07-04 18:27:17.924855: E external/local_xla/xla/stream_executor/gpu/gpu_cudamallocasync_allocator.cc:66] 24, 6
2026-07-04 18:27:17.924857: E external/local_xla/xla/stream_executor/gpu/gpu_cudamallocasync_allocator.cc:66] 28, 8
2026-07-04 18:27:17.924859: E external/local_xla/xla/stream_executor/gpu/gpu_cudamallocasync_allocator.cc:66] 32, 1
2026-07-04 18:27:17.924862: E external/local_xla/xla/stream_executor/gpu/gpu_cudamallocasync_allocator.cc:66] 64, 10
2026-07-04 18:27:17.924864: E external/local_xla/xla/stream_executor/gpu/gpu_cudamallocasync_allocator.cc:66] 96, 20
2026-07-04 18:27:17.924866: E external/local_xla/xla/stream_executor/gpu/gpu_cudamallocasync_allocator.cc:66] 112, 6
2026-07-04 18:27:17.924869: E external/local_xla/xla/stream_executor/gpu/gpu_cudamallocasync_allocator.cc:66] 128, 4
2026-07-04 18:27:17.924871: E external/local_xla/xla/stream_executor/gpu/gpu_cudamallocasync_allocator.cc:66] 192, 20
2026-07-04 18:27:17.924873: E external/local_xla/xla/stream_executor/gpu/gpu_cudamallocasync_allocator.cc:66] 224, 2
2026-07-04 18:27:17.924876: E external/local_xla/xla/stream_executor/gpu/gpu_cudamallocasync_allocator.cc:66] 256, 3
2026-07-04 18:27:17.924878: E external/local_xla/xla/stream_executor/gpu/gpu_cudamallocasync_allocator.cc:66] 336, 2
2026-07-04 18:27:17.924880: E external/local_xla/xla/stream_executor/gpu/gpu_cudamallocasync_allocator.cc:66] 384, 10
2026-07-04 18:27:17.924882: E external/local_xla/xla/stream_executor/gpu/gpu_cudamallocasync_allocator.cc:66] 448, 2
2026-07-04 18:27:17.924885: E external/local_xla/xla/stream_executor/gpu/gpu_cudamallocasync_allocator.cc:66] 512, 4
2026-07-04 18:27:17.924887: E external/local_xla/xla/stream_executor/gpu/gpu_cudamallocasync_allocator.cc:66] 768, 14
2026-07-04 18:27:17.924889: E external/local_xla/xla/stream_executor/gpu/gpu_cudamallocasync_allocator.cc:66] 1024, 247
2026-07-04 18:27:17.924892: E external/local_xla/xla/stream_executor/gpu/gpu_cudamallocasync_allocator.cc:66] 1028, 1
2026-07-04 18:27:17.924894: E external/local_xla/xla/stream_executor/gpu/gpu_cudamallocasync_allocator.cc:66] 1536, 2
2026-07-04 18:27:17.924896: E external/local_xla/xla/stream_executor/gpu/gpu_cudamallocasync_allocator.cc:66] 1920, 50
2026-07-04 18:27:17.924903: E external/local_xla/xla/stream_executor/gpu/gpu_cudamallocasync_allocator.cc:66] 2048, 12
2026-07-04 18:27:17.924905: E external/local_xla/xla/stream_executor/gpu/gpu_cudamallocasync_allocator.cc:66] 2304, 1
2026-07-04 18:27:17.924908: E external/local_xla/xla/stream_executor/gpu/gpu_cudamallocasync_allocator.cc:66] 3072, 2
2026-07-04 18:27:17.924910: E external/local_xla/xla/stream_executor/gpu/gpu_cudamallocasync_allocator.cc:66] 5376, 11
2026-07-04 18:27:17.924912: E external/local_xla/xla/stream_executor/gpu/gpu_cudamallocasync_allocator.cc:66] 6144, 1
2026-07-04 18:27:17.924915: E external/local_xla/xla/stream_executor/gpu/gpu_cudamallocasync_allocator.cc:66] 9216, 17
2026-07-04 18:27:17.924917: E external/local_xla/xla/stream_executor/gpu/gpu_cudamallocasync_allocator.cc:66] 10752, 4
2026-07-04 18:27:17.924919: E external/local_xla/xla/stream_executor/gpu/gpu_cudamallocasync_allocator.cc:66] 12288, 1
2026-07-04 18:27:17.924922: E external/local_xla/xla/stream_executor/gpu/gpu_cudamallocasync_allocator.cc:66] 16128, 2
2026-07-04 18:27:17.924924: E external/local_xla/xla/stream_executor/gpu/gpu_cudamallocasync_allocator.cc:66] 19968, 9
2026-07-04 18:27:17.924926: E external/local_xla/xla/stream_executor/gpu/gpu_cudamallocasync_allocator.cc:66] 21504, 4
2026-07-04 18:27:17.924928: E external/local_xla/xla/stream_executor/gpu/gpu_cudamallocasync_allocator.cc:66] 30720, 4
2026-07-04 18:27:17.924931: E external/local_xla/xla/stream_executor/gpu/gpu_cudamallocasync_allocator.cc:66] 32256, 2
2026-07-04 18:27:17.924933: E external/local_xla/xla/stream_executor/gpu/gpu_cudamallocasync_allocator.cc:66] 39936, 2
2026-07-04 18:27:17.924935: E external/local_xla/xla/stream_executor/gpu/gpu_cudamallocasync_allocator.cc:66] 40960, 4
2026-07-04 18:27:17.924938: E external/local_xla/xla/stream_executor/gpu/gpu_cudamallocasync_allocator.cc:66] 43008, 2
2026-07-04 18:27:17.924940: E external/local_xla/xla/stream_executor/gpu/gpu_cudamallocasync_allocator.cc:66] 59904, 1
2026-07-04 18:27:17.924942: E external/local_xla/xla/stream_executor/gpu/gpu_cudamallocasync_allocator.cc:66] 65536, 4
2026-07-04 18:27:17.924944: E external/local_xla/xla/stream_executor/gpu/gpu_cudamallocasync_allocator.cc:66] 79872, 2
2026-07-04 18:27:17.924947: E external/local_xla/xla/stream_executor/gpu/gpu_cudamallocasync_allocator.cc:66] 97280, 4
2026-07-04 18:27:17.924949: E external/local_xla/xla/stream_executor/gpu/gpu_cudamallocasync_allocator.cc:66] 119808, 1
2026-07-04 18:27:17.924951: E external/local_xla/xla/stream_executor/gpu/gpu_cudamallocasync_allocator.cc:66] 131072, 5
2026-07-04 18:27:17.924954: E external/local_xla/xla/stream_executor/gpu/gpu_cudamallocasync_allocator.cc:66] 159744, 1
2026-07-04 18:27:17.924956: E external/local_xla/xla/stream_executor/gpu/gpu_cudamallocasync_allocator.cc:66] 172032, 32
2026-07-04 18:27:17.924958: E external/local_xla/xla/stream_executor/gpu/gpu_cudamallocasync_allocator.cc:66] 173056, 3
2026-07-04 18:27:17.924960: E external/local_xla/xla/stream_executor/gpu/gpu_cudamallocasync_allocator.cc:66] 190464, 4
2026-07-04 18:27:17.924963: E external/local_xla/xla/stream_executor/gpu/gpu_cudamallocasync_allocator.cc:66] 194560, 4
2026-07-04 18:27:17.924965: E external/local_xla/xla/stream_executor/gpu/gpu_cudamallocasync_allocator.cc:66] 262144, 144
2026-07-04 18:27:17.924967: E external/local_xla/xla/stream_executor/gpu/gpu_cudamallocasync_allocator.cc:66] 524288, 32
2026-07-04 18:27:17.924970: E external/local_xla/xla/stream_executor/gpu/gpu_cudamallocasync_allocator.cc:66] 602112, 4
2026-07-04 18:27:17.924972: E external/local_xla/xla/stream_executor/gpu/gpu_cudamallocasync_allocator.cc:66] 1376256, 1
2026-07-04 18:27:17.924974: E external/local_xla/xla/stream_executor/gpu/gpu_cudamallocasync_allocator.cc:66] 2408448, 4
2026-07-04 18:27:17.924977: E external/local_xla/xla/stream_executor/gpu/gpu_cudamallocasync_allocator.cc:66] 2752512, 3
2026-07-04 18:27:17.924979: E external/local_xla/xla/stream_executor/gpu/gpu_cudamallocasync_allocator.cc:66] 4128768, 5
2026-07-04 18:27:17.924982: E external/local_xla/xla/stream_executor/gpu/gpu_cudamallocasync_allocator.cc:66] 5505024, 4
2026-07-04 18:27:17.924985: E external/local_xla/xla/stream_executor/gpu/gpu_cudamallocasync_allocator.cc:66] 8257536, 2
2026-07-04 18:27:17.924987: E external/local_xla/xla/stream_executor/gpu/gpu_cudamallocasync_allocator.cc:66] 9633792, 8
2026-07-04 18:27:17.924989: E external/local_xla/xla/stream_executor/gpu/gpu_cudamallocasync_allocator.cc:66] 11010048, 22
2026-07-04 18:27:17.924995: E external/local_xla/xla/stream_executor/gpu/gpu_cudamallocasync_allocator.cc:66] 16515072, 4
2026-07-04 18:27:17.924998: E external/local_xla/xla/stream_executor/gpu/gpu_cudamallocasync_allocator.cc:66] 22020096, 6
2026-07-04 18:27:17.925000: E external/local_xla/xla/stream_executor/gpu/gpu_cudamallocasync_allocator.cc:66] 29073408, 1
2026-07-04 18:27:17.925002: E external/local_xla/xla/stream_executor/gpu/gpu_cudamallocasync_allocator.cc:66] 44040192, 97
2026-07-04 18:27:17.925005: E external/local_xla/xla/stream_executor/gpu/gpu_cudamallocasync_allocator.cc:66] 66060288, 8
2026-07-04 18:27:17.925007: E external/local_xla/xla/stream_executor/gpu/gpu_cudamallocasync_allocator.cc:66] 88080384, 16
2026-07-04 18:27:17.925013: E external/local_xla/xla/stream_executor/gpu/gpu_cudamallocasync_allocator.cc:97] CU_MEMPOOL_ATTR_RESERVED_MEM_CURRENT: 84255178752
2026-07-04 18:27:17.925017: E external/local_xla/xla/stream_executor/gpu/gpu_cudamallocasync_allocator.cc:99] CU_MEMPOOL_ATTR_USED_MEM_CURRENT: 6902911361
2026-07-04 18:27:17.925020: E external/local_xla/xla/stream_executor/gpu/gpu_cudamallocasync_allocator.cc:100] CU_MEMPOOL_ATTR_RESERVED_MEM_HIGH: 84288733184
2026-07-04 18:27:17.925024: E external/local_xla/xla/stream_executor/gpu/gpu_cudamallocasync_allocator.cc:101] CU_MEMPOOL_ATTR_USED_MEM_HIGH: 7010700033
[TRAIN] saved resumable state at step=36642 reason=resource_exhausted: /scratch/rsadve1/NewAblations_Fabel/TWC_plots_comprehensive/runs_rx16/seed7/1dmrs/no_prompt_film_d256_b4_r2/checkpoints/training_state/ckpt-36642
Traceback (most recent call last):
  File "/home/rsadve1/scratch/NewAblations_Fabel/scripts/run_comprehensive_mu32_ablation.py", line 758, in <module>
    main()
  File "/home/rsadve1/scratch/NewAblations_Fabel/scripts/run_comprehensive_mu32_ablation.py", line 667, in main
    train_result = train_model(train_cfg)
                   ^^^^^^^^^^^^^^^^^^^^^^
  File "/scratch/rsadve1/NewAblations_Fabel/src/upair5g/training.py", line 677, in train_model
    metrics = _train_step(
              ^^^^^^^^^^^^
  File "/home/rsadve1/scratch/.vevn_upair_potable/lib/python3.11/site-packages/tensorflow/python/util/traceback_utils.py", line 153, in error_handler
    raise e.with_traceback(filtered_tb) from None
  File "/home/rsadve1/scratch/.vevn_upair_potable/lib/python3.11/site-packages/tensorflow/python/eager/execute.py", line 53, in quick_execute
    tensors = pywrap_tfe.TFE_Py_Execute(ctx._handle, device_name, op_name,
  ^^^^^^^^^^^^^^^^^^^^^^^^^^^^^^^^^^^^^^^^^^^^^^^^^^^^^^^^^^^^^^^^^^^^^^^^
tensorflow.python.framework.errors_impl.ResourceExhaustedError: Graph execution error:

Detected at node gradient_tape/delta_head/Conv2D/Conv2DBackpropInput defined at (most recent call last):
  File "/home/rsadve1/scratch/NewAblations_Fabel/scripts/run_comprehensive_mu32_ablation.py", line 758, in <module>

  File "/home/rsadve1/scratch/NewAblations_Fabel/scripts/run_comprehensive_mu32_ablation.py", line 667, in main

  File "/scratch/rsadve1/NewAblations_Fabel/src/upair5g/training.py", line 677, in train_model

  File "/scratch/rsadve1/NewAblations_Fabel/src/upair5g/training.py", line 269, in _train_step

OOM when allocating tensor with shape[32,14,96,256] and type float on /job:localhost/replica:0/task:0/device:GPU:0 by allocator gpu_async_0
	 [[{{node gradient_tape/delta_head/Conv2D/Conv2DBackpropInput}}]]
Hint: If you want to see a list of allocated tensors when OOM happens, add report_tensor_allocations_upon_oom to RunOptions for current allocation info. This isn't available when running in Eager mode.
 [Op:__inference__train_step_88083]
