[ENV] Reusing portable venv: /home/rsadve1/links/scratch/.vevn_upair_potable
[ENV] Checking installed package metadata only; TensorFlow/Sionna are not imported here.
[ENV] Python 3.11.5
[ENV] numpy 1.26.4+computecanada
[ENV] pandas 2.2.3+computecanada
[ENV] matplotlib 3.10.0+computecanada
[ENV] PyYAML 6.0.2+computecanada
[ENV] scipy 1.15.1+computecanada
[ENV] tensorflow 2.15.1+computecanada
[ENV] sionna-no-rt 1.2.1
[ENV] optuna 4.8.0+computecanada
[ENV] Skipping TensorFlow/Sionna import check on this node. Set UPAIR_DEEP_IMPORT_CHECK=1 to test imports explicitly.
[ENV] Ready: REPO=/home/rsadve1/links/scratch/NewAblations_Fabel
[ENV] Ready: VENV=/home/rsadve1/links/scratch/.vevn_upair_potable
[ENV] Reusing portable venv: /home/rsadve1/links/scratch/.vevn_upair_potable
[ENV] Checking installed package metadata only; TensorFlow/Sionna are not imported here.
[ENV] Python 3.11.5
[ENV] numpy 1.26.4+computecanada
[ENV] pandas 2.2.3+computecanada
[ENV] matplotlib 3.10.0+computecanada
[ENV] PyYAML 6.0.2+computecanada
[ENV] scipy 1.15.1+computecanada
[ENV] tensorflow 2.15.1+computecanada
[ENV] sionna-no-rt 1.2.1
[ENV] optuna 4.8.0+computecanada
[ENV] Skipping TensorFlow/Sionna import check on this node. Set UPAIR_DEEP_IMPORT_CHECK=1 to test imports explicitly.
[ENV] Ready: REPO=/home/rsadve1/links/scratch/NewAblations_Fabel
[ENV] Ready: VENV=/home/rsadve1/links/scratch/.vevn_upair_potable
================================================================================
[PIPELINE] variant=no_prompt_film_d256_b4_r2
[PIPELINE] root=/home/rsadve1/links/scratch/NewAblations_Fabel
[PIPELINE] stageB_prefix=clean_b32_prb8_d256_40k_smart_trueDMRS_u34610_1dmrs_stageB
[PIPELINE] receivers=upair5g_lmmse
[PIPELINE] users=3
[PIPELINE] ebnos=-2,0,2
[PIPELINE] chunk_batches=20 micro=8
================================================================================
[PIPELINE] UPAIR_EVAL_ONLY=1 -> skipping training for no_prompt_film_d256_b4_r2 (eval-only arm reusing aliased checkpoint).
[PIPELINE] starting/resuming isolated evaluation for no_prompt_film_d256_b4_r2.

--------------------------------------------------------------------------------
[PIPELINE] eval point variant=no_prompt_film_d256_b4_r2 receiver=upair5g_lmmse U=3 Eb/N0=-2
--------------------------------------------------------------------------------
[PIPELINE] status done=0 reason=continue chunks=0 batches=0 block_errors=0/100 next_chunk=0
2026-07-13 17:10:33.467317: E external/local_xla/xla/stream_executor/cuda/cuda_dnn.cc:9261] Unable to register cuDNN factory: Attempting to register factory for plugin cuDNN when one has already been registered
2026-07-13 17:10:33.467936: E external/local_xla/xla/stream_executor/cuda/cuda_fft.cc:607] Unable to register cuFFT factory: Attempting to register factory for plugin cuFFT when one has already been registered
2026-07-13 17:10:33.820496: E external/local_xla/xla/stream_executor/cuda/cuda_blas.cc:1515] Unable to register cuBLAS factory: Attempting to register factory for plugin cuBLAS when one has already been registered
[COMPREHENSIVE] loaded Optuna best JSON for no_prompt_film_d256_b4_r2 from /home/rsadve1/links/scratch/NewAblations_Fabel/optuna/clean_b32_prb8_d256_40k_smart_trueDMRS_u34610_1dmrs_stageB_no_prompt_film_d256_b4_r2_best_params.json
[ISO-CHUNK] variant: no_prompt_film_d256_b4_r2
[ISO-CHUNK] receiver: upair5g_lmmse
[ISO-CHUNK] num_users: 3
[ISO-CHUNK] ebno_db: -2.0
[ISO-CHUNK] chunk_idx: 0
[ISO-CHUNK] chunk_batches: 20
[ISO-CHUNK] receiver_microbatch_size: 8
[ISO-CHUNK] chunk_seed: 1670034
[ISO-CHUNK] checkpoint: /lustre10/scratch/rsadve1/NewAblations_Fabel/TWC_plots_comprehensive/runs_rx16/seed7/1dmrs/no_prompt_film_d256_b4_r2/checkpoints/best.weights.h5
[ISO-CHUNK] TF_GPU_ALLOCATOR: bfc
[ISO-CHUNK] output tag: no_prompt_film_d256_b4_r2_u3_upair5g_lmmse_ebnom2p0_chunk0000_m8_b20
[EVAL] receiver microbatching enabled: batch_size_eval=64 receiver_microbatch_size=8
WARNING:tensorflow:Model's `__init__()` arguments contain non-serializable objects. Please implement a `get_config()` method in the subclassed Model for proper saving and loading. Defaulting to empty config.
WARNING:tensorflow:Model's `__init__()` arguments contain non-serializable objects. Please implement a `get_config()` method in the subclassed Model for proper saving and loading. Defaulting to empty config.
[EVAL] loaded UPAIR checkpoint: /lustre10/scratch/rsadve1/NewAblations_Fabel/TWC_plots_comprehensive/runs_rx16/seed7/1dmrs/no_prompt_film_d256_b4_r2/checkpoints/best.weights.h5
[EVAL] skipping explicit NMSE channel-estimator calls for: upair5g_lmmse
[EVAL] instrumentation log_latency=True log_gpu_memory=True memory_cleanup_every_batches=1 memory_cleanup_every_microbatch=True stream_eval_microbatches=True compiled_receiver_error_counts=False receiver_call_jit_compile=False per_receiver_stopping=False target_bler_floor=1e-05 floor_num_frames=0 gpu_mem=0.09GiB peak=0.29GiB
[EVAL] receiver_call name=upair5g_lmmse mode=positional_y_no compiled_error_counts=False
[EVAL] progress num_users=3 Eb/N0=-2 dB batches=10/20 frame_err=upair5g_lmmse:1779/1920 elapsed=68.9s avg_batch=6.885s gpu_mem=7.40GiB peak=7.60GiB
[EVAL] progress num_users=3 Eb/N0=-2 dB batches=20/20 frame_err=upair5g_lmmse:3573/3840 elapsed=137.5s avg_batch=6.876s gpu_mem=15.34GiB peak=15.53GiB
[EVAL] receiver=           upair5g_lmmse Eb/N0=-2.0 dB BER=1.28316e-01 BLER=9.30469e-01 NMSE=nan bit_err=1466380/11427840 blk_err= 3573/3840   batches=  20 stop=global_stop rx_time=73.71s rx_ms_batch=3685.3 rx_ms_frame=19.195 point_time=137.52s gpu_mem=15.34GiB peak=15.53GiB
[ISO-CHUNK] wrote: /home/rsadve1/links/scratch/NewAblations_Fabel/_gen_ds4x_chunks/no_prompt_film_d256_b4_r2_u3_upair5g_lmmse_ebnom2p0_chunk0000_m8_b20/chunk_result.csv
[ISO-CHUNK] DONE
[PIPELINE] status done=1 reason=target_block_errors chunks=1 batches=20 block_errors=3573/100 next_chunk=-1
[ISO-MERGE] chunks: 1
[ISO-MERGE] rows: 1
[ISO-MERGE] wrote: /home/rsadve1/links/scratch/NewAblations_Fabel/_gen_ds4x_chunks/merged_no_prompt_film_d256_b4_r2_u3_upair5g_lmmse_em2.csv
[ISO-MERGE] wrote: /home/rsadve1/links/scratch/NewAblations_Fabel/_gen_ds4x_chunks/merged_no_prompt_film_d256_b4_r2_u3_upair5g_lmmse_em2.summary.json
     receiver                   variant dmrs_case  seed  training_seed  num_users  ebno_db  num_chunks chunk_indices  bit_errors  num_bits  block_errors  num_blocks  num_batches_run  point_elapsed_s  data_elapsed_s  receiver_elapsed_s      ber     bler  nmse       mc_stop_reason  target_bler_floor  bler_zero_error_upper_bound  ber_zero_error_upper_bound  receiver_ms_per_batch  receiver_ms_per_frame  reliable_ber  reliable_bler
upair5g_lmmse no_prompt_film_d256_b4_r2     1dmrs     7              7          3     -2.0           1             0     1466380  11427840          3573        3840               20       137.522442       45.718562           73.706997 0.128316 0.930469   NaN isolated_chunk_merge                NaN                          NaN                         NaN            3685.349826               19.19453          True           True

--------------------------------------------------------------------------------
[PIPELINE] eval point variant=no_prompt_film_d256_b4_r2 receiver=upair5g_lmmse U=3 Eb/N0=0
--------------------------------------------------------------------------------
[PIPELINE] status done=0 reason=continue chunks=0 batches=0 block_errors=0/100 next_chunk=0
2026-07-13 17:13:24.724399: E external/local_xla/xla/stream_executor/cuda/cuda_dnn.cc:9261] Unable to register cuDNN factory: Attempting to register factory for plugin cuDNN when one has already been registered
2026-07-13 17:13:24.724456: E external/local_xla/xla/stream_executor/cuda/cuda_fft.cc:607] Unable to register cuFFT factory: Attempting to register factory for plugin cuFFT when one has already been registered
2026-07-13 17:13:24.725878: E external/local_xla/xla/stream_executor/cuda/cuda_blas.cc:1515] Unable to register cuBLAS factory: Attempting to register factory for plugin cuBLAS when one has already been registered
[COMPREHENSIVE] loaded Optuna best JSON for no_prompt_film_d256_b4_r2 from /home/rsadve1/links/scratch/NewAblations_Fabel/optuna/clean_b32_prb8_d256_40k_smart_trueDMRS_u34610_1dmrs_stageB_no_prompt_film_d256_b4_r2_best_params.json
[ISO-CHUNK] variant: no_prompt_film_d256_b4_r2
[ISO-CHUNK] receiver: upair5g_lmmse
[ISO-CHUNK] num_users: 3
[ISO-CHUNK] ebno_db: 0.0
[ISO-CHUNK] chunk_idx: 0
[ISO-CHUNK] chunk_batches: 20
[ISO-CHUNK] receiver_microbatch_size: 8
[ISO-CHUNK] chunk_seed: 1704034
[ISO-CHUNK] checkpoint: /lustre10/scratch/rsadve1/NewAblations_Fabel/TWC_plots_comprehensive/runs_rx16/seed7/1dmrs/no_prompt_film_d256_b4_r2/checkpoints/best.weights.h5
[ISO-CHUNK] TF_GPU_ALLOCATOR: bfc
[ISO-CHUNK] output tag: no_prompt_film_d256_b4_r2_u3_upair5g_lmmse_ebno0p0_chunk0000_m8_b20
[EVAL] receiver microbatching enabled: batch_size_eval=64 receiver_microbatch_size=8
WARNING:tensorflow:Model's `__init__()` arguments contain non-serializable objects. Please implement a `get_config()` method in the subclassed Model for proper saving and loading. Defaulting to empty config.
WARNING:tensorflow:Model's `__init__()` arguments contain non-serializable objects. Please implement a `get_config()` method in the subclassed Model for proper saving and loading. Defaulting to empty config.
[EVAL] loaded UPAIR checkpoint: /lustre10/scratch/rsadve1/NewAblations_Fabel/TWC_plots_comprehensive/runs_rx16/seed7/1dmrs/no_prompt_film_d256_b4_r2/checkpoints/best.weights.h5
[EVAL] skipping explicit NMSE channel-estimator calls for: upair5g_lmmse
[EVAL] instrumentation log_latency=True log_gpu_memory=True memory_cleanup_every_batches=1 memory_cleanup_every_microbatch=True stream_eval_microbatches=True compiled_receiver_error_counts=False receiver_call_jit_compile=False per_receiver_stopping=False target_bler_floor=1e-05 floor_num_frames=0 gpu_mem=0.09GiB peak=0.29GiB
[EVAL] receiver_call name=upair5g_lmmse mode=positional_y_no compiled_error_counts=False
[EVAL] progress num_users=3 Eb/N0=0 dB batches=10/20 frame_err=upair5g_lmmse:1546/1920 elapsed=68.7s avg_batch=6.871s gpu_mem=7.40GiB peak=7.60GiB
[EVAL] progress num_users=3 Eb/N0=0 dB batches=20/20 frame_err=upair5g_lmmse:3077/3840 elapsed=136.7s avg_batch=6.837s gpu_mem=15.34GiB peak=15.53GiB
[EVAL] receiver=           upair5g_lmmse Eb/N0= 0.0 dB BER=1.08064e-01 BLER=8.01302e-01 NMSE=nan bit_err=1234934/11427840 blk_err= 3077/3840   batches=  20 stop=global_stop rx_time=73.22s rx_ms_batch=3660.9 rx_ms_frame=19.067 point_time=136.74s gpu_mem=15.34GiB peak=15.53GiB
[ISO-CHUNK] wrote: /home/rsadve1/links/scratch/NewAblations_Fabel/_gen_ds4x_chunks/no_prompt_film_d256_b4_r2_u3_upair5g_lmmse_ebno0p0_chunk0000_m8_b20/chunk_result.csv
[ISO-CHUNK] DONE
[PIPELINE] status done=1 reason=target_block_errors chunks=1 batches=20 block_errors=3077/100 next_chunk=-1
[ISO-MERGE] chunks: 1
[ISO-MERGE] rows: 1
[ISO-MERGE] wrote: /home/rsadve1/links/scratch/NewAblations_Fabel/_gen_ds4x_chunks/merged_no_prompt_film_d256_b4_r2_u3_upair5g_lmmse_e0.csv
[ISO-MERGE] wrote: /home/rsadve1/links/scratch/NewAblations_Fabel/_gen_ds4x_chunks/merged_no_prompt_film_d256_b4_r2_u3_upair5g_lmmse_e0.summary.json
     receiver                   variant dmrs_case  seed  training_seed  num_users  ebno_db  num_chunks chunk_indices  bit_errors  num_bits  block_errors  num_blocks  num_batches_run  point_elapsed_s  data_elapsed_s  receiver_elapsed_s      ber     bler  nmse       mc_stop_reason  target_bler_floor  bler_zero_error_upper_bound  ber_zero_error_upper_bound  receiver_ms_per_batch  receiver_ms_per_frame  reliable_ber  reliable_bler
upair5g_lmmse no_prompt_film_d256_b4_r2     1dmrs     7              7          3      0.0           1             0     1234934  11427840          3077        3840               20       136.743118       45.496308           73.218104 0.108064 0.801302   NaN isolated_chunk_merge                NaN                          NaN                         NaN              3660.9052              19.067215          True           True

--------------------------------------------------------------------------------
[PIPELINE] eval point variant=no_prompt_film_d256_b4_r2 receiver=upair5g_lmmse U=3 Eb/N0=2
--------------------------------------------------------------------------------
[PIPELINE] status done=0 reason=continue chunks=0 batches=0 block_errors=0/100 next_chunk=0
2026-07-13 17:15:56.753006: E external/local_xla/xla/stream_executor/cuda/cuda_dnn.cc:9261] Unable to register cuDNN factory: Attempting to register factory for plugin cuDNN when one has already been registered
2026-07-13 17:15:56.753064: E external/local_xla/xla/stream_executor/cuda/cuda_fft.cc:607] Unable to register cuFFT factory: Attempting to register factory for plugin cuFFT when one has already been registered
2026-07-13 17:15:56.754466: E external/local_xla/xla/stream_executor/cuda/cuda_blas.cc:1515] Unable to register cuBLAS factory: Attempting to register factory for plugin cuBLAS when one has already been registered
[COMPREHENSIVE] loaded Optuna best JSON for no_prompt_film_d256_b4_r2 from /home/rsadve1/links/scratch/NewAblations_Fabel/optuna/clean_b32_prb8_d256_40k_smart_trueDMRS_u34610_1dmrs_stageB_no_prompt_film_d256_b4_r2_best_params.json
[ISO-CHUNK] variant: no_prompt_film_d256_b4_r2
[ISO-CHUNK] receiver: upair5g_lmmse
[ISO-CHUNK] num_users: 3
[ISO-CHUNK] ebno_db: 2.0
[ISO-CHUNK] chunk_idx: 0
[ISO-CHUNK] chunk_batches: 20
[ISO-CHUNK] receiver_microbatch_size: 8
[ISO-CHUNK] chunk_seed: 1738034
[ISO-CHUNK] checkpoint: /lustre10/scratch/rsadve1/NewAblations_Fabel/TWC_plots_comprehensive/runs_rx16/seed7/1dmrs/no_prompt_film_d256_b4_r2/checkpoints/best.weights.h5
[ISO-CHUNK] TF_GPU_ALLOCATOR: bfc
[ISO-CHUNK] output tag: no_prompt_film_d256_b4_r2_u3_upair5g_lmmse_ebno2p0_chunk0000_m8_b20
[EVAL] receiver microbatching enabled: batch_size_eval=64 receiver_microbatch_size=8
WARNING:tensorflow:Model's `__init__()` arguments contain non-serializable objects. Please implement a `get_config()` method in the subclassed Model for proper saving and loading. Defaulting to empty config.
WARNING:tensorflow:Model's `__init__()` arguments contain non-serializable objects. Please implement a `get_config()` method in the subclassed Model for proper saving and loading. Defaulting to empty config.
[EVAL] loaded UPAIR checkpoint: /lustre10/scratch/rsadve1/NewAblations_Fabel/TWC_plots_comprehensive/runs_rx16/seed7/1dmrs/no_prompt_film_d256_b4_r2/checkpoints/best.weights.h5
[EVAL] skipping explicit NMSE channel-estimator calls for: upair5g_lmmse
[EVAL] instrumentation log_latency=True log_gpu_memory=True memory_cleanup_every_batches=1 memory_cleanup_every_microbatch=True stream_eval_microbatches=True compiled_receiver_error_counts=False receiver_call_jit_compile=False per_receiver_stopping=False target_bler_floor=1e-05 floor_num_frames=0 gpu_mem=0.09GiB peak=0.29GiB
[EVAL] receiver_call name=upair5g_lmmse mode=positional_y_no compiled_error_counts=False
[EVAL] progress num_users=3 Eb/N0=2 dB batches=10/20 frame_err=upair5g_lmmse:1307/1920 elapsed=69.2s avg_batch=6.923s gpu_mem=7.40GiB peak=7.60GiB
[EVAL] progress num_users=3 Eb/N0=2 dB batches=20/20 frame_err=upair5g_lmmse:2601/3840 elapsed=138.0s avg_batch=6.899s gpu_mem=15.34GiB peak=15.53GiB
[EVAL] receiver=           upair5g_lmmse Eb/N0= 2.0 dB BER=9.02179e-02 BLER=6.77344e-01 NMSE=nan bit_err=1030996/11427840 blk_err= 2601/3840   batches=  20 stop=global_stop rx_time=73.93s rx_ms_batch=3696.5 rx_ms_frame=19.253 point_time=137.99s gpu_mem=15.34GiB peak=15.53GiB
[ISO-CHUNK] wrote: /home/rsadve1/links/scratch/NewAblations_Fabel/_gen_ds4x_chunks/no_prompt_film_d256_b4_r2_u3_upair5g_lmmse_ebno2p0_chunk0000_m8_b20/chunk_result.csv
[ISO-CHUNK] DONE
[PIPELINE] status done=1 reason=target_block_errors chunks=1 batches=20 block_errors=2601/100 next_chunk=-1
[ISO-MERGE] chunks: 1
[ISO-MERGE] rows: 1
[ISO-MERGE] wrote: /home/rsadve1/links/scratch/NewAblations_Fabel/_gen_ds4x_chunks/merged_no_prompt_film_d256_b4_r2_u3_upair5g_lmmse_e2.csv
[ISO-MERGE] wrote: /home/rsadve1/links/scratch/NewAblations_Fabel/_gen_ds4x_chunks/merged_no_prompt_film_d256_b4_r2_u3_upair5g_lmmse_e2.summary.json
     receiver                   variant dmrs_case  seed  training_seed  num_users  ebno_db  num_chunks chunk_indices  bit_errors  num_bits  block_errors  num_blocks  num_batches_run  point_elapsed_s  data_elapsed_s  receiver_elapsed_s      ber     bler  nmse       mc_stop_reason  target_bler_floor  bler_zero_error_upper_bound  ber_zero_error_upper_bound  receiver_ms_per_batch  receiver_ms_per_frame  reliable_ber  reliable_bler
upair5g_lmmse no_prompt_film_d256_b4_r2     1dmrs     7              7          3      2.0           1             0     1030996  11427840          2601        3840               20       137.988195       45.885984           73.930727 0.090218 0.677344   NaN isolated_chunk_merge                NaN                          NaN                         NaN            3696.536352              19.252794          True           True
[PIPELINE] COMPLETE variant=no_prompt_film_d256_b4_r2
