[ENV] Reusing portable venv: /home/rsadve1/scratch/.vevn_upair_potable
[ENV] Checking installed package metadata only; TensorFlow/Sionna are not imported here.
[ENV] Python 3.11.5
[ENV] numpy 1.26.4+computecanada
[ENV] pandas 2.2.3+computecanada
[ENV] matplotlib 3.10.0+computecanada
[ENV] PyYAML 6.0.2+computecanada
[ENV] scipy 1.15.1+computecanada
[ENV] tensorflow 2.15.1+computecanada
[ENV] sionna-no-rt 1.2.1
[ENV] optuna 4.8.0+computecanada
[ENV] Skipping TensorFlow/Sionna import check on this node. Set UPAIR_DEEP_IMPORT_CHECK=1 to test imports explicitly.
[ENV] Ready: REPO=/home/rsadve1/scratch/NewAblations_Fabel
[ENV] Ready: VENV=/home/rsadve1/scratch/.vevn_upair_potable
[ENV] Reusing portable venv: /home/rsadve1/scratch/.vevn_upair_potable
[ENV] Checking installed package metadata only; TensorFlow/Sionna are not imported here.
[ENV] Python 3.11.5
[ENV] numpy 1.26.4+computecanada
[ENV] pandas 2.2.3+computecanada
[ENV] matplotlib 3.10.0+computecanada
[ENV] PyYAML 6.0.2+computecanada
[ENV] scipy 1.15.1+computecanada
[ENV] tensorflow 2.15.1+computecanada
[ENV] sionna-no-rt 1.2.1
[ENV] optuna 4.8.0+computecanada
[ENV] Skipping TensorFlow/Sionna import check on this node. Set UPAIR_DEEP_IMPORT_CHECK=1 to test imports explicitly.
[ENV] Ready: REPO=/home/rsadve1/scratch/NewAblations_Fabel
[ENV] Ready: VENV=/home/rsadve1/scratch/.vevn_upair_potable
================================================================================
[PIPELINE] variant=freq_attn_only_d256_b4_r2
[PIPELINE] root=/home/rsadve1/scratch/NewAblations_Fabel
[PIPELINE] stageB_prefix=clean_b32_prb8_d256_40k_smart_trueDMRS_u34610_1dmrs_stageB
[PIPELINE] receivers=upair5g_lmmse
[PIPELINE] users=3
[PIPELINE] ebnos=-4,-3,-2,-1,0,1
[PIPELINE] chunk_batches=20 micro=8
================================================================================
[PIPELINE] training missing/incomplete for freq_attn_only_d256_b4_r2; running training-only resume.
2026-07-04 12:31:40.513226: E external/local_xla/xla/stream_executor/cuda/cuda_dnn.cc:9261] Unable to register cuDNN factory: Attempting to register factory for plugin cuDNN when one has already been registered
2026-07-04 12:31:40.513291: E external/local_xla/xla/stream_executor/cuda/cuda_fft.cc:607] Unable to register cuFFT factory: Attempting to register factory for plugin cuFFT when one has already been registered
2026-07-04 12:31:40.672877: E external/local_xla/xla/stream_executor/cuda/cuda_blas.cc:1515] Unable to register cuBLAS factory: Attempting to register factory for plugin cuBLAS when one has already been registered
[COMPREHENSIVE] loaded Optuna best JSON for freq_attn_only_d256_b4_r2 from /home/rsadve1/scratch/NewAblations_Fabel/optuna/clean_b32_prb8_d256_40k_smart_trueDMRS_u34610_1dmrs_stageB_freq_attn_only_d256_b4_r2_best_params.json
[TRAIN] loss_mode=nll_nmse (use_nll_loss=True)
[TRAIN] optimizer lr_schedule=cosine_decay learning_rate=0.000571292 weight_decay=9.65466e-06
[TRAIN] seeds active_seed=7 training_seed=7 evaluation_seed=1007
[TRAIN] starting from scratch
2026-07-04 12:32:33.215664: E tensorflow/core/grappler/optimizers/meta_optimizer.cc:961] layout failed: INVALID_ARGUMENT: Size of values 0 does not match size of permutation 4 @ fanin shape inaxial_block_0/dropout/dropout_1/SelectV2-2-TransposeNHWCToNCHW-LayoutOptimizer
WARNING: All log messages before absl::InitializeLog() is called are written to STDERR
I0000 00:00:1783182754.866750 3154512 device_compiler.h:186] Compiled cluster using XLA!  This line is logged at most once for the lifetime of the process.
[TRAIN] step=00001 loss=-0.82329 nmse_prop=0.14893 nmse_ls=0.14893 lr=5.713e-04 step_time=12.320s steps_per_s=0.081 gpu_mem=0.07GiB peak=5.64GiB
[TRAIN] step=00100 loss=-1.40703 nmse_prop=0.08599 nmse_ls=0.09460 lr=5.713e-04 step_time=0.534s steps_per_s=1.413 gpu_mem=0.14GiB peak=5.73GiB
[TRAIN] step=00200 loss=-1.33517 nmse_prop=0.08960 nmse_ls=0.11406 lr=5.713e-04 step_time=0.538s steps_per_s=1.734 gpu_mem=0.14GiB peak=5.73GiB
[TRAIN] step=00300 loss=-1.72181 nmse_prop=0.06429 nmse_ls=0.09006 lr=5.712e-04 step_time=0.547s steps_per_s=1.861 gpu_mem=0.14GiB peak=5.73GiB
[TRAIN] step=00400 loss=-1.77550 nmse_prop=0.06100 nmse_ls=0.09387 lr=5.712e-04 step_time=0.542s steps_per_s=1.926 gpu_mem=0.14GiB peak=5.73GiB
[TRAIN] step=00500 loss=-1.70428 nmse_prop=0.06606 nmse_ls=0.13255 lr=5.712e-04 step_time=0.429s steps_per_s=1.967 gpu_mem=0.14GiB peak=5.73GiB
[TRAIN] step=00600 loss=-2.56812 nmse_prop=0.02985 nmse_ls=0.04531 lr=5.711e-04 step_time=0.429s steps_per_s=2.009 gpu_mem=0.14GiB peak=5.73GiB
[TRAIN] step=00700 loss=-2.24904 nmse_prop=0.03960 nmse_ls=0.08002 lr=5.710e-04 step_time=0.427s steps_per_s=2.036 gpu_mem=0.14GiB peak=5.73GiB
[TRAIN] step=00800 loss=-2.60175 nmse_prop=0.02911 nmse_ls=0.05211 lr=5.709e-04 step_time=0.439s steps_per_s=2.050 gpu_mem=0.14GiB peak=5.73GiB
[TRAIN] step=00900 loss=-2.76689 nmse_prop=0.02546 nmse_ls=0.03684 lr=5.708e-04 step_time=0.533s steps_per_s=2.066 gpu_mem=0.14GiB peak=5.73GiB
[TRAIN] step=01000 loss=-2.16179 nmse_prop=0.04388 nmse_ls=0.11404 lr=5.707e-04 step_time=0.210s steps_per_s=2.076 gpu_mem=0.14GiB peak=5.73GiB
[TRAIN] saved resumable state at step=1000 reason=periodic: /scratch/rsadve1/NewAblations_Fabel/TWC_plots_comprehensive/runs_rx16/seed7/1dmrs/freq_attn_only_d256_b4_r2/checkpoints/training_state/ckpt-1000
[TRAIN] step=01100 loss=-2.45205 nmse_prop=0.03345 nmse_ls=0.07619 lr=5.706e-04 step_time=0.422s steps_per_s=2.081 gpu_mem=0.14GiB peak=5.73GiB
[TRAIN] step=01200 loss=-1.64735 nmse_prop=0.07275 nmse_ls=0.18613 lr=5.705e-04 step_time=0.541s steps_per_s=2.093 gpu_mem=0.14GiB peak=5.73GiB
[TRAIN] step=01300 loss=-2.18704 nmse_prop=0.04358 nmse_ls=0.09295 lr=5.704e-04 step_time=0.528s steps_per_s=2.101 gpu_mem=0.14GiB peak=5.73GiB
[TRAIN] step=01400 loss=-2.70670 nmse_prop=0.02727 nmse_ls=0.05893 lr=5.702e-04 step_time=0.311s steps_per_s=2.109 gpu_mem=0.14GiB peak=5.73GiB
[TRAIN] step=01500 loss=-1.94786 nmse_prop=0.05422 nmse_ls=0.13835 lr=5.701e-04 step_time=0.531s steps_per_s=2.115 gpu_mem=0.14GiB peak=5.73GiB
[TRAIN] step=01600 loss=-2.98431 nmse_prop=0.02091 nmse_ls=0.04159 lr=5.699e-04 step_time=0.428s steps_per_s=2.118 gpu_mem=0.14GiB peak=5.73GiB
[TRAIN] step=01700 loss=-2.64426 nmse_prop=0.02871 nmse_ls=0.06773 lr=5.697e-04 step_time=0.311s steps_per_s=2.123 gpu_mem=0.14GiB peak=5.73GiB
[TRAIN] step=01800 loss=-2.20308 nmse_prop=0.04250 nmse_ls=0.12349 lr=5.695e-04 step_time=0.420s steps_per_s=2.128 gpu_mem=0.14GiB peak=5.73GiB
[TRAIN] step=01900 loss=-2.15559 nmse_prop=0.04410 nmse_ls=0.13323 lr=5.693e-04 step_time=0.411s steps_per_s=2.127 gpu_mem=0.14GiB peak=5.73GiB
WARNING:tensorflow:Model's `__init__()` arguments contain non-serializable objects. Please implement a `get_config()` method in the subclassed Model for proper saving and loading. Defaulting to empty config.
WARNING:tensorflow:Model's `__init__()` arguments contain non-serializable objects. Please implement a `get_config()` method in the subclassed Model for proper saving and loading. Defaulting to empty config.
[TRAIN] saved new best weights at step=2000 val_nmse=0.0327599
[TRAIN] step=02000 loss=-1.83263 nmse_prop=0.06050 nmse_ls=0.17461 lr=5.691e-04 step_time=138.104s steps_per_s=1.862 gpu_mem=0.15GiB peak=5.73GiB
[TRAIN] saved resumable state at step=2000 reason=periodic: /scratch/rsadve1/NewAblations_Fabel/TWC_plots_comprehensive/runs_rx16/seed7/1dmrs/freq_attn_only_d256_b4_r2/checkpoints/training_state/ckpt-2000
[TRAIN] step=02100 loss=-2.72777 nmse_prop=0.02616 nmse_ls=0.05765 lr=5.689e-04 step_time=0.216s steps_per_s=1.873 gpu_mem=0.15GiB peak=5.74GiB
[TRAIN] step=02200 loss=-2.23086 nmse_prop=0.04125 nmse_ls=0.11085 lr=5.686e-04 step_time=0.530s steps_per_s=1.884 gpu_mem=0.15GiB peak=5.74GiB
[TRAIN] step=02300 loss=-2.76225 nmse_prop=0.02601 nmse_ls=0.05217 lr=5.684e-04 step_time=0.533s steps_per_s=1.894 gpu_mem=0.15GiB peak=5.74GiB
[TRAIN] step=02400 loss=-3.01660 nmse_prop=0.02073 nmse_ls=0.04022 lr=5.681e-04 step_time=0.429s steps_per_s=1.903 gpu_mem=0.15GiB peak=5.74GiB
[TRAIN] step=02500 loss=-2.69632 nmse_prop=0.02654 nmse_ls=0.06557 lr=5.679e-04 step_time=0.214s steps_per_s=1.912 gpu_mem=0.15GiB peak=5.74GiB
[TRAIN] step=02600 loss=-1.78011 nmse_prop=0.06250 nmse_ls=0.23723 lr=5.676e-04 step_time=0.438s steps_per_s=1.921 gpu_mem=0.15GiB peak=5.74GiB
[TRAIN] step=02700 loss=-2.65481 nmse_prop=0.02832 nmse_ls=0.06459 lr=5.673e-04 step_time=0.535s steps_per_s=1.928 gpu_mem=0.15GiB peak=5.74GiB
[TRAIN] step=02800 loss=-2.07028 nmse_prop=0.04825 nmse_ls=0.14787 lr=5.670e-04 step_time=0.531s steps_per_s=1.933 gpu_mem=0.15GiB peak=5.74GiB
[TRAIN] step=02900 loss=-1.90638 nmse_prop=0.05542 nmse_ls=0.20522 lr=5.667e-04 step_time=0.315s steps_per_s=1.942 gpu_mem=0.15GiB peak=5.74GiB
[TRAIN] step=03000 loss=-2.87257 nmse_prop=0.02320 nmse_ls=0.05004 lr=5.663e-04 step_time=0.532s steps_per_s=1.949 gpu_mem=0.15GiB peak=5.74GiB
[TRAIN] saved resumable state at step=3000 reason=periodic: /scratch/rsadve1/NewAblations_Fabel/TWC_plots_comprehensive/runs_rx16/seed7/1dmrs/freq_attn_only_d256_b4_r2/checkpoints/training_state/ckpt-3000
[TRAIN] step=03100 loss=-2.89184 nmse_prop=0.02238 nmse_ls=0.05377 lr=5.660e-04 step_time=0.429s steps_per_s=1.950 gpu_mem=0.15GiB peak=5.74GiB
[TRAIN] step=03200 loss=-2.48492 nmse_prop=0.03255 nmse_ls=0.10400 lr=5.657e-04 step_time=0.317s steps_per_s=1.958 gpu_mem=0.15GiB peak=5.74GiB
[TRAIN] step=03300 loss=-1.85942 nmse_prop=0.05800 nmse_ls=0.22126 lr=5.653e-04 step_time=0.427s steps_per_s=1.965 gpu_mem=0.15GiB peak=5.74GiB
[TRAIN] step=03400 loss=-2.74385 nmse_prop=0.02590 nmse_ls=0.06692 lr=5.649e-04 step_time=0.441s steps_per_s=1.970 gpu_mem=0.15GiB peak=5.74GiB
[TRAIN] step=03500 loss=-2.85954 nmse_prop=0.02331 nmse_ls=0.05925 lr=5.646e-04 step_time=0.439s steps_per_s=1.974 gpu_mem=0.15GiB peak=5.74GiB
[TRAIN] step=03600 loss=-2.87468 nmse_prop=0.02361 nmse_ls=0.05034 lr=5.642e-04 step_time=0.438s steps_per_s=1.978 gpu_mem=0.15GiB peak=5.74GiB
[TRAIN] step=03700 loss=-1.84898 nmse_prop=0.05844 nmse_ls=0.23129 lr=5.638e-04 step_time=0.431s steps_per_s=1.981 gpu_mem=0.15GiB peak=5.74GiB
[TRAIN] step=03800 loss=-3.06383 nmse_prop=0.01896 nmse_ls=0.03750 lr=5.634e-04 step_time=0.215s steps_per_s=1.985 gpu_mem=0.15GiB peak=5.74GiB
[TRAIN] step=03900 loss=-2.29011 nmse_prop=0.03915 nmse_ls=0.12509 lr=5.629e-04 step_time=0.547s steps_per_s=1.989 gpu_mem=0.15GiB peak=5.74GiB
WARNING:tensorflow:Model's `__init__()` arguments contain non-serializable objects. Please implement a `get_config()` method in the subclassed Model for proper saving and loading. Defaulting to empty config.
WARNING:tensorflow:Model's `__init__()` arguments contain non-serializable objects. Please implement a `get_config()` method in the subclassed Model for proper saving and loading. Defaulting to empty config.
[TRAIN] saved new best weights at step=4000 val_nmse=0.0315528
[TRAIN] step=04000 loss=-1.85533 nmse_prop=0.05840 nmse_ls=0.23071 lr=5.625e-04 step_time=139.976s steps_per_s=1.864 gpu_mem=0.15GiB peak=5.74GiB
[TRAIN] saved resumable state at step=4000 reason=periodic: /scratch/rsadve1/NewAblations_Fabel/TWC_plots_comprehensive/runs_rx16/seed7/1dmrs/freq_attn_only_d256_b4_r2/checkpoints/training_state/ckpt-4000
[TRAIN] step=04100 loss=-2.65621 nmse_prop=0.02787 nmse_ls=0.08307 lr=5.621e-04 step_time=0.322s steps_per_s=1.869 gpu_mem=0.15GiB peak=5.74GiB
[TRAIN] step=04200 loss=-2.49205 nmse_prop=0.03294 nmse_ls=0.09195 lr=5.616e-04 step_time=0.435s steps_per_s=1.874 gpu_mem=0.15GiB peak=5.74GiB
[TRAIN] step=04300 loss=-3.05161 nmse_prop=0.01977 nmse_ls=0.04177 lr=5.612e-04 step_time=0.561s steps_per_s=1.881 gpu_mem=0.15GiB peak=5.74GiB
[TRAIN] step=04400 loss=-1.96676 nmse_prop=0.05223 nmse_ls=0.19119 lr=5.607e-04 step_time=0.547s steps_per_s=1.887 gpu_mem=0.15GiB peak=5.74GiB
[TRAIN] step=04500 loss=-3.05829 nmse_prop=0.02002 nmse_ls=0.03820 lr=5.602e-04 step_time=0.529s steps_per_s=1.893 gpu_mem=0.15GiB peak=5.74GiB
[TRAIN] step=04600 loss=-2.61904 nmse_prop=0.02952 nmse_ls=0.07855 lr=5.597e-04 step_time=0.439s steps_per_s=1.897 gpu_mem=0.15GiB peak=5.74GiB
[TRAIN] step=04700 loss=-1.81394 nmse_prop=0.06006 nmse_ls=0.23283 lr=5.592e-04 step_time=0.550s steps_per_s=1.901 gpu_mem=0.15GiB peak=5.74GiB
[TRAIN] step=04800 loss=-2.67247 nmse_prop=0.02795 nmse_ls=0.07100 lr=5.587e-04 step_time=0.553s steps_per_s=1.905 gpu_mem=0.15GiB peak=5.74GiB
[TRAIN] step=04900 loss=-2.48174 nmse_prop=0.03246 nmse_ls=0.10460 lr=5.582e-04 step_time=0.329s steps_per_s=1.909 gpu_mem=0.15GiB peak=5.74GiB
[TRAIN] step=05000 loss=-2.84897 nmse_prop=0.02390 nmse_ls=0.05123 lr=5.576e-04 step_time=0.216s steps_per_s=1.913 gpu_mem=0.15GiB peak=5.74GiB
[TRAIN] saved resumable state at step=5000 reason=periodic: /scratch/rsadve1/NewAblations_Fabel/TWC_plots_comprehensive/runs_rx16/seed7/1dmrs/freq_attn_only_d256_b4_r2/checkpoints/training_state/ckpt-5000
[TRAIN] step=05100 loss=-2.91652 nmse_prop=0.02233 nmse_ls=0.05108 lr=5.571e-04 step_time=0.551s steps_per_s=1.917 gpu_mem=0.15GiB peak=5.74GiB
[TRAIN] step=05200 loss=-3.00882 nmse_prop=0.02032 nmse_ls=0.05107 lr=5.565e-04 step_time=0.330s steps_per_s=1.920 gpu_mem=0.15GiB peak=5.74GiB
[TRAIN] step=05300 loss=-1.94579 nmse_prop=0.05387 nmse_ls=0.21262 lr=5.559e-04 step_time=0.435s steps_per_s=1.924 gpu_mem=0.15GiB peak=5.74GiB
[TRAIN] step=05400 loss=-3.00808 nmse_prop=0.02111 nmse_ls=0.04510 lr=5.554e-04 step_time=0.543s steps_per_s=1.926 gpu_mem=0.15GiB peak=5.74GiB
[TRAIN] step=05500 loss=-2.11850 nmse_prop=0.04560 nmse_ls=0.18435 lr=5.548e-04 step_time=0.332s steps_per_s=1.929 gpu_mem=0.15GiB peak=5.74GiB
[TRAIN] step=05600 loss=-3.07820 nmse_prop=0.01988 nmse_ls=0.04322 lr=5.542e-04 step_time=0.326s steps_per_s=1.932 gpu_mem=0.15GiB peak=5.74GiB
[TRAIN] step=05700 loss=-2.01656 nmse_prop=0.05000 nmse_ls=0.19589 lr=5.536e-04 step_time=0.225s steps_per_s=1.935 gpu_mem=0.15GiB peak=5.74GiB
[TRAIN] step=05800 loss=-2.80422 nmse_prop=0.02505 nmse_ls=0.06194 lr=5.529e-04 step_time=0.543s steps_per_s=1.937 gpu_mem=0.15GiB peak=5.74GiB
[TRAIN] step=05900 loss=-3.07151 nmse_prop=0.02100 nmse_ls=0.04047 lr=5.523e-04 step_time=0.427s steps_per_s=1.940 gpu_mem=0.15GiB peak=5.74GiB
WARNING:tensorflow:Model's `__init__()` arguments contain non-serializable objects. Please implement a `get_config()` method in the subclassed Model for proper saving and loading. Defaulting to empty config.
WARNING:tensorflow:Model's `__init__()` arguments contain non-serializable objects. Please implement a `get_config()` method in the subclassed Model for proper saving and loading. Defaulting to empty config.
[TRAIN] saved new best weights at step=6000 val_nmse=0.028413
[TRAIN] step=06000 loss=-3.14969 nmse_prop=0.01877 nmse_ls=0.03891 lr=5.517e-04 step_time=126.712s steps_per_s=1.867 gpu_mem=0.15GiB peak=5.74GiB
[TRAIN] saved resumable state at step=6000 reason=periodic: /scratch/rsadve1/NewAblations_Fabel/TWC_plots_comprehensive/runs_rx16/seed7/1dmrs/freq_attn_only_d256_b4_r2/checkpoints/training_state/ckpt-6000
[TRAIN] step=06100 loss=-1.80485 nmse_prop=0.06065 nmse_ls=0.24618 lr=5.510e-04 step_time=0.532s steps_per_s=1.870 gpu_mem=0.15GiB peak=5.74GiB
[TRAIN] step=06200 loss=-2.52873 nmse_prop=0.03139 nmse_ls=0.09960 lr=5.504e-04 step_time=0.433s steps_per_s=1.874 gpu_mem=0.15GiB peak=5.74GiB
[TRAIN] step=06300 loss=-2.07063 nmse_prop=0.04742 nmse_ls=0.19522 lr=5.497e-04 step_time=0.310s steps_per_s=1.879 gpu_mem=0.15GiB peak=5.74GiB
[TRAIN] step=06400 loss=-2.52200 nmse_prop=0.03175 nmse_ls=0.09367 lr=5.490e-04 step_time=0.545s steps_per_s=1.883 gpu_mem=0.15GiB peak=5.74GiB
[TRAIN] step=06500 loss=-3.08833 nmse_prop=0.01774 nmse_ls=0.04475 lr=5.483e-04 step_time=0.216s steps_per_s=1.887 gpu_mem=0.15GiB peak=5.74GiB
[TRAIN] step=06600 loss=-2.99296 nmse_prop=0.02131 nmse_ls=0.04919 lr=5.476e-04 step_time=0.428s steps_per_s=1.891 gpu_mem=0.15GiB peak=5.74GiB
[TRAIN] step=06700 loss=-2.36406 nmse_prop=0.03623 nmse_ls=0.12343 lr=5.469e-04 step_time=0.434s steps_per_s=1.893 gpu_mem=0.15GiB peak=5.74GiB
[TRAIN] step=06800 loss=-2.98931 nmse_prop=0.02123 nmse_ls=0.04685 lr=5.462e-04 step_time=0.542s steps_per_s=1.896 gpu_mem=0.15GiB peak=5.74GiB
[TRAIN] step=06900 loss=-2.13425 nmse_prop=0.04482 nmse_ls=0.16839 lr=5.454e-04 step_time=0.553s steps_per_s=1.899 gpu_mem=0.15GiB peak=5.74GiB
[TRAIN] step=07000 loss=-2.30073 nmse_prop=0.03855 nmse_ls=0.13368 lr=5.447e-04 step_time=0.550s steps_per_s=1.902 gpu_mem=0.15GiB peak=5.74GiB
[TRAIN] saved resumable state at step=7000 reason=periodic: /scratch/rsadve1/NewAblations_Fabel/TWC_plots_comprehensive/runs_rx16/seed7/1dmrs/freq_attn_only_d256_b4_r2/checkpoints/training_state/ckpt-7000
[TRAIN] step=07100 loss=-2.14947 nmse_prop=0.04384 nmse_ls=0.18220 lr=5.439e-04 step_time=0.320s steps_per_s=1.905 gpu_mem=0.15GiB peak=5.74GiB
[TRAIN] step=07200 loss=-1.87333 nmse_prop=0.05727 nmse_ls=0.25018 lr=5.432e-04 step_time=0.439s steps_per_s=1.907 gpu_mem=0.15GiB peak=5.74GiB
[TRAIN] step=07300 loss=-2.39969 nmse_prop=0.03533 nmse_ls=0.12214 lr=5.424e-04 step_time=0.445s steps_per_s=1.910 gpu_mem=0.15GiB peak=5.74GiB
[TRAIN] step=07400 loss=-2.85020 nmse_prop=0.02371 nmse_ls=0.05754 lr=5.416e-04 step_time=0.568s steps_per_s=1.912 gpu_mem=0.15GiB peak=5.74GiB
[TRAIN] step=07500 loss=-1.85759 nmse_prop=0.05800 nmse_ls=0.24729 lr=5.408e-04 step_time=0.227s steps_per_s=1.914 gpu_mem=0.15GiB peak=5.74GiB
[TRAIN] step=07600 loss=-2.78650 nmse_prop=0.02506 nmse_ls=0.07024 lr=5.400e-04 step_time=0.447s steps_per_s=1.916 gpu_mem=0.15GiB peak=5.74GiB
[TRAIN] step=07700 loss=-2.71892 nmse_prop=0.02648 nmse_ls=0.07657 lr=5.392e-04 step_time=0.449s steps_per_s=1.919 gpu_mem=0.15GiB peak=5.74GiB
[TRAIN] step=07800 loss=-3.08128 nmse_prop=0.01925 nmse_ls=0.04901 lr=5.384e-04 step_time=0.218s steps_per_s=1.921 gpu_mem=0.15GiB peak=5.74GiB
[TRAIN] step=07900 loss=-2.26959 nmse_prop=0.03972 nmse_ls=0.15671 lr=5.376e-04 step_time=0.329s steps_per_s=1.923 gpu_mem=0.15GiB peak=5.74GiB
[TRAIN] step=08000 loss=-3.03940 nmse_prop=0.02078 nmse_ls=0.04376 lr=5.367e-04 step_time=132.683s steps_per_s=1.867 gpu_mem=0.15GiB peak=5.74GiB
[TRAIN] saved resumable state at step=8000 reason=periodic: /scratch/rsadve1/NewAblations_Fabel/TWC_plots_comprehensive/runs_rx16/seed7/1dmrs/freq_attn_only_d256_b4_r2/checkpoints/training_state/ckpt-8000
[TRAIN] step=08100 loss=-2.34935 nmse_prop=0.03725 nmse_ls=0.12818 lr=5.359e-04 step_time=0.422s steps_per_s=1.869 gpu_mem=0.15GiB peak=5.74GiB
[TRAIN] step=08200 loss=-2.01543 nmse_prop=0.05004 nmse_ls=0.20235 lr=5.350e-04 step_time=0.444s steps_per_s=1.872 gpu_mem=0.15GiB peak=5.74GiB
[TRAIN] step=08300 loss=-3.11080 nmse_prop=0.01921 nmse_ls=0.03909 lr=5.341e-04 step_time=0.544s steps_per_s=1.875 gpu_mem=0.15GiB peak=5.74GiB
[TRAIN] step=08400 loss=-2.05354 nmse_prop=0.04830 nmse_ls=0.19357 lr=5.333e-04 step_time=0.542s steps_per_s=1.878 gpu_mem=0.15GiB peak=5.74GiB
[TRAIN] step=08500 loss=-2.80137 nmse_prop=0.02487 nmse_ls=0.06752 lr=5.324e-04 step_time=0.433s steps_per_s=1.880 gpu_mem=0.15GiB peak=5.74GiB
[TRAIN] step=08600 loss=-2.65508 nmse_prop=0.02796 nmse_ls=0.08147 lr=5.315e-04 step_time=0.557s steps_per_s=1.882 gpu_mem=0.15GiB peak=5.74GiB
[TRAIN] step=08700 loss=-2.20806 nmse_prop=0.04181 nmse_ls=0.15682 lr=5.306e-04 step_time=0.542s steps_per_s=1.884 gpu_mem=0.15GiB peak=5.74GiB
[TRAIN] step=08800 loss=-3.06752 nmse_prop=0.01950 nmse_ls=0.04609 lr=5.297e-04 step_time=0.547s steps_per_s=1.887 gpu_mem=0.15GiB peak=5.74GiB
[TRAIN] step=08900 loss=-2.58339 nmse_prop=0.03018 nmse_ls=0.09607 lr=5.287e-04 step_time=0.324s steps_per_s=1.889 gpu_mem=0.15GiB peak=5.74GiB
[TRAIN] step=09000 loss=-2.78730 nmse_prop=0.02477 nmse_ls=0.07103 lr=5.278e-04 step_time=0.543s steps_per_s=1.891 gpu_mem=0.15GiB peak=5.74GiB
[TRAIN] saved resumable state at step=9000 reason=periodic: /scratch/rsadve1/NewAblations_Fabel/TWC_plots_comprehensive/runs_rx16/seed7/1dmrs/freq_attn_only_d256_b4_r2/checkpoints/training_state/ckpt-9000
[TRAIN] step=09100 loss=-3.04994 nmse_prop=0.02025 nmse_ls=0.04501 lr=5.268e-04 step_time=0.549s steps_per_s=1.893 gpu_mem=0.15GiB peak=5.74GiB
[TRAIN] step=09200 loss=-2.45658 nmse_prop=0.03329 nmse_ls=0.11716 lr=5.259e-04 step_time=0.444s steps_per_s=1.895 gpu_mem=0.15GiB peak=5.74GiB
[TRAIN] step=09300 loss=-2.32889 nmse_prop=0.03791 nmse_ls=0.13829 lr=5.249e-04 step_time=0.333s steps_per_s=1.897 gpu_mem=0.15GiB peak=5.74GiB
[TRAIN] step=09400 loss=-2.69874 nmse_prop=0.02646 nmse_ls=0.08503 lr=5.240e-04 step_time=0.214s steps_per_s=1.899 gpu_mem=0.15GiB peak=5.74GiB
[TRAIN] step=09500 loss=-2.26747 nmse_prop=0.03982 nmse_ls=0.14666 lr=5.230e-04 step_time=0.440s steps_per_s=1.902 gpu_mem=0.15GiB peak=5.74GiB
[TRAIN] step=09600 loss=-2.53637 nmse_prop=0.03107 nmse_ls=0.10829 lr=5.220e-04 step_time=0.429s steps_per_s=1.904 gpu_mem=0.15GiB peak=5.74GiB
[TRAIN] step=09700 loss=-2.84238 nmse_prop=0.02441 nmse_ls=0.06018 lr=5.210e-04 step_time=0.540s steps_per_s=1.906 gpu_mem=0.15GiB peak=5.74GiB
[TRAIN] step=09800 loss=-2.91226 nmse_prop=0.02183 nmse_ls=0.06003 lr=5.200e-04 step_time=0.220s steps_per_s=1.908 gpu_mem=0.15GiB peak=5.74GiB
[TRAIN] step=09900 loss=-2.60325 nmse_prop=0.02973 nmse_ls=0.08803 lr=5.190e-04 step_time=0.218s steps_per_s=1.910 gpu_mem=0.15GiB peak=5.74GiB
[TRAIN] step=10000 loss=-2.44445 nmse_prop=0.03411 nmse_ls=0.11801 lr=5.179e-04 step_time=129.098s steps_per_s=1.867 gpu_mem=0.15GiB peak=5.74GiB
[TRAIN] saved resumable state at step=10000 reason=periodic: /scratch/rsadve1/NewAblations_Fabel/TWC_plots_comprehensive/runs_rx16/seed7/1dmrs/freq_attn_only_d256_b4_r2/checkpoints/training_state/ckpt-10000
[TRAIN] step=10100 loss=-2.59403 nmse_prop=0.02953 nmse_ls=0.09731 lr=5.169e-04 step_time=0.446s steps_per_s=1.870 gpu_mem=0.15GiB peak=5.74GiB
[TRAIN] step=10200 loss=-2.59829 nmse_prop=0.02980 nmse_ls=0.09194 lr=5.158e-04 step_time=0.540s steps_per_s=1.872 gpu_mem=0.15GiB peak=5.74GiB
[TRAIN] step=10300 loss=-2.79268 nmse_prop=0.02491 nmse_ls=0.07527 lr=5.148e-04 step_time=0.437s steps_per_s=1.874 gpu_mem=0.15GiB peak=5.74GiB
[TRAIN] step=10400 loss=-3.02110 nmse_prop=0.02081 nmse_ls=0.04926 lr=5.137e-04 step_time=0.442s steps_per_s=1.876 gpu_mem=0.15GiB peak=5.74GiB
[TRAIN] step=10500 loss=-2.23711 nmse_prop=0.04074 nmse_ls=0.16005 lr=5.127e-04 step_time=0.535s steps_per_s=1.878 gpu_mem=0.15GiB peak=5.74GiB
[TRAIN] step=10600 loss=-2.73462 nmse_prop=0.02646 nmse_ls=0.07767 lr=5.116e-04 step_time=0.431s steps_per_s=1.880 gpu_mem=0.15GiB peak=5.74GiB
[TRAIN] step=10700 loss=-3.00201 nmse_prop=0.02112 nmse_ls=0.04936 lr=5.105e-04 step_time=0.546s steps_per_s=1.882 gpu_mem=0.15GiB peak=5.74GiB
[TRAIN] step=10800 loss=-2.53845 nmse_prop=0.03120 nmse_ls=0.10287 lr=5.094e-04 step_time=0.553s steps_per_s=1.884 gpu_mem=0.15GiB peak=5.74GiB
[TRAIN] step=10900 loss=-2.66928 nmse_prop=0.02794 nmse_ls=0.08145 lr=5.083e-04 step_time=0.547s steps_per_s=1.886 gpu_mem=0.15GiB peak=5.74GiB
[TRAIN] step=11000 loss=-2.28779 nmse_prop=0.03893 nmse_ls=0.15298 lr=5.072e-04 step_time=0.545s steps_per_s=1.889 gpu_mem=0.15GiB peak=5.74GiB
[TRAIN] saved resumable state at step=11000 reason=periodic: /scratch/rsadve1/NewAblations_Fabel/TWC_plots_comprehensive/runs_rx16/seed7/1dmrs/freq_attn_only_d256_b4_r2/checkpoints/training_state/ckpt-11000
[TRAIN] step=11100 loss=-2.48901 nmse_prop=0.03242 nmse_ls=0.10903 lr=5.060e-04 step_time=0.215s steps_per_s=1.890 gpu_mem=0.15GiB peak=5.74GiB
[TRAIN] step=11200 loss=-2.76369 nmse_prop=0.02503 nmse_ls=0.08548 lr=5.049e-04 step_time=0.322s steps_per_s=1.892 gpu_mem=0.15GiB peak=5.74GiB
[TRAIN] step=11300 loss=-2.13783 nmse_prop=0.04459 nmse_ls=0.19786 lr=5.038e-04 step_time=0.425s steps_per_s=1.893 gpu_mem=0.15GiB peak=5.74GiB
[TRAIN] step=11400 loss=-3.20045 nmse_prop=0.01816 nmse_ls=0.03614 lr=5.026e-04 step_time=0.535s steps_per_s=1.895 gpu_mem=0.15GiB peak=5.74GiB
[TRAIN] step=11500 loss=-2.49891 nmse_prop=0.03237 nmse_ls=0.10571 lr=5.015e-04 step_time=0.549s steps_per_s=1.897 gpu_mem=0.15GiB peak=5.74GiB
[TRAIN] step=11600 loss=-2.06576 nmse_prop=0.04782 nmse_ls=0.20726 lr=5.003e-04 step_time=0.546s steps_per_s=1.899 gpu_mem=0.15GiB peak=5.74GiB
[TRAIN] step=11700 loss=-3.08742 nmse_prop=0.02035 nmse_ls=0.04144 lr=4.991e-04 step_time=0.312s steps_per_s=1.901 gpu_mem=0.15GiB peak=5.74GiB
[TRAIN] step=11800 loss=-3.08308 nmse_prop=0.02037 nmse_ls=0.04153 lr=4.979e-04 step_time=0.534s steps_per_s=1.903 gpu_mem=0.15GiB peak=5.74GiB
[TRAIN] step=11900 loss=-2.90036 nmse_prop=0.02321 nmse_ls=0.05850 lr=4.968e-04 step_time=0.539s steps_per_s=1.905 gpu_mem=0.15GiB peak=5.74GiB
WARNING:tensorflow:Model's `__init__()` arguments contain non-serializable objects. Please implement a `get_config()` method in the subclassed Model for proper saving and loading. Defaulting to empty config.
WARNING:tensorflow:Model's `__init__()` arguments contain non-serializable objects. Please implement a `get_config()` method in the subclassed Model for proper saving and loading. Defaulting to empty config.
[TRAIN] saved new best weights at step=12000 val_nmse=0.0271821
[TRAIN] step=12000 loss=-2.27870 nmse_prop=0.03923 nmse_ls=0.15749 lr=4.956e-04 step_time=123.611s steps_per_s=1.871 gpu_mem=0.15GiB peak=5.74GiB
[TRAIN] saved resumable state at step=12000 reason=periodic: /scratch/rsadve1/NewAblations_Fabel/TWC_plots_comprehensive/runs_rx16/seed7/1dmrs/freq_attn_only_d256_b4_r2/checkpoints/training_state/ckpt-12000
[TRAIN] step=12100 loss=-2.83601 nmse_prop=0.02397 nmse_ls=0.06883 lr=4.944e-04 step_time=0.550s steps_per_s=1.873 gpu_mem=0.15GiB peak=5.74GiB
[TRAIN] step=12200 loss=-2.52597 nmse_prop=0.03130 nmse_ls=0.11201 lr=4.931e-04 step_time=0.554s steps_per_s=1.874 gpu_mem=0.15GiB peak=5.74GiB
[TRAIN] step=12300 loss=-3.15009 nmse_prop=0.01868 nmse_ls=0.04203 lr=4.919e-04 step_time=0.451s steps_per_s=1.876 gpu_mem=0.15GiB peak=5.74GiB
[TRAIN] step=12400 loss=-2.59264 nmse_prop=0.02983 nmse_ls=0.10044 lr=4.907e-04 step_time=0.439s steps_per_s=1.878 gpu_mem=0.15GiB peak=5.74GiB
[TRAIN] step=12500 loss=-3.00204 nmse_prop=0.02147 nmse_ls=0.05052 lr=4.894e-04 step_time=0.538s steps_per_s=1.879 gpu_mem=0.15GiB peak=5.74GiB
[TRAIN] step=12600 loss=-2.07262 nmse_prop=0.04754 nmse_ls=0.21008 lr=4.882e-04 step_time=0.445s steps_per_s=1.881 gpu_mem=0.15GiB peak=5.74GiB
[TRAIN] step=12700 loss=-3.03829 nmse_prop=0.01996 nmse_ls=0.05577 lr=4.869e-04 step_time=0.326s steps_per_s=1.883 gpu_mem=0.15GiB peak=5.74GiB
[TRAIN] step=12800 loss=-2.16918 nmse_prop=0.04350 nmse_ls=0.19566 lr=4.857e-04 step_time=0.435s steps_per_s=1.884 gpu_mem=0.15GiB peak=5.74GiB
[TRAIN] step=12900 loss=-2.56559 nmse_prop=0.02977 nmse_ls=0.10846 lr=4.844e-04 step_time=0.221s steps_per_s=1.886 gpu_mem=0.15GiB peak=5.74GiB
[TRAIN] step=13000 loss=-1.97896 nmse_prop=0.05188 nmse_ls=0.24900 lr=4.831e-04 step_time=0.453s steps_per_s=1.888 gpu_mem=0.15GiB peak=5.74GiB
[TRAIN] saved resumable state at step=13000 reason=periodic: /scratch/rsadve1/NewAblations_Fabel/TWC_plots_comprehensive/runs_rx16/seed7/1dmrs/freq_attn_only_d256_b4_r2/checkpoints/training_state/ckpt-13000
[TRAIN] step=13100 loss=-2.61007 nmse_prop=0.02915 nmse_ls=0.09853 lr=4.819e-04 step_time=0.546s steps_per_s=1.889 gpu_mem=0.15GiB peak=5.74GiB
[TRAIN] step=13200 loss=-2.21845 nmse_prop=0.04131 nmse_ls=0.17630 lr=4.806e-04 step_time=0.539s steps_per_s=1.890 gpu_mem=0.15GiB peak=5.74GiB
[TRAIN] step=13300 loss=-3.05790 nmse_prop=0.02055 nmse_ls=0.04765 lr=4.793e-04 step_time=0.426s steps_per_s=1.892 gpu_mem=0.15GiB peak=5.74GiB
[TRAIN] step=13400 loss=-2.84129 nmse_prop=0.02398 nmse_ls=0.06946 lr=4.780e-04 step_time=0.554s steps_per_s=1.894 gpu_mem=0.15GiB peak=5.74GiB
[TRAIN] step=13500 loss=-2.61699 nmse_prop=0.02965 nmse_ls=0.09775 lr=4.766e-04 step_time=0.316s steps_per_s=1.896 gpu_mem=0.15GiB peak=5.74GiB
[TRAIN] step=13600 loss=-3.02229 nmse_prop=0.02161 nmse_ls=0.04849 lr=4.753e-04 step_time=0.531s steps_per_s=1.897 gpu_mem=0.15GiB peak=5.74GiB
[TRAIN] step=13700 loss=-2.99476 nmse_prop=0.02095 nmse_ls=0.05694 lr=4.740e-04 step_time=0.533s steps_per_s=1.898 gpu_mem=0.15GiB peak=5.74GiB
[TRAIN] step=13800 loss=-2.49171 nmse_prop=0.03212 nmse_ls=0.11881 lr=4.727e-04 step_time=0.531s steps_per_s=1.900 gpu_mem=0.15GiB peak=5.74GiB
[TRAIN] step=13900 loss=-2.76535 nmse_prop=0.02493 nmse_ls=0.08331 lr=4.713e-04 step_time=0.217s steps_per_s=1.902 gpu_mem=0.15GiB peak=5.74GiB
WARNING:tensorflow:Model's `__init__()` arguments contain non-serializable objects. Please implement a `get_config()` method in the subclassed Model for proper saving and loading. Defaulting to empty config.
WARNING:tensorflow:Model's `__init__()` arguments contain non-serializable objects. Please implement a `get_config()` method in the subclassed Model for proper saving and loading. Defaulting to empty config.
[TRAIN] saved new best weights at step=14000 val_nmse=0.0269826
[TRAIN] step=14000 loss=-2.26144 nmse_prop=0.04021 nmse_ls=0.16199 lr=4.700e-04 step_time=133.430s steps_per_s=1.870 gpu_mem=0.15GiB peak=5.74GiB
[TRAIN] saved resumable state at step=14000 reason=periodic: /scratch/rsadve1/NewAblations_Fabel/TWC_plots_comprehensive/runs_rx16/seed7/1dmrs/freq_attn_only_d256_b4_r2/checkpoints/training_state/ckpt-14000
[TRAIN] step=14100 loss=-2.73988 nmse_prop=0.02598 nmse_ls=0.08747 lr=4.686e-04 step_time=0.433s steps_per_s=1.871 gpu_mem=0.15GiB peak=5.74GiB
[TRAIN] step=14200 loss=-2.95635 nmse_prop=0.02249 nmse_ls=0.05345 lr=4.673e-04 step_time=0.547s steps_per_s=1.872 gpu_mem=0.15GiB peak=5.74GiB
[TRAIN] step=14300 loss=-2.96551 nmse_prop=0.02179 nmse_ls=0.05605 lr=4.659e-04 step_time=0.552s steps_per_s=1.874 gpu_mem=0.15GiB peak=5.74GiB
[TRAIN] step=14400 loss=-2.87355 nmse_prop=0.02414 nmse_ls=0.06394 lr=4.645e-04 step_time=0.445s steps_per_s=1.876 gpu_mem=0.15GiB peak=5.74GiB
[TRAIN] step=14500 loss=-2.45692 nmse_prop=0.03342 nmse_ls=0.12379 lr=4.631e-04 step_time=0.548s steps_per_s=1.877 gpu_mem=0.15GiB peak=5.74GiB
[TRAIN] step=14600 loss=-3.20706 nmse_prop=0.01781 nmse_ls=0.03999 lr=4.617e-04 step_time=0.432s steps_per_s=1.879 gpu_mem=0.15GiB peak=5.74GiB
[TRAIN] step=14700 loss=-2.73588 nmse_prop=0.02614 nmse_ls=0.08359 lr=4.603e-04 step_time=0.539s steps_per_s=1.881 gpu_mem=0.15GiB peak=5.74GiB
[TRAIN] step=14800 loss=-3.14673 nmse_prop=0.01915 nmse_ls=0.04675 lr=4.589e-04 step_time=0.317s steps_per_s=1.882 gpu_mem=0.15GiB peak=5.74GiB
[TRAIN] step=14900 loss=-2.73567 nmse_prop=0.02660 nmse_ls=0.07878 lr=4.575e-04 step_time=0.544s steps_per_s=1.884 gpu_mem=0.15GiB peak=5.74GiB
[TRAIN] step=15000 loss=-3.19246 nmse_prop=0.01816 nmse_ls=0.03801 lr=4.561e-04 step_time=0.217s steps_per_s=1.886 gpu_mem=0.15GiB peak=5.74GiB
[TRAIN] saved resumable state at step=15000 reason=periodic: /scratch/rsadve1/NewAblations_Fabel/TWC_plots_comprehensive/runs_rx16/seed7/1dmrs/freq_attn_only_d256_b4_r2/checkpoints/training_state/ckpt-15000
[TRAIN] step=15100 loss=-3.17838 nmse_prop=0.01822 nmse_ls=0.03916 lr=4.547e-04 step_time=0.547s steps_per_s=1.887 gpu_mem=0.15GiB peak=5.74GiB
[TRAIN] step=15200 loss=-3.10360 nmse_prop=0.02003 nmse_ls=0.04468 lr=4.532e-04 step_time=0.430s steps_per_s=1.888 gpu_mem=0.15GiB peak=5.74GiB
[TRAIN] step=15300 loss=-3.03599 nmse_prop=0.02032 nmse_ls=0.05469 lr=4.518e-04 step_time=0.437s steps_per_s=1.890 gpu_mem=0.15GiB peak=5.74GiB
[TRAIN] step=15400 loss=-3.25489 nmse_prop=0.01718 nmse_ls=0.03871 lr=4.504e-04 step_time=0.319s steps_per_s=1.891 gpu_mem=0.15GiB peak=5.74GiB
