[ENV] Reusing portable venv: /home/rsadve1/links/scratch/.vevn_upair_potable
[ENV] Checking installed package metadata only; TensorFlow/Sionna are not imported here.
[ENV] Python 3.11.5
[ENV] numpy 1.26.4+computecanada
[ENV] pandas 2.2.3+computecanada
[ENV] matplotlib 3.10.0+computecanada
[ENV] PyYAML 6.0.2+computecanada
[ENV] scipy 1.15.1+computecanada
[ENV] tensorflow 2.15.1+computecanada
[ENV] sionna-no-rt 1.2.1
[ENV] optuna 4.8.0+computecanada
[ENV] Skipping TensorFlow/Sionna import check on this node. Set UPAIR_DEEP_IMPORT_CHECK=1 to test imports explicitly.
[ENV] Ready: REPO=/home/rsadve1/links/scratch/NewAblations_Fabel
[ENV] Ready: VENV=/home/rsadve1/links/scratch/.vevn_upair_potable
[ENV] Reusing portable venv: /home/rsadve1/links/scratch/.vevn_upair_potable
[ENV] Checking installed package metadata only; TensorFlow/Sionna are not imported here.
[ENV] Python 3.11.5
[ENV] numpy 1.26.4+computecanada
[ENV] pandas 2.2.3+computecanada
[ENV] matplotlib 3.10.0+computecanada
[ENV] PyYAML 6.0.2+computecanada
[ENV] scipy 1.15.1+computecanada
[ENV] tensorflow 2.15.1+computecanada
[ENV] sionna-no-rt 1.2.1
[ENV] optuna 4.8.0+computecanada
[ENV] Skipping TensorFlow/Sionna import check on this node. Set UPAIR_DEEP_IMPORT_CHECK=1 to test imports explicitly.
[ENV] Ready: REPO=/home/rsadve1/links/scratch/NewAblations_Fabel
[ENV] Ready: VENV=/home/rsadve1/links/scratch/.vevn_upair_potable
================================================================================
[PIPELINE] variant=main_d256_b4_r2
[PIPELINE] root=/home/rsadve1/links/scratch/NewAblations_Fabel
[PIPELINE] stageB_prefix=clean_b32_prb8_d256_40k_smart_trueDMRS_u34610_1dmrs_stageB
[PIPELINE] receivers=upair5g_lmmse,baseline_ls_2dlmmse_lmmse
[PIPELINE] users=4
[PIPELINE] ebnos=-4,-3,-2,-1,0,1,2,3
[PIPELINE] chunk_batches=20 micro=8
================================================================================
[PIPELINE] UPAIR_EVAL_ONLY=1 -> skipping training for main_d256_b4_r2 (eval-only arm reusing aliased checkpoint).
[PIPELINE] starting/resuming isolated evaluation for main_d256_b4_r2.

--------------------------------------------------------------------------------
[PIPELINE] eval point variant=main_d256_b4_r2 receiver=upair5g_lmmse U=4 Eb/N0=-4
--------------------------------------------------------------------------------
[PIPELINE] status done=0 reason=continue chunks=0 batches=0 block_errors=0/100 next_chunk=0
2026-07-05 18:45:39.054582: E external/local_xla/xla/stream_executor/cuda/cuda_dnn.cc:9261] Unable to register cuDNN factory: Attempting to register factory for plugin cuDNN when one has already been registered
2026-07-05 18:45:39.055145: E external/local_xla/xla/stream_executor/cuda/cuda_fft.cc:607] Unable to register cuFFT factory: Attempting to register factory for plugin cuFFT when one has already been registered
2026-07-05 18:45:39.122936: E external/local_xla/xla/stream_executor/cuda/cuda_blas.cc:1515] Unable to register cuBLAS factory: Attempting to register factory for plugin cuBLAS when one has already been registered
[COMPREHENSIVE] loaded Optuna best JSON for main_d256_b4_r2 from /home/rsadve1/links/scratch/NewAblations_Fabel/optuna/clean_b32_prb8_d256_40k_smart_trueDMRS_u34610_1dmrs_stageB_main_d256_b4_r2_best_params.json
[ISO-CHUNK] variant: main_d256_b4_r2
[ISO-CHUNK] receiver: upair5g_lmmse
[ISO-CHUNK] num_users: 4
[ISO-CHUNK] ebno_db: -4.0
[ISO-CHUNK] chunk_idx: 0
[ISO-CHUNK] chunk_batches: 20
[ISO-CHUNK] receiver_microbatch_size: 8
[ISO-CHUNK] chunk_seed: 1637043
[ISO-CHUNK] checkpoint: /lustre10/scratch/rsadve1/NewAblations_Fabel/TWC_plots_comprehensive/runs_rx16/seed7/1dmrs/main_d256_b4_r2/checkpoints/best.weights.h5
[ISO-CHUNK] TF_GPU_ALLOCATOR: bfc
[ISO-CHUNK] output tag: main_d256_b4_r2_u4_upair5g_lmmse_ebnom4p0_chunk0000_m8_b20
[EVAL] receiver microbatching enabled: batch_size_eval=64 receiver_microbatch_size=8
WARNING:tensorflow:Model's `__init__()` arguments contain non-serializable objects. Please implement a `get_config()` method in the subclassed Model for proper saving and loading. Defaulting to empty config.
WARNING:tensorflow:Model's `__init__()` arguments contain non-serializable objects. Please implement a `get_config()` method in the subclassed Model for proper saving and loading. Defaulting to empty config.
[EVAL] loaded UPAIR checkpoint: /lustre10/scratch/rsadve1/NewAblations_Fabel/TWC_plots_comprehensive/runs_rx16/seed7/1dmrs/main_d256_b4_r2/checkpoints/best.weights.h5
[EVAL] skipping explicit NMSE channel-estimator calls for: upair5g_lmmse
[EVAL] instrumentation log_latency=True log_gpu_memory=True memory_cleanup_every_batches=1 memory_cleanup_every_microbatch=True stream_eval_microbatches=True compiled_receiver_error_counts=False receiver_call_jit_compile=False per_receiver_stopping=False target_bler_floor=1e-05 floor_num_frames=0 gpu_mem=0.10GiB peak=0.30GiB
[EVAL] receiver_call name=upair5g_lmmse mode=positional_y_no compiled_error_counts=False
[EVAL] progress num_users=4 Eb/N0=-4 dB batches=10/20 frame_err=upair5g_lmmse:1253/2560 elapsed=79.9s avg_batch=7.995s gpu_mem=6.04GiB peak=6.24GiB
[EVAL] progress num_users=4 Eb/N0=-4 dB batches=20/20 frame_err=upair5g_lmmse:2506/5120 elapsed=159.6s avg_batch=7.982s gpu_mem=11.82GiB peak=12.02GiB
[EVAL] receiver=           upair5g_lmmse Eb/N0=-4.0 dB BER=3.95491e-02 BLER=4.89453e-01 NMSE=nan bit_err=602614/15237120 blk_err= 2506/5120   batches=  20 stop=global_stop rx_time=80.92s rx_ms_batch=4046.2 rx_ms_frame=15.806 point_time=159.65s gpu_mem=11.82GiB peak=12.02GiB
[ISO-CHUNK] wrote: /home/rsadve1/links/scratch/NewAblations_Fabel/_gen_ds1p5_chunks/main_d256_b4_r2_u4_upair5g_lmmse_ebnom4p0_chunk0000_m8_b20/chunk_result.csv
[ISO-CHUNK] DONE
[PIPELINE] status done=1 reason=target_block_errors chunks=1 batches=20 block_errors=2506/100 next_chunk=-1
[ISO-MERGE] chunks: 1
[ISO-MERGE] rows: 1
[ISO-MERGE] wrote: /home/rsadve1/links/scratch/NewAblations_Fabel/_gen_ds1p5_chunks/merged_main_d256_b4_r2_u4_upair5g_lmmse_em4.csv
[ISO-MERGE] wrote: /home/rsadve1/links/scratch/NewAblations_Fabel/_gen_ds1p5_chunks/merged_main_d256_b4_r2_u4_upair5g_lmmse_em4.summary.json
     receiver         variant dmrs_case  seed  training_seed  num_users  ebno_db  num_chunks chunk_indices  bit_errors  num_bits  block_errors  num_blocks  num_batches_run  point_elapsed_s  data_elapsed_s  receiver_elapsed_s      ber     bler  nmse       mc_stop_reason  target_bler_floor  bler_zero_error_upper_bound  ber_zero_error_upper_bound  receiver_ms_per_batch  receiver_ms_per_frame  reliable_ber  reliable_bler
upair5g_lmmse main_d256_b4_r2     1dmrs     7              7          4     -4.0           1             0      602614  15237120          2506        5120               20       159.645867        60.23029           80.924787 0.039549 0.489453   NaN isolated_chunk_merge                NaN                          NaN                         NaN            4046.239361              15.805623          True           True

--------------------------------------------------------------------------------
[PIPELINE] eval point variant=main_d256_b4_r2 receiver=upair5g_lmmse U=4 Eb/N0=-3
--------------------------------------------------------------------------------
[PIPELINE] status done=0 reason=continue chunks=0 batches=0 block_errors=0/100 next_chunk=0
2026-07-05 18:48:42.303697: E external/local_xla/xla/stream_executor/cuda/cuda_dnn.cc:9261] Unable to register cuDNN factory: Attempting to register factory for plugin cuDNN when one has already been registered
2026-07-05 18:48:42.303750: E external/local_xla/xla/stream_executor/cuda/cuda_fft.cc:607] Unable to register cuFFT factory: Attempting to register factory for plugin cuFFT when one has already been registered
2026-07-05 18:48:42.305069: E external/local_xla/xla/stream_executor/cuda/cuda_blas.cc:1515] Unable to register cuBLAS factory: Attempting to register factory for plugin cuBLAS when one has already been registered
[COMPREHENSIVE] loaded Optuna best JSON for main_d256_b4_r2 from /home/rsadve1/links/scratch/NewAblations_Fabel/optuna/clean_b32_prb8_d256_40k_smart_trueDMRS_u34610_1dmrs_stageB_main_d256_b4_r2_best_params.json
[ISO-CHUNK] variant: main_d256_b4_r2
[ISO-CHUNK] receiver: upair5g_lmmse
[ISO-CHUNK] num_users: 4
[ISO-CHUNK] ebno_db: -3.0
[ISO-CHUNK] chunk_idx: 0
[ISO-CHUNK] chunk_batches: 20
[ISO-CHUNK] receiver_microbatch_size: 8
[ISO-CHUNK] chunk_seed: 1654043
[ISO-CHUNK] checkpoint: /lustre10/scratch/rsadve1/NewAblations_Fabel/TWC_plots_comprehensive/runs_rx16/seed7/1dmrs/main_d256_b4_r2/checkpoints/best.weights.h5
[ISO-CHUNK] TF_GPU_ALLOCATOR: bfc
[ISO-CHUNK] output tag: main_d256_b4_r2_u4_upair5g_lmmse_ebnom3p0_chunk0000_m8_b20
[EVAL] receiver microbatching enabled: batch_size_eval=64 receiver_microbatch_size=8
WARNING:tensorflow:Model's `__init__()` arguments contain non-serializable objects. Please implement a `get_config()` method in the subclassed Model for proper saving and loading. Defaulting to empty config.
WARNING:tensorflow:Model's `__init__()` arguments contain non-serializable objects. Please implement a `get_config()` method in the subclassed Model for proper saving and loading. Defaulting to empty config.
[EVAL] loaded UPAIR checkpoint: /lustre10/scratch/rsadve1/NewAblations_Fabel/TWC_plots_comprehensive/runs_rx16/seed7/1dmrs/main_d256_b4_r2/checkpoints/best.weights.h5
[EVAL] skipping explicit NMSE channel-estimator calls for: upair5g_lmmse
[EVAL] instrumentation log_latency=True log_gpu_memory=True memory_cleanup_every_batches=1 memory_cleanup_every_microbatch=True stream_eval_microbatches=True compiled_receiver_error_counts=False receiver_call_jit_compile=False per_receiver_stopping=False target_bler_floor=1e-05 floor_num_frames=0 gpu_mem=0.10GiB peak=0.30GiB
[EVAL] receiver_call name=upair5g_lmmse mode=positional_y_no compiled_error_counts=False
[EVAL] progress num_users=4 Eb/N0=-3 dB batches=10/20 frame_err=upair5g_lmmse:558/2560 elapsed=81.2s avg_batch=8.119s gpu_mem=6.04GiB peak=6.24GiB
[EVAL] progress num_users=4 Eb/N0=-3 dB batches=20/20 frame_err=upair5g_lmmse:1117/5120 elapsed=161.5s avg_batch=8.076s gpu_mem=11.82GiB peak=12.02GiB
[EVAL] receiver=           upair5g_lmmse Eb/N0=-3.0 dB BER=1.50840e-02 BLER=2.18164e-01 NMSE=nan bit_err=229836/15237120 blk_err= 1117/5120   batches=  20 stop=global_stop rx_time=81.74s rx_ms_batch=4087.0 rx_ms_frame=15.965 point_time=161.51s gpu_mem=11.82GiB peak=12.02GiB
[ISO-CHUNK] wrote: /home/rsadve1/links/scratch/NewAblations_Fabel/_gen_ds1p5_chunks/main_d256_b4_r2_u4_upair5g_lmmse_ebnom3p0_chunk0000_m8_b20/chunk_result.csv
[ISO-CHUNK] DONE
[PIPELINE] status done=1 reason=target_block_errors chunks=1 batches=20 block_errors=1117/100 next_chunk=-1
[ISO-MERGE] chunks: 1
[ISO-MERGE] rows: 1
[ISO-MERGE] wrote: /home/rsadve1/links/scratch/NewAblations_Fabel/_gen_ds1p5_chunks/merged_main_d256_b4_r2_u4_upair5g_lmmse_em3.csv
[ISO-MERGE] wrote: /home/rsadve1/links/scratch/NewAblations_Fabel/_gen_ds1p5_chunks/merged_main_d256_b4_r2_u4_upair5g_lmmse_em3.summary.json
     receiver         variant dmrs_case  seed  training_seed  num_users  ebno_db  num_chunks chunk_indices  bit_errors  num_bits  block_errors  num_blocks  num_batches_run  point_elapsed_s  data_elapsed_s  receiver_elapsed_s      ber     bler  nmse       mc_stop_reason  target_bler_floor  bler_zero_error_upper_bound  ber_zero_error_upper_bound  receiver_ms_per_batch  receiver_ms_per_frame  reliable_ber  reliable_bler
upair5g_lmmse main_d256_b4_r2     1dmrs     7              7          4     -3.0           1             0      229836  15237120          1117        5120               20       161.513024       61.221514           81.739699 0.015084 0.218164   NaN isolated_chunk_merge                NaN                          NaN                         NaN            4086.984947              15.964785          True           True

--------------------------------------------------------------------------------
[PIPELINE] eval point variant=main_d256_b4_r2 receiver=upair5g_lmmse U=4 Eb/N0=-2
--------------------------------------------------------------------------------
[PIPELINE] status done=0 reason=continue chunks=0 batches=0 block_errors=0/100 next_chunk=0
2026-07-05 18:51:40.352756: E external/local_xla/xla/stream_executor/cuda/cuda_dnn.cc:9261] Unable to register cuDNN factory: Attempting to register factory for plugin cuDNN when one has already been registered
2026-07-05 18:51:40.352821: E external/local_xla/xla/stream_executor/cuda/cuda_fft.cc:607] Unable to register cuFFT factory: Attempting to register factory for plugin cuFFT when one has already been registered
2026-07-05 18:51:40.354136: E external/local_xla/xla/stream_executor/cuda/cuda_blas.cc:1515] Unable to register cuBLAS factory: Attempting to register factory for plugin cuBLAS when one has already been registered
[COMPREHENSIVE] loaded Optuna best JSON for main_d256_b4_r2 from /home/rsadve1/links/scratch/NewAblations_Fabel/optuna/clean_b32_prb8_d256_40k_smart_trueDMRS_u34610_1dmrs_stageB_main_d256_b4_r2_best_params.json
[ISO-CHUNK] variant: main_d256_b4_r2
[ISO-CHUNK] receiver: upair5g_lmmse
[ISO-CHUNK] num_users: 4
[ISO-CHUNK] ebno_db: -2.0
[ISO-CHUNK] chunk_idx: 0
[ISO-CHUNK] chunk_batches: 20
[ISO-CHUNK] receiver_microbatch_size: 8
[ISO-CHUNK] chunk_seed: 1671043
[ISO-CHUNK] checkpoint: /lustre10/scratch/rsadve1/NewAblations_Fabel/TWC_plots_comprehensive/runs_rx16/seed7/1dmrs/main_d256_b4_r2/checkpoints/best.weights.h5
[ISO-CHUNK] TF_GPU_ALLOCATOR: bfc
[ISO-CHUNK] output tag: main_d256_b4_r2_u4_upair5g_lmmse_ebnom2p0_chunk0000_m8_b20
[EVAL] receiver microbatching enabled: batch_size_eval=64 receiver_microbatch_size=8
WARNING:tensorflow:Model's `__init__()` arguments contain non-serializable objects. Please implement a `get_config()` method in the subclassed Model for proper saving and loading. Defaulting to empty config.
WARNING:tensorflow:Model's `__init__()` arguments contain non-serializable objects. Please implement a `get_config()` method in the subclassed Model for proper saving and loading. Defaulting to empty config.
[EVAL] loaded UPAIR checkpoint: /lustre10/scratch/rsadve1/NewAblations_Fabel/TWC_plots_comprehensive/runs_rx16/seed7/1dmrs/main_d256_b4_r2/checkpoints/best.weights.h5
[EVAL] skipping explicit NMSE channel-estimator calls for: upair5g_lmmse
[EVAL] instrumentation log_latency=True log_gpu_memory=True memory_cleanup_every_batches=1 memory_cleanup_every_microbatch=True stream_eval_microbatches=True compiled_receiver_error_counts=False receiver_call_jit_compile=False per_receiver_stopping=False target_bler_floor=1e-05 floor_num_frames=0 gpu_mem=0.10GiB peak=0.30GiB
[EVAL] receiver_call name=upair5g_lmmse mode=positional_y_no compiled_error_counts=False
[EVAL] progress num_users=4 Eb/N0=-2 dB batches=10/20 frame_err=upair5g_lmmse:221/2560 elapsed=79.9s avg_batch=7.991s gpu_mem=6.04GiB peak=6.24GiB
[EVAL] progress num_users=4 Eb/N0=-2 dB batches=20/20 frame_err=upair5g_lmmse:426/5120 elapsed=159.1s avg_batch=7.953s gpu_mem=11.82GiB peak=12.02GiB
[EVAL] receiver=           upair5g_lmmse Eb/N0=-2.0 dB BER=5.03514e-03 BLER=8.32031e-02 NMSE=nan bit_err= 76721/15237120 blk_err=  426/5120   batches=  20 stop=global_stop rx_time=80.51s rx_ms_batch=4025.3 rx_ms_frame=15.724 point_time=159.07s gpu_mem=11.82GiB peak=12.02GiB
[ISO-CHUNK] wrote: /home/rsadve1/links/scratch/NewAblations_Fabel/_gen_ds1p5_chunks/main_d256_b4_r2_u4_upair5g_lmmse_ebnom2p0_chunk0000_m8_b20/chunk_result.csv
[ISO-CHUNK] DONE
[PIPELINE] status done=1 reason=target_block_errors chunks=1 batches=20 block_errors=426/100 next_chunk=-1
[ISO-MERGE] chunks: 1
[ISO-MERGE] rows: 1
[ISO-MERGE] wrote: /home/rsadve1/links/scratch/NewAblations_Fabel/_gen_ds1p5_chunks/merged_main_d256_b4_r2_u4_upair5g_lmmse_em2.csv
[ISO-MERGE] wrote: /home/rsadve1/links/scratch/NewAblations_Fabel/_gen_ds1p5_chunks/merged_main_d256_b4_r2_u4_upair5g_lmmse_em2.summary.json
     receiver         variant dmrs_case  seed  training_seed  num_users  ebno_db  num_chunks chunk_indices  bit_errors  num_bits  block_errors  num_blocks  num_batches_run  point_elapsed_s  data_elapsed_s  receiver_elapsed_s      ber     bler  nmse       mc_stop_reason  target_bler_floor  bler_zero_error_upper_bound  ber_zero_error_upper_bound  receiver_ms_per_batch  receiver_ms_per_frame  reliable_ber  reliable_bler
upair5g_lmmse main_d256_b4_r2     1dmrs     7              7          4     -2.0           1             0       76721  15237120           426        5120               20       159.068055       60.110151           80.506585 0.005035 0.083203   NaN isolated_chunk_merge                NaN                          NaN                         NaN            4025.329228              15.723942          True           True

--------------------------------------------------------------------------------
[PIPELINE] eval point variant=main_d256_b4_r2 receiver=upair5g_lmmse U=4 Eb/N0=-1
--------------------------------------------------------------------------------
[PIPELINE] status done=0 reason=continue chunks=0 batches=0 block_errors=0/100 next_chunk=0
2026-07-05 18:54:35.697789: E external/local_xla/xla/stream_executor/cuda/cuda_dnn.cc:9261] Unable to register cuDNN factory: Attempting to register factory for plugin cuDNN when one has already been registered
2026-07-05 18:54:35.697841: E external/local_xla/xla/stream_executor/cuda/cuda_fft.cc:607] Unable to register cuFFT factory: Attempting to register factory for plugin cuFFT when one has already been registered
2026-07-05 18:54:35.699175: E external/local_xla/xla/stream_executor/cuda/cuda_blas.cc:1515] Unable to register cuBLAS factory: Attempting to register factory for plugin cuBLAS when one has already been registered
[COMPREHENSIVE] loaded Optuna best JSON for main_d256_b4_r2 from /home/rsadve1/links/scratch/NewAblations_Fabel/optuna/clean_b32_prb8_d256_40k_smart_trueDMRS_u34610_1dmrs_stageB_main_d256_b4_r2_best_params.json
[ISO-CHUNK] variant: main_d256_b4_r2
[ISO-CHUNK] receiver: upair5g_lmmse
[ISO-CHUNK] num_users: 4
[ISO-CHUNK] ebno_db: -1.0
[ISO-CHUNK] chunk_idx: 0
[ISO-CHUNK] chunk_batches: 20
[ISO-CHUNK] receiver_microbatch_size: 8
[ISO-CHUNK] chunk_seed: 1688043
[ISO-CHUNK] checkpoint: /lustre10/scratch/rsadve1/NewAblations_Fabel/TWC_plots_comprehensive/runs_rx16/seed7/1dmrs/main_d256_b4_r2/checkpoints/best.weights.h5
[ISO-CHUNK] TF_GPU_ALLOCATOR: bfc
[ISO-CHUNK] output tag: main_d256_b4_r2_u4_upair5g_lmmse_ebnom1p0_chunk0000_m8_b20
[EVAL] receiver microbatching enabled: batch_size_eval=64 receiver_microbatch_size=8
WARNING:tensorflow:Model's `__init__()` arguments contain non-serializable objects. Please implement a `get_config()` method in the subclassed Model for proper saving and loading. Defaulting to empty config.
WARNING:tensorflow:Model's `__init__()` arguments contain non-serializable objects. Please implement a `get_config()` method in the subclassed Model for proper saving and loading. Defaulting to empty config.
[EVAL] loaded UPAIR checkpoint: /lustre10/scratch/rsadve1/NewAblations_Fabel/TWC_plots_comprehensive/runs_rx16/seed7/1dmrs/main_d256_b4_r2/checkpoints/best.weights.h5
[EVAL] skipping explicit NMSE channel-estimator calls for: upair5g_lmmse
[EVAL] instrumentation log_latency=True log_gpu_memory=True memory_cleanup_every_batches=1 memory_cleanup_every_microbatch=True stream_eval_microbatches=True compiled_receiver_error_counts=False receiver_call_jit_compile=False per_receiver_stopping=False target_bler_floor=1e-05 floor_num_frames=0 gpu_mem=0.10GiB peak=0.30GiB
[EVAL] receiver_call name=upair5g_lmmse mode=positional_y_no compiled_error_counts=False
[EVAL] progress num_users=4 Eb/N0=-1 dB batches=10/20 frame_err=upair5g_lmmse:52/2560 elapsed=80.3s avg_batch=8.032s gpu_mem=6.04GiB peak=6.24GiB
[EVAL] progress num_users=4 Eb/N0=-1 dB batches=20/20 frame_err=upair5g_lmmse:115/5120 elapsed=159.6s avg_batch=7.982s gpu_mem=11.82GiB peak=12.02GiB
[EVAL] receiver=           upair5g_lmmse Eb/N0=-1.0 dB BER=1.21138e-03 BLER=2.24609e-02 NMSE=nan bit_err= 18458/15237120 blk_err=  115/5120   batches=  20 stop=global_stop rx_time=80.78s rx_ms_batch=4039.0 rx_ms_frame=15.777 point_time=159.63s gpu_mem=11.82GiB peak=12.02GiB
[ISO-CHUNK] wrote: /home/rsadve1/links/scratch/NewAblations_Fabel/_gen_ds1p5_chunks/main_d256_b4_r2_u4_upair5g_lmmse_ebnom1p0_chunk0000_m8_b20/chunk_result.csv
[ISO-CHUNK] DONE
[PIPELINE] status done=1 reason=target_block_errors chunks=1 batches=20 block_errors=115/100 next_chunk=-1
[ISO-MERGE] chunks: 1
[ISO-MERGE] rows: 1
[ISO-MERGE] wrote: /home/rsadve1/links/scratch/NewAblations_Fabel/_gen_ds1p5_chunks/merged_main_d256_b4_r2_u4_upair5g_lmmse_em1.csv
[ISO-MERGE] wrote: /home/rsadve1/links/scratch/NewAblations_Fabel/_gen_ds1p5_chunks/merged_main_d256_b4_r2_u4_upair5g_lmmse_em1.summary.json
     receiver         variant dmrs_case  seed  training_seed  num_users  ebno_db  num_chunks chunk_indices  bit_errors  num_bits  block_errors  num_blocks  num_batches_run  point_elapsed_s  data_elapsed_s  receiver_elapsed_s      ber     bler  nmse       mc_stop_reason  target_bler_floor  bler_zero_error_upper_bound  ber_zero_error_upper_bound  receiver_ms_per_batch  receiver_ms_per_frame  reliable_ber  reliable_bler
upair5g_lmmse main_d256_b4_r2     1dmrs     7              7          4     -1.0           1             0       18458  15237120           115        5120               20       159.633956       60.399487           80.779416 0.001211 0.022461   NaN isolated_chunk_merge                NaN                          NaN                         NaN             4038.97082               15.77723          True           True

--------------------------------------------------------------------------------
[PIPELINE] eval point variant=main_d256_b4_r2 receiver=upair5g_lmmse U=4 Eb/N0=0
--------------------------------------------------------------------------------
[PIPELINE] status done=0 reason=continue chunks=0 batches=0 block_errors=0/100 next_chunk=0
2026-07-05 18:57:31.800156: E external/local_xla/xla/stream_executor/cuda/cuda_dnn.cc:9261] Unable to register cuDNN factory: Attempting to register factory for plugin cuDNN when one has already been registered
2026-07-05 18:57:31.800215: E external/local_xla/xla/stream_executor/cuda/cuda_fft.cc:607] Unable to register cuFFT factory: Attempting to register factory for plugin cuFFT when one has already been registered
2026-07-05 18:57:31.801540: E external/local_xla/xla/stream_executor/cuda/cuda_blas.cc:1515] Unable to register cuBLAS factory: Attempting to register factory for plugin cuBLAS when one has already been registered
[COMPREHENSIVE] loaded Optuna best JSON for main_d256_b4_r2 from /home/rsadve1/links/scratch/NewAblations_Fabel/optuna/clean_b32_prb8_d256_40k_smart_trueDMRS_u34610_1dmrs_stageB_main_d256_b4_r2_best_params.json
[ISO-CHUNK] variant: main_d256_b4_r2
[ISO-CHUNK] receiver: upair5g_lmmse
[ISO-CHUNK] num_users: 4
[ISO-CHUNK] ebno_db: 0.0
[ISO-CHUNK] chunk_idx: 0
[ISO-CHUNK] chunk_batches: 20
[ISO-CHUNK] receiver_microbatch_size: 8
[ISO-CHUNK] chunk_seed: 1705043
[ISO-CHUNK] checkpoint: /lustre10/scratch/rsadve1/NewAblations_Fabel/TWC_plots_comprehensive/runs_rx16/seed7/1dmrs/main_d256_b4_r2/checkpoints/best.weights.h5
[ISO-CHUNK] TF_GPU_ALLOCATOR: bfc
[ISO-CHUNK] output tag: main_d256_b4_r2_u4_upair5g_lmmse_ebno0p0_chunk0000_m8_b20
[EVAL] receiver microbatching enabled: batch_size_eval=64 receiver_microbatch_size=8
WARNING:tensorflow:Model's `__init__()` arguments contain non-serializable objects. Please implement a `get_config()` method in the subclassed Model for proper saving and loading. Defaulting to empty config.
WARNING:tensorflow:Model's `__init__()` arguments contain non-serializable objects. Please implement a `get_config()` method in the subclassed Model for proper saving and loading. Defaulting to empty config.
[EVAL] loaded UPAIR checkpoint: /lustre10/scratch/rsadve1/NewAblations_Fabel/TWC_plots_comprehensive/runs_rx16/seed7/1dmrs/main_d256_b4_r2/checkpoints/best.weights.h5
[EVAL] skipping explicit NMSE channel-estimator calls for: upair5g_lmmse
[EVAL] instrumentation log_latency=True log_gpu_memory=True memory_cleanup_every_batches=1 memory_cleanup_every_microbatch=True stream_eval_microbatches=True compiled_receiver_error_counts=False receiver_call_jit_compile=False per_receiver_stopping=False target_bler_floor=1e-05 floor_num_frames=0 gpu_mem=0.10GiB peak=0.30GiB
[EVAL] receiver_call name=upair5g_lmmse mode=positional_y_no compiled_error_counts=False
[EVAL] progress num_users=4 Eb/N0=0 dB batches=10/20 frame_err=upair5g_lmmse:22/2560 elapsed=80.4s avg_batch=8.036s gpu_mem=6.11GiB peak=6.31GiB
[EVAL] progress num_users=4 Eb/N0=0 dB batches=20/20 frame_err=upair5g_lmmse:42/5120 elapsed=159.9s avg_batch=7.994s gpu_mem=12.10GiB peak=12.30GiB
[EVAL] receiver=           upair5g_lmmse Eb/N0= 0.0 dB BER=5.44722e-04 BLER=8.20313e-03 NMSE=nan bit_err=  8300/15237120 blk_err=   42/5120   batches=  20 stop=global_stop rx_time=80.87s rx_ms_batch=4043.6 rx_ms_frame=15.795 point_time=159.88s gpu_mem=12.10GiB peak=12.30GiB
[ISO-CHUNK] wrote: /home/rsadve1/links/scratch/NewAblations_Fabel/_gen_ds1p5_chunks/main_d256_b4_r2_u4_upair5g_lmmse_ebno0p0_chunk0000_m8_b20/chunk_result.csv
[ISO-CHUNK] DONE
[PIPELINE] status done=0 reason=continue chunks=1 batches=20 block_errors=42/100 next_chunk=1
2026-07-05 19:00:27.514622: E external/local_xla/xla/stream_executor/cuda/cuda_dnn.cc:9261] Unable to register cuDNN factory: Attempting to register factory for plugin cuDNN when one has already been registered
2026-07-05 19:00:27.514677: E external/local_xla/xla/stream_executor/cuda/cuda_fft.cc:607] Unable to register cuFFT factory: Attempting to register factory for plugin cuFFT when one has already been registered
2026-07-05 19:00:27.515988: E external/local_xla/xla/stream_executor/cuda/cuda_blas.cc:1515] Unable to register cuBLAS factory: Attempting to register factory for plugin cuBLAS when one has already been registered
[COMPREHENSIVE] loaded Optuna best JSON for main_d256_b4_r2 from /home/rsadve1/links/scratch/NewAblations_Fabel/optuna/clean_b32_prb8_d256_40k_smart_trueDMRS_u34610_1dmrs_stageB_main_d256_b4_r2_best_params.json
[ISO-CHUNK] variant: main_d256_b4_r2
[ISO-CHUNK] receiver: upair5g_lmmse
[ISO-CHUNK] num_users: 4
[ISO-CHUNK] ebno_db: 0.0
[ISO-CHUNK] chunk_idx: 1
[ISO-CHUNK] chunk_batches: 20
[ISO-CHUNK] receiver_microbatch_size: 8
[ISO-CHUNK] chunk_seed: 1805046
[ISO-CHUNK] checkpoint: /lustre10/scratch/rsadve1/NewAblations_Fabel/TWC_plots_comprehensive/runs_rx16/seed7/1dmrs/main_d256_b4_r2/checkpoints/best.weights.h5
[ISO-CHUNK] TF_GPU_ALLOCATOR: bfc
[ISO-CHUNK] output tag: main_d256_b4_r2_u4_upair5g_lmmse_ebno0p0_chunk0001_m8_b20
[EVAL] receiver microbatching enabled: batch_size_eval=64 receiver_microbatch_size=8
WARNING:tensorflow:Model's `__init__()` arguments contain non-serializable objects. Please implement a `get_config()` method in the subclassed Model for proper saving and loading. Defaulting to empty config.
WARNING:tensorflow:Model's `__init__()` arguments contain non-serializable objects. Please implement a `get_config()` method in the subclassed Model for proper saving and loading. Defaulting to empty config.
[EVAL] loaded UPAIR checkpoint: /lustre10/scratch/rsadve1/NewAblations_Fabel/TWC_plots_comprehensive/runs_rx16/seed7/1dmrs/main_d256_b4_r2/checkpoints/best.weights.h5
[EVAL] skipping explicit NMSE channel-estimator calls for: upair5g_lmmse
[EVAL] instrumentation log_latency=True log_gpu_memory=True memory_cleanup_every_batches=1 memory_cleanup_every_microbatch=True stream_eval_microbatches=True compiled_receiver_error_counts=False receiver_call_jit_compile=False per_receiver_stopping=False target_bler_floor=1e-05 floor_num_frames=0 gpu_mem=0.10GiB peak=0.30GiB
[EVAL] receiver_call name=upair5g_lmmse mode=positional_y_no compiled_error_counts=False
[EVAL] progress num_users=4 Eb/N0=0 dB batches=10/20 frame_err=upair5g_lmmse:21/2560 elapsed=81.0s avg_batch=8.103s gpu_mem=6.11GiB peak=6.31GiB
[EVAL] progress num_users=4 Eb/N0=0 dB batches=20/20 frame_err=upair5g_lmmse:42/5120 elapsed=160.2s avg_batch=8.012s gpu_mem=12.10GiB peak=12.30GiB
[EVAL] receiver=           upair5g_lmmse Eb/N0= 0.0 dB BER=3.01763e-04 BLER=8.20313e-03 NMSE=nan bit_err=  4598/15237120 blk_err=   42/5120   batches=  20 stop=global_stop rx_time=81.56s rx_ms_batch=4078.0 rx_ms_frame=15.930 point_time=160.23s gpu_mem=12.10GiB peak=12.30GiB
[ISO-CHUNK] wrote: /home/rsadve1/links/scratch/NewAblations_Fabel/_gen_ds1p5_chunks/main_d256_b4_r2_u4_upair5g_lmmse_ebno0p0_chunk0001_m8_b20/chunk_result.csv
[ISO-CHUNK] DONE
[PIPELINE] status done=0 reason=continue chunks=2 batches=40 block_errors=84/100 next_chunk=2
2026-07-05 19:03:23.146311: E external/local_xla/xla/stream_executor/cuda/cuda_dnn.cc:9261] Unable to register cuDNN factory: Attempting to register factory for plugin cuDNN when one has already been registered
2026-07-05 19:03:23.146364: E external/local_xla/xla/stream_executor/cuda/cuda_fft.cc:607] Unable to register cuFFT factory: Attempting to register factory for plugin cuFFT when one has already been registered
2026-07-05 19:03:23.147698: E external/local_xla/xla/stream_executor/cuda/cuda_blas.cc:1515] Unable to register cuBLAS factory: Attempting to register factory for plugin cuBLAS when one has already been registered
[COMPREHENSIVE] loaded Optuna best JSON for main_d256_b4_r2 from /home/rsadve1/links/scratch/NewAblations_Fabel/optuna/clean_b32_prb8_d256_40k_smart_trueDMRS_u34610_1dmrs_stageB_main_d256_b4_r2_best_params.json
[ISO-CHUNK] variant: main_d256_b4_r2
[ISO-CHUNK] receiver: upair5g_lmmse
[ISO-CHUNK] num_users: 4
[ISO-CHUNK] ebno_db: 0.0
[ISO-CHUNK] chunk_idx: 2
[ISO-CHUNK] chunk_batches: 20
[ISO-CHUNK] receiver_microbatch_size: 8
[ISO-CHUNK] chunk_seed: 1905049
[ISO-CHUNK] checkpoint: /lustre10/scratch/rsadve1/NewAblations_Fabel/TWC_plots_comprehensive/runs_rx16/seed7/1dmrs/main_d256_b4_r2/checkpoints/best.weights.h5
[ISO-CHUNK] TF_GPU_ALLOCATOR: bfc
[ISO-CHUNK] output tag: main_d256_b4_r2_u4_upair5g_lmmse_ebno0p0_chunk0002_m8_b20
[EVAL] receiver microbatching enabled: batch_size_eval=64 receiver_microbatch_size=8
WARNING:tensorflow:Model's `__init__()` arguments contain non-serializable objects. Please implement a `get_config()` method in the subclassed Model for proper saving and loading. Defaulting to empty config.
WARNING:tensorflow:Model's `__init__()` arguments contain non-serializable objects. Please implement a `get_config()` method in the subclassed Model for proper saving and loading. Defaulting to empty config.
[EVAL] loaded UPAIR checkpoint: /lustre10/scratch/rsadve1/NewAblations_Fabel/TWC_plots_comprehensive/runs_rx16/seed7/1dmrs/main_d256_b4_r2/checkpoints/best.weights.h5
[EVAL] skipping explicit NMSE channel-estimator calls for: upair5g_lmmse
[EVAL] instrumentation log_latency=True log_gpu_memory=True memory_cleanup_every_batches=1 memory_cleanup_every_microbatch=True stream_eval_microbatches=True compiled_receiver_error_counts=False receiver_call_jit_compile=False per_receiver_stopping=False target_bler_floor=1e-05 floor_num_frames=0 gpu_mem=0.10GiB peak=0.30GiB
[EVAL] receiver_call name=upair5g_lmmse mode=positional_y_no compiled_error_counts=False
