[ENV] Reusing portable venv: /home/rsadve1/scratch/.vevn_upair_potable
[ENV] Checking installed package metadata only; TensorFlow/Sionna are not imported here.
[ENV] Python 3.11.5
[ENV] numpy 1.26.4+computecanada
[ENV] pandas 2.2.3+computecanada
[ENV] matplotlib 3.10.0+computecanada
[ENV] PyYAML 6.0.2+computecanada
[ENV] scipy 1.15.1+computecanada
[ENV] tensorflow 2.15.1+computecanada
[ENV] sionna-no-rt 1.2.1
[ENV] optuna 4.8.0+computecanada
[ENV] Skipping TensorFlow/Sionna import check on this node. Set UPAIR_DEEP_IMPORT_CHECK=1 to test imports explicitly.
[ENV] Ready: REPO=/home/rsadve1/scratch/NewAblations_Fabel
[ENV] Ready: VENV=/home/rsadve1/scratch/.vevn_upair_potable
[ENV] Reusing portable venv: /home/rsadve1/scratch/.vevn_upair_potable
[ENV] Checking installed package metadata only; TensorFlow/Sionna are not imported here.
[ENV] Python 3.11.5
[ENV] numpy 1.26.4+computecanada
[ENV] pandas 2.2.3+computecanada
[ENV] matplotlib 3.10.0+computecanada
[ENV] PyYAML 6.0.2+computecanada
[ENV] scipy 1.15.1+computecanada
[ENV] tensorflow 2.15.1+computecanada
[ENV] sionna-no-rt 1.2.1
[ENV] optuna 4.8.0+computecanada
[ENV] Skipping TensorFlow/Sionna import check on this node. Set UPAIR_DEEP_IMPORT_CHECK=1 to test imports explicitly.
[ENV] Ready: REPO=/home/rsadve1/scratch/NewAblations_Fabel
[ENV] Ready: VENV=/home/rsadve1/scratch/.vevn_upair_potable
================================================================================
[PIPELINE] variant=width_light_d192_b4_r2
[PIPELINE] root=/home/rsadve1/scratch/NewAblations_Fabel
[PIPELINE] stageB_prefix=clean_b32_prb8_d256_40k_smart_trueDMRS_u34610_1dmrs_stageB
[PIPELINE] receivers=upair5g_lmmse
[PIPELINE] users=3
[PIPELINE] ebnos=-4,-3,-2,-1,0,1
[PIPELINE] chunk_batches=20 micro=8
================================================================================
[PIPELINE] training missing/incomplete for width_light_d192_b4_r2; running training-only resume.
2026-07-04 12:28:07.757256: E external/local_xla/xla/stream_executor/cuda/cuda_dnn.cc:9261] Unable to register cuDNN factory: Attempting to register factory for plugin cuDNN when one has already been registered
2026-07-04 12:28:07.757336: E external/local_xla/xla/stream_executor/cuda/cuda_fft.cc:607] Unable to register cuFFT factory: Attempting to register factory for plugin cuFFT when one has already been registered
2026-07-04 12:28:07.990209: E external/local_xla/xla/stream_executor/cuda/cuda_blas.cc:1515] Unable to register cuBLAS factory: Attempting to register factory for plugin cuBLAS when one has already been registered
[COMPREHENSIVE] loaded Optuna best JSON for width_light_d192_b4_r2 from /home/rsadve1/scratch/NewAblations_Fabel/optuna/clean_b32_prb8_d256_40k_smart_trueDMRS_u34610_1dmrs_stageB_width_light_d192_b4_r2_best_params.json
[TRAIN] loss_mode=nll_nmse (use_nll_loss=True)
[TRAIN] optimizer lr_schedule=cosine_decay learning_rate=0.000571292 weight_decay=9.65466e-06
[TRAIN] seeds active_seed=7 training_seed=7 evaluation_seed=1007
[TRAIN] starting from scratch
2026-07-04 12:29:05.174473: E tensorflow/core/grappler/optimizers/meta_optimizer.cc:961] layout failed: INVALID_ARGUMENT: Size of values 0 does not match size of permutation 4 @ fanin shape inaxial_block_0/dropout/dropout_2/SelectV2-2-TransposeNHWCToNCHW-LayoutOptimizer
WARNING: All log messages before absl::InitializeLog() is called are written to STDERR
I0000 00:00:1783182547.693854 3981252 device_compiler.h:186] Compiled cluster using XLA!  This line is logged at most once for the lifetime of the process.
[TRAIN] step=00001 loss=-0.81840 nmse_prop=0.14970 nmse_ls=0.14970 lr=5.713e-04 step_time=17.193s steps_per_s=0.058 gpu_mem=0.07GiB peak=5.49GiB
[TRAIN] step=00100 loss=-1.39077 nmse_prop=0.08739 nmse_ls=0.09460 lr=5.713e-04 step_time=0.562s steps_per_s=1.217 gpu_mem=0.13GiB peak=5.61GiB
[TRAIN] step=00200 loss=-1.29117 nmse_prop=0.09474 nmse_ls=0.11415 lr=5.713e-04 step_time=0.569s steps_per_s=1.552 gpu_mem=0.13GiB peak=5.61GiB
[TRAIN] step=00300 loss=-1.60226 nmse_prop=0.07232 nmse_ls=0.09261 lr=5.712e-04 step_time=0.571s steps_per_s=1.692 gpu_mem=0.13GiB peak=5.61GiB
[TRAIN] step=00400 loss=-1.67969 nmse_prop=0.06706 nmse_ls=0.09476 lr=5.712e-04 step_time=0.566s steps_per_s=1.769 gpu_mem=0.13GiB peak=5.61GiB
[TRAIN] step=00500 loss=-1.59214 nmse_prop=0.07362 nmse_ls=0.13365 lr=5.712e-04 step_time=0.440s steps_per_s=1.818 gpu_mem=0.13GiB peak=5.61GiB
[TRAIN] step=00600 loss=-2.51116 nmse_prop=0.03123 nmse_ls=0.04489 lr=5.711e-04 step_time=0.447s steps_per_s=1.864 gpu_mem=0.13GiB peak=5.61GiB
[TRAIN] step=00700 loss=-2.18561 nmse_prop=0.04227 nmse_ls=0.07986 lr=5.710e-04 step_time=0.452s steps_per_s=1.892 gpu_mem=0.13GiB peak=5.61GiB
[TRAIN] step=00800 loss=-2.55055 nmse_prop=0.03026 nmse_ls=0.05131 lr=5.709e-04 step_time=0.456s steps_per_s=1.909 gpu_mem=0.13GiB peak=5.61GiB
[TRAIN] step=00900 loss=-2.78211 nmse_prop=0.02485 nmse_ls=0.03491 lr=5.708e-04 step_time=0.569s steps_per_s=1.924 gpu_mem=0.13GiB peak=5.61GiB
[TRAIN] step=01000 loss=-2.17882 nmse_prop=0.04266 nmse_ls=0.11462 lr=5.707e-04 step_time=0.228s steps_per_s=1.933 gpu_mem=0.13GiB peak=5.61GiB
[TRAIN] saved resumable state at step=1000 reason=periodic: /scratch/rsadve1/NewAblations_Fabel/TWC_plots_comprehensive/runs_rx16/seed7/1dmrs/width_light_d192_b4_r2/checkpoints/training_state/ckpt-1000
[TRAIN] step=01100 loss=-2.39808 nmse_prop=0.03553 nmse_ls=0.07740 lr=5.706e-04 step_time=0.454s steps_per_s=1.938 gpu_mem=0.13GiB peak=5.61GiB
[TRAIN] step=01200 loss=-1.53151 nmse_prop=0.08274 nmse_ls=0.18506 lr=5.705e-04 step_time=0.574s steps_per_s=1.952 gpu_mem=0.13GiB peak=5.61GiB
[TRAIN] step=01300 loss=-2.13398 nmse_prop=0.04643 nmse_ls=0.09152 lr=5.704e-04 step_time=0.572s steps_per_s=1.959 gpu_mem=0.13GiB peak=5.61GiB
[TRAIN] step=01400 loss=-2.75325 nmse_prop=0.02583 nmse_ls=0.05593 lr=5.702e-04 step_time=0.339s steps_per_s=1.967 gpu_mem=0.13GiB peak=5.61GiB
[TRAIN] step=01500 loss=-1.86611 nmse_prop=0.06014 nmse_ls=0.13824 lr=5.701e-04 step_time=0.563s steps_per_s=1.973 gpu_mem=0.13GiB peak=5.61GiB
[TRAIN] step=01600 loss=-2.95315 nmse_prop=0.02183 nmse_ls=0.04174 lr=5.699e-04 step_time=0.453s steps_per_s=1.976 gpu_mem=0.13GiB peak=5.61GiB
[TRAIN] step=01700 loss=-2.67535 nmse_prop=0.02782 nmse_ls=0.06646 lr=5.697e-04 step_time=0.331s steps_per_s=1.981 gpu_mem=0.13GiB peak=5.61GiB
[TRAIN] step=01800 loss=-2.18265 nmse_prop=0.04353 nmse_ls=0.12326 lr=5.695e-04 step_time=0.458s steps_per_s=1.985 gpu_mem=0.13GiB peak=5.61GiB
[TRAIN] step=01900 loss=-2.16994 nmse_prop=0.04370 nmse_ls=0.13118 lr=5.693e-04 step_time=0.447s steps_per_s=1.985 gpu_mem=0.13GiB peak=5.61GiB
WARNING:tensorflow:Model's `__init__()` arguments contain non-serializable objects. Please implement a `get_config()` method in the subclassed Model for proper saving and loading. Defaulting to empty config.
WARNING:tensorflow:Model's `__init__()` arguments contain non-serializable objects. Please implement a `get_config()` method in the subclassed Model for proper saving and loading. Defaulting to empty config.
[TRAIN] saved new best weights at step=2000 val_nmse=0.0345664
[TRAIN] step=02000 loss=-1.72063 nmse_prop=0.06821 nmse_ls=0.17508 lr=5.691e-04 step_time=175.018s steps_per_s=1.698 gpu_mem=0.14GiB peak=5.61GiB
[TRAIN] saved resumable state at step=2000 reason=periodic: /scratch/rsadve1/NewAblations_Fabel/TWC_plots_comprehensive/runs_rx16/seed7/1dmrs/width_light_d192_b4_r2/checkpoints/training_state/ckpt-2000
[TRAIN] step=02100 loss=-2.75397 nmse_prop=0.02604 nmse_ls=0.05718 lr=5.689e-04 step_time=0.227s steps_per_s=1.711 gpu_mem=0.14GiB peak=5.62GiB
[TRAIN] step=02200 loss=-2.16998 nmse_prop=0.04487 nmse_ls=0.11093 lr=5.686e-04 step_time=0.563s steps_per_s=1.724 gpu_mem=0.14GiB peak=5.62GiB
[TRAIN] step=02300 loss=-2.71921 nmse_prop=0.02680 nmse_ls=0.05157 lr=5.684e-04 step_time=0.564s steps_per_s=1.735 gpu_mem=0.14GiB peak=5.62GiB
[TRAIN] step=02400 loss=-2.97591 nmse_prop=0.02128 nmse_ls=0.04022 lr=5.681e-04 step_time=0.448s steps_per_s=1.746 gpu_mem=0.14GiB peak=5.62GiB
[TRAIN] step=02500 loss=-2.62181 nmse_prop=0.02923 nmse_ls=0.06756 lr=5.679e-04 step_time=0.227s steps_per_s=1.757 gpu_mem=0.14GiB peak=5.62GiB
[TRAIN] step=02600 loss=-1.76504 nmse_prop=0.06316 nmse_ls=0.23678 lr=5.676e-04 step_time=0.451s steps_per_s=1.768 gpu_mem=0.14GiB peak=5.62GiB
[TRAIN] step=02700 loss=-2.55232 nmse_prop=0.03185 nmse_ls=0.06617 lr=5.673e-04 step_time=0.565s steps_per_s=1.776 gpu_mem=0.14GiB peak=5.62GiB
[TRAIN] step=02800 loss=-2.01018 nmse_prop=0.05203 nmse_ls=0.14618 lr=5.670e-04 step_time=0.573s steps_per_s=1.782 gpu_mem=0.14GiB peak=5.62GiB
[TRAIN] step=02900 loss=-1.91832 nmse_prop=0.05451 nmse_ls=0.20311 lr=5.667e-04 step_time=0.348s steps_per_s=1.791 gpu_mem=0.14GiB peak=5.62GiB
[TRAIN] step=03000 loss=-2.79139 nmse_prop=0.02544 nmse_ls=0.05125 lr=5.663e-04 step_time=0.564s steps_per_s=1.798 gpu_mem=0.14GiB peak=5.62GiB
[TRAIN] saved resumable state at step=3000 reason=periodic: /scratch/rsadve1/NewAblations_Fabel/TWC_plots_comprehensive/runs_rx16/seed7/1dmrs/width_light_d192_b4_r2/checkpoints/training_state/ckpt-3000
[TRAIN] step=03100 loss=-2.85501 nmse_prop=0.02314 nmse_ls=0.05403 lr=5.660e-04 step_time=0.450s steps_per_s=1.801 gpu_mem=0.14GiB peak=5.62GiB
[TRAIN] step=03200 loss=-2.40917 nmse_prop=0.03529 nmse_ls=0.10567 lr=5.657e-04 step_time=0.333s steps_per_s=1.809 gpu_mem=0.14GiB peak=5.62GiB
[TRAIN] step=03300 loss=-1.86350 nmse_prop=0.05750 nmse_ls=0.22011 lr=5.653e-04 step_time=0.443s steps_per_s=1.817 gpu_mem=0.14GiB peak=5.62GiB
[TRAIN] step=03400 loss=-2.74004 nmse_prop=0.02583 nmse_ls=0.06648 lr=5.649e-04 step_time=0.440s steps_per_s=1.823 gpu_mem=0.14GiB peak=5.62GiB
[TRAIN] step=03500 loss=-2.77699 nmse_prop=0.02562 nmse_ls=0.06142 lr=5.646e-04 step_time=0.445s steps_per_s=1.830 gpu_mem=0.14GiB peak=5.62GiB
[TRAIN] step=03600 loss=-2.83919 nmse_prop=0.02452 nmse_ls=0.05114 lr=5.642e-04 step_time=0.437s steps_per_s=1.836 gpu_mem=0.14GiB peak=5.62GiB
[TRAIN] step=03700 loss=-1.82442 nmse_prop=0.05986 nmse_ls=0.23158 lr=5.638e-04 step_time=0.436s steps_per_s=1.842 gpu_mem=0.14GiB peak=5.62GiB
[TRAIN] step=03800 loss=-3.10037 nmse_prop=0.01875 nmse_ls=0.03708 lr=5.634e-04 step_time=0.220s steps_per_s=1.848 gpu_mem=0.14GiB peak=5.62GiB
[TRAIN] step=03900 loss=-2.17940 nmse_prop=0.04425 nmse_ls=0.12590 lr=5.629e-04 step_time=0.544s steps_per_s=1.855 gpu_mem=0.14GiB peak=5.62GiB
WARNING:tensorflow:Model's `__init__()` arguments contain non-serializable objects. Please implement a `get_config()` method in the subclassed Model for proper saving and loading. Defaulting to empty config.
WARNING:tensorflow:Model's `__init__()` arguments contain non-serializable objects. Please implement a `get_config()` method in the subclassed Model for proper saving and loading. Defaulting to empty config.
[TRAIN] saved new best weights at step=4000 val_nmse=0.0335672
[TRAIN] step=04000 loss=-1.85482 nmse_prop=0.05827 nmse_ls=0.22991 lr=5.625e-04 step_time=166.508s steps_per_s=1.727 gpu_mem=0.14GiB peak=5.62GiB
[TRAIN] saved resumable state at step=4000 reason=periodic: /scratch/rsadve1/NewAblations_Fabel/TWC_plots_comprehensive/runs_rx16/seed7/1dmrs/width_light_d192_b4_r2/checkpoints/training_state/ckpt-4000
[TRAIN] step=04100 loss=-2.66074 nmse_prop=0.02769 nmse_ls=0.08154 lr=5.621e-04 step_time=0.329s steps_per_s=1.734 gpu_mem=0.14GiB peak=5.62GiB
[TRAIN] step=04200 loss=-2.56290 nmse_prop=0.03017 nmse_ls=0.08815 lr=5.616e-04 step_time=0.434s steps_per_s=1.742 gpu_mem=0.14GiB peak=5.62GiB
[TRAIN] step=04300 loss=-2.96494 nmse_prop=0.02173 nmse_ls=0.04241 lr=5.612e-04 step_time=0.553s steps_per_s=1.750 gpu_mem=0.14GiB peak=5.62GiB
[TRAIN] step=04400 loss=-1.85366 nmse_prop=0.05992 nmse_ls=0.19351 lr=5.607e-04 step_time=0.572s steps_per_s=1.757 gpu_mem=0.14GiB peak=5.62GiB
[TRAIN] step=04500 loss=-2.96656 nmse_prop=0.02225 nmse_ls=0.03932 lr=5.602e-04 step_time=0.551s steps_per_s=1.765 gpu_mem=0.14GiB peak=5.62GiB
[TRAIN] step=04600 loss=-2.66320 nmse_prop=0.02791 nmse_ls=0.07716 lr=5.597e-04 step_time=0.435s steps_per_s=1.771 gpu_mem=0.14GiB peak=5.62GiB
[TRAIN] step=04700 loss=-1.74516 nmse_prop=0.06577 nmse_ls=0.23105 lr=5.592e-04 step_time=0.550s steps_per_s=1.777 gpu_mem=0.14GiB peak=5.62GiB
[TRAIN] step=04800 loss=-2.67988 nmse_prop=0.02731 nmse_ls=0.06829 lr=5.587e-04 step_time=0.555s steps_per_s=1.782 gpu_mem=0.14GiB peak=5.62GiB
[TRAIN] step=04900 loss=-2.48315 nmse_prop=0.03252 nmse_ls=0.10383 lr=5.582e-04 step_time=0.331s steps_per_s=1.788 gpu_mem=0.14GiB peak=5.62GiB
[TRAIN] step=05000 loss=-2.87587 nmse_prop=0.02399 nmse_ls=0.05206 lr=5.576e-04 step_time=0.221s steps_per_s=1.794 gpu_mem=0.14GiB peak=5.62GiB
[TRAIN] saved resumable state at step=5000 reason=periodic: /scratch/rsadve1/NewAblations_Fabel/TWC_plots_comprehensive/runs_rx16/seed7/1dmrs/width_light_d192_b4_r2/checkpoints/training_state/ckpt-5000
[TRAIN] step=05100 loss=-2.84033 nmse_prop=0.02442 nmse_ls=0.05164 lr=5.571e-04 step_time=0.548s steps_per_s=1.799 gpu_mem=0.14GiB peak=5.62GiB
[TRAIN] step=05200 loss=-2.93577 nmse_prop=0.02194 nmse_ls=0.05287 lr=5.565e-04 step_time=0.329s steps_per_s=1.804 gpu_mem=0.14GiB peak=5.62GiB
[TRAIN] step=05300 loss=-1.93112 nmse_prop=0.05445 nmse_ls=0.21185 lr=5.559e-04 step_time=0.437s steps_per_s=1.809 gpu_mem=0.14GiB peak=5.62GiB
[TRAIN] step=05400 loss=-2.96764 nmse_prop=0.02157 nmse_ls=0.04445 lr=5.554e-04 step_time=0.554s steps_per_s=1.813 gpu_mem=0.14GiB peak=5.62GiB
[TRAIN] step=05500 loss=-2.09006 nmse_prop=0.04632 nmse_ls=0.18327 lr=5.548e-04 step_time=0.330s steps_per_s=1.817 gpu_mem=0.14GiB peak=5.62GiB
[TRAIN] step=05600 loss=-3.02709 nmse_prop=0.02115 nmse_ls=0.04433 lr=5.542e-04 step_time=0.330s steps_per_s=1.822 gpu_mem=0.14GiB peak=5.62GiB
[TRAIN] step=05700 loss=-1.94748 nmse_prop=0.05338 nmse_ls=0.19391 lr=5.536e-04 step_time=0.223s steps_per_s=1.825 gpu_mem=0.14GiB peak=5.62GiB
[TRAIN] step=05800 loss=-2.73557 nmse_prop=0.02686 nmse_ls=0.06238 lr=5.529e-04 step_time=0.563s steps_per_s=1.829 gpu_mem=0.14GiB peak=5.62GiB
[TRAIN] step=05900 loss=-3.20015 nmse_prop=0.01817 nmse_ls=0.03707 lr=5.523e-04 step_time=0.447s steps_per_s=1.833 gpu_mem=0.14GiB peak=5.62GiB
WARNING:tensorflow:Model's `__init__()` arguments contain non-serializable objects. Please implement a `get_config()` method in the subclassed Model for proper saving and loading. Defaulting to empty config.
WARNING:tensorflow:Model's `__init__()` arguments contain non-serializable objects. Please implement a `get_config()` method in the subclassed Model for proper saving and loading. Defaulting to empty config.
[TRAIN] saved new best weights at step=6000 val_nmse=0.0294863
[TRAIN] step=06000 loss=-3.17951 nmse_prop=0.01765 nmse_ls=0.03716 lr=5.517e-04 step_time=181.448s steps_per_s=1.740 gpu_mem=0.14GiB peak=5.62GiB
[TRAIN] saved resumable state at step=6000 reason=periodic: /scratch/rsadve1/NewAblations_Fabel/TWC_plots_comprehensive/runs_rx16/seed7/1dmrs/width_light_d192_b4_r2/checkpoints/training_state/ckpt-6000
[TRAIN] step=06100 loss=-1.75536 nmse_prop=0.06405 nmse_ls=0.24708 lr=5.510e-04 step_time=0.559s steps_per_s=1.744 gpu_mem=0.14GiB peak=5.62GiB
[TRAIN] step=06200 loss=-2.52444 nmse_prop=0.03137 nmse_ls=0.09969 lr=5.504e-04 step_time=0.439s steps_per_s=1.749 gpu_mem=0.14GiB peak=5.62GiB
[TRAIN] step=06300 loss=-2.07564 nmse_prop=0.04714 nmse_ls=0.19513 lr=5.497e-04 step_time=0.329s steps_per_s=1.754 gpu_mem=0.14GiB peak=5.62GiB
[TRAIN] step=06400 loss=-2.52398 nmse_prop=0.03130 nmse_ls=0.09195 lr=5.490e-04 step_time=0.552s steps_per_s=1.759 gpu_mem=0.14GiB peak=5.62GiB
[TRAIN] step=06500 loss=-2.96593 nmse_prop=0.02149 nmse_ls=0.04898 lr=5.483e-04 step_time=0.219s steps_per_s=1.763 gpu_mem=0.14GiB peak=5.62GiB
[TRAIN] step=06600 loss=-2.98835 nmse_prop=0.02142 nmse_ls=0.04947 lr=5.476e-04 step_time=0.431s steps_per_s=1.768 gpu_mem=0.14GiB peak=5.62GiB
[TRAIN] step=06700 loss=-2.35660 nmse_prop=0.03649 nmse_ls=0.12375 lr=5.469e-04 step_time=0.440s steps_per_s=1.771 gpu_mem=0.14GiB peak=5.62GiB
[TRAIN] step=06800 loss=-2.97192 nmse_prop=0.02171 nmse_ls=0.04630 lr=5.462e-04 step_time=0.550s steps_per_s=1.775 gpu_mem=0.14GiB peak=5.62GiB
[TRAIN] step=06900 loss=-2.10012 nmse_prop=0.04635 nmse_ls=0.16900 lr=5.454e-04 step_time=0.551s steps_per_s=1.779 gpu_mem=0.14GiB peak=5.62GiB
[TRAIN] step=07000 loss=-2.28012 nmse_prop=0.03921 nmse_ls=0.13293 lr=5.447e-04 step_time=0.545s steps_per_s=1.782 gpu_mem=0.14GiB peak=5.62GiB
[TRAIN] saved resumable state at step=7000 reason=periodic: /scratch/rsadve1/NewAblations_Fabel/TWC_plots_comprehensive/runs_rx16/seed7/1dmrs/width_light_d192_b4_r2/checkpoints/training_state/ckpt-7000
[TRAIN] step=07100 loss=-2.08046 nmse_prop=0.04726 nmse_ls=0.18477 lr=5.439e-04 step_time=0.321s steps_per_s=1.786 gpu_mem=0.14GiB peak=5.62GiB
[TRAIN] step=07200 loss=-1.81664 nmse_prop=0.06035 nmse_ls=0.25105 lr=5.432e-04 step_time=0.437s steps_per_s=1.790 gpu_mem=0.14GiB peak=5.62GiB
[TRAIN] step=07300 loss=-2.36662 nmse_prop=0.03651 nmse_ls=0.12266 lr=5.424e-04 step_time=0.436s steps_per_s=1.793 gpu_mem=0.14GiB peak=5.62GiB
[TRAIN] step=07400 loss=-2.90891 nmse_prop=0.02194 nmse_ls=0.05538 lr=5.416e-04 step_time=0.557s steps_per_s=1.797 gpu_mem=0.14GiB peak=5.62GiB
[TRAIN] step=07500 loss=-1.83857 nmse_prop=0.05871 nmse_ls=0.24631 lr=5.408e-04 step_time=0.225s steps_per_s=1.800 gpu_mem=0.14GiB peak=5.62GiB
[TRAIN] step=07600 loss=-2.83120 nmse_prop=0.02353 nmse_ls=0.06850 lr=5.400e-04 step_time=0.451s steps_per_s=1.804 gpu_mem=0.14GiB peak=5.62GiB
[TRAIN] step=07700 loss=-2.69753 nmse_prop=0.02698 nmse_ls=0.07691 lr=5.392e-04 step_time=0.448s steps_per_s=1.807 gpu_mem=0.14GiB peak=5.62GiB
[TRAIN] step=07800 loss=-3.04466 nmse_prop=0.01964 nmse_ls=0.04894 lr=5.384e-04 step_time=0.220s steps_per_s=1.810 gpu_mem=0.14GiB peak=5.62GiB
[TRAIN] step=07900 loss=-2.27550 nmse_prop=0.03917 nmse_ls=0.15400 lr=5.376e-04 step_time=0.334s steps_per_s=1.814 gpu_mem=0.14GiB peak=5.62GiB
WARNING:tensorflow:Model's `__init__()` arguments contain non-serializable objects. Please implement a `get_config()` method in the subclassed Model for proper saving and loading. Defaulting to empty config.
WARNING:tensorflow:Model's `__init__()` arguments contain non-serializable objects. Please implement a `get_config()` method in the subclassed Model for proper saving and loading. Defaulting to empty config.
[TRAIN] saved new best weights at step=8000 val_nmse=0.0290671
[TRAIN] step=08000 loss=-3.06254 nmse_prop=0.02007 nmse_ls=0.04293 lr=5.367e-04 step_time=166.670s steps_per_s=1.751 gpu_mem=0.14GiB peak=5.62GiB
[TRAIN] saved resumable state at step=8000 reason=periodic: /scratch/rsadve1/NewAblations_Fabel/TWC_plots_comprehensive/runs_rx16/seed7/1dmrs/width_light_d192_b4_r2/checkpoints/training_state/ckpt-8000
[TRAIN] step=08100 loss=-2.36499 nmse_prop=0.03641 nmse_ls=0.12592 lr=5.359e-04 step_time=0.437s steps_per_s=1.754 gpu_mem=0.14GiB peak=5.62GiB
[TRAIN] step=08200 loss=-1.99232 nmse_prop=0.05095 nmse_ls=0.20214 lr=5.350e-04 step_time=0.441s steps_per_s=1.758 gpu_mem=0.14GiB peak=5.62GiB
[TRAIN] step=08300 loss=-3.09575 nmse_prop=0.01978 nmse_ls=0.03913 lr=5.341e-04 step_time=0.544s steps_per_s=1.762 gpu_mem=0.14GiB peak=5.62GiB
[TRAIN] step=08400 loss=-2.01163 nmse_prop=0.05001 nmse_ls=0.19357 lr=5.333e-04 step_time=0.554s steps_per_s=1.765 gpu_mem=0.14GiB peak=5.62GiB
[TRAIN] step=08500 loss=-2.79859 nmse_prop=0.02522 nmse_ls=0.06783 lr=5.324e-04 step_time=0.439s steps_per_s=1.768 gpu_mem=0.14GiB peak=5.62GiB
[TRAIN] step=08600 loss=-2.63901 nmse_prop=0.02869 nmse_ls=0.08224 lr=5.315e-04 step_time=0.555s steps_per_s=1.772 gpu_mem=0.14GiB peak=5.62GiB
[TRAIN] step=08700 loss=-2.17016 nmse_prop=0.04356 nmse_ls=0.15765 lr=5.306e-04 step_time=0.546s steps_per_s=1.774 gpu_mem=0.14GiB peak=5.62GiB
[TRAIN] step=08800 loss=-2.96377 nmse_prop=0.02194 nmse_ls=0.04867 lr=5.297e-04 step_time=0.568s steps_per_s=1.778 gpu_mem=0.14GiB peak=5.62GiB
[TRAIN] step=08900 loss=-2.50694 nmse_prop=0.03260 nmse_ls=0.09841 lr=5.287e-04 step_time=0.326s steps_per_s=1.781 gpu_mem=0.14GiB peak=5.62GiB
[TRAIN] step=09000 loss=-2.69663 nmse_prop=0.02759 nmse_ls=0.07349 lr=5.278e-04 step_time=0.549s steps_per_s=1.784 gpu_mem=0.14GiB peak=5.62GiB
[TRAIN] saved resumable state at step=9000 reason=periodic: /scratch/rsadve1/NewAblations_Fabel/TWC_plots_comprehensive/runs_rx16/seed7/1dmrs/width_light_d192_b4_r2/checkpoints/training_state/ckpt-9000
[TRAIN] step=09100 loss=-3.04393 nmse_prop=0.02024 nmse_ls=0.04422 lr=5.268e-04 step_time=0.550s steps_per_s=1.786 gpu_mem=0.14GiB peak=5.62GiB
[TRAIN] step=09200 loss=-2.45030 nmse_prop=0.03371 nmse_ls=0.11705 lr=5.259e-04 step_time=0.438s steps_per_s=1.789 gpu_mem=0.14GiB peak=5.62GiB
[TRAIN] step=09300 loss=-2.36020 nmse_prop=0.03648 nmse_ls=0.13536 lr=5.249e-04 step_time=0.331s steps_per_s=1.792 gpu_mem=0.14GiB peak=5.62GiB
[TRAIN] step=09400 loss=-2.58758 nmse_prop=0.02996 nmse_ls=0.08561 lr=5.240e-04 step_time=0.222s steps_per_s=1.795 gpu_mem=0.14GiB peak=5.62GiB
[TRAIN] step=09500 loss=-2.27964 nmse_prop=0.03945 nmse_ls=0.14532 lr=5.230e-04 step_time=0.440s steps_per_s=1.798 gpu_mem=0.14GiB peak=5.62GiB
[TRAIN] step=09600 loss=-2.48840 nmse_prop=0.03272 nmse_ls=0.10916 lr=5.220e-04 step_time=0.433s steps_per_s=1.801 gpu_mem=0.14GiB peak=5.62GiB
[TRAIN] step=09700 loss=-2.83461 nmse_prop=0.02446 nmse_ls=0.05976 lr=5.210e-04 step_time=0.551s steps_per_s=1.803 gpu_mem=0.14GiB peak=5.62GiB
[TRAIN] step=09800 loss=-2.85162 nmse_prop=0.02349 nmse_ls=0.06081 lr=5.200e-04 step_time=0.222s steps_per_s=1.806 gpu_mem=0.14GiB peak=5.62GiB
[TRAIN] step=09900 loss=-2.64047 nmse_prop=0.02818 nmse_ls=0.08538 lr=5.190e-04 step_time=0.221s steps_per_s=1.809 gpu_mem=0.14GiB peak=5.62GiB
[TRAIN] step=10000 loss=-2.48006 nmse_prop=0.03248 nmse_ls=0.11577 lr=5.179e-04 step_time=163.376s steps_per_s=1.760 gpu_mem=0.14GiB peak=5.62GiB
[TRAIN] saved resumable state at step=10000 reason=periodic: /scratch/rsadve1/NewAblations_Fabel/TWC_plots_comprehensive/runs_rx16/seed7/1dmrs/width_light_d192_b4_r2/checkpoints/training_state/ckpt-10000
[TRAIN] step=10100 loss=-2.64258 nmse_prop=0.02760 nmse_ls=0.09535 lr=5.169e-04 step_time=0.443s steps_per_s=1.763 gpu_mem=0.14GiB peak=5.62GiB
[TRAIN] step=10200 loss=-2.60424 nmse_prop=0.02935 nmse_ls=0.09036 lr=5.158e-04 step_time=0.553s steps_per_s=1.766 gpu_mem=0.14GiB peak=5.62GiB
[TRAIN] step=10300 loss=-2.73194 nmse_prop=0.02672 nmse_ls=0.07699 lr=5.148e-04 step_time=0.435s steps_per_s=1.768 gpu_mem=0.14GiB peak=5.62GiB
[TRAIN] step=10400 loss=-3.03210 nmse_prop=0.02048 nmse_ls=0.04901 lr=5.137e-04 step_time=0.433s steps_per_s=1.771 gpu_mem=0.14GiB peak=5.62GiB
[TRAIN] step=10500 loss=-2.18157 nmse_prop=0.04312 nmse_ls=0.16182 lr=5.127e-04 step_time=0.554s steps_per_s=1.774 gpu_mem=0.14GiB peak=5.62GiB
[TRAIN] step=10600 loss=-2.73292 nmse_prop=0.02635 nmse_ls=0.07684 lr=5.116e-04 step_time=0.440s steps_per_s=1.777 gpu_mem=0.14GiB peak=5.62GiB
[TRAIN] step=10700 loss=-2.91282 nmse_prop=0.02348 nmse_ls=0.05129 lr=5.105e-04 step_time=0.554s steps_per_s=1.779 gpu_mem=0.14GiB peak=5.62GiB
[TRAIN] step=10800 loss=-2.56340 nmse_prop=0.02978 nmse_ls=0.10120 lr=5.094e-04 step_time=0.542s steps_per_s=1.782 gpu_mem=0.14GiB peak=5.62GiB
[TRAIN] step=10900 loss=-2.69177 nmse_prop=0.02722 nmse_ls=0.08019 lr=5.083e-04 step_time=0.543s steps_per_s=1.785 gpu_mem=0.14GiB peak=5.62GiB
[TRAIN] step=11000 loss=-2.23559 nmse_prop=0.04079 nmse_ls=0.15270 lr=5.072e-04 step_time=0.541s steps_per_s=1.788 gpu_mem=0.14GiB peak=5.62GiB
[TRAIN] saved resumable state at step=11000 reason=periodic: /scratch/rsadve1/NewAblations_Fabel/TWC_plots_comprehensive/runs_rx16/seed7/1dmrs/width_light_d192_b4_r2/checkpoints/training_state/ckpt-11000
[TRAIN] step=11100 loss=-2.52201 nmse_prop=0.03072 nmse_ls=0.11038 lr=5.060e-04 step_time=0.222s steps_per_s=1.790 gpu_mem=0.14GiB peak=5.62GiB
[TRAIN] step=11200 loss=-2.64660 nmse_prop=0.02878 nmse_ls=0.08867 lr=5.049e-04 step_time=0.324s steps_per_s=1.792 gpu_mem=0.14GiB peak=5.62GiB
[TRAIN] step=11300 loss=-2.10730 nmse_prop=0.04575 nmse_ls=0.19741 lr=5.038e-04 step_time=0.438s steps_per_s=1.794 gpu_mem=0.14GiB peak=5.62GiB
[TRAIN] step=11400 loss=-3.16899 nmse_prop=0.01876 nmse_ls=0.03668 lr=5.026e-04 step_time=0.550s steps_per_s=1.796 gpu_mem=0.14GiB peak=5.62GiB
[TRAIN] step=11500 loss=-2.51994 nmse_prop=0.03151 nmse_ls=0.10418 lr=5.015e-04 step_time=0.544s steps_per_s=1.799 gpu_mem=0.14GiB peak=5.62GiB
[TRAIN] step=11600 loss=-2.02497 nmse_prop=0.04968 nmse_ls=0.20691 lr=5.003e-04 step_time=0.546s steps_per_s=1.801 gpu_mem=0.14GiB peak=5.62GiB
[TRAIN] step=11700 loss=-3.17253 nmse_prop=0.01893 nmse_ls=0.03973 lr=4.991e-04 step_time=0.331s steps_per_s=1.804 gpu_mem=0.14GiB peak=5.62GiB
[TRAIN] step=11800 loss=-3.11139 nmse_prop=0.01953 nmse_ls=0.04076 lr=4.979e-04 step_time=0.552s steps_per_s=1.806 gpu_mem=0.14GiB peak=5.62GiB
[TRAIN] step=11900 loss=-2.84387 nmse_prop=0.02440 nmse_ls=0.05967 lr=4.968e-04 step_time=0.547s steps_per_s=1.808 gpu_mem=0.14GiB peak=5.62GiB
WARNING:tensorflow:Model's `__init__()` arguments contain non-serializable objects. Please implement a `get_config()` method in the subclassed Model for proper saving and loading. Defaulting to empty config.
WARNING:tensorflow:Model's `__init__()` arguments contain non-serializable objects. Please implement a `get_config()` method in the subclassed Model for proper saving and loading. Defaulting to empty config.
[TRAIN] saved new best weights at step=12000 val_nmse=0.0281646
[TRAIN] step=12000 loss=-2.23866 nmse_prop=0.04074 nmse_ls=0.15793 lr=4.956e-04 step_time=163.227s steps_per_s=1.767 gpu_mem=0.14GiB peak=5.62GiB
[TRAIN] saved resumable state at step=12000 reason=periodic: /scratch/rsadve1/NewAblations_Fabel/TWC_plots_comprehensive/runs_rx16/seed7/1dmrs/width_light_d192_b4_r2/checkpoints/training_state/ckpt-12000
[TRAIN] step=12100 loss=-2.80107 nmse_prop=0.02480 nmse_ls=0.06914 lr=4.944e-04 step_time=0.539s steps_per_s=1.769 gpu_mem=0.14GiB peak=5.62GiB
[TRAIN] step=12200 loss=-2.49261 nmse_prop=0.03194 nmse_ls=0.11195 lr=4.931e-04 step_time=0.547s steps_per_s=1.772 gpu_mem=0.14GiB peak=5.62GiB
[TRAIN] step=12300 loss=-3.05780 nmse_prop=0.02098 nmse_ls=0.04363 lr=4.919e-04 step_time=0.434s steps_per_s=1.774 gpu_mem=0.14GiB peak=5.62GiB
[TRAIN] step=12400 loss=-2.52606 nmse_prop=0.03194 nmse_ls=0.10176 lr=4.907e-04 step_time=0.436s steps_per_s=1.777 gpu_mem=0.14GiB peak=5.62GiB
[TRAIN] step=12500 loss=-3.03378 nmse_prop=0.02023 nmse_ls=0.04922 lr=4.894e-04 step_time=0.549s steps_per_s=1.779 gpu_mem=0.14GiB peak=5.62GiB
[TRAIN] step=12600 loss=-2.05818 nmse_prop=0.04831 nmse_ls=0.20939 lr=4.882e-04 step_time=0.464s steps_per_s=1.781 gpu_mem=0.14GiB peak=5.62GiB
[TRAIN] step=12700 loss=-3.04050 nmse_prop=0.01957 nmse_ls=0.05506 lr=4.869e-04 step_time=0.328s steps_per_s=1.784 gpu_mem=0.14GiB peak=5.62GiB
[TRAIN] step=12800 loss=-2.15539 nmse_prop=0.04367 nmse_ls=0.19373 lr=4.857e-04 step_time=0.436s steps_per_s=1.786 gpu_mem=0.14GiB peak=5.62GiB
[TRAIN] step=12900 loss=-2.44302 nmse_prop=0.03482 nmse_ls=0.11099 lr=4.844e-04 step_time=0.218s steps_per_s=1.788 gpu_mem=0.14GiB peak=5.62GiB
[TRAIN] step=13000 loss=-1.95355 nmse_prop=0.05285 nmse_ls=0.24751 lr=4.831e-04 step_time=0.435s steps_per_s=1.791 gpu_mem=0.14GiB peak=5.62GiB
[TRAIN] saved resumable state at step=13000 reason=periodic: /scratch/rsadve1/NewAblations_Fabel/TWC_plots_comprehensive/runs_rx16/seed7/1dmrs/width_light_d192_b4_r2/checkpoints/training_state/ckpt-13000
[TRAIN] step=13100 loss=-2.60487 nmse_prop=0.02869 nmse_ls=0.09666 lr=4.819e-04 step_time=0.550s steps_per_s=1.792 gpu_mem=0.14GiB peak=5.62GiB
[TRAIN] step=13200 loss=-2.17824 nmse_prop=0.04277 nmse_ls=0.17616 lr=4.806e-04 step_time=0.553s steps_per_s=1.794 gpu_mem=0.14GiB peak=5.62GiB
[TRAIN] step=13300 loss=-3.07619 nmse_prop=0.01975 nmse_ls=0.04757 lr=4.793e-04 step_time=0.437s steps_per_s=1.796 gpu_mem=0.14GiB peak=5.62GiB
[TRAIN] step=13400 loss=-2.82849 nmse_prop=0.02400 nmse_ls=0.06895 lr=4.780e-04 step_time=0.550s steps_per_s=1.798 gpu_mem=0.14GiB peak=5.62GiB
[TRAIN] step=13500 loss=-2.69171 nmse_prop=0.02666 nmse_ls=0.09472 lr=4.766e-04 step_time=0.322s steps_per_s=1.800 gpu_mem=0.14GiB peak=5.62GiB
[TRAIN] step=13600 loss=-3.04994 nmse_prop=0.02024 nmse_ls=0.04663 lr=4.753e-04 step_time=0.544s steps_per_s=1.802 gpu_mem=0.14GiB peak=5.62GiB
[TRAIN] step=13700 loss=-2.90833 nmse_prop=0.02293 nmse_ls=0.05823 lr=4.740e-04 step_time=0.546s steps_per_s=1.804 gpu_mem=0.14GiB peak=5.62GiB
[TRAIN] step=13800 loss=-2.43122 nmse_prop=0.03414 nmse_ls=0.11965 lr=4.727e-04 step_time=0.549s steps_per_s=1.806 gpu_mem=0.14GiB peak=5.62GiB
[TRAIN] step=13900 loss=-2.74096 nmse_prop=0.02517 nmse_ls=0.08472 lr=4.713e-04 step_time=0.220s steps_per_s=1.808 gpu_mem=0.14GiB peak=5.62GiB
WARNING:tensorflow:Model's `__init__()` arguments contain non-serializable objects. Please implement a `get_config()` method in the subclassed Model for proper saving and loading. Defaulting to empty config.
WARNING:tensorflow:Model's `__init__()` arguments contain non-serializable objects. Please implement a `get_config()` method in the subclassed Model for proper saving and loading. Defaulting to empty config.
[TRAIN] saved new best weights at step=14000 val_nmse=0.0276733
[TRAIN] step=14000 loss=-2.22229 nmse_prop=0.04152 nmse_ls=0.16083 lr=4.700e-04 step_time=160.850s steps_per_s=1.773 gpu_mem=0.14GiB peak=5.62GiB
[TRAIN] saved resumable state at step=14000 reason=periodic: /scratch/rsadve1/NewAblations_Fabel/TWC_plots_comprehensive/runs_rx16/seed7/1dmrs/width_light_d192_b4_r2/checkpoints/training_state/ckpt-14000
[TRAIN] step=14100 loss=-2.71777 nmse_prop=0.02650 nmse_ls=0.08694 lr=4.686e-04 step_time=0.436s steps_per_s=1.775 gpu_mem=0.14GiB peak=5.62GiB
[TRAIN] step=14200 loss=-2.97967 nmse_prop=0.02176 nmse_ls=0.05230 lr=4.673e-04 step_time=0.547s steps_per_s=1.777 gpu_mem=0.14GiB peak=5.62GiB
[TRAIN] step=14300 loss=-2.92363 nmse_prop=0.02269 nmse_ls=0.05660 lr=4.659e-04 step_time=0.547s steps_per_s=1.779 gpu_mem=0.14GiB peak=5.62GiB
[TRAIN] step=14400 loss=-2.95873 nmse_prop=0.02134 nmse_ls=0.06126 lr=4.645e-04 step_time=0.434s steps_per_s=1.781 gpu_mem=0.14GiB peak=5.62GiB
[TRAIN] step=14500 loss=-2.43087 nmse_prop=0.03413 nmse_ls=0.12318 lr=4.631e-04 step_time=0.544s steps_per_s=1.783 gpu_mem=0.14GiB peak=5.62GiB
[TRAIN] step=14600 loss=-3.22208 nmse_prop=0.01735 nmse_ls=0.03881 lr=4.617e-04 step_time=0.442s steps_per_s=1.786 gpu_mem=0.14GiB peak=5.62GiB
[TRAIN] step=14700 loss=-2.70076 nmse_prop=0.02675 nmse_ls=0.08269 lr=4.603e-04 step_time=0.531s steps_per_s=1.788 gpu_mem=0.14GiB peak=5.62GiB
[TRAIN] step=14800 loss=-3.12253 nmse_prop=0.01936 nmse_ls=0.04582 lr=4.589e-04 step_time=0.330s steps_per_s=1.790 gpu_mem=0.14GiB peak=5.62GiB
[TRAIN] step=14900 loss=-2.73098 nmse_prop=0.02636 nmse_ls=0.07797 lr=4.575e-04 step_time=0.552s steps_per_s=1.792 gpu_mem=0.14GiB peak=5.62GiB
[TRAIN] step=15000 loss=-3.12530 nmse_prop=0.01982 nmse_ls=0.03990 lr=4.561e-04 step_time=0.220s steps_per_s=1.794 gpu_mem=0.14GiB peak=5.62GiB
[TRAIN] saved resumable state at step=15000 reason=periodic: /scratch/rsadve1/NewAblations_Fabel/TWC_plots_comprehensive/runs_rx16/seed7/1dmrs/width_light_d192_b4_r2/checkpoints/training_state/ckpt-15000
[TRAIN] step=15100 loss=-3.20210 nmse_prop=0.01801 nmse_ls=0.03840 lr=4.547e-04 step_time=0.553s steps_per_s=1.795 gpu_mem=0.14GiB peak=5.62GiB
[TRAIN] step=15200 loss=-3.08906 nmse_prop=0.02065 nmse_ls=0.04582 lr=4.532e-04 step_time=0.437s steps_per_s=1.797 gpu_mem=0.14GiB peak=5.62GiB
[TRAIN] step=15300 loss=-3.04812 nmse_prop=0.01992 nmse_ls=0.05384 lr=4.518e-04 step_time=0.435s steps_per_s=1.799 gpu_mem=0.14GiB peak=5.62GiB
[TRAIN] step=15400 loss=-3.15860 nmse_prop=0.01931 nmse_ls=0.04042 lr=4.504e-04 step_time=0.330s steps_per_s=1.800 gpu_mem=0.14GiB peak=5.62GiB
[TRAIN] step=15500 loss=-2.20653 nmse_prop=0.04168 nmse_ls=0.18069 lr=4.489e-04 step_time=0.439s steps_per_s=1.802 gpu_mem=0.14GiB peak=5.62GiB
[TRAIN] step=15600 loss=-2.90415 nmse_prop=0.02297 nmse_ls=0.06466 lr=4.475e-04 step_time=0.327s steps_per_s=1.804 gpu_mem=0.14GiB peak=5.62GiB
[TRAIN] step=15700 loss=-3.29895 nmse_prop=0.01675 nmse_ls=0.03558 lr=4.460e-04 step_time=0.437s steps_per_s=1.805 gpu_mem=0.14GiB peak=5.62GiB
[TRAIN] step=15800 loss=-2.59859 nmse_prop=0.02935 nmse_ls=0.09824 lr=4.445e-04 step_time=0.539s steps_per_s=1.807 gpu_mem=0.14GiB peak=5.62GiB
[TRAIN] step=15900 loss=-3.07009 nmse_prop=0.02013 nmse_ls=0.05141 lr=4.431e-04 step_time=0.324s steps_per_s=1.809 gpu_mem=0.14GiB peak=5.62GiB
WARNING:tensorflow:Model's `__init__()` arguments contain non-serializable objects. Please implement a `get_config()` method in the subclassed Model for proper saving and loading. Defaulting to empty config.
WARNING:tensorflow:Model's `__init__()` arguments contain non-serializable objects. Please implement a `get_config()` method in the subclassed Model for proper saving and loading. Defaulting to empty config.
[TRAIN] saved new best weights at step=16000 val_nmse=0.0273551
[TRAIN] step=16000 loss=-2.87626 nmse_prop=0.02253 nmse_ls=0.07093 lr=4.416e-04 step_time=163.463s steps_per_s=1.778 gpu_mem=0.14GiB peak=5.62GiB
[TRAIN] saved resumable state at step=16000 reason=periodic: /scratch/rsadve1/NewAblations_Fabel/TWC_plots_comprehensive/runs_rx16/seed7/1dmrs/width_light_d192_b4_r2/checkpoints/training_state/ckpt-16000
[TRAIN] step=16100 loss=-2.98021 nmse_prop=0.02188 nmse_ls=0.05581 lr=4.401e-04 step_time=0.438s steps_per_s=1.779 gpu_mem=0.14GiB peak=5.62GiB
[TRAIN] step=16200 loss=-2.00170 nmse_prop=0.05054 nmse_ls=0.24270 lr=4.386e-04 step_time=0.434s steps_per_s=1.780 gpu_mem=0.14GiB peak=5.62GiB
[TRAIN] step=16300 loss=-2.37073 nmse_prop=0.03606 nmse_ls=0.13991 lr=4.371e-04 step_time=0.546s steps_per_s=1.782 gpu_mem=0.14GiB peak=5.62GiB
[TRAIN] step=16400 loss=-2.17572 nmse_prop=0.04323 nmse_ls=0.17825 lr=4.356e-04 step_time=0.544s steps_per_s=1.784 gpu_mem=0.14GiB peak=5.62GiB
[TRAIN] step=16500 loss=-3.10586 nmse_prop=0.01950 nmse_ls=0.04497 lr=4.341e-04 step_time=0.554s steps_per_s=1.785 gpu_mem=0.14GiB peak=5.62GiB
[TRAIN] step=16600 loss=-2.77733 nmse_prop=0.02497 nmse_ls=0.07640 lr=4.326e-04 step_time=0.549s steps_per_s=1.787 gpu_mem=0.14GiB peak=5.62GiB
[TRAIN] step=16700 loss=-3.26542 nmse_prop=0.01710 nmse_ls=0.03667 lr=4.311e-04 step_time=0.443s steps_per_s=1.789 gpu_mem=0.14GiB peak=5.62GiB
[TRAIN] step=16800 loss=-2.14521 nmse_prop=0.04422 nmse_ls=0.21369 lr=4.295e-04 step_time=0.330s steps_per_s=1.790 gpu_mem=0.14GiB peak=5.62GiB
[TRAIN] step=16900 loss=-2.20138 nmse_prop=0.04264 nmse_ls=0.17176 lr=4.280e-04 step_time=0.560s steps_per_s=1.792 gpu_mem=0.14GiB peak=5.62GiB
[TRAIN] step=17000 loss=-2.46990 nmse_prop=0.03319 nmse_ls=0.12347 lr=4.265e-04 step_time=0.442s steps_per_s=1.794 gpu_mem=0.14GiB peak=5.62GiB
[TRAIN] saved resumable state at step=17000 reason=periodic: /scratch/rsadve1/NewAblations_Fabel/TWC_plots_comprehensive/runs_rx16/seed7/1dmrs/width_light_d192_b4_r2/checkpoints/training_state/ckpt-17000
[TRAIN] step=17100 loss=-3.14353 nmse_prop=0.01945 nmse_ls=0.04414 lr=4.249e-04 step_time=0.330s steps_per_s=1.795 gpu_mem=0.14GiB peak=5.62GiB
[TRAIN] step=17200 loss=-2.49735 nmse_prop=0.03232 nmse_ls=0.11491 lr=4.234e-04 step_time=0.554s steps_per_s=1.796 gpu_mem=0.14GiB peak=5.62GiB
[TRAIN] step=17300 loss=-2.18218 nmse_prop=0.04272 nmse_ls=0.18126 lr=4.218e-04 step_time=0.553s steps_per_s=1.798 gpu_mem=0.14GiB peak=5.62GiB
[TRAIN] step=17400 loss=-2.04668 nmse_prop=0.04832 nmse_ls=0.22279 lr=4.203e-04 step_time=0.226s steps_per_s=1.799 gpu_mem=0.14GiB peak=5.62GiB
[TRAIN] step=17500 loss=-2.24221 nmse_prop=0.04028 nmse_ls=0.17696 lr=4.187e-04 step_time=0.444s steps_per_s=1.801 gpu_mem=0.14GiB peak=5.62GiB
[TRAIN] step=17600 loss=-2.35461 nmse_prop=0.03642 nmse_ls=0.15741 lr=4.171e-04 step_time=0.442s steps_per_s=1.802 gpu_mem=0.14GiB peak=5.62GiB
[TRAIN] step=17700 loss=-2.32114 nmse_prop=0.03769 nmse_ls=0.15402 lr=4.156e-04 step_time=0.555s steps_per_s=1.804 gpu_mem=0.14GiB peak=5.62GiB
[TRAIN] step=17800 loss=-1.96407 nmse_prop=0.05232 nmse_ls=0.24721 lr=4.140e-04 step_time=0.441s steps_per_s=1.805 gpu_mem=0.14GiB peak=5.62GiB
[TRAIN] step=17900 loss=-2.83714 nmse_prop=0.02452 nmse_ls=0.06657 lr=4.124e-04 step_time=0.560s steps_per_s=1.806 gpu_mem=0.14GiB peak=5.62GiB
WARNING:tensorflow:Model's `__init__()` arguments contain non-serializable objects. Please implement a `get_config()` method in the subclassed Model for proper saving and loading. Defaulting to empty config.
WARNING:tensorflow:Model's `__init__()` arguments contain non-serializable objects. Please implement a `get_config()` method in the subclassed Model for proper saving and loading. Defaulting to empty config.
[TRAIN] saved new best weights at step=18000 val_nmse=0.0259881
[TRAIN] step=18000 loss=-2.93064 nmse_prop=0.02192 nmse_ls=0.06565 lr=4.108e-04 step_time=165.574s steps_per_s=1.778 gpu_mem=0.14GiB peak=5.62GiB
[TRAIN] saved resumable state at step=18000 reason=periodic: /scratch/rsadve1/NewAblations_Fabel/TWC_plots_comprehensive/runs_rx16/seed7/1dmrs/width_light_d192_b4_r2/checkpoints/training_state/ckpt-18000
[TRAIN] step=18100 loss=-2.80018 nmse_prop=0.02436 nmse_ls=0.07871 lr=4.092e-04 step_time=0.552s steps_per_s=1.779 gpu_mem=0.14GiB peak=5.62GiB
[TRAIN] step=18200 loss=-2.53946 nmse_prop=0.03042 nmse_ls=0.11960 lr=4.076e-04 step_time=0.553s steps_per_s=1.780 gpu_mem=0.14GiB peak=5.62GiB
[TRAIN] step=18300 loss=-2.41356 nmse_prop=0.03459 nmse_ls=0.13588 lr=4.060e-04 step_time=0.555s steps_per_s=1.781 gpu_mem=0.14GiB peak=5.62GiB
[TRAIN] step=18400 loss=-3.15694 nmse_prop=0.01854 nmse_ls=0.04151 lr=4.044e-04 step_time=0.547s steps_per_s=1.783 gpu_mem=0.14GiB peak=5.62GiB
[TRAIN] step=18500 loss=-2.51786 nmse_prop=0.03153 nmse_ls=0.11781 lr=4.028e-04 step_time=0.555s steps_per_s=1.784 gpu_mem=0.14GiB peak=5.62GiB
[TRAIN] step=18600 loss=-3.18437 nmse_prop=0.01836 nmse_ls=0.04338 lr=4.012e-04 step_time=0.440s steps_per_s=1.786 gpu_mem=0.14GiB peak=5.62GiB
[TRAIN] step=18700 loss=-3.07148 nmse_prop=0.02028 nmse_ls=0.04734 lr=3.996e-04 step_time=0.554s steps_per_s=1.787 gpu_mem=0.14GiB peak=5.62GiB
[TRAIN] step=18800 loss=-2.43133 nmse_prop=0.03371 nmse_ls=0.13593 lr=3.980e-04 step_time=0.552s steps_per_s=1.789 gpu_mem=0.14GiB peak=5.62GiB
[TRAIN] step=18900 loss=-2.29804 nmse_prop=0.03883 nmse_ls=0.15651 lr=3.963e-04 step_time=0.441s steps_per_s=1.790 gpu_mem=0.14GiB peak=5.62GiB
[TRAIN] step=19000 loss=-2.91266 nmse_prop=0.02147 nmse_ls=0.07401 lr=3.947e-04 step_time=0.328s steps_per_s=1.791 gpu_mem=0.14GiB peak=5.62GiB
[TRAIN] saved resumable state at step=19000 reason=periodic: /scratch/rsadve1/NewAblations_Fabel/TWC_plots_comprehensive/runs_rx16/seed7/1dmrs/width_light_d192_b4_r2/checkpoints/training_state/ckpt-19000
[TRAIN] step=19100 loss=-2.67839 nmse_prop=0.02715 nmse_ls=0.09321 lr=3.931e-04 step_time=0.551s steps_per_s=1.792 gpu_mem=0.14GiB peak=5.62GiB
[TRAIN] step=19200 loss=-2.69259 nmse_prop=0.02667 nmse_ls=0.10099 lr=3.914e-04 step_time=0.329s steps_per_s=1.794 gpu_mem=0.14GiB peak=5.62GiB
[TRAIN] step=19300 loss=-3.01887 nmse_prop=0.02068 nmse_ls=0.05496 lr=3.898e-04 step_time=0.559s steps_per_s=1.795 gpu_mem=0.14GiB peak=5.62GiB
[TRAIN] step=19400 loss=-3.23898 nmse_prop=0.01710 nmse_ls=0.04132 lr=3.882e-04 step_time=0.439s steps_per_s=1.796 gpu_mem=0.14GiB peak=5.62GiB
[TRAIN] step=19500 loss=-2.71302 nmse_prop=0.02624 nmse_ls=0.09552 lr=3.865e-04 step_time=0.435s steps_per_s=1.798 gpu_mem=0.14GiB peak=5.62GiB
[TRAIN] step=19600 loss=-2.95029 nmse_prop=0.02138 nmse_ls=0.06103 lr=3.848e-04 step_time=0.220s steps_per_s=1.799 gpu_mem=0.14GiB peak=5.62GiB
[TRAIN] step=19700 loss=-2.96099 nmse_prop=0.02198 nmse_ls=0.05971 lr=3.832e-04 step_time=0.441s steps_per_s=1.800 gpu_mem=0.14GiB peak=5.62GiB
[TRAIN] step=19800 loss=-3.01387 nmse_prop=0.02172 nmse_ls=0.04971 lr=3.815e-04 step_time=0.545s steps_per_s=1.802 gpu_mem=0.14GiB peak=5.62GiB
[TRAIN] step=19900 loss=-2.82378 nmse_prop=0.02428 nmse_ls=0.07652 lr=3.799e-04 step_time=0.337s steps_per_s=1.804 gpu_mem=0.14GiB peak=5.62GiB
[TRAIN] step=20000 loss=-2.23470 nmse_prop=0.04026 nmse_ls=0.18664 lr=3.782e-04 step_time=159.157s steps_per_s=1.779 gpu_mem=0.14GiB peak=5.62GiB
[TRAIN] saved resumable state at step=20000 reason=periodic: /scratch/rsadve1/NewAblations_Fabel/TWC_plots_comprehensive/runs_rx16/seed7/1dmrs/width_light_d192_b4_r2/checkpoints/training_state/ckpt-20000
[TRAIN] step=20100 loss=-2.47389 nmse_prop=0.03288 nmse_ls=0.12219 lr=3.765e-04 step_time=0.550s steps_per_s=1.781 gpu_mem=0.14GiB peak=5.62GiB
[TRAIN] step=20200 loss=-2.41469 nmse_prop=0.03523 nmse_ls=0.12490 lr=3.748e-04 step_time=0.547s steps_per_s=1.782 gpu_mem=0.14GiB peak=5.62GiB
[TRAIN] step=20300 loss=-2.35430 nmse_prop=0.03676 nmse_ls=0.15842 lr=3.732e-04 step_time=0.326s steps_per_s=1.783 gpu_mem=0.14GiB peak=5.62GiB
[TRAIN] step=20400 loss=-3.07012 nmse_prop=0.01976 nmse_ls=0.04996 lr=3.715e-04 step_time=0.544s steps_per_s=1.785 gpu_mem=0.14GiB peak=5.62GiB
[TRAIN] step=20500 loss=-2.78422 nmse_prop=0.02596 nmse_ls=0.07154 lr=3.698e-04 step_time=0.436s steps_per_s=1.786 gpu_mem=0.14GiB peak=5.62GiB
[TRAIN] step=20600 loss=-2.73166 nmse_prop=0.02630 nmse_ls=0.08464 lr=3.681e-04 step_time=0.554s steps_per_s=1.787 gpu_mem=0.14GiB peak=5.62GiB
[TRAIN] step=20700 loss=-2.61061 nmse_prop=0.02907 nmse_ls=0.10397 lr=3.664e-04 step_time=0.553s steps_per_s=1.789 gpu_mem=0.14GiB peak=5.62GiB
[TRAIN] step=20800 loss=-2.26926 nmse_prop=0.03945 nmse_ls=0.17255 lr=3.647e-04 step_time=0.548s steps_per_s=1.790 gpu_mem=0.14GiB peak=5.62GiB
[TRAIN] step=20900 loss=-2.35237 nmse_prop=0.03666 nmse_ls=0.15324 lr=3.630e-04 step_time=0.548s steps_per_s=1.791 gpu_mem=0.14GiB peak=5.62GiB
[TRAIN] step=21000 loss=-3.17407 nmse_prop=0.01927 nmse_ls=0.04097 lr=3.613e-04 step_time=0.434s steps_per_s=1.793 gpu_mem=0.14GiB peak=5.62GiB
[TRAIN] saved resumable state at step=21000 reason=periodic: /scratch/rsadve1/NewAblations_Fabel/TWC_plots_comprehensive/runs_rx16/seed7/1dmrs/width_light_d192_b4_r2/checkpoints/training_state/ckpt-21000
[TRAIN] step=21100 loss=-2.78305 nmse_prop=0.02486 nmse_ls=0.08476 lr=3.596e-04 step_time=0.326s steps_per_s=1.794 gpu_mem=0.14GiB peak=5.62GiB
[TRAIN] step=21200 loss=-3.21173 nmse_prop=0.01834 nmse_ls=0.04014 lr=3.579e-04 step_time=0.440s steps_per_s=1.795 gpu_mem=0.14GiB peak=5.62GiB
[TRAIN] step=21300 loss=-2.21659 nmse_prop=0.04119 nmse_ls=0.18726 lr=3.562e-04 step_time=0.546s steps_per_s=1.797 gpu_mem=0.14GiB peak=5.62GiB
[TRAIN] step=21400 loss=-2.63662 nmse_prop=0.02778 nmse_ls=0.11295 lr=3.545e-04 step_time=0.430s steps_per_s=1.798 gpu_mem=0.14GiB peak=5.62GiB
[TRAIN] step=21500 loss=-2.19437 nmse_prop=0.04250 nmse_ls=0.19296 lr=3.528e-04 step_time=0.437s steps_per_s=1.799 gpu_mem=0.14GiB peak=5.62GiB
[TRAIN] step=21600 loss=-2.15281 nmse_prop=0.04420 nmse_ls=0.20549 lr=3.511e-04 step_time=0.431s steps_per_s=1.801 gpu_mem=0.14GiB peak=5.62GiB
[TRAIN] step=21700 loss=-2.86140 nmse_prop=0.02391 nmse_ls=0.06798 lr=3.494e-04 step_time=0.540s steps_per_s=1.802 gpu_mem=0.14GiB peak=5.62GiB
[TRAIN] step=21800 loss=-2.18636 nmse_prop=0.04235 nmse_ls=0.19280 lr=3.476e-04 step_time=0.550s steps_per_s=1.803 gpu_mem=0.14GiB peak=5.62GiB
[TRAIN] step=21900 loss=-3.12931 nmse_prop=0.02022 nmse_ls=0.04450 lr=3.459e-04 step_time=0.443s steps_per_s=1.805 gpu_mem=0.14GiB peak=5.62GiB
WARNING:tensorflow:Model's `__init__()` arguments contain non-serializable objects. Please implement a `get_config()` method in the subclassed Model for proper saving and loading. Defaulting to empty config.
WARNING:tensorflow:Model's `__init__()` arguments contain non-serializable objects. Please implement a `get_config()` method in the subclassed Model for proper saving and loading. Defaulting to empty config.
[TRAIN] saved new best weights at step=22000 val_nmse=0.0258029
[TRAIN] step=22000 loss=-2.71576 nmse_prop=0.02700 nmse_ls=0.08695 lr=3.442e-04 step_time=163.678s steps_per_s=1.782 gpu_mem=0.14GiB peak=5.62GiB
[TRAIN] saved resumable state at step=22000 reason=periodic: /scratch/rsadve1/NewAblations_Fabel/TWC_plots_comprehensive/runs_rx16/seed7/1dmrs/width_light_d192_b4_r2/checkpoints/training_state/ckpt-22000
[TRAIN] step=22100 loss=-2.29722 nmse_prop=0.03845 nmse_ls=0.16490 lr=3.425e-04 step_time=0.553s steps_per_s=1.783 gpu_mem=0.14GiB peak=5.62GiB
[TRAIN] step=22200 loss=-3.08175 nmse_prop=0.01978 nmse_ls=0.04942 lr=3.407e-04 step_time=0.547s steps_per_s=1.784 gpu_mem=0.14GiB peak=5.62GiB
[TRAIN] step=22300 loss=-2.77352 nmse_prop=0.02541 nmse_ls=0.08162 lr=3.390e-04 step_time=0.548s steps_per_s=1.785 gpu_mem=0.14GiB peak=5.62GiB
[TRAIN] step=22400 loss=-2.75316 nmse_prop=0.02550 nmse_ls=0.09122 lr=3.373e-04 step_time=0.441s steps_per_s=1.787 gpu_mem=0.14GiB peak=5.62GiB
[TRAIN] step=22500 loss=-2.95200 nmse_prop=0.02173 nmse_ls=0.06383 lr=3.356e-04 step_time=0.556s steps_per_s=1.788 gpu_mem=0.14GiB peak=5.62GiB
[TRAIN] step=22600 loss=-2.79912 nmse_prop=0.02449 nmse_ls=0.08159 lr=3.338e-04 step_time=0.538s steps_per_s=1.790 gpu_mem=0.14GiB peak=5.62GiB
[TRAIN] step=22700 loss=-2.94372 nmse_prop=0.02151 nmse_ls=0.06847 lr=3.321e-04 step_time=0.434s steps_per_s=1.791 gpu_mem=0.14GiB peak=5.62GiB
[TRAIN] step=22800 loss=-2.55493 nmse_prop=0.03138 nmse_ls=0.10980 lr=3.303e-04 step_time=0.437s steps_per_s=1.792 gpu_mem=0.14GiB peak=5.62GiB
[TRAIN] step=22900 loss=-2.15127 nmse_prop=0.04359 nmse_ls=0.20492 lr=3.286e-04 step_time=0.546s steps_per_s=1.793 gpu_mem=0.14GiB peak=5.62GiB
[TRAIN] step=23000 loss=-3.03029 nmse_prop=0.02038 nmse_ls=0.05871 lr=3.269e-04 step_time=0.440s steps_per_s=1.794 gpu_mem=0.14GiB peak=5.62GiB
[TRAIN] saved resumable state at step=23000 reason=periodic: /scratch/rsadve1/NewAblations_Fabel/TWC_plots_comprehensive/runs_rx16/seed7/1dmrs/width_light_d192_b4_r2/checkpoints/training_state/ckpt-23000
[TRAIN] step=23100 loss=-3.00446 nmse_prop=0.02118 nmse_ls=0.05618 lr=3.251e-04 step_time=0.530s steps_per_s=1.795 gpu_mem=0.14GiB peak=5.62GiB
[TRAIN] step=23200 loss=-3.23063 nmse_prop=0.01828 nmse_ls=0.03928 lr=3.234e-04 step_time=0.438s steps_per_s=1.796 gpu_mem=0.14GiB peak=5.62GiB
[TRAIN] step=23300 loss=-2.93163 nmse_prop=0.02217 nmse_ls=0.06555 lr=3.216e-04 step_time=0.544s steps_per_s=1.798 gpu_mem=0.14GiB peak=5.62GiB
[TRAIN] step=23400 loss=-2.99783 nmse_prop=0.02146 nmse_ls=0.05663 lr=3.199e-04 step_time=0.546s steps_per_s=1.799 gpu_mem=0.14GiB peak=5.62GiB
[TRAIN] step=23500 loss=-2.53769 nmse_prop=0.03079 nmse_ls=0.11802 lr=3.181e-04 step_time=0.548s steps_per_s=1.800 gpu_mem=0.14GiB peak=5.62GiB
[TRAIN] step=23600 loss=-2.22579 nmse_prop=0.04098 nmse_ls=0.19393 lr=3.164e-04 step_time=0.438s steps_per_s=1.801 gpu_mem=0.14GiB peak=5.62GiB
[TRAIN] step=23700 loss=-2.52292 nmse_prop=0.03146 nmse_ls=0.12034 lr=3.146e-04 step_time=0.550s steps_per_s=1.802 gpu_mem=0.14GiB peak=5.62GiB
[TRAIN] step=23800 loss=-3.02453 nmse_prop=0.02144 nmse_ls=0.05193 lr=3.129e-04 step_time=0.546s steps_per_s=1.803 gpu_mem=0.14GiB peak=5.62GiB
[TRAIN] step=23900 loss=-3.08856 nmse_prop=0.01963 nmse_ls=0.05679 lr=3.111e-04 step_time=0.325s steps_per_s=1.804 gpu_mem=0.14GiB peak=5.62GiB
[TRAIN] step=24000 loss=-3.17799 nmse_prop=0.01849 nmse_ls=0.04551 lr=3.094e-04 step_time=161.674s steps_per_s=1.784 gpu_mem=0.14GiB peak=5.62GiB
[TRAIN] saved resumable state at step=24000 reason=periodic: /scratch/rsadve1/NewAblations_Fabel/TWC_plots_comprehensive/runs_rx16/seed7/1dmrs/width_light_d192_b4_r2/checkpoints/training_state/ckpt-24000
[TRAIN] step=24100 loss=-2.33263 nmse_prop=0.03751 nmse_ls=0.16212 lr=3.076e-04 step_time=0.435s steps_per_s=1.784 gpu_mem=0.14GiB peak=5.62GiB
[TRAIN] step=24200 loss=-3.13696 nmse_prop=0.01885 nmse_ls=0.04784 lr=3.059e-04 step_time=0.547s steps_per_s=1.786 gpu_mem=0.14GiB peak=5.62GiB
[TRAIN] step=24300 loss=-2.07556 nmse_prop=0.04744 nmse_ls=0.22733 lr=3.041e-04 step_time=0.326s steps_per_s=1.787 gpu_mem=0.14GiB peak=5.62GiB
[TRAIN] step=24400 loss=-3.01894 nmse_prop=0.02089 nmse_ls=0.05718 lr=3.024e-04 step_time=0.543s steps_per_s=1.788 gpu_mem=0.14GiB peak=5.62GiB
[TRAIN] step=24500 loss=-2.80719 nmse_prop=0.02431 nmse_ls=0.08727 lr=3.006e-04 step_time=0.324s steps_per_s=1.789 gpu_mem=0.14GiB peak=5.62GiB
[TRAIN] step=24600 loss=-2.51679 nmse_prop=0.03133 nmse_ls=0.12992 lr=2.989e-04 step_time=0.437s steps_per_s=1.790 gpu_mem=0.14GiB peak=5.62GiB
[TRAIN] step=24700 loss=-3.21552 nmse_prop=0.01823 nmse_ls=0.04334 lr=2.971e-04 step_time=0.222s steps_per_s=1.791 gpu_mem=0.14GiB peak=5.62GiB
[TRAIN] step=24800 loss=-2.67558 nmse_prop=0.02720 nmse_ls=0.09784 lr=2.953e-04 step_time=0.552s steps_per_s=1.793 gpu_mem=0.14GiB peak=5.62GiB
[TRAIN] step=24900 loss=-3.12371 nmse_prop=0.01879 nmse_ls=0.04992 lr=2.936e-04 step_time=0.552s steps_per_s=1.794 gpu_mem=0.14GiB peak=5.62GiB
[TRAIN] step=25000 loss=-3.21479 nmse_prop=0.01799 nmse_ls=0.04151 lr=2.918e-04 step_time=0.435s steps_per_s=1.795 gpu_mem=0.14GiB peak=5.62GiB
[TRAIN] saved resumable state at step=25000 reason=periodic: /scratch/rsadve1/NewAblations_Fabel/TWC_plots_comprehensive/runs_rx16/seed7/1dmrs/width_light_d192_b4_r2/checkpoints/training_state/ckpt-25000
[TRAIN] step=25100 loss=-2.05671 nmse_prop=0.04819 nmse_ls=0.23382 lr=2.901e-04 step_time=0.542s steps_per_s=1.796 gpu_mem=0.14GiB peak=5.62GiB
[TRAIN] step=25200 loss=-2.17954 nmse_prop=0.04269 nmse_ls=0.20305 lr=2.883e-04 step_time=0.549s steps_per_s=1.797 gpu_mem=0.14GiB peak=5.62GiB
[TRAIN] step=25300 loss=-2.66954 nmse_prop=0.02798 nmse_ls=0.09882 lr=2.866e-04 step_time=0.437s steps_per_s=1.798 gpu_mem=0.14GiB peak=5.62GiB
[TRAIN] step=25400 loss=-3.04201 nmse_prop=0.02068 nmse_ls=0.05724 lr=2.848e-04 step_time=0.325s steps_per_s=1.799 gpu_mem=0.14GiB peak=5.62GiB
[TRAIN] step=25500 loss=-2.70897 nmse_prop=0.02742 nmse_ls=0.08554 lr=2.831e-04 step_time=0.551s steps_per_s=1.800 gpu_mem=0.14GiB peak=5.62GiB
[TRAIN] step=25600 loss=-2.99129 nmse_prop=0.02161 nmse_ls=0.05780 lr=2.813e-04 step_time=0.546s steps_per_s=1.801 gpu_mem=0.14GiB peak=5.62GiB
[TRAIN] step=25700 loss=-1.95762 nmse_prop=0.05270 nmse_ls=0.26129 lr=2.795e-04 step_time=0.545s steps_per_s=1.802 gpu_mem=0.14GiB peak=5.62GiB
[TRAIN] step=25800 loss=-2.10539 nmse_prop=0.04618 nmse_ls=0.21418 lr=2.778e-04 step_time=0.551s steps_per_s=1.803 gpu_mem=0.14GiB peak=5.62GiB
[TRAIN] step=25900 loss=-3.07248 nmse_prop=0.02105 nmse_ls=0.04757 lr=2.760e-04 step_time=0.538s steps_per_s=1.804 gpu_mem=0.14GiB peak=5.62GiB
[TRAIN] step=26000 loss=-2.53730 nmse_prop=0.03112 nmse_ls=0.13198 lr=2.743e-04 step_time=158.261s steps_per_s=1.786 gpu_mem=0.14GiB peak=5.62GiB
[TRAIN] saved resumable state at step=26000 reason=periodic: /scratch/rsadve1/NewAblations_Fabel/TWC_plots_comprehensive/runs_rx16/seed7/1dmrs/width_light_d192_b4_r2/checkpoints/training_state/ckpt-26000
[TRAIN] step=26100 loss=-2.13182 nmse_prop=0.04452 nmse_ls=0.21598 lr=2.725e-04 step_time=0.546s steps_per_s=1.786 gpu_mem=0.14GiB peak=5.62GiB
[TRAIN] step=26200 loss=-2.79976 nmse_prop=0.02435 nmse_ls=0.08832 lr=2.708e-04 step_time=0.439s steps_per_s=1.787 gpu_mem=0.14GiB peak=5.62GiB
[TRAIN] step=26300 loss=-2.75657 nmse_prop=0.02597 nmse_ls=0.08362 lr=2.690e-04 step_time=0.548s steps_per_s=1.788 gpu_mem=0.14GiB peak=5.62GiB
[TRAIN] step=26400 loss=-3.04153 nmse_prop=0.02037 nmse_ls=0.05678 lr=2.673e-04 step_time=0.546s steps_per_s=1.789 gpu_mem=0.14GiB peak=5.62GiB
[TRAIN] step=26500 loss=-2.60458 nmse_prop=0.02944 nmse_ls=0.11001 lr=2.655e-04 step_time=0.547s steps_per_s=1.791 gpu_mem=0.14GiB peak=5.62GiB
[TRAIN] step=26600 loss=-2.22072 nmse_prop=0.04140 nmse_ls=0.19289 lr=2.638e-04 step_time=0.434s steps_per_s=1.792 gpu_mem=0.14GiB peak=5.62GiB
[TRAIN] step=26700 loss=-2.73100 nmse_prop=0.02655 nmse_ls=0.09258 lr=2.620e-04 step_time=0.544s steps_per_s=1.793 gpu_mem=0.14GiB peak=5.62GiB
[TRAIN] step=26800 loss=-1.97853 nmse_prop=0.05172 nmse_ls=0.25580 lr=2.603e-04 step_time=0.552s steps_per_s=1.794 gpu_mem=0.14GiB peak=5.62GiB
[TRAIN] step=26900 loss=-2.51770 nmse_prop=0.03176 nmse_ls=0.12182 lr=2.585e-04 step_time=0.218s steps_per_s=1.795 gpu_mem=0.14GiB peak=5.62GiB
[TRAIN] step=27000 loss=-2.91063 nmse_prop=0.02319 nmse_ls=0.07007 lr=2.568e-04 step_time=0.324s steps_per_s=1.796 gpu_mem=0.14GiB peak=5.62GiB
[TRAIN] saved resumable state at step=27000 reason=periodic: /scratch/rsadve1/NewAblations_Fabel/TWC_plots_comprehensive/runs_rx16/seed7/1dmrs/width_light_d192_b4_r2/checkpoints/training_state/ckpt-27000
[TRAIN] step=27100 loss=-3.14968 nmse_prop=0.01859 nmse_ls=0.04793 lr=2.551e-04 step_time=0.538s steps_per_s=1.797 gpu_mem=0.14GiB peak=5.62GiB
[TRAIN] step=27200 loss=-2.83542 nmse_prop=0.02430 nmse_ls=0.07721 lr=2.533e-04 step_time=0.551s steps_per_s=1.798 gpu_mem=0.14GiB peak=5.62GiB
[TRAIN] step=27300 loss=-2.05239 nmse_prop=0.04810 nmse_ls=0.24405 lr=2.516e-04 step_time=0.548s steps_per_s=1.799 gpu_mem=0.14GiB peak=5.62GiB
[TRAIN] step=27400 loss=-2.55509 nmse_prop=0.03073 nmse_ls=0.12143 lr=2.498e-04 step_time=0.543s steps_per_s=1.800 gpu_mem=0.14GiB peak=5.62GiB
[TRAIN] step=27500 loss=-2.13063 nmse_prop=0.04495 nmse_ls=0.20335 lr=2.481e-04 step_time=0.211s steps_per_s=1.801 gpu_mem=0.14GiB peak=5.62GiB
[TRAIN] step=27600 loss=-1.98480 nmse_prop=0.05161 nmse_ls=0.25533 lr=2.464e-04 step_time=0.544s steps_per_s=1.802 gpu_mem=0.14GiB peak=5.62GiB
[TRAIN] step=27700 loss=-2.55970 nmse_prop=0.03008 nmse_ls=0.12653 lr=2.446e-04 step_time=0.322s steps_per_s=1.803 gpu_mem=0.14GiB peak=5.62GiB
[TRAIN] step=27800 loss=-2.88664 nmse_prop=0.02308 nmse_ls=0.06845 lr=2.429e-04 step_time=0.219s steps_per_s=1.804 gpu_mem=0.14GiB peak=5.62GiB
[TRAIN] step=27900 loss=-2.87926 nmse_prop=0.02342 nmse_ls=0.07310 lr=2.412e-04 step_time=0.547s steps_per_s=1.805 gpu_mem=0.14GiB peak=5.62GiB
[TRAIN] step=28000 loss=-2.05961 nmse_prop=0.04795 nmse_ls=0.22784 lr=2.395e-04 step_time=158.134s steps_per_s=1.788 gpu_mem=0.14GiB peak=5.62GiB
[TRAIN] saved resumable state at step=28000 reason=periodic: /scratch/rsadve1/NewAblations_Fabel/TWC_plots_comprehensive/runs_rx16/seed7/1dmrs/width_light_d192_b4_r2/checkpoints/training_state/ckpt-28000
[TRAIN] step=28100 loss=-2.36935 nmse_prop=0.03653 nmse_ls=0.15431 lr=2.377e-04 step_time=0.434s steps_per_s=1.788 gpu_mem=0.14GiB peak=5.62GiB
[TRAIN] step=28200 loss=-3.36580 nmse_prop=0.01571 nmse_ls=0.03860 lr=2.360e-04 step_time=0.327s steps_per_s=1.789 gpu_mem=0.14GiB peak=5.62GiB
[TRAIN] step=28300 loss=-2.91734 nmse_prop=0.02281 nmse_ls=0.06773 lr=2.343e-04 step_time=0.543s steps_per_s=1.790 gpu_mem=0.14GiB peak=5.62GiB
[TRAIN] step=28400 loss=-2.04736 nmse_prop=0.04830 nmse_ls=0.24427 lr=2.326e-04 step_time=0.554s steps_per_s=1.791 gpu_mem=0.14GiB peak=5.62GiB
[TRAIN] step=28500 loss=-2.78418 nmse_prop=0.02418 nmse_ls=0.09734 lr=2.309e-04 step_time=0.437s steps_per_s=1.792 gpu_mem=0.14GiB peak=5.62GiB
[TRAIN] step=28600 loss=-3.00947 nmse_prop=0.02103 nmse_ls=0.05961 lr=2.292e-04 step_time=0.553s steps_per_s=1.793 gpu_mem=0.14GiB peak=5.62GiB
[TRAIN] step=28700 loss=-3.10265 nmse_prop=0.01910 nmse_ls=0.05195 lr=2.274e-04 step_time=0.548s steps_per_s=1.794 gpu_mem=0.14GiB peak=5.62GiB
[TRAIN] step=28800 loss=-2.94587 nmse_prop=0.02163 nmse_ls=0.06731 lr=2.257e-04 step_time=0.542s steps_per_s=1.795 gpu_mem=0.14GiB peak=5.62GiB
[TRAIN] step=28900 loss=-2.62303 nmse_prop=0.02863 nmse_ls=0.11574 lr=2.240e-04 step_time=0.436s steps_per_s=1.796 gpu_mem=0.14GiB peak=5.62GiB
[TRAIN] step=29000 loss=-2.67601 nmse_prop=0.02722 nmse_ls=0.10291 lr=2.223e-04 step_time=0.434s steps_per_s=1.796 gpu_mem=0.14GiB peak=5.62GiB
[TRAIN] saved resumable state at step=29000 reason=periodic: /scratch/rsadve1/NewAblations_Fabel/TWC_plots_comprehensive/runs_rx16/seed7/1dmrs/width_light_d192_b4_r2/checkpoints/training_state/ckpt-29000
[TRAIN] step=29100 loss=-2.88648 nmse_prop=0.02223 nmse_ls=0.08484 lr=2.206e-04 step_time=0.330s steps_per_s=1.797 gpu_mem=0.14GiB peak=5.62GiB
[TRAIN] step=29200 loss=-2.37352 nmse_prop=0.03571 nmse_ls=0.17239 lr=2.189e-04 step_time=0.431s steps_per_s=1.798 gpu_mem=0.14GiB peak=5.62GiB
[TRAIN] step=29300 loss=-2.23487 nmse_prop=0.04068 nmse_ls=0.20903 lr=2.172e-04 step_time=0.330s steps_per_s=1.799 gpu_mem=0.14GiB peak=5.62GiB
[TRAIN] step=29400 loss=-2.11901 nmse_prop=0.04544 nmse_ls=0.22430 lr=2.155e-04 step_time=0.547s steps_per_s=1.800 gpu_mem=0.14GiB peak=5.62GiB
[TRAIN] step=29500 loss=-3.08805 nmse_prop=0.02002 nmse_ls=0.05546 lr=2.139e-04 step_time=0.433s steps_per_s=1.801 gpu_mem=0.14GiB peak=5.62GiB
[TRAIN] step=29600 loss=-2.78815 nmse_prop=0.02516 nmse_ls=0.08395 lr=2.122e-04 step_time=0.413s steps_per_s=1.802 gpu_mem=0.14GiB peak=5.62GiB
[TRAIN] step=29700 loss=-2.30876 nmse_prop=0.03767 nmse_ls=0.19392 lr=2.105e-04 step_time=0.325s steps_per_s=1.803 gpu_mem=0.14GiB peak=5.62GiB
[TRAIN] step=29800 loss=-2.17243 nmse_prop=0.04304 nmse_ls=0.20731 lr=2.088e-04 step_time=0.541s steps_per_s=1.804 gpu_mem=0.14GiB peak=5.62GiB
[TRAIN] step=29900 loss=-2.19624 nmse_prop=0.04245 nmse_ls=0.19608 lr=2.071e-04 step_time=0.546s steps_per_s=1.805 gpu_mem=0.14GiB peak=5.62GiB
WARNING:tensorflow:Model's `__init__()` arguments contain non-serializable objects. Please implement a `get_config()` method in the subclassed Model for proper saving and loading. Defaulting to empty config.
WARNING:tensorflow:Model's `__init__()` arguments contain non-serializable objects. Please implement a `get_config()` method in the subclassed Model for proper saving and loading. Defaulting to empty config.
[TRAIN] saved new best weights at step=30000 val_nmse=0.0249541
[TRAIN] step=30000 loss=-2.46966 nmse_prop=0.03269 nmse_ls=0.15035 lr=2.055e-04 step_time=161.223s steps_per_s=1.788 gpu_mem=0.14GiB peak=5.62GiB
[TRAIN] saved resumable state at step=30000 reason=periodic: /scratch/rsadve1/NewAblations_Fabel/TWC_plots_comprehensive/runs_rx16/seed7/1dmrs/width_light_d192_b4_r2/checkpoints/training_state/ckpt-30000
[TRAIN] step=30100 loss=-2.61812 nmse_prop=0.02880 nmse_ls=0.11750 lr=2.038e-04 step_time=0.329s steps_per_s=1.789 gpu_mem=0.14GiB peak=5.62GiB
[TRAIN] step=30200 loss=-2.36107 nmse_prop=0.03636 nmse_ls=0.16709 lr=2.021e-04 step_time=0.441s steps_per_s=1.790 gpu_mem=0.14GiB peak=5.62GiB
[TRAIN] step=30300 loss=-2.06682 nmse_prop=0.04733 nmse_ls=0.25468 lr=2.005e-04 step_time=0.319s steps_per_s=1.790 gpu_mem=0.14GiB peak=5.62GiB
[TRAIN] step=30400 loss=-3.12321 nmse_prop=0.01969 nmse_ls=0.04936 lr=1.988e-04 step_time=0.552s steps_per_s=1.791 gpu_mem=0.14GiB peak=5.62GiB
[TRAIN] step=30500 loss=-3.03699 nmse_prop=0.02039 nmse_ls=0.05903 lr=1.972e-04 step_time=0.537s steps_per_s=1.792 gpu_mem=0.14GiB peak=5.62GiB
[TRAIN] step=30600 loss=-2.70804 nmse_prop=0.02658 nmse_ls=0.10412 lr=1.955e-04 step_time=0.428s steps_per_s=1.793 gpu_mem=0.14GiB peak=5.62GiB
[TRAIN] step=30700 loss=-2.69125 nmse_prop=0.02717 nmse_ls=0.10429 lr=1.939e-04 step_time=0.442s steps_per_s=1.794 gpu_mem=0.14GiB peak=5.62GiB
[TRAIN] step=30800 loss=-3.17872 nmse_prop=0.01863 nmse_ls=0.04572 lr=1.922e-04 step_time=0.551s steps_per_s=1.795 gpu_mem=0.14GiB peak=5.62GiB
[TRAIN] step=30900 loss=-3.30165 nmse_prop=0.01657 nmse_ls=0.04016 lr=1.906e-04 step_time=0.547s steps_per_s=1.796 gpu_mem=0.14GiB peak=5.62GiB
[TRAIN] step=31000 loss=-2.52917 nmse_prop=0.03123 nmse_ls=0.12871 lr=1.889e-04 step_time=0.546s steps_per_s=1.797 gpu_mem=0.14GiB peak=5.62GiB
[TRAIN] saved resumable state at step=31000 reason=periodic: /scratch/rsadve1/NewAblations_Fabel/TWC_plots_comprehensive/runs_rx16/seed7/1dmrs/width_light_d192_b4_r2/checkpoints/training_state/ckpt-31000
[TRAIN] step=31100 loss=-2.77704 nmse_prop=0.02515 nmse_ls=0.09459 lr=1.873e-04 step_time=0.332s steps_per_s=1.798 gpu_mem=0.14GiB peak=5.62GiB
[TRAIN] step=31200 loss=-2.92683 nmse_prop=0.02246 nmse_ls=0.07174 lr=1.857e-04 step_time=0.435s steps_per_s=1.798 gpu_mem=0.14GiB peak=5.62GiB
2026-07-04 17:18:18.555031: E external/local_xla/xla/stream_executor/gpu/gpu_cudamallocasync_allocator.cc:306] gpu_async_0 cuMemAllocAsync failed to allocate 11010048 bytes: CUDA error: out of memory (CUDA_ERROR_OUT_OF_MEMORY)
 Reported by CUDA: Free memory/Total memory: 19202048/85017624576
2026-07-04 17:18:18.562682: E external/local_xla/xla/stream_executor/gpu/gpu_cudamallocasync_allocator.cc:311] Stats: Limit:                     82577784832
InUse:                      6023525045
MaxInUse:                   6034535081
NumAllocs:                   185535793
MaxAllocSize:                132120576
Reserved:                            0
PeakReserved:                        0
LargestFreeBlock:                    0

2026-07-04 17:18:18.563381: E external/local_xla/xla/stream_executor/gpu/gpu_cudamallocasync_allocator.cc:63] Histogram of current allocation: (allocation_size_in_bytes, nb_allocation_of_that_sizes), ...;
2026-07-04 17:18:18.563391: E external/local_xla/xla/stream_executor/gpu/gpu_cudamallocasync_allocator.cc:66] 1, 21
2026-07-04 17:18:18.563394: E external/local_xla/xla/stream_executor/gpu/gpu_cudamallocasync_allocator.cc:66] 4, 93897
2026-07-04 17:18:18.563397: E external/local_xla/xla/stream_executor/gpu/gpu_cudamallocasync_allocator.cc:66] 8, 72
2026-07-04 17:18:18.563400: E external/local_xla/xla/stream_executor/gpu/gpu_cudamallocasync_allocator.cc:66] 12, 50
2026-07-04 17:18:18.563402: E external/local_xla/xla/stream_executor/gpu/gpu_cudamallocasync_allocator.cc:66] 16, 5
2026-07-04 17:18:18.563405: E external/local_xla/xla/stream_executor/gpu/gpu_cudamallocasync_allocator.cc:66] 24, 6
2026-07-04 17:18:18.563407: E external/local_xla/xla/stream_executor/gpu/gpu_cudamallocasync_allocator.cc:66] 28, 8
2026-07-04 17:18:18.563416: E external/local_xla/xla/stream_executor/gpu/gpu_cudamallocasync_allocator.cc:66] 32, 1
2026-07-04 17:18:18.563419: E external/local_xla/xla/stream_executor/gpu/gpu_cudamallocasync_allocator.cc:66] 64, 10
2026-07-04 17:18:18.563421: E external/local_xla/xla/stream_executor/gpu/gpu_cudamallocasync_allocator.cc:66] 96, 20
2026-07-04 17:18:18.563424: E external/local_xla/xla/stream_executor/gpu/gpu_cudamallocasync_allocator.cc:66] 112, 6
2026-07-04 17:18:18.563426: E external/local_xla/xla/stream_executor/gpu/gpu_cudamallocasync_allocator.cc:66] 128, 5
2026-07-04 17:18:18.563429: E external/local_xla/xla/stream_executor/gpu/gpu_cudamallocasync_allocator.cc:66] 192, 20
2026-07-04 17:18:18.563431: E external/local_xla/xla/stream_executor/gpu/gpu_cudamallocasync_allocator.cc:66] 224, 2
2026-07-04 17:18:18.563434: E external/local_xla/xla/stream_executor/gpu/gpu_cudamallocasync_allocator.cc:66] 256, 3
2026-07-04 17:18:18.563436: E external/local_xla/xla/stream_executor/gpu/gpu_cudamallocasync_allocator.cc:66] 336, 2
2026-07-04 17:18:18.563438: E external/local_xla/xla/stream_executor/gpu/gpu_cudamallocasync_allocator.cc:66] 384, 10
2026-07-04 17:18:18.563441: E external/local_xla/xla/stream_executor/gpu/gpu_cudamallocasync_allocator.cc:66] 448, 2
2026-07-04 17:18:18.563443: E external/local_xla/xla/stream_executor/gpu/gpu_cudamallocasync_allocator.cc:66] 512, 3
2026-07-04 17:18:18.563446: E external/local_xla/xla/stream_executor/gpu/gpu_cudamallocasync_allocator.cc:66] 768, 267
2026-07-04 17:18:18.563448: E external/local_xla/xla/stream_executor/gpu/gpu_cudamallocasync_allocator.cc:66] 1028, 1
2026-07-04 17:18:18.563451: E external/local_xla/xla/stream_executor/gpu/gpu_cudamallocasync_allocator.cc:66] 1536, 26
2026-07-04 17:18:18.563453: E external/local_xla/xla/stream_executor/gpu/gpu_cudamallocasync_allocator.cc:66] 1920, 50
2026-07-04 17:18:18.563456: E external/local_xla/xla/stream_executor/gpu/gpu_cudamallocasync_allocator.cc:66] 2304, 1
2026-07-04 17:18:18.563458: E external/local_xla/xla/stream_executor/gpu/gpu_cudamallocasync_allocator.cc:66] 3072, 2
2026-07-04 17:18:18.563460: E external/local_xla/xla/stream_executor/gpu/gpu_cudamallocasync_allocator.cc:66] 5376, 11
2026-07-04 17:18:18.563463: E external/local_xla/xla/stream_executor/gpu/gpu_cudamallocasync_allocator.cc:66] 6144, 1
2026-07-04 17:18:18.563465: E external/local_xla/xla/stream_executor/gpu/gpu_cudamallocasync_allocator.cc:66] 6912, 16
2026-07-04 17:18:18.563468: E external/local_xla/xla/stream_executor/gpu/gpu_cudamallocasync_allocator.cc:66] 9216, 1
2026-07-04 17:18:18.563470: E external/local_xla/xla/stream_executor/gpu/gpu_cudamallocasync_allocator.cc:66] 10752, 4
2026-07-04 17:18:18.563473: E external/local_xla/xla/stream_executor/gpu/gpu_cudamallocasync_allocator.cc:66] 12288, 1
2026-07-04 17:18:18.563475: E external/local_xla/xla/stream_executor/gpu/gpu_cudamallocasync_allocator.cc:66] 16128, 2
2026-07-04 17:18:18.563477: E external/local_xla/xla/stream_executor/gpu/gpu_cudamallocasync_allocator.cc:66] 19968, 9
2026-07-04 17:18:18.563480: E external/local_xla/xla/stream_executor/gpu/gpu_cudamallocasync_allocator.cc:66] 21504, 4
2026-07-04 17:18:18.563482: E external/local_xla/xla/stream_executor/gpu/gpu_cudamallocasync_allocator.cc:66] 24576, 22
2026-07-04 17:18:18.563485: E external/local_xla/xla/stream_executor/gpu/gpu_cudamallocasync_allocator.cc:66] 30720, 4
2026-07-04 17:18:18.563487: E external/local_xla/xla/stream_executor/gpu/gpu_cudamallocasync_allocator.cc:66] 32256, 2
2026-07-04 17:18:18.563489: E external/local_xla/xla/stream_executor/gpu/gpu_cudamallocasync_allocator.cc:66] 39936, 2
2026-07-04 17:18:18.563492: E external/local_xla/xla/stream_executor/gpu/gpu_cudamallocasync_allocator.cc:66] 40960, 4
2026-07-04 17:18:18.563494: E external/local_xla/xla/stream_executor/gpu/gpu_cudamallocasync_allocator.cc:66] 43008, 2
2026-07-04 17:18:18.563497: E external/local_xla/xla/stream_executor/gpu/gpu_cudamallocasync_allocator.cc:66] 49152, 4
2026-07-04 17:18:18.563499: E external/local_xla/xla/stream_executor/gpu/gpu_cudamallocasync_allocator.cc:66] 59904, 1
2026-07-04 17:18:18.563503: E external/local_xla/xla/stream_executor/gpu/gpu_cudamallocasync_allocator.cc:66] 79872, 2
2026-07-04 17:18:18.563506: E external/local_xla/xla/stream_executor/gpu/gpu_cudamallocasync_allocator.cc:66] 97280, 4
2026-07-04 17:18:18.563508: E external/local_xla/xla/stream_executor/gpu/gpu_cudamallocasync_allocator.cc:66] 98304, 4
2026-07-04 17:18:18.563511: E external/local_xla/xla/stream_executor/gpu/gpu_cudamallocasync_allocator.cc:66] 119808, 1
2026-07-04 17:18:18.563513: E external/local_xla/xla/stream_executor/gpu/gpu_cudamallocasync_allocator.cc:66] 129792, 3
2026-07-04 17:18:18.563515: E external/local_xla/xla/stream_executor/gpu/gpu_cudamallocasync_allocator.cc:66] 147456, 152
2026-07-04 17:18:18.563518: E external/local_xla/xla/stream_executor/gpu/gpu_cudamallocasync_allocator.cc:66] 159744, 1
2026-07-04 17:18:18.563520: E external/local_xla/xla/stream_executor/gpu/gpu_cudamallocasync_allocator.cc:66] 172032, 33
2026-07-04 17:18:18.563523: E external/local_xla/xla/stream_executor/gpu/gpu_cudamallocasync_allocator.cc:66] 190464, 4
2026-07-04 17:18:18.563525: E external/local_xla/xla/stream_executor/gpu/gpu_cudamallocasync_allocator.cc:66] 194560, 4
2026-07-04 17:18:18.563528: E external/local_xla/xla/stream_executor/gpu/gpu_cudamallocasync_allocator.cc:66] 294912, 48
2026-07-04 17:18:18.563530: E external/local_xla/xla/stream_executor/gpu/gpu_cudamallocasync_allocator.cc:66] 602112, 4
2026-07-04 17:18:18.563532: E external/local_xla/xla/stream_executor/gpu/gpu_cudamallocasync_allocator.cc:66] 1376256, 1
2026-07-04 17:18:18.563535: E external/local_xla/xla/stream_executor/gpu/gpu_cudamallocasync_allocator.cc:66] 2408448, 4
2026-07-04 17:18:18.563537: E external/local_xla/xla/stream_executor/gpu/gpu_cudamallocasync_allocator.cc:66] 2752512, 6
2026-07-04 17:18:18.563540: E external/local_xla/xla/stream_executor/gpu/gpu_cudamallocasync_allocator.cc:66] 4128768, 5
2026-07-04 17:18:18.563542: E external/local_xla/xla/stream_executor/gpu/gpu_cudamallocasync_allocator.cc:66] 5505024, 4
2026-07-04 17:18:18.563545: E external/local_xla/xla/stream_executor/gpu/gpu_cudamallocasync_allocator.cc:66] 8257536, 18
2026-07-04 17:18:18.563547: E external/local_xla/xla/stream_executor/gpu/gpu_cudamallocasync_allocator.cc:66] 9633792, 8
2026-07-04 17:18:18.563550: E external/local_xla/xla/stream_executor/gpu/gpu_cudamallocasync_allocator.cc:66] 11010048, 16
2026-07-04 17:18:18.563552: E external/local_xla/xla/stream_executor/gpu/gpu_cudamallocasync_allocator.cc:66] 16515072, 8
2026-07-04 17:18:18.563554: E external/local_xla/xla/stream_executor/gpu/gpu_cudamallocasync_allocator.cc:66] 22020096, 1
2026-07-04 17:18:18.563557: E external/local_xla/xla/stream_executor/gpu/gpu_cudamallocasync_allocator.cc:66] 29073408, 1
2026-07-04 17:18:18.563559: E external/local_xla/xla/stream_executor/gpu/gpu_cudamallocasync_allocator.cc:66] 33030144, 113
2026-07-04 17:18:18.563562: E external/local_xla/xla/stream_executor/gpu/gpu_cudamallocasync_allocator.cc:66] 66060288, 24
2026-07-04 17:18:18.563567: E external/local_xla/xla/stream_executor/gpu/gpu_cudamallocasync_allocator.cc:97] CU_MEMPOOL_ATTR_RESERVED_MEM_CURRENT: 84288733184
2026-07-04 17:18:18.563571: E external/local_xla/xla/stream_executor/gpu/gpu_cudamallocasync_allocator.cc:99] CU_MEMPOOL_ATTR_USED_MEM_CURRENT: 6023525045
2026-07-04 17:18:18.563575: E external/local_xla/xla/stream_executor/gpu/gpu_cudamallocasync_allocator.cc:100] CU_MEMPOOL_ATTR_RESERVED_MEM_HIGH: 84288733184
2026-07-04 17:18:18.563578: E external/local_xla/xla/stream_executor/gpu/gpu_cudamallocasync_allocator.cc:101] CU_MEMPOOL_ATTR_USED_MEM_HIGH: 6034535081
2026-07-04 17:18:18.563894: E external/local_xla/xla/stream_executor/gpu/gpu_cudamallocasync_allocator.cc:306] gpu_async_0 cuMemAllocAsync failed to allocate 33030144 bytes: CUDA error: out of memory (CUDA_ERROR_OUT_OF_MEMORY)
 Reported by CUDA: Free memory/Total memory: 19202048/85017624576
2026-07-04 17:18:18.563903: E external/local_xla/xla/stream_executor/gpu/gpu_cudamallocasync_allocator.cc:311] Stats: Limit:                     82577784832
InUse:                      5968573629
MaxInUse:                   6034535081
NumAllocs:                   185535808
MaxAllocSize:                132120576
Reserved:                            0
PeakReserved:                        0
LargestFreeBlock:                    0

2026-07-04 17:18:18.564558: E external/local_xla/xla/stream_executor/gpu/gpu_cudamallocasync_allocator.cc:63] Histogram of current allocation: (allocation_size_in_bytes, nb_allocation_of_that_sizes), ...;
2026-07-04 17:18:18.564565: E external/local_xla/xla/stream_executor/gpu/gpu_cudamallocasync_allocator.cc:66] 1, 21
2026-07-04 17:18:18.564568: E external/local_xla/xla/stream_executor/gpu/gpu_cudamallocasync_allocator.cc:66] 4, 93899
2026-07-04 17:18:18.564570: E external/local_xla/xla/stream_executor/gpu/gpu_cudamallocasync_allocator.cc:66] 8, 72
2026-07-04 17:18:18.564573: E external/local_xla/xla/stream_executor/gpu/gpu_cudamallocasync_allocator.cc:66] 12, 50
2026-07-04 17:18:18.564575: E external/local_xla/xla/stream_executor/gpu/gpu_cudamallocasync_allocator.cc:66] 16, 5
2026-07-04 17:18:18.564578: E external/local_xla/xla/stream_executor/gpu/gpu_cudamallocasync_allocator.cc:66] 24, 6
2026-07-04 17:18:18.564580: E external/local_xla/xla/stream_executor/gpu/gpu_cudamallocasync_allocator.cc:66] 28, 8
2026-07-04 17:18:18.564582: E external/local_xla/xla/stream_executor/gpu/gpu_cudamallocasync_allocator.cc:66] 32, 1
2026-07-04 17:18:18.564584: E external/local_xla/xla/stream_executor/gpu/gpu_cudamallocasync_allocator.cc:66] 64, 10
2026-07-04 17:18:18.564587: E external/local_xla/xla/stream_executor/gpu/gpu_cudamallocasync_allocator.cc:66] 96, 20
2026-07-04 17:18:18.564589: E external/local_xla/xla/stream_executor/gpu/gpu_cudamallocasync_allocator.cc:66] 112, 6
2026-07-04 17:18:18.564591: E external/local_xla/xla/stream_executor/gpu/gpu_cudamallocasync_allocator.cc:66] 128, 5
2026-07-04 17:18:18.564594: E external/local_xla/xla/stream_executor/gpu/gpu_cudamallocasync_allocator.cc:66] 192, 20
2026-07-04 17:18:18.564596: E external/local_xla/xla/stream_executor/gpu/gpu_cudamallocasync_allocator.cc:66] 224, 2
2026-07-04 17:18:18.564598: E external/local_xla/xla/stream_executor/gpu/gpu_cudamallocasync_allocator.cc:66] 256, 3
2026-07-04 17:18:18.564601: E external/local_xla/xla/stream_executor/gpu/gpu_cudamallocasync_allocator.cc:66] 336, 2
2026-07-04 17:18:18.564603: E external/local_xla/xla/stream_executor/gpu/gpu_cudamallocasync_allocator.cc:66] 384, 10
2026-07-04 17:18:18.564605: E external/local_xla/xla/stream_executor/gpu/gpu_cudamallocasync_allocator.cc:66] 448, 2
2026-07-04 17:18:18.564608: E external/local_xla/xla/stream_executor/gpu/gpu_cudamallocasync_allocator.cc:66] 512, 4
2026-07-04 17:18:18.564610: E external/local_xla/xla/stream_executor/gpu/gpu_cudamallocasync_allocator.cc:66] 768, 267
2026-07-04 17:18:18.564612: E external/local_xla/xla/stream_executor/gpu/gpu_cudamallocasync_allocator.cc:66] 1028, 1
2026-07-04 17:18:18.564615: E external/local_xla/xla/stream_executor/gpu/gpu_cudamallocasync_allocator.cc:66] 1536, 26
2026-07-04 17:18:18.564617: E external/local_xla/xla/stream_executor/gpu/gpu_cudamallocasync_allocator.cc:66] 1920, 50
2026-07-04 17:18:18.564619: E external/local_xla/xla/stream_executor/gpu/gpu_cudamallocasync_allocator.cc:66] 2304, 1
2026-07-04 17:18:18.564622: E external/local_xla/xla/stream_executor/gpu/gpu_cudamallocasync_allocator.cc:66] 3072, 2
2026-07-04 17:18:18.564624: E external/local_xla/xla/stream_executor/gpu/gpu_cudamallocasync_allocator.cc:66] 5376, 11
2026-07-04 17:18:18.564626: E external/local_xla/xla/stream_executor/gpu/gpu_cudamallocasync_allocator.cc:66] 6144, 1
2026-07-04 17:18:18.564628: E external/local_xla/xla/stream_executor/gpu/gpu_cudamallocasync_allocator.cc:66] 6912, 16
2026-07-04 17:18:18.564631: E external/local_xla/xla/stream_executor/gpu/gpu_cudamallocasync_allocator.cc:66] 9216, 1
2026-07-04 17:18:18.564633: E external/local_xla/xla/stream_executor/gpu/gpu_cudamallocasync_allocator.cc:66] 10752, 4
2026-07-04 17:18:18.564635: E external/local_xla/xla/stream_executor/gpu/gpu_cudamallocasync_allocator.cc:66] 12288, 1
2026-07-04 17:18:18.564640: E external/local_xla/xla/stream_executor/gpu/gpu_cudamallocasync_allocator.cc:66] 16128, 2
2026-07-04 17:18:18.564642: E external/local_xla/xla/stream_executor/gpu/gpu_cudamallocasync_allocator.cc:66] 19968, 9
2026-07-04 17:18:18.564644: E external/local_xla/xla/stream_executor/gpu/gpu_cudamallocasync_allocator.cc:66] 21504, 4
2026-07-04 17:18:18.564647: E external/local_xla/xla/stream_executor/gpu/gpu_cudamallocasync_allocator.cc:66] 24576, 22
2026-07-04 17:18:18.564649: E external/local_xla/xla/stream_executor/gpu/gpu_cudamallocasync_allocator.cc:66] 30720, 4
2026-07-04 17:18:18.564651: E external/local_xla/xla/stream_executor/gpu/gpu_cudamallocasync_allocator.cc:66] 32256, 2
2026-07-04 17:18:18.564654: E external/local_xla/xla/stream_executor/gpu/gpu_cudamallocasync_allocator.cc:66] 39936, 2
2026-07-04 17:18:18.564656: E external/local_xla/xla/stream_executor/gpu/gpu_cudamallocasync_allocator.cc:66] 40960, 4
2026-07-04 17:18:18.564658: E external/local_xla/xla/stream_executor/gpu/gpu_cudamallocasync_allocator.cc:66] 43008, 2
2026-07-04 17:18:18.564661: E external/local_xla/xla/stream_executor/gpu/gpu_cudamallocasync_allocator.cc:66] 49152, 4
2026-07-04 17:18:18.564663: E external/local_xla/xla/stream_executor/gpu/gpu_cudamallocasync_allocator.cc:66] 59904, 1
2026-07-04 17:18:18.564665: E external/local_xla/xla/stream_executor/gpu/gpu_cudamallocasync_allocator.cc:66] 79872, 2
2026-07-04 17:18:18.564667: E external/local_xla/xla/stream_executor/gpu/gpu_cudamallocasync_allocator.cc:66] 97280, 4
2026-07-04 17:18:18.564670: E external/local_xla/xla/stream_executor/gpu/gpu_cudamallocasync_allocator.cc:66] 98304, 5
2026-07-04 17:18:18.564672: E external/local_xla/xla/stream_executor/gpu/gpu_cudamallocasync_allocator.cc:66] 119808, 1
2026-07-04 17:18:18.564674: E external/local_xla/xla/stream_executor/gpu/gpu_cudamallocasync_allocator.cc:66] 129792, 3
2026-07-04 17:18:18.564677: E external/local_xla/xla/stream_executor/gpu/gpu_cudamallocasync_allocator.cc:66] 147456, 152
2026-07-04 17:18:18.564679: E external/local_xla/xla/stream_executor/gpu/gpu_cudamallocasync_allocator.cc:66] 159744, 1
2026-07-04 17:18:18.564681: E external/local_xla/xla/stream_executor/gpu/gpu_cudamallocasync_allocator.cc:66] 172032, 33
2026-07-04 17:18:18.564684: E external/local_xla/xla/stream_executor/gpu/gpu_cudamallocasync_allocator.cc:66] 190464, 4
2026-07-04 17:18:18.564686: E external/local_xla/xla/stream_executor/gpu/gpu_cudamallocasync_allocator.cc:66] 194560, 4
2026-07-04 17:18:18.564688: E external/local_xla/xla/stream_executor/gpu/gpu_cudamallocasync_allocator.cc:66] 294912, 48
2026-07-04 17:18:18.564691: E external/local_xla/xla/stream_executor/gpu/gpu_cudamallocasync_allocator.cc:66] 602112, 4
2026-07-04 17:18:18.564693: E external/local_xla/xla/stream_executor/gpu/gpu_cudamallocasync_allocator.cc:66] 1376256, 1
2026-07-04 17:18:18.564695: E external/local_xla/xla/stream_executor/gpu/gpu_cudamallocasync_allocator.cc:66] 2408448, 4
2026-07-04 17:18:18.564698: E external/local_xla/xla/stream_executor/gpu/gpu_cudamallocasync_allocator.cc:66] 2752512, 6
2026-07-04 17:18:18.564700: E external/local_xla/xla/stream_executor/gpu/gpu_cudamallocasync_allocator.cc:66] 4128768, 5
2026-07-04 17:18:18.564702: E external/local_xla/xla/stream_executor/gpu/gpu_cudamallocasync_allocator.cc:66] 5505024, 4
2026-07-04 17:18:18.564705: E external/local_xla/xla/stream_executor/gpu/gpu_cudamallocasync_allocator.cc:66] 8257536, 18
2026-07-04 17:18:18.564707: E external/local_xla/xla/stream_executor/gpu/gpu_cudamallocasync_allocator.cc:66] 9633792, 8
2026-07-04 17:18:18.564709: E external/local_xla/xla/stream_executor/gpu/gpu_cudamallocasync_allocator.cc:66] 11010048, 9
2026-07-04 17:18:18.564711: E external/local_xla/xla/stream_executor/gpu/gpu_cudamallocasync_allocator.cc:66] 16515072, 8
2026-07-04 17:18:18.564714: E external/local_xla/xla/stream_executor/gpu/gpu_cudamallocasync_allocator.cc:66] 22020096, 2
2026-07-04 17:18:18.564716: E external/local_xla/xla/stream_executor/gpu/gpu_cudamallocasync_allocator.cc:66] 29073408, 1
2026-07-04 17:18:18.564719: E external/local_xla/xla/stream_executor/gpu/gpu_cudamallocasync_allocator.cc:66] 33030144, 113
2026-07-04 17:18:18.564722: E external/local_xla/xla/stream_executor/gpu/gpu_cudamallocasync_allocator.cc:66] 66060288, 24
2026-07-04 17:18:18.564725: E external/local_xla/xla/stream_executor/gpu/gpu_cudamallocasync_allocator.cc:97] CU_MEMPOOL_ATTR_RESERVED_MEM_CURRENT: 84288733184
2026-07-04 17:18:18.564728: E external/local_xla/xla/stream_executor/gpu/gpu_cudamallocasync_allocator.cc:99] CU_MEMPOOL_ATTR_USED_MEM_CURRENT: 5968573629
2026-07-04 17:18:18.564731: E external/local_xla/xla/stream_executor/gpu/gpu_cudamallocasync_allocator.cc:100] CU_MEMPOOL_ATTR_RESERVED_MEM_HIGH: 84288733184
2026-07-04 17:18:18.564734: E external/local_xla/xla/stream_executor/gpu/gpu_cudamallocasync_allocator.cc:101] CU_MEMPOOL_ATTR_USED_MEM_HIGH: 6034535081
[TRAIN] saved resumable state at step=31228 reason=resource_exhausted: /scratch/rsadve1/NewAblations_Fabel/TWC_plots_comprehensive/runs_rx16/seed7/1dmrs/width_light_d192_b4_r2/checkpoints/training_state/ckpt-31228
Traceback (most recent call last):
  File "/home/rsadve1/scratch/NewAblations_Fabel/scripts/run_comprehensive_mu32_ablation.py", line 758, in <module>
    main()
  File "/home/rsadve1/scratch/NewAblations_Fabel/scripts/run_comprehensive_mu32_ablation.py", line 667, in main
    train_result = train_model(train_cfg)
                   ^^^^^^^^^^^^^^^^^^^^^^
  File "/scratch/rsadve1/NewAblations_Fabel/src/upair5g/training.py", line 677, in train_model
    metrics = _train_step(
              ^^^^^^^^^^^^
  File "/home/rsadve1/scratch/.vevn_upair_potable/lib/python3.11/site-packages/tensorflow/python/util/traceback_utils.py", line 153, in error_handler
    raise e.with_traceback(filtered_tb) from None
  File "/home/rsadve1/scratch/.vevn_upair_potable/lib/python3.11/site-packages/tensorflow/python/eager/execute.py", line 53, in quick_execute
    tensors = pywrap_tfe.TFE_Py_Execute(ctx._handle, device_name, op_name,
  ^^^^^^^^^^^^^^^^^^^^^^^^^^^^^^^^^^^^^^^^^^^^^^^^^^^^^^^^^^^^^^^^^^^^^^^^
tensorflow.python.framework.errors_impl.ResourceExhaustedError: Graph execution error:

Detected at node gradient_tape/Reciprocal defined at (most recent call last):
  File "/home/rsadve1/scratch/NewAblations_Fabel/scripts/run_comprehensive_mu32_ablation.py", line 758, in <module>

  File "/home/rsadve1/scratch/NewAblations_Fabel/scripts/run_comprehensive_mu32_ablation.py", line 667, in main

  File "/scratch/rsadve1/NewAblations_Fabel/src/upair5g/training.py", line 677, in train_model

  File "/scratch/rsadve1/NewAblations_Fabel/src/upair5g/training.py", line 269, in _train_step

failed to allocate memory
	 [[{{node gradient_tape/Reciprocal}}]]
Hint: If you want to see a list of allocated tensors when OOM happens, add report_tensor_allocations_upon_oom to RunOptions for current allocation info. This isn't available when running in Eager mode.
 [Op:__inference__train_step_91443]
