[ENV] Reusing portable venv: /home/rsadve1/links/scratch/.vevn_upair_potable
[ENV] Checking installed package metadata only; TensorFlow/Sionna are not imported here.
[ENV] Python 3.11.5
[ENV] numpy 1.26.4+computecanada
[ENV] pandas 2.2.3+computecanada
[ENV] matplotlib 3.10.0+computecanada
[ENV] PyYAML 6.0.2+computecanada
[ENV] scipy 1.15.1+computecanada
[ENV] tensorflow 2.15.1+computecanada
[ENV] sionna-no-rt 1.2.1
[ENV] optuna 4.8.0+computecanada
[ENV] Skipping TensorFlow/Sionna import check on this node. Set UPAIR_DEEP_IMPORT_CHECK=1 to test imports explicitly.
[ENV] Ready: REPO=/home/rsadve1/links/scratch/Ablations_S1P2
[ENV] Ready: VENV=/home/rsadve1/links/scratch/.vevn_upair_potable
[ENV] Reusing portable venv: /home/rsadve1/links/scratch/.vevn_upair_potable
[ENV] Checking installed package metadata only; TensorFlow/Sionna are not imported here.
[ENV] Python 3.11.5
[ENV] numpy 1.26.4+computecanada
[ENV] pandas 2.2.3+computecanada
[ENV] matplotlib 3.10.0+computecanada
[ENV] PyYAML 6.0.2+computecanada
[ENV] scipy 1.15.1+computecanada
[ENV] tensorflow 2.15.1+computecanada
[ENV] sionna-no-rt 1.2.1
[ENV] optuna 4.8.0+computecanada
[ENV] Skipping TensorFlow/Sionna import check on this node. Set UPAIR_DEEP_IMPORT_CHECK=1 to test imports explicitly.
[ENV] Ready: REPO=/home/rsadve1/links/scratch/Ablations_S1P2
[ENV] Ready: VENV=/home/rsadve1/links/scratch/.vevn_upair_potable
================================================================================
[PIPELINE] variant=constant_prompt_d256_b4_r2
[PIPELINE] root=/home/rsadve1/links/scratch/Ablations_S1P2
[PIPELINE] stageB_prefix=clean_b32_prb8_d256_40k_smart_trueDMRS_u34610_1dmrs_stageB
[PIPELINE] receivers=upair5g_lmmse
[PIPELINE] users=3
[PIPELINE] ebnos=-4,-3,-2,-1,0,1,2,3
[PIPELINE] chunk_batches=20 micro=8
================================================================================
[PIPELINE] UPAIR_EVAL_ONLY=1 -> skipping training for constant_prompt_d256_b4_r2 (eval-only arm reusing aliased checkpoint).
[PIPELINE] starting/resuming isolated evaluation for constant_prompt_d256_b4_r2.

--------------------------------------------------------------------------------
[PIPELINE] eval point variant=constant_prompt_d256_b4_r2 receiver=upair5g_lmmse U=3 Eb/N0=-4
--------------------------------------------------------------------------------
[PIPELINE] status done=0 reason=continue chunks=0 batches=0 block_errors=0/100 next_chunk=0
2026-07-06 00:20:21.218036: E external/local_xla/xla/stream_executor/cuda/cuda_dnn.cc:9261] Unable to register cuDNN factory: Attempting to register factory for plugin cuDNN when one has already been registered
2026-07-06 00:20:21.218594: E external/local_xla/xla/stream_executor/cuda/cuda_fft.cc:607] Unable to register cuFFT factory: Attempting to register factory for plugin cuFFT when one has already been registered
2026-07-06 00:20:21.291422: E external/local_xla/xla/stream_executor/cuda/cuda_blas.cc:1515] Unable to register cuBLAS factory: Attempting to register factory for plugin cuBLAS when one has already been registered
[COMPREHENSIVE] loaded Optuna best JSON for constant_prompt_d256_b4_r2 from /home/rsadve1/links/scratch/Ablations_S1P2/optuna/clean_b32_prb8_d256_40k_smart_trueDMRS_u34610_1dmrs_stageB_constant_prompt_d256_b4_r2_best_params.json
[ISO-CHUNK] variant: constant_prompt_d256_b4_r2
[ISO-CHUNK] receiver: upair5g_lmmse
[ISO-CHUNK] num_users: 3
[ISO-CHUNK] ebno_db: -4.0
[ISO-CHUNK] chunk_idx: 0
[ISO-CHUNK] chunk_batches: 20
[ISO-CHUNK] receiver_microbatch_size: 8
[ISO-CHUNK] chunk_seed: 1636034
[ISO-CHUNK] checkpoint: /lustre10/scratch/rsadve1/Ablations_S1P2/TWC_plots_comprehensive/runs_rx16/seed7/1dmrs/constant_prompt_d256_b4_r2/checkpoints/best.weights.h5
[ISO-CHUNK] TF_GPU_ALLOCATOR: bfc
[ISO-CHUNK] output tag: constant_prompt_d256_b4_r2_u3_upair5g_lmmse_ebnom4p0_chunk0000_m8_b20
[EVAL] receiver microbatching enabled: batch_size_eval=64 receiver_microbatch_size=8
WARNING:tensorflow:Model's `__init__()` arguments contain non-serializable objects. Please implement a `get_config()` method in the subclassed Model for proper saving and loading. Defaulting to empty config.
WARNING:tensorflow:Model's `__init__()` arguments contain non-serializable objects. Please implement a `get_config()` method in the subclassed Model for proper saving and loading. Defaulting to empty config.
[EVAL] loaded UPAIR checkpoint: /lustre10/scratch/rsadve1/Ablations_S1P2/TWC_plots_comprehensive/runs_rx16/seed7/1dmrs/constant_prompt_d256_b4_r2/checkpoints/best.weights.h5
[EVAL] skipping explicit NMSE channel-estimator calls for: upair5g_lmmse
[EVAL] instrumentation log_latency=True log_gpu_memory=True memory_cleanup_every_batches=1 memory_cleanup_every_microbatch=True stream_eval_microbatches=True compiled_receiver_error_counts=False receiver_call_jit_compile=False per_receiver_stopping=False target_bler_floor=1e-05 floor_num_frames=0 gpu_mem=0.09GiB peak=0.29GiB
[EVAL] receiver_call name=upair5g_lmmse mode=positional_y_no compiled_error_counts=False
[EVAL] progress num_users=3 Eb/N0=-4 dB batches=10/20 frame_err=upair5g_lmmse:1456/1920 elapsed=70.5s avg_batch=7.054s gpu_mem=7.18GiB peak=7.38GiB
[EVAL] progress num_users=3 Eb/N0=-4 dB batches=20/20 frame_err=upair5g_lmmse:2897/3840 elapsed=140.9s avg_batch=7.045s gpu_mem=14.46GiB peak=14.66GiB
[EVAL] receiver=           upair5g_lmmse Eb/N0=-4.0 dB BER=7.45975e-02 BLER=7.54427e-01 NMSE=nan bit_err=852488/11427840 blk_err= 2897/3840   batches=  20 stop=global_stop rx_time=76.58s rx_ms_batch=3829.0 rx_ms_frame=19.943 point_time=140.90s gpu_mem=14.46GiB peak=14.66GiB
[ISO-CHUNK] wrote: /home/rsadve1/links/scratch/Ablations_S1P2/_gen_ds3x_p2c_chunks/constant_prompt_d256_b4_r2_u3_upair5g_lmmse_ebnom4p0_chunk0000_m8_b20/chunk_result.csv
[ISO-CHUNK] DONE
[PIPELINE] status done=1 reason=target_block_errors chunks=1 batches=20 block_errors=2897/100 next_chunk=-1
[ISO-MERGE] chunks: 1
[ISO-MERGE] rows: 1
[ISO-MERGE] wrote: /home/rsadve1/links/scratch/Ablations_S1P2/_gen_ds3x_p2c_chunks/merged_constant_prompt_d256_b4_r2_u3_upair5g_lmmse_em4.csv
[ISO-MERGE] wrote: /home/rsadve1/links/scratch/Ablations_S1P2/_gen_ds3x_p2c_chunks/merged_constant_prompt_d256_b4_r2_u3_upair5g_lmmse_em4.summary.json
     receiver                    variant dmrs_case  seed  training_seed  num_users  ebno_db  num_chunks chunk_indices  bit_errors  num_bits  block_errors  num_blocks  num_batches_run  point_elapsed_s  data_elapsed_s  receiver_elapsed_s      ber     bler  nmse       mc_stop_reason  target_bler_floor  bler_zero_error_upper_bound  ber_zero_error_upper_bound  receiver_ms_per_batch  receiver_ms_per_frame  reliable_ber  reliable_bler
upair5g_lmmse constant_prompt_d256_b4_r2     1dmrs     7              7          3     -4.0           1             0      852488  11427840          2897        3840               20       140.899416       46.028873           76.579323 0.074597 0.754427   NaN isolated_chunk_merge                NaN                          NaN                         NaN            3828.966129              19.942532          True           True

--------------------------------------------------------------------------------
[PIPELINE] eval point variant=constant_prompt_d256_b4_r2 receiver=upair5g_lmmse U=3 Eb/N0=-3
--------------------------------------------------------------------------------
[PIPELINE] status done=0 reason=continue chunks=0 batches=0 block_errors=0/100 next_chunk=0
2026-07-06 00:23:08.191862: E external/local_xla/xla/stream_executor/cuda/cuda_dnn.cc:9261] Unable to register cuDNN factory: Attempting to register factory for plugin cuDNN when one has already been registered
2026-07-06 00:23:08.191908: E external/local_xla/xla/stream_executor/cuda/cuda_fft.cc:607] Unable to register cuFFT factory: Attempting to register factory for plugin cuFFT when one has already been registered
2026-07-06 00:23:08.193212: E external/local_xla/xla/stream_executor/cuda/cuda_blas.cc:1515] Unable to register cuBLAS factory: Attempting to register factory for plugin cuBLAS when one has already been registered
[COMPREHENSIVE] loaded Optuna best JSON for constant_prompt_d256_b4_r2 from /home/rsadve1/links/scratch/Ablations_S1P2/optuna/clean_b32_prb8_d256_40k_smart_trueDMRS_u34610_1dmrs_stageB_constant_prompt_d256_b4_r2_best_params.json
[ISO-CHUNK] variant: constant_prompt_d256_b4_r2
[ISO-CHUNK] receiver: upair5g_lmmse
[ISO-CHUNK] num_users: 3
[ISO-CHUNK] ebno_db: -3.0
[ISO-CHUNK] chunk_idx: 0
[ISO-CHUNK] chunk_batches: 20
[ISO-CHUNK] receiver_microbatch_size: 8
[ISO-CHUNK] chunk_seed: 1653034
[ISO-CHUNK] checkpoint: /lustre10/scratch/rsadve1/Ablations_S1P2/TWC_plots_comprehensive/runs_rx16/seed7/1dmrs/constant_prompt_d256_b4_r2/checkpoints/best.weights.h5
[ISO-CHUNK] TF_GPU_ALLOCATOR: bfc
[ISO-CHUNK] output tag: constant_prompt_d256_b4_r2_u3_upair5g_lmmse_ebnom3p0_chunk0000_m8_b20
[EVAL] receiver microbatching enabled: batch_size_eval=64 receiver_microbatch_size=8
WARNING:tensorflow:Model's `__init__()` arguments contain non-serializable objects. Please implement a `get_config()` method in the subclassed Model for proper saving and loading. Defaulting to empty config.
WARNING:tensorflow:Model's `__init__()` arguments contain non-serializable objects. Please implement a `get_config()` method in the subclassed Model for proper saving and loading. Defaulting to empty config.
[EVAL] loaded UPAIR checkpoint: /lustre10/scratch/rsadve1/Ablations_S1P2/TWC_plots_comprehensive/runs_rx16/seed7/1dmrs/constant_prompt_d256_b4_r2/checkpoints/best.weights.h5
[EVAL] skipping explicit NMSE channel-estimator calls for: upair5g_lmmse
[EVAL] instrumentation log_latency=True log_gpu_memory=True memory_cleanup_every_batches=1 memory_cleanup_every_microbatch=True stream_eval_microbatches=True compiled_receiver_error_counts=False receiver_call_jit_compile=False per_receiver_stopping=False target_bler_floor=1e-05 floor_num_frames=0 gpu_mem=0.09GiB peak=0.29GiB
[EVAL] receiver_call name=upair5g_lmmse mode=positional_y_no compiled_error_counts=False
[EVAL] progress num_users=3 Eb/N0=-3 dB batches=10/20 frame_err=upair5g_lmmse:927/1920 elapsed=70.1s avg_batch=7.013s gpu_mem=7.18GiB peak=7.38GiB
[EVAL] progress num_users=3 Eb/N0=-3 dB batches=20/20 frame_err=upair5g_lmmse:1829/3840 elapsed=139.7s avg_batch=6.987s gpu_mem=14.46GiB peak=14.66GiB
[EVAL] receiver=           upair5g_lmmse Eb/N0=-3.0 dB BER=4.00240e-02 BLER=4.76302e-01 NMSE=nan bit_err=457388/11427840 blk_err= 1829/3840   batches=  20 stop=global_stop rx_time=75.81s rx_ms_batch=3790.5 rx_ms_frame=19.742 point_time=139.74s gpu_mem=14.46GiB peak=14.66GiB
[ISO-CHUNK] wrote: /home/rsadve1/links/scratch/Ablations_S1P2/_gen_ds3x_p2c_chunks/constant_prompt_d256_b4_r2_u3_upair5g_lmmse_ebnom3p0_chunk0000_m8_b20/chunk_result.csv
[ISO-CHUNK] DONE
[PIPELINE] status done=1 reason=target_block_errors chunks=1 batches=20 block_errors=1829/100 next_chunk=-1
[ISO-MERGE] chunks: 1
[ISO-MERGE] rows: 1
[ISO-MERGE] wrote: /home/rsadve1/links/scratch/Ablations_S1P2/_gen_ds3x_p2c_chunks/merged_constant_prompt_d256_b4_r2_u3_upair5g_lmmse_em3.csv
[ISO-MERGE] wrote: /home/rsadve1/links/scratch/Ablations_S1P2/_gen_ds3x_p2c_chunks/merged_constant_prompt_d256_b4_r2_u3_upair5g_lmmse_em3.summary.json
     receiver                    variant dmrs_case  seed  training_seed  num_users  ebno_db  num_chunks chunk_indices  bit_errors  num_bits  block_errors  num_blocks  num_batches_run  point_elapsed_s  data_elapsed_s  receiver_elapsed_s      ber     bler  nmse       mc_stop_reason  target_bler_floor  bler_zero_error_upper_bound  ber_zero_error_upper_bound  receiver_ms_per_batch  receiver_ms_per_frame  reliable_ber  reliable_bler
upair5g_lmmse constant_prompt_d256_b4_r2     1dmrs     7              7          3     -3.0           1             0      457388  11427840          1829        3840               20       139.735062       45.550414           75.809764 0.040024 0.476302   NaN isolated_chunk_merge                NaN                          NaN                         NaN             3790.48819              19.742126          True           True

--------------------------------------------------------------------------------
[PIPELINE] eval point variant=constant_prompt_d256_b4_r2 receiver=upair5g_lmmse U=3 Eb/N0=-2
--------------------------------------------------------------------------------
[PIPELINE] status done=0 reason=continue chunks=0 batches=0 block_errors=0/100 next_chunk=0
2026-07-06 00:25:43.337720: E external/local_xla/xla/stream_executor/cuda/cuda_dnn.cc:9261] Unable to register cuDNN factory: Attempting to register factory for plugin cuDNN when one has already been registered
2026-07-06 00:25:43.337767: E external/local_xla/xla/stream_executor/cuda/cuda_fft.cc:607] Unable to register cuFFT factory: Attempting to register factory for plugin cuFFT when one has already been registered
2026-07-06 00:25:43.339078: E external/local_xla/xla/stream_executor/cuda/cuda_blas.cc:1515] Unable to register cuBLAS factory: Attempting to register factory for plugin cuBLAS when one has already been registered
[COMPREHENSIVE] loaded Optuna best JSON for constant_prompt_d256_b4_r2 from /home/rsadve1/links/scratch/Ablations_S1P2/optuna/clean_b32_prb8_d256_40k_smart_trueDMRS_u34610_1dmrs_stageB_constant_prompt_d256_b4_r2_best_params.json
[ISO-CHUNK] variant: constant_prompt_d256_b4_r2
[ISO-CHUNK] receiver: upair5g_lmmse
[ISO-CHUNK] num_users: 3
[ISO-CHUNK] ebno_db: -2.0
[ISO-CHUNK] chunk_idx: 0
[ISO-CHUNK] chunk_batches: 20
[ISO-CHUNK] receiver_microbatch_size: 8
[ISO-CHUNK] chunk_seed: 1670034
[ISO-CHUNK] checkpoint: /lustre10/scratch/rsadve1/Ablations_S1P2/TWC_plots_comprehensive/runs_rx16/seed7/1dmrs/constant_prompt_d256_b4_r2/checkpoints/best.weights.h5
[ISO-CHUNK] TF_GPU_ALLOCATOR: bfc
[ISO-CHUNK] output tag: constant_prompt_d256_b4_r2_u3_upair5g_lmmse_ebnom2p0_chunk0000_m8_b20
[EVAL] receiver microbatching enabled: batch_size_eval=64 receiver_microbatch_size=8
WARNING:tensorflow:Model's `__init__()` arguments contain non-serializable objects. Please implement a `get_config()` method in the subclassed Model for proper saving and loading. Defaulting to empty config.
WARNING:tensorflow:Model's `__init__()` arguments contain non-serializable objects. Please implement a `get_config()` method in the subclassed Model for proper saving and loading. Defaulting to empty config.
[EVAL] loaded UPAIR checkpoint: /lustre10/scratch/rsadve1/Ablations_S1P2/TWC_plots_comprehensive/runs_rx16/seed7/1dmrs/constant_prompt_d256_b4_r2/checkpoints/best.weights.h5
[EVAL] skipping explicit NMSE channel-estimator calls for: upair5g_lmmse
[EVAL] instrumentation log_latency=True log_gpu_memory=True memory_cleanup_every_batches=1 memory_cleanup_every_microbatch=True stream_eval_microbatches=True compiled_receiver_error_counts=False receiver_call_jit_compile=False per_receiver_stopping=False target_bler_floor=1e-05 floor_num_frames=0 gpu_mem=0.09GiB peak=0.29GiB
[EVAL] receiver_call name=upair5g_lmmse mode=positional_y_no compiled_error_counts=False
[EVAL] progress num_users=3 Eb/N0=-2 dB batches=10/20 frame_err=upair5g_lmmse:530/1920 elapsed=70.2s avg_batch=7.022s gpu_mem=7.18GiB peak=7.38GiB
[EVAL] progress num_users=3 Eb/N0=-2 dB batches=20/20 frame_err=upair5g_lmmse:1031/3840 elapsed=140.3s avg_batch=7.013s gpu_mem=14.46GiB peak=14.66GiB
[EVAL] receiver=           upair5g_lmmse Eb/N0=-2.0 dB BER=2.21915e-02 BLER=2.68490e-01 NMSE=nan bit_err=253601/11427840 blk_err= 1031/3840   batches=  20 stop=global_stop rx_time=76.23s rx_ms_batch=3811.4 rx_ms_frame=19.851 point_time=140.27s gpu_mem=14.46GiB peak=14.66GiB
[ISO-CHUNK] wrote: /home/rsadve1/links/scratch/Ablations_S1P2/_gen_ds3x_p2c_chunks/constant_prompt_d256_b4_r2_u3_upair5g_lmmse_ebnom2p0_chunk0000_m8_b20/chunk_result.csv
[ISO-CHUNK] DONE
[PIPELINE] status done=1 reason=target_block_errors chunks=1 batches=20 block_errors=1031/100 next_chunk=-1
[ISO-MERGE] chunks: 1
[ISO-MERGE] rows: 1
[ISO-MERGE] wrote: /home/rsadve1/links/scratch/Ablations_S1P2/_gen_ds3x_p2c_chunks/merged_constant_prompt_d256_b4_r2_u3_upair5g_lmmse_em2.csv
[ISO-MERGE] wrote: /home/rsadve1/links/scratch/Ablations_S1P2/_gen_ds3x_p2c_chunks/merged_constant_prompt_d256_b4_r2_u3_upair5g_lmmse_em2.summary.json
     receiver                    variant dmrs_case  seed  training_seed  num_users  ebno_db  num_chunks chunk_indices  bit_errors  num_bits  block_errors  num_blocks  num_batches_run  point_elapsed_s  data_elapsed_s  receiver_elapsed_s      ber    bler  nmse       mc_stop_reason  target_bler_floor  bler_zero_error_upper_bound  ber_zero_error_upper_bound  receiver_ms_per_batch  receiver_ms_per_frame  reliable_ber  reliable_bler
upair5g_lmmse constant_prompt_d256_b4_r2     1dmrs     7              7          3     -2.0           1             0      253601  11427840          1031        3840               20       140.266056       45.704747           76.227726 0.022192 0.26849   NaN isolated_chunk_merge                NaN                          NaN                         NaN            3811.386291               19.85097          True           True

--------------------------------------------------------------------------------
[PIPELINE] eval point variant=constant_prompt_d256_b4_r2 receiver=upair5g_lmmse U=3 Eb/N0=-1
--------------------------------------------------------------------------------
[PIPELINE] status done=0 reason=continue chunks=0 batches=0 block_errors=0/100 next_chunk=0
2026-07-06 00:28:18.728862: E external/local_xla/xla/stream_executor/cuda/cuda_dnn.cc:9261] Unable to register cuDNN factory: Attempting to register factory for plugin cuDNN when one has already been registered
2026-07-06 00:28:18.728910: E external/local_xla/xla/stream_executor/cuda/cuda_fft.cc:607] Unable to register cuFFT factory: Attempting to register factory for plugin cuFFT when one has already been registered
2026-07-06 00:28:18.730203: E external/local_xla/xla/stream_executor/cuda/cuda_blas.cc:1515] Unable to register cuBLAS factory: Attempting to register factory for plugin cuBLAS when one has already been registered
[COMPREHENSIVE] loaded Optuna best JSON for constant_prompt_d256_b4_r2 from /home/rsadve1/links/scratch/Ablations_S1P2/optuna/clean_b32_prb8_d256_40k_smart_trueDMRS_u34610_1dmrs_stageB_constant_prompt_d256_b4_r2_best_params.json
[ISO-CHUNK] variant: constant_prompt_d256_b4_r2
[ISO-CHUNK] receiver: upair5g_lmmse
[ISO-CHUNK] num_users: 3
[ISO-CHUNK] ebno_db: -1.0
[ISO-CHUNK] chunk_idx: 0
[ISO-CHUNK] chunk_batches: 20
[ISO-CHUNK] receiver_microbatch_size: 8
[ISO-CHUNK] chunk_seed: 1687034
[ISO-CHUNK] checkpoint: /lustre10/scratch/rsadve1/Ablations_S1P2/TWC_plots_comprehensive/runs_rx16/seed7/1dmrs/constant_prompt_d256_b4_r2/checkpoints/best.weights.h5
[ISO-CHUNK] TF_GPU_ALLOCATOR: bfc
[ISO-CHUNK] output tag: constant_prompt_d256_b4_r2_u3_upair5g_lmmse_ebnom1p0_chunk0000_m8_b20
[EVAL] receiver microbatching enabled: batch_size_eval=64 receiver_microbatch_size=8
WARNING:tensorflow:Model's `__init__()` arguments contain non-serializable objects. Please implement a `get_config()` method in the subclassed Model for proper saving and loading. Defaulting to empty config.
WARNING:tensorflow:Model's `__init__()` arguments contain non-serializable objects. Please implement a `get_config()` method in the subclassed Model for proper saving and loading. Defaulting to empty config.
[EVAL] loaded UPAIR checkpoint: /lustre10/scratch/rsadve1/Ablations_S1P2/TWC_plots_comprehensive/runs_rx16/seed7/1dmrs/constant_prompt_d256_b4_r2/checkpoints/best.weights.h5
[EVAL] skipping explicit NMSE channel-estimator calls for: upair5g_lmmse
[EVAL] instrumentation log_latency=True log_gpu_memory=True memory_cleanup_every_batches=1 memory_cleanup_every_microbatch=True stream_eval_microbatches=True compiled_receiver_error_counts=False receiver_call_jit_compile=False per_receiver_stopping=False target_bler_floor=1e-05 floor_num_frames=0 gpu_mem=0.09GiB peak=0.29GiB
[EVAL] receiver_call name=upair5g_lmmse mode=positional_y_no compiled_error_counts=False
[EVAL] progress num_users=3 Eb/N0=-1 dB batches=10/20 frame_err=upair5g_lmmse:307/1920 elapsed=70.9s avg_batch=7.089s gpu_mem=7.18GiB peak=7.38GiB
[EVAL] progress num_users=3 Eb/N0=-1 dB batches=20/20 frame_err=upair5g_lmmse:591/3840 elapsed=141.7s avg_batch=7.087s gpu_mem=14.46GiB peak=14.66GiB
[EVAL] receiver=           upair5g_lmmse Eb/N0=-1.0 dB BER=1.21482e-02 BLER=1.53906e-01 NMSE=nan bit_err=138828/11427840 blk_err=  591/3840   batches=  20 stop=global_stop rx_time=77.12s rx_ms_batch=3856.0 rx_ms_frame=20.083 point_time=141.74s gpu_mem=14.46GiB peak=14.66GiB
[ISO-CHUNK] wrote: /home/rsadve1/links/scratch/Ablations_S1P2/_gen_ds3x_p2c_chunks/constant_prompt_d256_b4_r2_u3_upair5g_lmmse_ebnom1p0_chunk0000_m8_b20/chunk_result.csv
[ISO-CHUNK] DONE
[PIPELINE] status done=1 reason=target_block_errors chunks=1 batches=20 block_errors=591/100 next_chunk=-1
[ISO-MERGE] chunks: 1
[ISO-MERGE] rows: 1
[ISO-MERGE] wrote: /home/rsadve1/links/scratch/Ablations_S1P2/_gen_ds3x_p2c_chunks/merged_constant_prompt_d256_b4_r2_u3_upair5g_lmmse_em1.csv
[ISO-MERGE] wrote: /home/rsadve1/links/scratch/Ablations_S1P2/_gen_ds3x_p2c_chunks/merged_constant_prompt_d256_b4_r2_u3_upair5g_lmmse_em1.summary.json
     receiver                    variant dmrs_case  seed  training_seed  num_users  ebno_db  num_chunks chunk_indices  bit_errors  num_bits  block_errors  num_blocks  num_batches_run  point_elapsed_s  data_elapsed_s  receiver_elapsed_s      ber     bler  nmse       mc_stop_reason  target_bler_floor  bler_zero_error_upper_bound  ber_zero_error_upper_bound  receiver_ms_per_batch  receiver_ms_per_frame  reliable_ber  reliable_bler
upair5g_lmmse constant_prompt_d256_b4_r2     1dmrs     7              7          3     -1.0           1             0      138828  11427840           591        3840               20       141.743536       46.342059           77.119022 0.012148 0.153906   NaN isolated_chunk_merge                NaN                          NaN                         NaN            3855.951099              20.083079          True           True

--------------------------------------------------------------------------------
[PIPELINE] eval point variant=constant_prompt_d256_b4_r2 receiver=upair5g_lmmse U=3 Eb/N0=0
--------------------------------------------------------------------------------
[PIPELINE] status done=0 reason=continue chunks=0 batches=0 block_errors=0/100 next_chunk=0
2026-07-06 00:30:55.551509: E external/local_xla/xla/stream_executor/cuda/cuda_dnn.cc:9261] Unable to register cuDNN factory: Attempting to register factory for plugin cuDNN when one has already been registered
2026-07-06 00:30:55.551556: E external/local_xla/xla/stream_executor/cuda/cuda_fft.cc:607] Unable to register cuFFT factory: Attempting to register factory for plugin cuFFT when one has already been registered
2026-07-06 00:30:55.552856: E external/local_xla/xla/stream_executor/cuda/cuda_blas.cc:1515] Unable to register cuBLAS factory: Attempting to register factory for plugin cuBLAS when one has already been registered
[COMPREHENSIVE] loaded Optuna best JSON for constant_prompt_d256_b4_r2 from /home/rsadve1/links/scratch/Ablations_S1P2/optuna/clean_b32_prb8_d256_40k_smart_trueDMRS_u34610_1dmrs_stageB_constant_prompt_d256_b4_r2_best_params.json
[ISO-CHUNK] variant: constant_prompt_d256_b4_r2
[ISO-CHUNK] receiver: upair5g_lmmse
[ISO-CHUNK] num_users: 3
[ISO-CHUNK] ebno_db: 0.0
[ISO-CHUNK] chunk_idx: 0
[ISO-CHUNK] chunk_batches: 20
[ISO-CHUNK] receiver_microbatch_size: 8
[ISO-CHUNK] chunk_seed: 1704034
[ISO-CHUNK] checkpoint: /lustre10/scratch/rsadve1/Ablations_S1P2/TWC_plots_comprehensive/runs_rx16/seed7/1dmrs/constant_prompt_d256_b4_r2/checkpoints/best.weights.h5
[ISO-CHUNK] TF_GPU_ALLOCATOR: bfc
[ISO-CHUNK] output tag: constant_prompt_d256_b4_r2_u3_upair5g_lmmse_ebno0p0_chunk0000_m8_b20
[EVAL] receiver microbatching enabled: batch_size_eval=64 receiver_microbatch_size=8
WARNING:tensorflow:Model's `__init__()` arguments contain non-serializable objects. Please implement a `get_config()` method in the subclassed Model for proper saving and loading. Defaulting to empty config.
WARNING:tensorflow:Model's `__init__()` arguments contain non-serializable objects. Please implement a `get_config()` method in the subclassed Model for proper saving and loading. Defaulting to empty config.
[EVAL] loaded UPAIR checkpoint: /lustre10/scratch/rsadve1/Ablations_S1P2/TWC_plots_comprehensive/runs_rx16/seed7/1dmrs/constant_prompt_d256_b4_r2/checkpoints/best.weights.h5
[EVAL] skipping explicit NMSE channel-estimator calls for: upair5g_lmmse
[EVAL] instrumentation log_latency=True log_gpu_memory=True memory_cleanup_every_batches=1 memory_cleanup_every_microbatch=True stream_eval_microbatches=True compiled_receiver_error_counts=False receiver_call_jit_compile=False per_receiver_stopping=False target_bler_floor=1e-05 floor_num_frames=0 gpu_mem=0.09GiB peak=0.29GiB
[EVAL] receiver_call name=upair5g_lmmse mode=positional_y_no compiled_error_counts=False
[EVAL] progress num_users=3 Eb/N0=0 dB batches=10/20 frame_err=upair5g_lmmse:176/1920 elapsed=70.4s avg_batch=7.038s gpu_mem=7.18GiB peak=7.38GiB
[EVAL] progress num_users=3 Eb/N0=0 dB batches=20/20 frame_err=upair5g_lmmse:343/3840 elapsed=140.5s avg_batch=7.026s gpu_mem=14.46GiB peak=14.66GiB
[EVAL] receiver=           upair5g_lmmse Eb/N0= 0.0 dB BER=7.24144e-03 BLER=8.93229e-02 NMSE=nan bit_err= 82754/11427840 blk_err=  343/3840   batches=  20 stop=global_stop rx_time=76.30s rx_ms_batch=3814.8 rx_ms_frame=19.869 point_time=140.52s gpu_mem=14.46GiB peak=14.66GiB
[ISO-CHUNK] wrote: /home/rsadve1/links/scratch/Ablations_S1P2/_gen_ds3x_p2c_chunks/constant_prompt_d256_b4_r2_u3_upair5g_lmmse_ebno0p0_chunk0000_m8_b20/chunk_result.csv
[ISO-CHUNK] DONE
[PIPELINE] status done=1 reason=target_block_errors chunks=1 batches=20 block_errors=343/100 next_chunk=-1
[ISO-MERGE] chunks: 1
[ISO-MERGE] rows: 1
[ISO-MERGE] wrote: /home/rsadve1/links/scratch/Ablations_S1P2/_gen_ds3x_p2c_chunks/merged_constant_prompt_d256_b4_r2_u3_upair5g_lmmse_e0.csv
[ISO-MERGE] wrote: /home/rsadve1/links/scratch/Ablations_S1P2/_gen_ds3x_p2c_chunks/merged_constant_prompt_d256_b4_r2_u3_upair5g_lmmse_e0.summary.json
     receiver                    variant dmrs_case  seed  training_seed  num_users  ebno_db  num_chunks chunk_indices  bit_errors  num_bits  block_errors  num_blocks  num_batches_run  point_elapsed_s  data_elapsed_s  receiver_elapsed_s      ber     bler  nmse       mc_stop_reason  target_bler_floor  bler_zero_error_upper_bound  ber_zero_error_upper_bound  receiver_ms_per_batch  receiver_ms_per_frame  reliable_ber  reliable_bler
upair5g_lmmse constant_prompt_d256_b4_r2     1dmrs     7              7          3      0.0           1             0       82754  11427840           343        3840               20       140.518883       45.935802           76.296314 0.007241 0.089323   NaN isolated_chunk_merge                NaN                          NaN                         NaN            3814.815704              19.868832          True           True

--------------------------------------------------------------------------------
[PIPELINE] eval point variant=constant_prompt_d256_b4_r2 receiver=upair5g_lmmse U=3 Eb/N0=1
--------------------------------------------------------------------------------
[PIPELINE] status done=0 reason=continue chunks=0 batches=0 block_errors=0/100 next_chunk=0
2026-07-06 00:33:31.161000: E external/local_xla/xla/stream_executor/cuda/cuda_dnn.cc:9261] Unable to register cuDNN factory: Attempting to register factory for plugin cuDNN when one has already been registered
2026-07-06 00:33:31.161046: E external/local_xla/xla/stream_executor/cuda/cuda_fft.cc:607] Unable to register cuFFT factory: Attempting to register factory for plugin cuFFT when one has already been registered
2026-07-06 00:33:31.162341: E external/local_xla/xla/stream_executor/cuda/cuda_blas.cc:1515] Unable to register cuBLAS factory: Attempting to register factory for plugin cuBLAS when one has already been registered
[COMPREHENSIVE] loaded Optuna best JSON for constant_prompt_d256_b4_r2 from /home/rsadve1/links/scratch/Ablations_S1P2/optuna/clean_b32_prb8_d256_40k_smart_trueDMRS_u34610_1dmrs_stageB_constant_prompt_d256_b4_r2_best_params.json
[ISO-CHUNK] variant: constant_prompt_d256_b4_r2
[ISO-CHUNK] receiver: upair5g_lmmse
[ISO-CHUNK] num_users: 3
[ISO-CHUNK] ebno_db: 1.0
[ISO-CHUNK] chunk_idx: 0
[ISO-CHUNK] chunk_batches: 20
[ISO-CHUNK] receiver_microbatch_size: 8
[ISO-CHUNK] chunk_seed: 1721034
[ISO-CHUNK] checkpoint: /lustre10/scratch/rsadve1/Ablations_S1P2/TWC_plots_comprehensive/runs_rx16/seed7/1dmrs/constant_prompt_d256_b4_r2/checkpoints/best.weights.h5
[ISO-CHUNK] TF_GPU_ALLOCATOR: bfc
[ISO-CHUNK] output tag: constant_prompt_d256_b4_r2_u3_upair5g_lmmse_ebno1p0_chunk0000_m8_b20
[EVAL] receiver microbatching enabled: batch_size_eval=64 receiver_microbatch_size=8
WARNING:tensorflow:Model's `__init__()` arguments contain non-serializable objects. Please implement a `get_config()` method in the subclassed Model for proper saving and loading. Defaulting to empty config.
WARNING:tensorflow:Model's `__init__()` arguments contain non-serializable objects. Please implement a `get_config()` method in the subclassed Model for proper saving and loading. Defaulting to empty config.
[EVAL] loaded UPAIR checkpoint: /lustre10/scratch/rsadve1/Ablations_S1P2/TWC_plots_comprehensive/runs_rx16/seed7/1dmrs/constant_prompt_d256_b4_r2/checkpoints/best.weights.h5
[EVAL] skipping explicit NMSE channel-estimator calls for: upair5g_lmmse
[EVAL] instrumentation log_latency=True log_gpu_memory=True memory_cleanup_every_batches=1 memory_cleanup_every_microbatch=True stream_eval_microbatches=True compiled_receiver_error_counts=False receiver_call_jit_compile=False per_receiver_stopping=False target_bler_floor=1e-05 floor_num_frames=0 gpu_mem=0.09GiB peak=0.29GiB
[EVAL] receiver_call name=upair5g_lmmse mode=positional_y_no compiled_error_counts=False
[EVAL] progress num_users=3 Eb/N0=1 dB batches=10/20 frame_err=upair5g_lmmse:82/1920 elapsed=70.3s avg_batch=7.031s gpu_mem=7.18GiB peak=7.38GiB
[EVAL] progress num_users=3 Eb/N0=1 dB batches=20/20 frame_err=upair5g_lmmse:174/3840 elapsed=140.6s avg_batch=7.028s gpu_mem=14.46GiB peak=14.66GiB
[EVAL] receiver=           upair5g_lmmse Eb/N0= 1.0 dB BER=3.93399e-03 BLER=4.53125e-02 NMSE=nan bit_err= 44957/11427840 blk_err=  174/3840   batches=  20 stop=global_stop rx_time=76.16s rx_ms_batch=3807.8 rx_ms_frame=19.832 point_time=140.56s gpu_mem=14.46GiB peak=14.66GiB
[ISO-CHUNK] wrote: /home/rsadve1/links/scratch/Ablations_S1P2/_gen_ds3x_p2c_chunks/constant_prompt_d256_b4_r2_u3_upair5g_lmmse_ebno1p0_chunk0000_m8_b20/chunk_result.csv
[ISO-CHUNK] DONE
[PIPELINE] status done=1 reason=target_block_errors chunks=1 batches=20 block_errors=174/100 next_chunk=-1
[ISO-MERGE] chunks: 1
[ISO-MERGE] rows: 1
[ISO-MERGE] wrote: /home/rsadve1/links/scratch/Ablations_S1P2/_gen_ds3x_p2c_chunks/merged_constant_prompt_d256_b4_r2_u3_upair5g_lmmse_e1.csv
[ISO-MERGE] wrote: /home/rsadve1/links/scratch/Ablations_S1P2/_gen_ds3x_p2c_chunks/merged_constant_prompt_d256_b4_r2_u3_upair5g_lmmse_e1.summary.json
     receiver                    variant dmrs_case  seed  training_seed  num_users  ebno_db  num_chunks chunk_indices  bit_errors  num_bits  block_errors  num_blocks  num_batches_run  point_elapsed_s  data_elapsed_s  receiver_elapsed_s      ber     bler  nmse       mc_stop_reason  target_bler_floor  bler_zero_error_upper_bound  ber_zero_error_upper_bound  receiver_ms_per_batch  receiver_ms_per_frame  reliable_ber  reliable_bler
upair5g_lmmse constant_prompt_d256_b4_r2     1dmrs     7              7          3      1.0           1             0       44957  11427840           174        3840               20       140.562868       45.709361           76.156022 0.003934 0.045312   NaN isolated_chunk_merge                NaN                          NaN                         NaN             3807.80111              19.832297          True           True

--------------------------------------------------------------------------------
[PIPELINE] eval point variant=constant_prompt_d256_b4_r2 receiver=upair5g_lmmse U=3 Eb/N0=2
--------------------------------------------------------------------------------
[PIPELINE] status done=0 reason=continue chunks=0 batches=0 block_errors=0/100 next_chunk=0
2026-07-06 00:36:06.897438: E external/local_xla/xla/stream_executor/cuda/cuda_dnn.cc:9261] Unable to register cuDNN factory: Attempting to register factory for plugin cuDNN when one has already been registered
2026-07-06 00:36:06.897485: E external/local_xla/xla/stream_executor/cuda/cuda_fft.cc:607] Unable to register cuFFT factory: Attempting to register factory for plugin cuFFT when one has already been registered
2026-07-06 00:36:06.898778: E external/local_xla/xla/stream_executor/cuda/cuda_blas.cc:1515] Unable to register cuBLAS factory: Attempting to register factory for plugin cuBLAS when one has already been registered
[COMPREHENSIVE] loaded Optuna best JSON for constant_prompt_d256_b4_r2 from /home/rsadve1/links/scratch/Ablations_S1P2/optuna/clean_b32_prb8_d256_40k_smart_trueDMRS_u34610_1dmrs_stageB_constant_prompt_d256_b4_r2_best_params.json
[ISO-CHUNK] variant: constant_prompt_d256_b4_r2
[ISO-CHUNK] receiver: upair5g_lmmse
[ISO-CHUNK] num_users: 3
[ISO-CHUNK] ebno_db: 2.0
[ISO-CHUNK] chunk_idx: 0
[ISO-CHUNK] chunk_batches: 20
[ISO-CHUNK] receiver_microbatch_size: 8
[ISO-CHUNK] chunk_seed: 1738034
[ISO-CHUNK] checkpoint: /lustre10/scratch/rsadve1/Ablations_S1P2/TWC_plots_comprehensive/runs_rx16/seed7/1dmrs/constant_prompt_d256_b4_r2/checkpoints/best.weights.h5
[ISO-CHUNK] TF_GPU_ALLOCATOR: bfc
[ISO-CHUNK] output tag: constant_prompt_d256_b4_r2_u3_upair5g_lmmse_ebno2p0_chunk0000_m8_b20
[EVAL] receiver microbatching enabled: batch_size_eval=64 receiver_microbatch_size=8
WARNING:tensorflow:Model's `__init__()` arguments contain non-serializable objects. Please implement a `get_config()` method in the subclassed Model for proper saving and loading. Defaulting to empty config.
WARNING:tensorflow:Model's `__init__()` arguments contain non-serializable objects. Please implement a `get_config()` method in the subclassed Model for proper saving and loading. Defaulting to empty config.
[EVAL] loaded UPAIR checkpoint: /lustre10/scratch/rsadve1/Ablations_S1P2/TWC_plots_comprehensive/runs_rx16/seed7/1dmrs/constant_prompt_d256_b4_r2/checkpoints/best.weights.h5
[EVAL] skipping explicit NMSE channel-estimator calls for: upair5g_lmmse
[EVAL] instrumentation log_latency=True log_gpu_memory=True memory_cleanup_every_batches=1 memory_cleanup_every_microbatch=True stream_eval_microbatches=True compiled_receiver_error_counts=False receiver_call_jit_compile=False per_receiver_stopping=False target_bler_floor=1e-05 floor_num_frames=0 gpu_mem=0.09GiB peak=0.29GiB
[EVAL] receiver_call name=upair5g_lmmse mode=positional_y_no compiled_error_counts=False
[EVAL] progress num_users=3 Eb/N0=2 dB batches=10/20 frame_err=upair5g_lmmse:64/1920 elapsed=72.5s avg_batch=7.248s gpu_mem=7.18GiB peak=7.38GiB
[EVAL] progress num_users=3 Eb/N0=2 dB batches=20/20 frame_err=upair5g_lmmse:120/3840 elapsed=143.4s avg_batch=7.170s gpu_mem=14.46GiB peak=14.66GiB
[EVAL] receiver=           upair5g_lmmse Eb/N0= 2.0 dB BER=2.66245e-03 BLER=3.12500e-02 NMSE=nan bit_err= 30426/11427840 blk_err=  120/3840   batches=  20 stop=global_stop rx_time=77.43s rx_ms_batch=3871.3 rx_ms_frame=20.163 point_time=143.41s gpu_mem=14.46GiB peak=14.66GiB
[ISO-CHUNK] wrote: /home/rsadve1/links/scratch/Ablations_S1P2/_gen_ds3x_p2c_chunks/constant_prompt_d256_b4_r2_u3_upair5g_lmmse_ebno2p0_chunk0000_m8_b20/chunk_result.csv
[ISO-CHUNK] DONE
[PIPELINE] status done=1 reason=target_block_errors chunks=1 batches=20 block_errors=120/100 next_chunk=-1
[ISO-MERGE] chunks: 1
[ISO-MERGE] rows: 1
[ISO-MERGE] wrote: /home/rsadve1/links/scratch/Ablations_S1P2/_gen_ds3x_p2c_chunks/merged_constant_prompt_d256_b4_r2_u3_upair5g_lmmse_e2.csv
[ISO-MERGE] wrote: /home/rsadve1/links/scratch/Ablations_S1P2/_gen_ds3x_p2c_chunks/merged_constant_prompt_d256_b4_r2_u3_upair5g_lmmse_e2.summary.json
     receiver                    variant dmrs_case  seed  training_seed  num_users  ebno_db  num_chunks chunk_indices  bit_errors  num_bits  block_errors  num_blocks  num_batches_run  point_elapsed_s  data_elapsed_s  receiver_elapsed_s      ber    bler  nmse       mc_stop_reason  target_bler_floor  bler_zero_error_upper_bound  ber_zero_error_upper_bound  receiver_ms_per_batch  receiver_ms_per_frame  reliable_ber  reliable_bler
upair5g_lmmse constant_prompt_d256_b4_r2     1dmrs     7              7          3      2.0           1             0       30426  11427840           120        3840               20       143.407515       46.461887            77.42544 0.002662 0.03125   NaN isolated_chunk_merge                NaN                          NaN                         NaN            3871.271993              20.162875          True           True

--------------------------------------------------------------------------------
[PIPELINE] eval point variant=constant_prompt_d256_b4_r2 receiver=upair5g_lmmse U=3 Eb/N0=3
--------------------------------------------------------------------------------
[PIPELINE] status done=0 reason=continue chunks=0 batches=0 block_errors=0/100 next_chunk=0
2026-07-06 00:38:45.703375: E external/local_xla/xla/stream_executor/cuda/cuda_dnn.cc:9261] Unable to register cuDNN factory: Attempting to register factory for plugin cuDNN when one has already been registered
2026-07-06 00:38:45.703423: E external/local_xla/xla/stream_executor/cuda/cuda_fft.cc:607] Unable to register cuFFT factory: Attempting to register factory for plugin cuFFT when one has already been registered
2026-07-06 00:38:45.704727: E external/local_xla/xla/stream_executor/cuda/cuda_blas.cc:1515] Unable to register cuBLAS factory: Attempting to register factory for plugin cuBLAS when one has already been registered
[COMPREHENSIVE] loaded Optuna best JSON for constant_prompt_d256_b4_r2 from /home/rsadve1/links/scratch/Ablations_S1P2/optuna/clean_b32_prb8_d256_40k_smart_trueDMRS_u34610_1dmrs_stageB_constant_prompt_d256_b4_r2_best_params.json
[ISO-CHUNK] variant: constant_prompt_d256_b4_r2
[ISO-CHUNK] receiver: upair5g_lmmse
[ISO-CHUNK] num_users: 3
[ISO-CHUNK] ebno_db: 3.0
[ISO-CHUNK] chunk_idx: 0
[ISO-CHUNK] chunk_batches: 20
[ISO-CHUNK] receiver_microbatch_size: 8
[ISO-CHUNK] chunk_seed: 1755034
[ISO-CHUNK] checkpoint: /lustre10/scratch/rsadve1/Ablations_S1P2/TWC_plots_comprehensive/runs_rx16/seed7/1dmrs/constant_prompt_d256_b4_r2/checkpoints/best.weights.h5
[ISO-CHUNK] TF_GPU_ALLOCATOR: bfc
[ISO-CHUNK] output tag: constant_prompt_d256_b4_r2_u3_upair5g_lmmse_ebno3p0_chunk0000_m8_b20
[EVAL] receiver microbatching enabled: batch_size_eval=64 receiver_microbatch_size=8
WARNING:tensorflow:Model's `__init__()` arguments contain non-serializable objects. Please implement a `get_config()` method in the subclassed Model for proper saving and loading. Defaulting to empty config.
WARNING:tensorflow:Model's `__init__()` arguments contain non-serializable objects. Please implement a `get_config()` method in the subclassed Model for proper saving and loading. Defaulting to empty config.
[EVAL] loaded UPAIR checkpoint: /lustre10/scratch/rsadve1/Ablations_S1P2/TWC_plots_comprehensive/runs_rx16/seed7/1dmrs/constant_prompt_d256_b4_r2/checkpoints/best.weights.h5
[EVAL] skipping explicit NMSE channel-estimator calls for: upair5g_lmmse
[EVAL] instrumentation log_latency=True log_gpu_memory=True memory_cleanup_every_batches=1 memory_cleanup_every_microbatch=True stream_eval_microbatches=True compiled_receiver_error_counts=False receiver_call_jit_compile=False per_receiver_stopping=False target_bler_floor=1e-05 floor_num_frames=0 gpu_mem=0.09GiB peak=0.29GiB
[EVAL] receiver_call name=upair5g_lmmse mode=positional_y_no compiled_error_counts=False
[EVAL] progress num_users=3 Eb/N0=3 dB batches=10/20 frame_err=upair5g_lmmse:52/1920 elapsed=70.6s avg_batch=7.064s gpu_mem=7.18GiB peak=7.38GiB
[EVAL] progress num_users=3 Eb/N0=3 dB batches=20/20 frame_err=upair5g_lmmse:99/3840 elapsed=141.1s avg_batch=7.056s gpu_mem=14.46GiB peak=14.66GiB
[EVAL] receiver=           upair5g_lmmse Eb/N0= 3.0 dB BER=2.01788e-03 BLER=2.57812e-02 NMSE=nan bit_err= 23060/11427840 blk_err=   99/3840   batches=  20 stop=global_stop rx_time=76.40s rx_ms_batch=3820.0 rx_ms_frame=19.896 point_time=141.12s gpu_mem=14.46GiB peak=14.66GiB
[ISO-CHUNK] wrote: /home/rsadve1/links/scratch/Ablations_S1P2/_gen_ds3x_p2c_chunks/constant_prompt_d256_b4_r2_u3_upair5g_lmmse_ebno3p0_chunk0000_m8_b20/chunk_result.csv
[ISO-CHUNK] DONE
[PIPELINE] status done=0 reason=continue chunks=1 batches=20 block_errors=99/100 next_chunk=1
2026-07-06 00:41:21.436995: E external/local_xla/xla/stream_executor/cuda/cuda_dnn.cc:9261] Unable to register cuDNN factory: Attempting to register factory for plugin cuDNN when one has already been registered
2026-07-06 00:41:21.437055: E external/local_xla/xla/stream_executor/cuda/cuda_fft.cc:607] Unable to register cuFFT factory: Attempting to register factory for plugin cuFFT when one has already been registered
2026-07-06 00:41:21.438375: E external/local_xla/xla/stream_executor/cuda/cuda_blas.cc:1515] Unable to register cuBLAS factory: Attempting to register factory for plugin cuBLAS when one has already been registered
[COMPREHENSIVE] loaded Optuna best JSON for constant_prompt_d256_b4_r2 from /home/rsadve1/links/scratch/Ablations_S1P2/optuna/clean_b32_prb8_d256_40k_smart_trueDMRS_u34610_1dmrs_stageB_constant_prompt_d256_b4_r2_best_params.json
[ISO-CHUNK] variant: constant_prompt_d256_b4_r2
[ISO-CHUNK] receiver: upair5g_lmmse
[ISO-CHUNK] num_users: 3
[ISO-CHUNK] ebno_db: 3.0
[ISO-CHUNK] chunk_idx: 1
[ISO-CHUNK] chunk_batches: 20
[ISO-CHUNK] receiver_microbatch_size: 8
[ISO-CHUNK] chunk_seed: 1855037
[ISO-CHUNK] checkpoint: /lustre10/scratch/rsadve1/Ablations_S1P2/TWC_plots_comprehensive/runs_rx16/seed7/1dmrs/constant_prompt_d256_b4_r2/checkpoints/best.weights.h5
[ISO-CHUNK] TF_GPU_ALLOCATOR: bfc
[ISO-CHUNK] output tag: constant_prompt_d256_b4_r2_u3_upair5g_lmmse_ebno3p0_chunk0001_m8_b20
[EVAL] receiver microbatching enabled: batch_size_eval=64 receiver_microbatch_size=8
WARNING:tensorflow:Model's `__init__()` arguments contain non-serializable objects. Please implement a `get_config()` method in the subclassed Model for proper saving and loading. Defaulting to empty config.
WARNING:tensorflow:Model's `__init__()` arguments contain non-serializable objects. Please implement a `get_config()` method in the subclassed Model for proper saving and loading. Defaulting to empty config.
[EVAL] loaded UPAIR checkpoint: /lustre10/scratch/rsadve1/Ablations_S1P2/TWC_plots_comprehensive/runs_rx16/seed7/1dmrs/constant_prompt_d256_b4_r2/checkpoints/best.weights.h5
[EVAL] skipping explicit NMSE channel-estimator calls for: upair5g_lmmse
[EVAL] instrumentation log_latency=True log_gpu_memory=True memory_cleanup_every_batches=1 memory_cleanup_every_microbatch=True stream_eval_microbatches=True compiled_receiver_error_counts=False receiver_call_jit_compile=False per_receiver_stopping=False target_bler_floor=1e-05 floor_num_frames=0 gpu_mem=0.09GiB peak=0.29GiB
[EVAL] receiver_call name=upair5g_lmmse mode=positional_y_no compiled_error_counts=False
[EVAL] progress num_users=3 Eb/N0=3 dB batches=10/20 frame_err=upair5g_lmmse:58/1920 elapsed=71.8s avg_batch=7.180s gpu_mem=7.18GiB peak=7.38GiB
[EVAL] progress num_users=3 Eb/N0=3 dB batches=20/20 frame_err=upair5g_lmmse:108/3840 elapsed=143.6s avg_batch=7.181s gpu_mem=14.46GiB peak=14.66GiB
[EVAL] receiver=           upair5g_lmmse Eb/N0= 3.0 dB BER=2.59288e-03 BLER=2.81250e-02 NMSE=nan bit_err= 29631/11427840 blk_err=  108/3840   batches=  20 stop=global_stop rx_time=77.83s rx_ms_batch=3891.3 rx_ms_frame=20.267 point_time=143.62s gpu_mem=14.46GiB peak=14.66GiB
[ISO-CHUNK] wrote: /home/rsadve1/links/scratch/Ablations_S1P2/_gen_ds3x_p2c_chunks/constant_prompt_d256_b4_r2_u3_upair5g_lmmse_ebno3p0_chunk0001_m8_b20/chunk_result.csv
[ISO-CHUNK] DONE
[PIPELINE] status done=1 reason=target_block_errors chunks=2 batches=40 block_errors=207/100 next_chunk=-1
[ISO-MERGE] chunks: 2
[ISO-MERGE] rows: 1
[ISO-MERGE] wrote: /home/rsadve1/links/scratch/Ablations_S1P2/_gen_ds3x_p2c_chunks/merged_constant_prompt_d256_b4_r2_u3_upair5g_lmmse_e3.csv
[ISO-MERGE] wrote: /home/rsadve1/links/scratch/Ablations_S1P2/_gen_ds3x_p2c_chunks/merged_constant_prompt_d256_b4_r2_u3_upair5g_lmmse_e3.summary.json
     receiver                    variant dmrs_case  seed  training_seed  num_users  ebno_db  num_chunks chunk_indices  bit_errors  num_bits  block_errors  num_blocks  num_batches_run  point_elapsed_s  data_elapsed_s  receiver_elapsed_s      ber     bler  nmse       mc_stop_reason  target_bler_floor  bler_zero_error_upper_bound  ber_zero_error_upper_bound  receiver_ms_per_batch  receiver_ms_per_frame  reliable_ber  reliable_bler
upair5g_lmmse constant_prompt_d256_b4_r2     1dmrs     7              7          3      3.0           2           0,1       52691  22855680           207        7680               40       284.741865       92.761518          154.225931 0.002305 0.026953   NaN isolated_chunk_merge                NaN                          NaN                         NaN            3855.648268              20.081501          True           True
[PIPELINE] COMPLETE variant=constant_prompt_d256_b4_r2
