[ENV] Reusing portable venv: /home/rsadve1/links/scratch/.vevn_upair_potable
[ENV] Checking installed package metadata only; TensorFlow/Sionna are not imported here.
[ENV] Python 3.11.5
[ENV] numpy 1.26.4+computecanada
[ENV] pandas 2.2.3+computecanada
[ENV] matplotlib 3.10.0+computecanada
[ENV] PyYAML 6.0.2+computecanada
[ENV] scipy 1.15.1+computecanada
[ENV] tensorflow 2.15.1+computecanada
[ENV] sionna-no-rt 1.2.1
[ENV] optuna 4.8.0+computecanada
[ENV] Skipping TensorFlow/Sionna import check on this node. Set UPAIR_DEEP_IMPORT_CHECK=1 to test imports explicitly.
[ENV] Ready: REPO=/home/rsadve1/links/scratch/NewAblations_Fabel
[ENV] Ready: VENV=/home/rsadve1/links/scratch/.vevn_upair_potable
[ENV] Reusing portable venv: /home/rsadve1/links/scratch/.vevn_upair_potable
[ENV] Checking installed package metadata only; TensorFlow/Sionna are not imported here.
[ENV] Python 3.11.5
[ENV] numpy 1.26.4+computecanada
[ENV] pandas 2.2.3+computecanada
[ENV] matplotlib 3.10.0+computecanada
[ENV] PyYAML 6.0.2+computecanada
[ENV] scipy 1.15.1+computecanada
[ENV] tensorflow 2.15.1+computecanada
[ENV] sionna-no-rt 1.2.1
[ENV] optuna 4.8.0+computecanada
[ENV] Skipping TensorFlow/Sionna import check on this node. Set UPAIR_DEEP_IMPORT_CHECK=1 to test imports explicitly.
[ENV] Ready: REPO=/home/rsadve1/links/scratch/NewAblations_Fabel
[ENV] Ready: VENV=/home/rsadve1/links/scratch/.vevn_upair_potable
================================================================================
[PIPELINE] variant=main_d256_b4_r2
[PIPELINE] root=/home/rsadve1/links/scratch/NewAblations_Fabel
[PIPELINE] stageB_prefix=clean_b32_prb8_d256_40k_smart_trueDMRS_u34610_1dmrs_stageB
[PIPELINE] receivers=upair5g_lmmse
[PIPELINE] users=3
[PIPELINE] ebnos=-4,-3,-2,-1,0,1,2,3
[PIPELINE] chunk_batches=20 micro=8
================================================================================
[PIPELINE] UPAIR_EVAL_ONLY=1 -> skipping training for main_d256_b4_r2 (eval-only arm reusing aliased checkpoint).
[PIPELINE] starting/resuming isolated evaluation for main_d256_b4_r2.

--------------------------------------------------------------------------------
[PIPELINE] eval point variant=main_d256_b4_r2 receiver=upair5g_lmmse U=3 Eb/N0=-4
--------------------------------------------------------------------------------
[PIPELINE] status done=0 reason=continue chunks=0 batches=0 block_errors=0/100 next_chunk=0
2026-07-05 17:14:08.931410: E external/local_xla/xla/stream_executor/cuda/cuda_dnn.cc:9261] Unable to register cuDNN factory: Attempting to register factory for plugin cuDNN when one has already been registered
2026-07-05 17:14:08.931475: E external/local_xla/xla/stream_executor/cuda/cuda_fft.cc:607] Unable to register cuFFT factory: Attempting to register factory for plugin cuFFT when one has already been registered
2026-07-05 17:14:08.932955: E external/local_xla/xla/stream_executor/cuda/cuda_blas.cc:1515] Unable to register cuBLAS factory: Attempting to register factory for plugin cuBLAS when one has already been registered
[COMPREHENSIVE] loaded Optuna best JSON for main_d256_b4_r2 from /home/rsadve1/links/scratch/NewAblations_Fabel/optuna/clean_b32_prb8_d256_40k_smart_trueDMRS_u34610_1dmrs_stageB_main_d256_b4_r2_best_params.json
[ISO-CHUNK] variant: main_d256_b4_r2
[ISO-CHUNK] receiver: upair5g_lmmse
[ISO-CHUNK] num_users: 3
[ISO-CHUNK] ebno_db: -4.0
[ISO-CHUNK] chunk_idx: 0
[ISO-CHUNK] chunk_batches: 20
[ISO-CHUNK] receiver_microbatch_size: 8
[ISO-CHUNK] chunk_seed: 1636034
[ISO-CHUNK] checkpoint: /lustre10/scratch/rsadve1/NewAblations_Fabel/TWC_plots_comprehensive/runs_rx16/seed7/1dmrs/main_d256_b4_r2/checkpoints/best.weights.h5
[ISO-CHUNK] TF_GPU_ALLOCATOR: bfc
[ISO-CHUNK] output tag: main_d256_b4_r2_u3_upair5g_lmmse_ebnom4p0_chunk0000_m8_b20
[EVAL] receiver microbatching enabled: batch_size_eval=64 receiver_microbatch_size=8
WARNING:tensorflow:Model's `__init__()` arguments contain non-serializable objects. Please implement a `get_config()` method in the subclassed Model for proper saving and loading. Defaulting to empty config.
WARNING:tensorflow:Model's `__init__()` arguments contain non-serializable objects. Please implement a `get_config()` method in the subclassed Model for proper saving and loading. Defaulting to empty config.
[EVAL] loaded UPAIR checkpoint: /lustre10/scratch/rsadve1/NewAblations_Fabel/TWC_plots_comprehensive/runs_rx16/seed7/1dmrs/main_d256_b4_r2/checkpoints/best.weights.h5
[EVAL] skipping explicit NMSE channel-estimator calls for: upair5g_lmmse
[EVAL] instrumentation log_latency=True log_gpu_memory=True memory_cleanup_every_batches=1 memory_cleanup_every_microbatch=True stream_eval_microbatches=True compiled_receiver_error_counts=False receiver_call_jit_compile=False per_receiver_stopping=False target_bler_floor=1e-05 floor_num_frames=0 gpu_mem=0.09GiB peak=0.29GiB
[EVAL] receiver_call name=upair5g_lmmse mode=positional_y_no compiled_error_counts=False
[EVAL] progress num_users=3 Eb/N0=-4 dB batches=10/20 frame_err=upair5g_lmmse:1029/1920 elapsed=71.6s avg_batch=7.159s gpu_mem=7.18GiB peak=7.38GiB
[EVAL] progress num_users=3 Eb/N0=-4 dB batches=20/20 frame_err=upair5g_lmmse:2048/3840 elapsed=143.2s avg_batch=7.158s gpu_mem=14.46GiB peak=14.66GiB
[EVAL] receiver=           upair5g_lmmse Eb/N0=-4.0 dB BER=6.74513e-02 BLER=5.33333e-01 NMSE=nan bit_err=770823/11427840 blk_err= 2048/3840   batches=  20 stop=global_stop rx_time=77.74s rx_ms_batch=3887.2 rx_ms_frame=20.246 point_time=143.16s gpu_mem=14.46GiB peak=14.66GiB
[ISO-CHUNK] wrote: /home/rsadve1/links/scratch/NewAblations_Fabel/_gen_v33_chunks/main_d256_b4_r2_u3_upair5g_lmmse_ebnom4p0_chunk0000_m8_b20/chunk_result.csv
[ISO-CHUNK] DONE
[PIPELINE] status done=1 reason=target_block_errors chunks=1 batches=20 block_errors=2048/100 next_chunk=-1
[ISO-MERGE] chunks: 1
[ISO-MERGE] rows: 1
[ISO-MERGE] wrote: /home/rsadve1/links/scratch/NewAblations_Fabel/_gen_v33_chunks/merged_main_d256_b4_r2_u3_upair5g_lmmse_em4.csv
[ISO-MERGE] wrote: /home/rsadve1/links/scratch/NewAblations_Fabel/_gen_v33_chunks/merged_main_d256_b4_r2_u3_upair5g_lmmse_em4.summary.json
     receiver         variant dmrs_case  seed  training_seed  num_users  ebno_db  num_chunks chunk_indices  bit_errors  num_bits  block_errors  num_blocks  num_batches_run  point_elapsed_s  data_elapsed_s  receiver_elapsed_s      ber     bler  nmse       mc_stop_reason  target_bler_floor  bler_zero_error_upper_bound  ber_zero_error_upper_bound  receiver_ms_per_batch  receiver_ms_per_frame  reliable_ber  reliable_bler
upair5g_lmmse main_d256_b4_r2     1dmrs     7              7          3     -4.0           1             0      770823  11427840          2048        3840               20       143.157111       46.543796           77.744683 0.067451 0.533333   NaN isolated_chunk_merge                NaN                          NaN                         NaN            3887.234168              20.246011          True           True

--------------------------------------------------------------------------------
[PIPELINE] eval point variant=main_d256_b4_r2 receiver=upair5g_lmmse U=3 Eb/N0=-3
--------------------------------------------------------------------------------
[PIPELINE] status done=0 reason=continue chunks=0 batches=0 block_errors=0/100 next_chunk=0
2026-07-05 17:16:47.261778: E external/local_xla/xla/stream_executor/cuda/cuda_dnn.cc:9261] Unable to register cuDNN factory: Attempting to register factory for plugin cuDNN when one has already been registered
2026-07-05 17:16:47.261841: E external/local_xla/xla/stream_executor/cuda/cuda_fft.cc:607] Unable to register cuFFT factory: Attempting to register factory for plugin cuFFT when one has already been registered
2026-07-05 17:16:47.263295: E external/local_xla/xla/stream_executor/cuda/cuda_blas.cc:1515] Unable to register cuBLAS factory: Attempting to register factory for plugin cuBLAS when one has already been registered
[COMPREHENSIVE] loaded Optuna best JSON for main_d256_b4_r2 from /home/rsadve1/links/scratch/NewAblations_Fabel/optuna/clean_b32_prb8_d256_40k_smart_trueDMRS_u34610_1dmrs_stageB_main_d256_b4_r2_best_params.json
[ISO-CHUNK] variant: main_d256_b4_r2
[ISO-CHUNK] receiver: upair5g_lmmse
[ISO-CHUNK] num_users: 3
[ISO-CHUNK] ebno_db: -3.0
[ISO-CHUNK] chunk_idx: 0
[ISO-CHUNK] chunk_batches: 20
[ISO-CHUNK] receiver_microbatch_size: 8
[ISO-CHUNK] chunk_seed: 1653034
[ISO-CHUNK] checkpoint: /lustre10/scratch/rsadve1/NewAblations_Fabel/TWC_plots_comprehensive/runs_rx16/seed7/1dmrs/main_d256_b4_r2/checkpoints/best.weights.h5
[ISO-CHUNK] TF_GPU_ALLOCATOR: bfc
[ISO-CHUNK] output tag: main_d256_b4_r2_u3_upair5g_lmmse_ebnom3p0_chunk0000_m8_b20
[EVAL] receiver microbatching enabled: batch_size_eval=64 receiver_microbatch_size=8
WARNING:tensorflow:Model's `__init__()` arguments contain non-serializable objects. Please implement a `get_config()` method in the subclassed Model for proper saving and loading. Defaulting to empty config.
WARNING:tensorflow:Model's `__init__()` arguments contain non-serializable objects. Please implement a `get_config()` method in the subclassed Model for proper saving and loading. Defaulting to empty config.
[EVAL] loaded UPAIR checkpoint: /lustre10/scratch/rsadve1/NewAblations_Fabel/TWC_plots_comprehensive/runs_rx16/seed7/1dmrs/main_d256_b4_r2/checkpoints/best.weights.h5
[EVAL] skipping explicit NMSE channel-estimator calls for: upair5g_lmmse
[EVAL] instrumentation log_latency=True log_gpu_memory=True memory_cleanup_every_batches=1 memory_cleanup_every_microbatch=True stream_eval_microbatches=True compiled_receiver_error_counts=False receiver_call_jit_compile=False per_receiver_stopping=False target_bler_floor=1e-05 floor_num_frames=0 gpu_mem=0.09GiB peak=0.29GiB
[EVAL] receiver_call name=upair5g_lmmse mode=positional_y_no compiled_error_counts=False
[EVAL] progress num_users=3 Eb/N0=-3 dB batches=10/20 frame_err=upair5g_lmmse:822/1920 elapsed=71.3s avg_batch=7.126s gpu_mem=7.18GiB peak=7.38GiB
[EVAL] progress num_users=3 Eb/N0=-3 dB batches=20/20 frame_err=upair5g_lmmse:1648/3840 elapsed=142.6s avg_batch=7.132s gpu_mem=14.46GiB peak=14.66GiB
[EVAL] receiver=           upair5g_lmmse Eb/N0=-3.0 dB BER=5.69737e-02 BLER=4.29167e-01 NMSE=nan bit_err=651086/11427840 blk_err= 1648/3840   batches=  20 stop=global_stop rx_time=77.73s rx_ms_batch=3886.5 rx_ms_frame=20.242 point_time=142.63s gpu_mem=14.46GiB peak=14.66GiB
[ISO-CHUNK] wrote: /home/rsadve1/links/scratch/NewAblations_Fabel/_gen_v33_chunks/main_d256_b4_r2_u3_upair5g_lmmse_ebnom3p0_chunk0000_m8_b20/chunk_result.csv
[ISO-CHUNK] DONE
[PIPELINE] status done=1 reason=target_block_errors chunks=1 batches=20 block_errors=1648/100 next_chunk=-1
[ISO-MERGE] chunks: 1
[ISO-MERGE] rows: 1
[ISO-MERGE] wrote: /home/rsadve1/links/scratch/NewAblations_Fabel/_gen_v33_chunks/merged_main_d256_b4_r2_u3_upair5g_lmmse_em3.csv
[ISO-MERGE] wrote: /home/rsadve1/links/scratch/NewAblations_Fabel/_gen_v33_chunks/merged_main_d256_b4_r2_u3_upair5g_lmmse_em3.summary.json
     receiver         variant dmrs_case  seed  training_seed  num_users  ebno_db  num_chunks chunk_indices  bit_errors  num_bits  block_errors  num_blocks  num_batches_run  point_elapsed_s  data_elapsed_s  receiver_elapsed_s      ber     bler  nmse       mc_stop_reason  target_bler_floor  bler_zero_error_upper_bound  ber_zero_error_upper_bound  receiver_ms_per_batch  receiver_ms_per_frame  reliable_ber  reliable_bler
upair5g_lmmse main_d256_b4_r2     1dmrs     7              7          3     -3.0           1             0      651086  11427840          1648        3840               20       142.633017       46.609542           77.730277 0.056974 0.429167   NaN isolated_chunk_merge                NaN                          NaN                         NaN            3886.513849               20.24226          True           True

--------------------------------------------------------------------------------
[PIPELINE] eval point variant=main_d256_b4_r2 receiver=upair5g_lmmse U=3 Eb/N0=-2
--------------------------------------------------------------------------------
[PIPELINE] status done=0 reason=continue chunks=0 batches=0 block_errors=0/100 next_chunk=0
2026-07-05 17:19:25.390518: E external/local_xla/xla/stream_executor/cuda/cuda_dnn.cc:9261] Unable to register cuDNN factory: Attempting to register factory for plugin cuDNN when one has already been registered
2026-07-05 17:19:25.390599: E external/local_xla/xla/stream_executor/cuda/cuda_fft.cc:607] Unable to register cuFFT factory: Attempting to register factory for plugin cuFFT when one has already been registered
2026-07-05 17:19:25.392042: E external/local_xla/xla/stream_executor/cuda/cuda_blas.cc:1515] Unable to register cuBLAS factory: Attempting to register factory for plugin cuBLAS when one has already been registered
[COMPREHENSIVE] loaded Optuna best JSON for main_d256_b4_r2 from /home/rsadve1/links/scratch/NewAblations_Fabel/optuna/clean_b32_prb8_d256_40k_smart_trueDMRS_u34610_1dmrs_stageB_main_d256_b4_r2_best_params.json
[ISO-CHUNK] variant: main_d256_b4_r2
[ISO-CHUNK] receiver: upair5g_lmmse
[ISO-CHUNK] num_users: 3
[ISO-CHUNK] ebno_db: -2.0
[ISO-CHUNK] chunk_idx: 0
[ISO-CHUNK] chunk_batches: 20
[ISO-CHUNK] receiver_microbatch_size: 8
[ISO-CHUNK] chunk_seed: 1670034
[ISO-CHUNK] checkpoint: /lustre10/scratch/rsadve1/NewAblations_Fabel/TWC_plots_comprehensive/runs_rx16/seed7/1dmrs/main_d256_b4_r2/checkpoints/best.weights.h5
[ISO-CHUNK] TF_GPU_ALLOCATOR: bfc
[ISO-CHUNK] output tag: main_d256_b4_r2_u3_upair5g_lmmse_ebnom2p0_chunk0000_m8_b20
[EVAL] receiver microbatching enabled: batch_size_eval=64 receiver_microbatch_size=8
WARNING:tensorflow:Model's `__init__()` arguments contain non-serializable objects. Please implement a `get_config()` method in the subclassed Model for proper saving and loading. Defaulting to empty config.
WARNING:tensorflow:Model's `__init__()` arguments contain non-serializable objects. Please implement a `get_config()` method in the subclassed Model for proper saving and loading. Defaulting to empty config.
[EVAL] loaded UPAIR checkpoint: /lustre10/scratch/rsadve1/NewAblations_Fabel/TWC_plots_comprehensive/runs_rx16/seed7/1dmrs/main_d256_b4_r2/checkpoints/best.weights.h5
[EVAL] skipping explicit NMSE channel-estimator calls for: upair5g_lmmse
[EVAL] instrumentation log_latency=True log_gpu_memory=True memory_cleanup_every_batches=1 memory_cleanup_every_microbatch=True stream_eval_microbatches=True compiled_receiver_error_counts=False receiver_call_jit_compile=False per_receiver_stopping=False target_bler_floor=1e-05 floor_num_frames=0 gpu_mem=0.09GiB peak=0.29GiB
[EVAL] receiver_call name=upair5g_lmmse mode=positional_y_no compiled_error_counts=False
[EVAL] progress num_users=3 Eb/N0=-2 dB batches=10/20 frame_err=upair5g_lmmse:663/1920 elapsed=71.0s avg_batch=7.105s gpu_mem=7.18GiB peak=7.38GiB
[EVAL] progress num_users=3 Eb/N0=-2 dB batches=20/20 frame_err=upair5g_lmmse:1380/3840 elapsed=141.9s avg_batch=7.096s gpu_mem=14.46GiB peak=14.66GiB
[EVAL] receiver=           upair5g_lmmse Eb/N0=-2.0 dB BER=4.93140e-02 BLER=3.59375e-01 NMSE=nan bit_err=563552/11427840 blk_err= 1380/3840   batches=  20 stop=global_stop rx_time=77.33s rx_ms_batch=3866.4 rx_ms_frame=20.138 point_time=141.91s gpu_mem=14.46GiB peak=14.66GiB
[ISO-CHUNK] wrote: /home/rsadve1/links/scratch/NewAblations_Fabel/_gen_v33_chunks/main_d256_b4_r2_u3_upair5g_lmmse_ebnom2p0_chunk0000_m8_b20/chunk_result.csv
[ISO-CHUNK] DONE
[PIPELINE] status done=1 reason=target_block_errors chunks=1 batches=20 block_errors=1380/100 next_chunk=-1
[ISO-MERGE] chunks: 1
[ISO-MERGE] rows: 1
[ISO-MERGE] wrote: /home/rsadve1/links/scratch/NewAblations_Fabel/_gen_v33_chunks/merged_main_d256_b4_r2_u3_upair5g_lmmse_em2.csv
[ISO-MERGE] wrote: /home/rsadve1/links/scratch/NewAblations_Fabel/_gen_v33_chunks/merged_main_d256_b4_r2_u3_upair5g_lmmse_em2.summary.json
     receiver         variant dmrs_case  seed  training_seed  num_users  ebno_db  num_chunks chunk_indices  bit_errors  num_bits  block_errors  num_blocks  num_batches_run  point_elapsed_s  data_elapsed_s  receiver_elapsed_s      ber     bler  nmse       mc_stop_reason  target_bler_floor  bler_zero_error_upper_bound  ber_zero_error_upper_bound  receiver_ms_per_batch  receiver_ms_per_frame  reliable_ber  reliable_bler
upair5g_lmmse main_d256_b4_r2     1dmrs     7              7          3     -2.0           1             0      563552  11427840          1380        3840               20       141.911325       46.281842           77.328462 0.049314 0.359375   NaN isolated_chunk_merge                NaN                          NaN                         NaN            3866.423093               20.13762          True           True

--------------------------------------------------------------------------------
[PIPELINE] eval point variant=main_d256_b4_r2 receiver=upair5g_lmmse U=3 Eb/N0=-1
--------------------------------------------------------------------------------
[PIPELINE] status done=0 reason=continue chunks=0 batches=0 block_errors=0/100 next_chunk=0
2026-07-05 17:22:02.679989: E external/local_xla/xla/stream_executor/cuda/cuda_dnn.cc:9261] Unable to register cuDNN factory: Attempting to register factory for plugin cuDNN when one has already been registered
2026-07-05 17:22:02.680047: E external/local_xla/xla/stream_executor/cuda/cuda_fft.cc:607] Unable to register cuFFT factory: Attempting to register factory for plugin cuFFT when one has already been registered
2026-07-05 17:22:02.681501: E external/local_xla/xla/stream_executor/cuda/cuda_blas.cc:1515] Unable to register cuBLAS factory: Attempting to register factory for plugin cuBLAS when one has already been registered
[COMPREHENSIVE] loaded Optuna best JSON for main_d256_b4_r2 from /home/rsadve1/links/scratch/NewAblations_Fabel/optuna/clean_b32_prb8_d256_40k_smart_trueDMRS_u34610_1dmrs_stageB_main_d256_b4_r2_best_params.json
[ISO-CHUNK] variant: main_d256_b4_r2
[ISO-CHUNK] receiver: upair5g_lmmse
[ISO-CHUNK] num_users: 3
[ISO-CHUNK] ebno_db: -1.0
[ISO-CHUNK] chunk_idx: 0
[ISO-CHUNK] chunk_batches: 20
[ISO-CHUNK] receiver_microbatch_size: 8
[ISO-CHUNK] chunk_seed: 1687034
[ISO-CHUNK] checkpoint: /lustre10/scratch/rsadve1/NewAblations_Fabel/TWC_plots_comprehensive/runs_rx16/seed7/1dmrs/main_d256_b4_r2/checkpoints/best.weights.h5
[ISO-CHUNK] TF_GPU_ALLOCATOR: bfc
[ISO-CHUNK] output tag: main_d256_b4_r2_u3_upair5g_lmmse_ebnom1p0_chunk0000_m8_b20
[EVAL] receiver microbatching enabled: batch_size_eval=64 receiver_microbatch_size=8
WARNING:tensorflow:Model's `__init__()` arguments contain non-serializable objects. Please implement a `get_config()` method in the subclassed Model for proper saving and loading. Defaulting to empty config.
WARNING:tensorflow:Model's `__init__()` arguments contain non-serializable objects. Please implement a `get_config()` method in the subclassed Model for proper saving and loading. Defaulting to empty config.
[EVAL] loaded UPAIR checkpoint: /lustre10/scratch/rsadve1/NewAblations_Fabel/TWC_plots_comprehensive/runs_rx16/seed7/1dmrs/main_d256_b4_r2/checkpoints/best.weights.h5
[EVAL] skipping explicit NMSE channel-estimator calls for: upair5g_lmmse
[EVAL] instrumentation log_latency=True log_gpu_memory=True memory_cleanup_every_batches=1 memory_cleanup_every_microbatch=True stream_eval_microbatches=True compiled_receiver_error_counts=False receiver_call_jit_compile=False per_receiver_stopping=False target_bler_floor=1e-05 floor_num_frames=0 gpu_mem=0.09GiB peak=0.29GiB
[EVAL] receiver_call name=upair5g_lmmse mode=positional_y_no compiled_error_counts=False
[EVAL] progress num_users=3 Eb/N0=-1 dB batches=10/20 frame_err=upair5g_lmmse:581/1920 elapsed=71.3s avg_batch=7.132s gpu_mem=7.18GiB peak=7.38GiB
[EVAL] progress num_users=3 Eb/N0=-1 dB batches=20/20 frame_err=upair5g_lmmse:1160/3840 elapsed=143.0s avg_batch=7.150s gpu_mem=14.46GiB peak=14.66GiB
[EVAL] receiver=           upair5g_lmmse Eb/N0=-1.0 dB BER=4.27115e-02 BLER=3.02083e-01 NMSE=nan bit_err=488100/11427840 blk_err= 1160/3840   batches=  20 stop=global_stop rx_time=77.66s rx_ms_batch=3883.0 rx_ms_frame=20.224 point_time=142.99s gpu_mem=14.46GiB peak=14.66GiB
[ISO-CHUNK] wrote: /home/rsadve1/links/scratch/NewAblations_Fabel/_gen_v33_chunks/main_d256_b4_r2_u3_upair5g_lmmse_ebnom1p0_chunk0000_m8_b20/chunk_result.csv
[ISO-CHUNK] DONE
[PIPELINE] status done=1 reason=target_block_errors chunks=1 batches=20 block_errors=1160/100 next_chunk=-1
[ISO-MERGE] chunks: 1
[ISO-MERGE] rows: 1
[ISO-MERGE] wrote: /home/rsadve1/links/scratch/NewAblations_Fabel/_gen_v33_chunks/merged_main_d256_b4_r2_u3_upair5g_lmmse_em1.csv
[ISO-MERGE] wrote: /home/rsadve1/links/scratch/NewAblations_Fabel/_gen_v33_chunks/merged_main_d256_b4_r2_u3_upair5g_lmmse_em1.summary.json
     receiver         variant dmrs_case  seed  training_seed  num_users  ebno_db  num_chunks chunk_indices  bit_errors  num_bits  block_errors  num_blocks  num_batches_run  point_elapsed_s  data_elapsed_s  receiver_elapsed_s      ber     bler  nmse       mc_stop_reason  target_bler_floor  bler_zero_error_upper_bound  ber_zero_error_upper_bound  receiver_ms_per_batch  receiver_ms_per_frame  reliable_ber  reliable_bler
upair5g_lmmse main_d256_b4_r2     1dmrs     7              7          3     -1.0           1             0      488100  11427840          1160        3840               20       142.992241       46.368359           77.659547 0.042711 0.302083   NaN isolated_chunk_merge                NaN                          NaN                         NaN            3882.977372               20.22384          True           True

--------------------------------------------------------------------------------
[PIPELINE] eval point variant=main_d256_b4_r2 receiver=upair5g_lmmse U=3 Eb/N0=0
--------------------------------------------------------------------------------
[PIPELINE] status done=0 reason=continue chunks=0 batches=0 block_errors=0/100 next_chunk=0
2026-07-05 17:24:40.961789: E external/local_xla/xla/stream_executor/cuda/cuda_dnn.cc:9261] Unable to register cuDNN factory: Attempting to register factory for plugin cuDNN when one has already been registered
2026-07-05 17:24:40.961849: E external/local_xla/xla/stream_executor/cuda/cuda_fft.cc:607] Unable to register cuFFT factory: Attempting to register factory for plugin cuFFT when one has already been registered
2026-07-05 17:24:40.963314: E external/local_xla/xla/stream_executor/cuda/cuda_blas.cc:1515] Unable to register cuBLAS factory: Attempting to register factory for plugin cuBLAS when one has already been registered
[COMPREHENSIVE] loaded Optuna best JSON for main_d256_b4_r2 from /home/rsadve1/links/scratch/NewAblations_Fabel/optuna/clean_b32_prb8_d256_40k_smart_trueDMRS_u34610_1dmrs_stageB_main_d256_b4_r2_best_params.json
[ISO-CHUNK] variant: main_d256_b4_r2
[ISO-CHUNK] receiver: upair5g_lmmse
[ISO-CHUNK] num_users: 3
[ISO-CHUNK] ebno_db: 0.0
[ISO-CHUNK] chunk_idx: 0
[ISO-CHUNK] chunk_batches: 20
[ISO-CHUNK] receiver_microbatch_size: 8
[ISO-CHUNK] chunk_seed: 1704034
[ISO-CHUNK] checkpoint: /lustre10/scratch/rsadve1/NewAblations_Fabel/TWC_plots_comprehensive/runs_rx16/seed7/1dmrs/main_d256_b4_r2/checkpoints/best.weights.h5
[ISO-CHUNK] TF_GPU_ALLOCATOR: bfc
[ISO-CHUNK] output tag: main_d256_b4_r2_u3_upair5g_lmmse_ebno0p0_chunk0000_m8_b20
[EVAL] receiver microbatching enabled: batch_size_eval=64 receiver_microbatch_size=8
WARNING:tensorflow:Model's `__init__()` arguments contain non-serializable objects. Please implement a `get_config()` method in the subclassed Model for proper saving and loading. Defaulting to empty config.
WARNING:tensorflow:Model's `__init__()` arguments contain non-serializable objects. Please implement a `get_config()` method in the subclassed Model for proper saving and loading. Defaulting to empty config.
[EVAL] loaded UPAIR checkpoint: /lustre10/scratch/rsadve1/NewAblations_Fabel/TWC_plots_comprehensive/runs_rx16/seed7/1dmrs/main_d256_b4_r2/checkpoints/best.weights.h5
[EVAL] skipping explicit NMSE channel-estimator calls for: upair5g_lmmse
[EVAL] instrumentation log_latency=True log_gpu_memory=True memory_cleanup_every_batches=1 memory_cleanup_every_microbatch=True stream_eval_microbatches=True compiled_receiver_error_counts=False receiver_call_jit_compile=False per_receiver_stopping=False target_bler_floor=1e-05 floor_num_frames=0 gpu_mem=0.09GiB peak=0.29GiB
[EVAL] receiver_call name=upair5g_lmmse mode=positional_y_no compiled_error_counts=False
[EVAL] progress num_users=3 Eb/N0=0 dB batches=10/20 frame_err=upair5g_lmmse:534/1920 elapsed=71.1s avg_batch=7.108s gpu_mem=7.18GiB peak=7.38GiB
[EVAL] progress num_users=3 Eb/N0=0 dB batches=20/20 frame_err=upair5g_lmmse:1087/3840 elapsed=142.0s avg_batch=7.098s gpu_mem=14.46GiB peak=14.66GiB
[EVAL] receiver=           upair5g_lmmse Eb/N0= 0.0 dB BER=3.94642e-02 BLER=2.83073e-01 NMSE=nan bit_err=450990/11427840 blk_err= 1087/3840   batches=  20 stop=global_stop rx_time=77.40s rx_ms_batch=3869.9 rx_ms_frame=20.156 point_time=141.96s gpu_mem=14.46GiB peak=14.66GiB
[ISO-CHUNK] wrote: /home/rsadve1/links/scratch/NewAblations_Fabel/_gen_v33_chunks/main_d256_b4_r2_u3_upair5g_lmmse_ebno0p0_chunk0000_m8_b20/chunk_result.csv
[ISO-CHUNK] DONE
[PIPELINE] status done=1 reason=target_block_errors chunks=1 batches=20 block_errors=1087/100 next_chunk=-1
[ISO-MERGE] chunks: 1
[ISO-MERGE] rows: 1
[ISO-MERGE] wrote: /home/rsadve1/links/scratch/NewAblations_Fabel/_gen_v33_chunks/merged_main_d256_b4_r2_u3_upair5g_lmmse_e0.csv
[ISO-MERGE] wrote: /home/rsadve1/links/scratch/NewAblations_Fabel/_gen_v33_chunks/merged_main_d256_b4_r2_u3_upair5g_lmmse_e0.summary.json
     receiver         variant dmrs_case  seed  training_seed  num_users  ebno_db  num_chunks chunk_indices  bit_errors  num_bits  block_errors  num_blocks  num_batches_run  point_elapsed_s  data_elapsed_s  receiver_elapsed_s      ber     bler  nmse       mc_stop_reason  target_bler_floor  bler_zero_error_upper_bound  ber_zero_error_upper_bound  receiver_ms_per_batch  receiver_ms_per_frame  reliable_ber  reliable_bler
upair5g_lmmse main_d256_b4_r2     1dmrs     7              7          3      0.0           1             0      450990  11427840          1087        3840               20       141.957493       46.318946           77.397838 0.039464 0.283073   NaN isolated_chunk_merge                NaN                          NaN                         NaN            3869.891892              20.155687          True           True

--------------------------------------------------------------------------------
[PIPELINE] eval point variant=main_d256_b4_r2 receiver=upair5g_lmmse U=3 Eb/N0=1
--------------------------------------------------------------------------------
[PIPELINE] status done=0 reason=continue chunks=0 batches=0 block_errors=0/100 next_chunk=0
2026-07-05 17:27:18.687769: E external/local_xla/xla/stream_executor/cuda/cuda_dnn.cc:9261] Unable to register cuDNN factory: Attempting to register factory for plugin cuDNN when one has already been registered
2026-07-05 17:27:18.687831: E external/local_xla/xla/stream_executor/cuda/cuda_fft.cc:607] Unable to register cuFFT factory: Attempting to register factory for plugin cuFFT when one has already been registered
2026-07-05 17:27:18.689279: E external/local_xla/xla/stream_executor/cuda/cuda_blas.cc:1515] Unable to register cuBLAS factory: Attempting to register factory for plugin cuBLAS when one has already been registered
[COMPREHENSIVE] loaded Optuna best JSON for main_d256_b4_r2 from /home/rsadve1/links/scratch/NewAblations_Fabel/optuna/clean_b32_prb8_d256_40k_smart_trueDMRS_u34610_1dmrs_stageB_main_d256_b4_r2_best_params.json
[ISO-CHUNK] variant: main_d256_b4_r2
[ISO-CHUNK] receiver: upair5g_lmmse
[ISO-CHUNK] num_users: 3
[ISO-CHUNK] ebno_db: 1.0
[ISO-CHUNK] chunk_idx: 0
[ISO-CHUNK] chunk_batches: 20
[ISO-CHUNK] receiver_microbatch_size: 8
[ISO-CHUNK] chunk_seed: 1721034
[ISO-CHUNK] checkpoint: /lustre10/scratch/rsadve1/NewAblations_Fabel/TWC_plots_comprehensive/runs_rx16/seed7/1dmrs/main_d256_b4_r2/checkpoints/best.weights.h5
[ISO-CHUNK] TF_GPU_ALLOCATOR: bfc
[ISO-CHUNK] output tag: main_d256_b4_r2_u3_upair5g_lmmse_ebno1p0_chunk0000_m8_b20
[EVAL] receiver microbatching enabled: batch_size_eval=64 receiver_microbatch_size=8
WARNING:tensorflow:Model's `__init__()` arguments contain non-serializable objects. Please implement a `get_config()` method in the subclassed Model for proper saving and loading. Defaulting to empty config.
WARNING:tensorflow:Model's `__init__()` arguments contain non-serializable objects. Please implement a `get_config()` method in the subclassed Model for proper saving and loading. Defaulting to empty config.
[EVAL] loaded UPAIR checkpoint: /lustre10/scratch/rsadve1/NewAblations_Fabel/TWC_plots_comprehensive/runs_rx16/seed7/1dmrs/main_d256_b4_r2/checkpoints/best.weights.h5
[EVAL] skipping explicit NMSE channel-estimator calls for: upair5g_lmmse
[EVAL] instrumentation log_latency=True log_gpu_memory=True memory_cleanup_every_batches=1 memory_cleanup_every_microbatch=True stream_eval_microbatches=True compiled_receiver_error_counts=False receiver_call_jit_compile=False per_receiver_stopping=False target_bler_floor=1e-05 floor_num_frames=0 gpu_mem=0.09GiB peak=0.29GiB
[EVAL] receiver_call name=upair5g_lmmse mode=positional_y_no compiled_error_counts=False
[EVAL] progress num_users=3 Eb/N0=1 dB batches=10/20 frame_err=upair5g_lmmse:495/1920 elapsed=71.9s avg_batch=7.191s gpu_mem=7.18GiB peak=7.38GiB
[EVAL] progress num_users=3 Eb/N0=1 dB batches=20/20 frame_err=upair5g_lmmse:984/3840 elapsed=143.7s avg_batch=7.186s gpu_mem=14.46GiB peak=14.66GiB
[EVAL] receiver=           upair5g_lmmse Eb/N0= 1.0 dB BER=3.64589e-02 BLER=2.56250e-01 NMSE=nan bit_err=416647/11427840 blk_err=  984/3840   batches=  20 stop=global_stop rx_time=78.32s rx_ms_batch=3916.1 rx_ms_frame=20.396 point_time=143.72s gpu_mem=14.46GiB peak=14.66GiB
[ISO-CHUNK] wrote: /home/rsadve1/links/scratch/NewAblations_Fabel/_gen_v33_chunks/main_d256_b4_r2_u3_upair5g_lmmse_ebno1p0_chunk0000_m8_b20/chunk_result.csv
[ISO-CHUNK] DONE
[PIPELINE] status done=1 reason=target_block_errors chunks=1 batches=20 block_errors=984/100 next_chunk=-1
[ISO-MERGE] chunks: 1
[ISO-MERGE] rows: 1
[ISO-MERGE] wrote: /home/rsadve1/links/scratch/NewAblations_Fabel/_gen_v33_chunks/merged_main_d256_b4_r2_u3_upair5g_lmmse_e1.csv
[ISO-MERGE] wrote: /home/rsadve1/links/scratch/NewAblations_Fabel/_gen_v33_chunks/merged_main_d256_b4_r2_u3_upair5g_lmmse_e1.summary.json
     receiver         variant dmrs_case  seed  training_seed  num_users  ebno_db  num_chunks chunk_indices  bit_errors  num_bits  block_errors  num_blocks  num_batches_run  point_elapsed_s  data_elapsed_s  receiver_elapsed_s      ber    bler  nmse       mc_stop_reason  target_bler_floor  bler_zero_error_upper_bound  ber_zero_error_upper_bound  receiver_ms_per_batch  receiver_ms_per_frame  reliable_ber  reliable_bler
upair5g_lmmse main_d256_b4_r2     1dmrs     7              7          3      1.0           1             0      416647  11427840           984        3840               20       143.724934       46.886944             78.3211 0.036459 0.25625   NaN isolated_chunk_merge                NaN                          NaN                         NaN            3916.054977               20.39612          True           True

--------------------------------------------------------------------------------
[PIPELINE] eval point variant=main_d256_b4_r2 receiver=upair5g_lmmse U=3 Eb/N0=2
--------------------------------------------------------------------------------
[PIPELINE] status done=0 reason=continue chunks=0 batches=0 block_errors=0/100 next_chunk=0
2026-07-05 17:29:57.904750: E external/local_xla/xla/stream_executor/cuda/cuda_dnn.cc:9261] Unable to register cuDNN factory: Attempting to register factory for plugin cuDNN when one has already been registered
2026-07-05 17:29:57.904808: E external/local_xla/xla/stream_executor/cuda/cuda_fft.cc:607] Unable to register cuFFT factory: Attempting to register factory for plugin cuFFT when one has already been registered
2026-07-05 17:29:57.906230: E external/local_xla/xla/stream_executor/cuda/cuda_blas.cc:1515] Unable to register cuBLAS factory: Attempting to register factory for plugin cuBLAS when one has already been registered
[COMPREHENSIVE] loaded Optuna best JSON for main_d256_b4_r2 from /home/rsadve1/links/scratch/NewAblations_Fabel/optuna/clean_b32_prb8_d256_40k_smart_trueDMRS_u34610_1dmrs_stageB_main_d256_b4_r2_best_params.json
[ISO-CHUNK] variant: main_d256_b4_r2
[ISO-CHUNK] receiver: upair5g_lmmse
[ISO-CHUNK] num_users: 3
[ISO-CHUNK] ebno_db: 2.0
[ISO-CHUNK] chunk_idx: 0
[ISO-CHUNK] chunk_batches: 20
[ISO-CHUNK] receiver_microbatch_size: 8
[ISO-CHUNK] chunk_seed: 1738034
[ISO-CHUNK] checkpoint: /lustre10/scratch/rsadve1/NewAblations_Fabel/TWC_plots_comprehensive/runs_rx16/seed7/1dmrs/main_d256_b4_r2/checkpoints/best.weights.h5
[ISO-CHUNK] TF_GPU_ALLOCATOR: bfc
[ISO-CHUNK] output tag: main_d256_b4_r2_u3_upair5g_lmmse_ebno2p0_chunk0000_m8_b20
[EVAL] receiver microbatching enabled: batch_size_eval=64 receiver_microbatch_size=8
WARNING:tensorflow:Model's `__init__()` arguments contain non-serializable objects. Please implement a `get_config()` method in the subclassed Model for proper saving and loading. Defaulting to empty config.
WARNING:tensorflow:Model's `__init__()` arguments contain non-serializable objects. Please implement a `get_config()` method in the subclassed Model for proper saving and loading. Defaulting to empty config.
[EVAL] loaded UPAIR checkpoint: /lustre10/scratch/rsadve1/NewAblations_Fabel/TWC_plots_comprehensive/runs_rx16/seed7/1dmrs/main_d256_b4_r2/checkpoints/best.weights.h5
[EVAL] skipping explicit NMSE channel-estimator calls for: upair5g_lmmse
[EVAL] instrumentation log_latency=True log_gpu_memory=True memory_cleanup_every_batches=1 memory_cleanup_every_microbatch=True stream_eval_microbatches=True compiled_receiver_error_counts=False receiver_call_jit_compile=False per_receiver_stopping=False target_bler_floor=1e-05 floor_num_frames=0 gpu_mem=0.09GiB peak=0.29GiB
[EVAL] receiver_call name=upair5g_lmmse mode=positional_y_no compiled_error_counts=False
[EVAL] progress num_users=3 Eb/N0=2 dB batches=10/20 frame_err=upair5g_lmmse:465/1920 elapsed=72.3s avg_batch=7.230s gpu_mem=7.18GiB peak=7.38GiB
[EVAL] progress num_users=3 Eb/N0=2 dB batches=20/20 frame_err=upair5g_lmmse:869/3840 elapsed=144.6s avg_batch=7.229s gpu_mem=14.46GiB peak=14.66GiB
[EVAL] receiver=           upair5g_lmmse Eb/N0= 2.0 dB BER=3.20975e-02 BLER=2.26302e-01 NMSE=nan bit_err=366805/11427840 blk_err=  869/3840   batches=  20 stop=global_stop rx_time=78.61s rx_ms_batch=3930.5 rx_ms_frame=20.471 point_time=144.59s gpu_mem=14.46GiB peak=14.66GiB
[ISO-CHUNK] wrote: /home/rsadve1/links/scratch/NewAblations_Fabel/_gen_v33_chunks/main_d256_b4_r2_u3_upair5g_lmmse_ebno2p0_chunk0000_m8_b20/chunk_result.csv
[ISO-CHUNK] DONE
[PIPELINE] status done=1 reason=target_block_errors chunks=1 batches=20 block_errors=869/100 next_chunk=-1
[ISO-MERGE] chunks: 1
[ISO-MERGE] rows: 1
[ISO-MERGE] wrote: /home/rsadve1/links/scratch/NewAblations_Fabel/_gen_v33_chunks/merged_main_d256_b4_r2_u3_upair5g_lmmse_e2.csv
[ISO-MERGE] wrote: /home/rsadve1/links/scratch/NewAblations_Fabel/_gen_v33_chunks/merged_main_d256_b4_r2_u3_upair5g_lmmse_e2.summary.json
     receiver         variant dmrs_case  seed  training_seed  num_users  ebno_db  num_chunks chunk_indices  bit_errors  num_bits  block_errors  num_blocks  num_batches_run  point_elapsed_s  data_elapsed_s  receiver_elapsed_s      ber     bler  nmse       mc_stop_reason  target_bler_floor  bler_zero_error_upper_bound  ber_zero_error_upper_bound  receiver_ms_per_batch  receiver_ms_per_frame  reliable_ber  reliable_bler
upair5g_lmmse main_d256_b4_r2     1dmrs     7              7          3      2.0           1             0      366805  11427840           869        3840               20        144.58841        47.15052           78.610145 0.032097 0.226302   NaN isolated_chunk_merge                NaN                          NaN                         NaN            3930.507231              20.471392          True           True

--------------------------------------------------------------------------------
[PIPELINE] eval point variant=main_d256_b4_r2 receiver=upair5g_lmmse U=3 Eb/N0=3
--------------------------------------------------------------------------------
[PIPELINE] status done=0 reason=continue chunks=0 batches=0 block_errors=0/100 next_chunk=0
2026-07-05 17:32:37.825180: E external/local_xla/xla/stream_executor/cuda/cuda_dnn.cc:9261] Unable to register cuDNN factory: Attempting to register factory for plugin cuDNN when one has already been registered
2026-07-05 17:32:37.825236: E external/local_xla/xla/stream_executor/cuda/cuda_fft.cc:607] Unable to register cuFFT factory: Attempting to register factory for plugin cuFFT when one has already been registered
2026-07-05 17:32:37.826698: E external/local_xla/xla/stream_executor/cuda/cuda_blas.cc:1515] Unable to register cuBLAS factory: Attempting to register factory for plugin cuBLAS when one has already been registered
[COMPREHENSIVE] loaded Optuna best JSON for main_d256_b4_r2 from /home/rsadve1/links/scratch/NewAblations_Fabel/optuna/clean_b32_prb8_d256_40k_smart_trueDMRS_u34610_1dmrs_stageB_main_d256_b4_r2_best_params.json
[ISO-CHUNK] variant: main_d256_b4_r2
[ISO-CHUNK] receiver: upair5g_lmmse
[ISO-CHUNK] num_users: 3
[ISO-CHUNK] ebno_db: 3.0
[ISO-CHUNK] chunk_idx: 0
[ISO-CHUNK] chunk_batches: 20
[ISO-CHUNK] receiver_microbatch_size: 8
[ISO-CHUNK] chunk_seed: 1755034
[ISO-CHUNK] checkpoint: /lustre10/scratch/rsadve1/NewAblations_Fabel/TWC_plots_comprehensive/runs_rx16/seed7/1dmrs/main_d256_b4_r2/checkpoints/best.weights.h5
[ISO-CHUNK] TF_GPU_ALLOCATOR: bfc
[ISO-CHUNK] output tag: main_d256_b4_r2_u3_upair5g_lmmse_ebno3p0_chunk0000_m8_b20
[EVAL] receiver microbatching enabled: batch_size_eval=64 receiver_microbatch_size=8
WARNING:tensorflow:Model's `__init__()` arguments contain non-serializable objects. Please implement a `get_config()` method in the subclassed Model for proper saving and loading. Defaulting to empty config.
WARNING:tensorflow:Model's `__init__()` arguments contain non-serializable objects. Please implement a `get_config()` method in the subclassed Model for proper saving and loading. Defaulting to empty config.
[EVAL] loaded UPAIR checkpoint: /lustre10/scratch/rsadve1/NewAblations_Fabel/TWC_plots_comprehensive/runs_rx16/seed7/1dmrs/main_d256_b4_r2/checkpoints/best.weights.h5
[EVAL] skipping explicit NMSE channel-estimator calls for: upair5g_lmmse
[EVAL] instrumentation log_latency=True log_gpu_memory=True memory_cleanup_every_batches=1 memory_cleanup_every_microbatch=True stream_eval_microbatches=True compiled_receiver_error_counts=False receiver_call_jit_compile=False per_receiver_stopping=False target_bler_floor=1e-05 floor_num_frames=0 gpu_mem=0.09GiB peak=0.29GiB
[EVAL] receiver_call name=upair5g_lmmse mode=positional_y_no compiled_error_counts=False
[EVAL] progress num_users=3 Eb/N0=3 dB batches=10/20 frame_err=upair5g_lmmse:454/1920 elapsed=71.1s avg_batch=7.106s gpu_mem=7.18GiB peak=7.38GiB
[EVAL] progress num_users=3 Eb/N0=3 dB batches=20/20 frame_err=upair5g_lmmse:885/3840 elapsed=142.2s avg_batch=7.110s gpu_mem=14.46GiB peak=14.66GiB
[EVAL] receiver=           upair5g_lmmse Eb/N0= 3.0 dB BER=3.25182e-02 BLER=2.30469e-01 NMSE=nan bit_err=371613/11427840 blk_err=  885/3840   batches=  20 stop=global_stop rx_time=77.48s rx_ms_batch=3874.1 rx_ms_frame=20.178 point_time=142.20s gpu_mem=14.46GiB peak=14.66GiB
[ISO-CHUNK] wrote: /home/rsadve1/links/scratch/NewAblations_Fabel/_gen_v33_chunks/main_d256_b4_r2_u3_upair5g_lmmse_ebno3p0_chunk0000_m8_b20/chunk_result.csv
[ISO-CHUNK] DONE
[PIPELINE] status done=1 reason=target_block_errors chunks=1 batches=20 block_errors=885/100 next_chunk=-1
[ISO-MERGE] chunks: 1
[ISO-MERGE] rows: 1
[ISO-MERGE] wrote: /home/rsadve1/links/scratch/NewAblations_Fabel/_gen_v33_chunks/merged_main_d256_b4_r2_u3_upair5g_lmmse_e3.csv
[ISO-MERGE] wrote: /home/rsadve1/links/scratch/NewAblations_Fabel/_gen_v33_chunks/merged_main_d256_b4_r2_u3_upair5g_lmmse_e3.summary.json
     receiver         variant dmrs_case  seed  training_seed  num_users  ebno_db  num_chunks chunk_indices  bit_errors  num_bits  block_errors  num_blocks  num_batches_run  point_elapsed_s  data_elapsed_s  receiver_elapsed_s      ber     bler  nmse       mc_stop_reason  target_bler_floor  bler_zero_error_upper_bound  ber_zero_error_upper_bound  receiver_ms_per_batch  receiver_ms_per_frame  reliable_ber  reliable_bler
upair5g_lmmse main_d256_b4_r2     1dmrs     7              7          3      3.0           1             0      371613  11427840           885        3840               20       142.200457       46.466479           77.482858 0.032518 0.230469   NaN isolated_chunk_merge                NaN                          NaN                         NaN            3874.142879              20.177827          True           True
[PIPELINE] COMPLETE variant=main_d256_b4_r2
