[ENV] Reusing portable venv: /home/rsadve1/links/scratch/.vevn_upair_potable
[ENV] Checking installed package metadata only; TensorFlow/Sionna are not imported here.
[ENV] Python 3.11.5
[ENV] numpy 1.26.4+computecanada
[ENV] pandas 2.2.3+computecanada
[ENV] matplotlib 3.10.0+computecanada
[ENV] PyYAML 6.0.2+computecanada
[ENV] scipy 1.15.1+computecanada
[ENV] tensorflow 2.15.1+computecanada
[ENV] sionna-no-rt 1.2.1
[ENV] optuna 4.8.0+computecanada
[ENV] Skipping TensorFlow/Sionna import check on this node. Set UPAIR_DEEP_IMPORT_CHECK=1 to test imports explicitly.
[ENV] Ready: REPO=/home/rsadve1/links/scratch/Ablations_Wave3
[ENV] Ready: VENV=/home/rsadve1/links/scratch/.vevn_upair_potable
[ENV] Reusing portable venv: /home/rsadve1/links/scratch/.vevn_upair_potable
[ENV] Checking installed package metadata only; TensorFlow/Sionna are not imported here.
[ENV] Python 3.11.5
[ENV] numpy 1.26.4+computecanada
[ENV] pandas 2.2.3+computecanada
[ENV] matplotlib 3.10.0+computecanada
[ENV] PyYAML 6.0.2+computecanada
[ENV] scipy 1.15.1+computecanada
[ENV] tensorflow 2.15.1+computecanada
[ENV] sionna-no-rt 1.2.1
[ENV] optuna 4.8.0+computecanada
[ENV] Skipping TensorFlow/Sionna import check on this node. Set UPAIR_DEEP_IMPORT_CHECK=1 to test imports explicitly.
[ENV] Ready: REPO=/home/rsadve1/links/scratch/Ablations_Wave3
[ENV] Ready: VENV=/home/rsadve1/links/scratch/.vevn_upair_potable
================================================================================
[PIPELINE] variant=dncnn_trunk_d256_l7
[PIPELINE] root=/home/rsadve1/links/scratch/Ablations_Wave3
[PIPELINE] stageB_prefix=clean_b32_prb8_d256_40k_smart_trueDMRS_u34610_1dmrs_stageB
[PIPELINE] receivers=upair5g_lmmse
[PIPELINE] users=3
[PIPELINE] ebnos=-4,-3,-2,-1,0,1
[PIPELINE] chunk_batches=20 micro=8
================================================================================
[PIPELINE] training missing/incomplete for dncnn_trunk_d256_l7; running training-only resume.
2026-07-05 20:44:33.435488: E external/local_xla/xla/stream_executor/cuda/cuda_dnn.cc:9261] Unable to register cuDNN factory: Attempting to register factory for plugin cuDNN when one has already been registered
2026-07-05 20:44:33.435545: E external/local_xla/xla/stream_executor/cuda/cuda_fft.cc:607] Unable to register cuFFT factory: Attempting to register factory for plugin cuFFT when one has already been registered
2026-07-05 20:44:33.437019: E external/local_xla/xla/stream_executor/cuda/cuda_blas.cc:1515] Unable to register cuBLAS factory: Attempting to register factory for plugin cuBLAS when one has already been registered
[COMPREHENSIVE] loaded Optuna best JSON for dncnn_trunk_d256_l7 from /home/rsadve1/links/scratch/Ablations_Wave3/optuna/clean_b32_prb8_d256_40k_smart_trueDMRS_u34610_1dmrs_stageB_dncnn_trunk_d256_l7_best_params.json
[TRAIN] loss_mode=nll_nmse (use_nll_loss=True)
[TRAIN] optimizer lr_schedule=cosine_decay learning_rate=0.000571292 weight_decay=9.65466e-06
[TRAIN] seeds active_seed=7 training_seed=7 evaluation_seed=1007
[TRAIN] starting from scratch
2026-07-05 20:44:54.061072: E tensorflow/core/grappler/optimizers/meta_optimizer.cc:961] layout failed: INVALID_ARGUMENT: Size of values 0 does not match size of permutation 4 @ fanin shape indncnn_trunk/dropout/dropout/SelectV2-2-TransposeNHWCToNCHW-LayoutOptimizer
WARNING: All log messages before absl::InitializeLog() is called are written to STDERR
I0000 00:00:1783298698.265179 3852843 device_compiler.h:186] Compiled cluster using XLA!  This line is logged at most once for the lifetime of the process.
[TRAIN] step=00001 loss=-0.84083 nmse_prop=0.14614 nmse_ls=0.14614 lr=5.713e-04 step_time=12.980s steps_per_s=0.077 gpu_mem=0.08GiB peak=2.46GiB
[TRAIN] step=00100 loss=-1.32168 nmse_prop=0.09455 nmse_ls=0.09449 lr=5.713e-04 step_time=0.397s steps_per_s=1.871 gpu_mem=0.16GiB peak=2.46GiB
[TRAIN] step=00200 loss=-1.10127 nmse_prop=0.11444 nmse_ls=0.11440 lr=5.713e-04 step_time=0.397s steps_per_s=2.334 gpu_mem=0.16GiB peak=2.46GiB
[TRAIN] step=00300 loss=-1.33944 nmse_prop=0.09295 nmse_ls=0.09285 lr=5.712e-04 step_time=0.397s steps_per_s=2.517 gpu_mem=0.16GiB peak=2.46GiB
[TRAIN] step=00400 loss=-1.31038 nmse_prop=0.09592 nmse_ls=0.09590 lr=5.712e-04 step_time=0.395s steps_per_s=2.612 gpu_mem=0.16GiB peak=2.46GiB
[TRAIN] step=00500 loss=-0.97228 nmse_prop=0.13163 nmse_ls=0.13157 lr=5.712e-04 step_time=0.309s steps_per_s=2.670 gpu_mem=0.16GiB peak=2.46GiB
[TRAIN] step=00600 loss=-2.09778 nmse_prop=0.04651 nmse_ls=0.04631 lr=5.711e-04 step_time=0.306s steps_per_s=2.731 gpu_mem=0.16GiB peak=2.46GiB
[TRAIN] step=00700 loss=-1.49112 nmse_prop=0.08102 nmse_ls=0.08099 lr=5.710e-04 step_time=0.307s steps_per_s=2.768 gpu_mem=0.16GiB peak=2.46GiB
[TRAIN] step=00800 loss=-1.97682 nmse_prop=0.05107 nmse_ls=0.05095 lr=5.709e-04 step_time=0.309s steps_per_s=2.784 gpu_mem=0.16GiB peak=2.46GiB
[TRAIN] step=00900 loss=-2.35764 nmse_prop=0.03594 nmse_ls=0.03586 lr=5.708e-04 step_time=0.396s steps_per_s=2.804 gpu_mem=0.16GiB peak=2.46GiB
[TRAIN] step=01000 loss=-1.13666 nmse_prop=0.11294 nmse_ls=0.11285 lr=5.707e-04 step_time=0.128s steps_per_s=2.816 gpu_mem=0.16GiB peak=2.46GiB
[TRAIN] saved resumable state at step=1000 reason=periodic: /lustre10/scratch/rsadve1/Ablations_Wave3/TWC_plots_comprehensive/runs_rx16/seed7/1dmrs/dncnn_trunk_d256_l7/checkpoints/training_state/ckpt-1000
[TRAIN] step=01100 loss=-1.55229 nmse_prop=0.07730 nmse_ls=0.07723 lr=5.706e-04 step_time=0.308s steps_per_s=2.826 gpu_mem=0.16GiB peak=2.46GiB
[TRAIN] step=01200 loss=-0.61305 nmse_prop=0.18627 nmse_ls=0.18619 lr=5.705e-04 step_time=0.403s steps_per_s=2.844 gpu_mem=0.16GiB peak=2.46GiB
[TRAIN] step=01300 loss=-1.37997 nmse_prop=0.09118 nmse_ls=0.09113 lr=5.704e-04 step_time=0.397s steps_per_s=2.853 gpu_mem=0.16GiB peak=2.46GiB
[TRAIN] step=01400 loss=-1.87801 nmse_prop=0.05702 nmse_ls=0.05697 lr=5.702e-04 step_time=0.242s steps_per_s=2.864 gpu_mem=0.16GiB peak=2.46GiB
[TRAIN] step=01500 loss=-0.94584 nmse_prop=0.13724 nmse_ls=0.13724 lr=5.701e-04 step_time=0.399s steps_per_s=2.871 gpu_mem=0.16GiB peak=2.46GiB
[TRAIN] step=01600 loss=-2.18655 nmse_prop=0.04271 nmse_ls=0.04271 lr=5.699e-04 step_time=0.306s steps_per_s=2.874 gpu_mem=0.16GiB peak=2.46GiB
[TRAIN] step=01700 loss=-1.71550 nmse_prop=0.06687 nmse_ls=0.06685 lr=5.697e-04 step_time=0.218s steps_per_s=2.879 gpu_mem=0.16GiB peak=2.46GiB
[TRAIN] step=01800 loss=-1.08160 nmse_prop=0.12134 nmse_ls=0.12135 lr=5.695e-04 step_time=0.309s steps_per_s=2.885 gpu_mem=0.16GiB peak=2.46GiB
[TRAIN] step=01900 loss=-0.99265 nmse_prop=0.13211 nmse_ls=0.13208 lr=5.693e-04 step_time=0.306s steps_per_s=2.884 gpu_mem=0.16GiB peak=2.46GiB
WARNING:tensorflow:Model's `__init__()` arguments contain non-serializable objects. Please implement a `get_config()` method in the subclassed Model for proper saving and loading. Defaulting to empty config.
WARNING:tensorflow:Model's `__init__()` arguments contain non-serializable objects. Please implement a `get_config()` method in the subclassed Model for proper saving and loading. Defaulting to empty config.
[TRAIN] saved new best weights at step=2000 val_nmse=0.0857994
[TRAIN] step=02000 loss=-0.69260 nmse_prop=0.17476 nmse_ls=0.17485 lr=5.691e-04 step_time=114.649s steps_per_s=2.483 gpu_mem=0.18GiB peak=2.46GiB
[TRAIN] saved resumable state at step=2000 reason=periodic: /lustre10/scratch/rsadve1/Ablations_Wave3/TWC_plots_comprehensive/runs_rx16/seed7/1dmrs/dncnn_trunk_d256_l7/checkpoints/training_state/ckpt-2000
[TRAIN] step=02100 loss=-1.88851 nmse_prop=0.05680 nmse_ls=0.05816 lr=5.689e-04 step_time=0.128s steps_per_s=2.503 gpu_mem=0.18GiB peak=2.46GiB
[TRAIN] step=02200 loss=-1.17691 nmse_prop=0.11085 nmse_ls=0.11121 lr=5.686e-04 step_time=0.411s steps_per_s=2.519 gpu_mem=0.18GiB peak=2.46GiB
[TRAIN] step=02300 loss=-1.99454 nmse_prop=0.05081 nmse_ls=0.05125 lr=5.684e-04 step_time=0.407s steps_per_s=2.534 gpu_mem=0.18GiB peak=2.46GiB
[TRAIN] step=02400 loss=-2.31470 nmse_prop=0.03782 nmse_ls=0.03864 lr=5.681e-04 step_time=0.307s steps_per_s=2.548 gpu_mem=0.18GiB peak=2.46GiB
[TRAIN] step=02500 loss=-1.73296 nmse_prop=0.06605 nmse_ls=0.06908 lr=5.679e-04 step_time=0.129s steps_per_s=2.561 gpu_mem=0.18GiB peak=2.46GiB
[TRAIN] step=02600 loss=-0.36481 nmse_prop=0.23538 nmse_ls=0.23746 lr=5.676e-04 step_time=0.307s steps_per_s=2.576 gpu_mem=0.18GiB peak=2.46GiB
[TRAIN] step=02700 loss=-1.78479 nmse_prop=0.06224 nmse_ls=0.06371 lr=5.673e-04 step_time=0.420s steps_per_s=2.586 gpu_mem=0.18GiB peak=2.46GiB
[TRAIN] step=02800 loss=-0.90487 nmse_prop=0.14320 nmse_ls=0.14509 lr=5.670e-04 step_time=0.398s steps_per_s=2.594 gpu_mem=0.18GiB peak=2.46GiB
[TRAIN] step=02900 loss=-0.53826 nmse_prop=0.20125 nmse_ls=0.20495 lr=5.667e-04 step_time=0.229s steps_per_s=2.608 gpu_mem=0.18GiB peak=2.46GiB
[TRAIN] step=03000 loss=-2.06074 nmse_prop=0.04774 nmse_ls=0.04974 lr=5.663e-04 step_time=0.396s steps_per_s=2.618 gpu_mem=0.18GiB peak=2.46GiB
[TRAIN] saved resumable state at step=3000 reason=periodic: /lustre10/scratch/rsadve1/Ablations_Wave3/TWC_plots_comprehensive/runs_rx16/seed7/1dmrs/dncnn_trunk_d256_l7/checkpoints/training_state/ckpt-3000
[TRAIN] step=03100 loss=-1.95880 nmse_prop=0.05300 nmse_ls=0.05545 lr=5.660e-04 step_time=0.308s steps_per_s=2.621 gpu_mem=0.18GiB peak=2.46GiB
[TRAIN] step=03200 loss=-1.28183 nmse_prop=0.10078 nmse_ls=0.10513 lr=5.657e-04 step_time=0.219s steps_per_s=2.633 gpu_mem=0.18GiB peak=2.46GiB
[TRAIN] step=03300 loss=-0.46528 nmse_prop=0.21527 nmse_ls=0.21985 lr=5.653e-04 step_time=0.314s steps_per_s=2.643 gpu_mem=0.18GiB peak=2.46GiB
[TRAIN] step=03400 loss=-1.74378 nmse_prop=0.06483 nmse_ls=0.06785 lr=5.649e-04 step_time=0.308s steps_per_s=2.650 gpu_mem=0.18GiB peak=2.46GiB
[TRAIN] step=03500 loss=-1.84825 nmse_prop=0.05895 nmse_ls=0.06173 lr=5.646e-04 step_time=0.308s steps_per_s=2.659 gpu_mem=0.18GiB peak=2.46GiB
[TRAIN] step=03600 loss=-2.12952 nmse_prop=0.04471 nmse_ls=0.04770 lr=5.642e-04 step_time=0.312s steps_per_s=2.666 gpu_mem=0.18GiB peak=2.46GiB
[TRAIN] step=03700 loss=-0.41142 nmse_prop=0.22549 nmse_ls=0.22994 lr=5.638e-04 step_time=0.306s steps_per_s=2.672 gpu_mem=0.18GiB peak=2.46GiB
[TRAIN] step=03800 loss=-2.32151 nmse_prop=0.03821 nmse_ls=0.04157 lr=5.634e-04 step_time=0.129s steps_per_s=2.679 gpu_mem=0.18GiB peak=2.46GiB
[TRAIN] step=03900 loss=-1.05737 nmse_prop=0.12431 nmse_ls=0.12691 lr=5.629e-04 step_time=0.398s steps_per_s=2.686 gpu_mem=0.18GiB peak=2.46GiB
[TRAIN] step=04000 loss=-0.40738 nmse_prop=0.22680 nmse_ls=0.23227 lr=5.625e-04 step_time=114.923s steps_per_s=2.499 gpu_mem=0.18GiB peak=2.46GiB
[TRAIN] saved resumable state at step=4000 reason=periodic: /lustre10/scratch/rsadve1/Ablations_Wave3/TWC_plots_comprehensive/runs_rx16/seed7/1dmrs/dncnn_trunk_d256_l7/checkpoints/training_state/ckpt-4000
[TRAIN] step=04100 loss=-1.55457 nmse_prop=0.07776 nmse_ls=0.08275 lr=5.621e-04 step_time=0.217s steps_per_s=2.489 gpu_mem=0.18GiB peak=2.46GiB
[TRAIN] step=04200 loss=-1.46737 nmse_prop=0.08449 nmse_ls=0.08798 lr=5.616e-04 step_time=0.308s steps_per_s=2.498 gpu_mem=0.18GiB peak=2.46GiB
[TRAIN] step=04300 loss=-2.21302 nmse_prop=0.04198 nmse_ls=0.04418 lr=5.612e-04 step_time=0.398s steps_per_s=2.509 gpu_mem=0.18GiB peak=2.46GiB
[TRAIN] step=04400 loss=-0.61835 nmse_prop=0.18704 nmse_ls=0.19262 lr=5.607e-04 step_time=0.409s steps_per_s=2.520 gpu_mem=0.18GiB peak=2.46GiB
[TRAIN] step=04500 loss=-2.38125 nmse_prop=0.03557 nmse_ls=0.03740 lr=5.602e-04 step_time=0.407s steps_per_s=2.529 gpu_mem=0.18GiB peak=2.46GiB
[TRAIN] step=04600 loss=-1.61769 nmse_prop=0.07329 nmse_ls=0.07758 lr=5.597e-04 step_time=0.320s steps_per_s=2.537 gpu_mem=0.18GiB peak=2.46GiB
[TRAIN] step=04700 loss=-0.43432 nmse_prop=0.22134 nmse_ls=0.22997 lr=5.592e-04 step_time=0.411s steps_per_s=2.545 gpu_mem=0.18GiB peak=2.46GiB
[TRAIN] step=04800 loss=-1.71731 nmse_prop=0.06639 nmse_ls=0.06983 lr=5.587e-04 step_time=0.422s steps_per_s=2.551 gpu_mem=0.18GiB peak=2.46GiB
[TRAIN] step=04900 loss=-1.34990 nmse_prop=0.09445 nmse_ls=0.10371 lr=5.582e-04 step_time=0.218s steps_per_s=2.559 gpu_mem=0.18GiB peak=2.46GiB
[TRAIN] step=05000 loss=-2.12746 nmse_prop=0.04521 nmse_ls=0.05098 lr=5.576e-04 step_time=0.129s steps_per_s=2.566 gpu_mem=0.18GiB peak=2.46GiB
[TRAIN] saved resumable state at step=5000 reason=periodic: /lustre10/scratch/rsadve1/Ablations_Wave3/TWC_plots_comprehensive/runs_rx16/seed7/1dmrs/dncnn_trunk_d256_l7/checkpoints/training_state/ckpt-5000
[TRAIN] step=05100 loss=-2.05798 nmse_prop=0.04835 nmse_ls=0.05172 lr=5.571e-04 step_time=0.399s steps_per_s=2.573 gpu_mem=0.18GiB peak=2.46GiB
[TRAIN] step=05200 loss=-2.07033 nmse_prop=0.04813 nmse_ls=0.05424 lr=5.565e-04 step_time=0.218s steps_per_s=2.580 gpu_mem=0.18GiB peak=2.46GiB
[TRAIN] step=05300 loss=-0.54653 nmse_prop=0.19982 nmse_ls=0.21264 lr=5.559e-04 step_time=0.310s steps_per_s=2.584 gpu_mem=0.18GiB peak=2.46GiB
[TRAIN] step=05400 loss=-2.25122 nmse_prop=0.04000 nmse_ls=0.04396 lr=5.554e-04 step_time=0.397s steps_per_s=2.589 gpu_mem=0.18GiB peak=2.46GiB
[TRAIN] step=05500 loss=-0.73351 nmse_prop=0.16896 nmse_ls=0.18350 lr=5.548e-04 step_time=0.229s steps_per_s=2.596 gpu_mem=0.18GiB peak=2.46GiB
[TRAIN] step=05600 loss=-2.33209 nmse_prop=0.03772 nmse_ls=0.04407 lr=5.542e-04 step_time=0.220s steps_per_s=2.601 gpu_mem=0.18GiB peak=2.46GiB
[TRAIN] step=05700 loss=-0.73593 nmse_prop=0.16788 nmse_ls=0.19631 lr=5.536e-04 step_time=0.139s steps_per_s=2.606 gpu_mem=0.18GiB peak=2.46GiB
[TRAIN] step=05800 loss=-1.86416 nmse_prop=0.05806 nmse_ls=0.06255 lr=5.529e-04 step_time=0.397s steps_per_s=2.611 gpu_mem=0.18GiB peak=2.46GiB
[TRAIN] step=05900 loss=-2.49771 nmse_prop=0.03202 nmse_ls=0.03671 lr=5.523e-04 step_time=0.308s steps_per_s=2.616 gpu_mem=0.18GiB peak=2.46GiB
WARNING:tensorflow:Model's `__init__()` arguments contain non-serializable objects. Please implement a `get_config()` method in the subclassed Model for proper saving and loading. Defaulting to empty config.
WARNING:tensorflow:Model's `__init__()` arguments contain non-serializable objects. Please implement a `get_config()` method in the subclassed Model for proper saving and loading. Defaulting to empty config.
[TRAIN] saved new best weights at step=6000 val_nmse=0.0803739
[TRAIN] step=06000 loss=-2.53563 nmse_prop=0.03074 nmse_ls=0.03593 lr=5.517e-04 step_time=111.865s steps_per_s=2.499 gpu_mem=0.18GiB peak=2.46GiB
[TRAIN] saved resumable state at step=6000 reason=periodic: /lustre10/scratch/rsadve1/Ablations_Wave3/TWC_plots_comprehensive/runs_rx16/seed7/1dmrs/dncnn_trunk_d256_l7/checkpoints/training_state/ckpt-6000
[TRAIN] step=06100 loss=-0.37873 nmse_prop=0.23265 nmse_ls=0.24523 lr=5.510e-04 step_time=0.400s steps_per_s=2.501 gpu_mem=0.18GiB peak=2.46GiB
[TRAIN] step=06200 loss=-1.40987 nmse_prop=0.08934 nmse_ls=0.09770 lr=5.504e-04 step_time=0.308s steps_per_s=2.508 gpu_mem=0.18GiB peak=2.46GiB
[TRAIN] step=06300 loss=-0.70823 nmse_prop=0.17301 nmse_ls=0.19483 lr=5.497e-04 step_time=0.230s steps_per_s=2.514 gpu_mem=0.18GiB peak=2.46GiB
[TRAIN] step=06400 loss=-1.44251 nmse_prop=0.08651 nmse_ls=0.09338 lr=5.490e-04 step_time=0.408s steps_per_s=2.521 gpu_mem=0.18GiB peak=2.46GiB
[TRAIN] step=06500 loss=-2.28163 nmse_prop=0.03923 nmse_ls=0.04820 lr=5.483e-04 step_time=0.128s steps_per_s=2.527 gpu_mem=0.18GiB peak=2.46GiB
[TRAIN] step=06600 loss=-2.14903 nmse_prop=0.04479 nmse_ls=0.05000 lr=5.476e-04 step_time=0.307s steps_per_s=2.533 gpu_mem=0.18GiB peak=2.46GiB
[TRAIN] step=06700 loss=-1.16752 nmse_prop=0.11261 nmse_ls=0.12369 lr=5.469e-04 step_time=0.309s steps_per_s=2.537 gpu_mem=0.18GiB peak=2.46GiB
[TRAIN] step=06800 loss=-2.20820 nmse_prop=0.04163 nmse_ls=0.04566 lr=5.462e-04 step_time=0.396s steps_per_s=2.541 gpu_mem=0.18GiB peak=2.46GiB
[TRAIN] step=06900 loss=-0.80918 nmse_prop=0.15733 nmse_ls=0.16901 lr=5.454e-04 step_time=0.396s steps_per_s=2.546 gpu_mem=0.18GiB peak=2.46GiB
[TRAIN] step=07000 loss=-1.08291 nmse_prop=0.12193 nmse_ls=0.13242 lr=5.447e-04 step_time=0.398s steps_per_s=2.550 gpu_mem=0.18GiB peak=2.46GiB
[TRAIN] saved resumable state at step=7000 reason=periodic: /lustre10/scratch/rsadve1/Ablations_Wave3/TWC_plots_comprehensive/runs_rx16/seed7/1dmrs/dncnn_trunk_d256_l7/checkpoints/training_state/ckpt-7000
[TRAIN] step=07100 loss=-0.80039 nmse_prop=0.15889 nmse_ls=0.18357 lr=5.439e-04 step_time=0.217s steps_per_s=2.556 gpu_mem=0.18GiB peak=2.46GiB
[TRAIN] step=07200 loss=-0.42359 nmse_prop=0.22516 nmse_ls=0.24968 lr=5.432e-04 step_time=0.317s steps_per_s=2.561 gpu_mem=0.18GiB peak=2.46GiB
[TRAIN] step=07300 loss=-1.19082 nmse_prop=0.11066 nmse_ls=0.12346 lr=5.424e-04 step_time=0.307s steps_per_s=2.565 gpu_mem=0.18GiB peak=2.46GiB
[TRAIN] step=07400 loss=-2.00591 nmse_prop=0.05074 nmse_ls=0.05603 lr=5.416e-04 step_time=0.398s steps_per_s=2.570 gpu_mem=0.18GiB peak=2.46GiB
[TRAIN] step=07500 loss=-0.64585 nmse_prop=0.18439 nmse_ls=0.24731 lr=5.408e-04 step_time=0.129s steps_per_s=2.575 gpu_mem=0.18GiB peak=2.46GiB
[TRAIN] step=07600 loss=-1.80696 nmse_prop=0.06148 nmse_ls=0.06979 lr=5.400e-04 step_time=0.307s steps_per_s=2.579 gpu_mem=0.18GiB peak=2.46GiB
[TRAIN] step=07700 loss=-1.68924 nmse_prop=0.06905 nmse_ls=0.07760 lr=5.392e-04 step_time=0.318s steps_per_s=2.584 gpu_mem=0.18GiB peak=2.46GiB
[TRAIN] step=07800 loss=-2.33199 nmse_prop=0.03745 nmse_ls=0.04984 lr=5.384e-04 step_time=0.129s steps_per_s=2.589 gpu_mem=0.18GiB peak=2.46GiB
[TRAIN] step=07900 loss=-1.00680 nmse_prop=0.13230 nmse_ls=0.15573 lr=5.376e-04 step_time=0.217s steps_per_s=2.593 gpu_mem=0.18GiB peak=2.46GiB
[TRAIN] step=08000 loss=-2.31503 nmse_prop=0.03809 nmse_ls=0.04318 lr=5.367e-04 step_time=111.363s steps_per_s=2.508 gpu_mem=0.18GiB peak=2.46GiB
[TRAIN] saved resumable state at step=8000 reason=periodic: /lustre10/scratch/rsadve1/Ablations_Wave3/TWC_plots_comprehensive/runs_rx16/seed7/1dmrs/dncnn_trunk_d256_l7/checkpoints/training_state/ckpt-8000
[TRAIN] step=08100 loss=-1.20084 nmse_prop=0.10983 nmse_ls=0.12412 lr=5.359e-04 step_time=0.308s steps_per_s=2.511 gpu_mem=0.18GiB peak=2.46GiB
[TRAIN] step=08200 loss=-0.67418 nmse_prop=0.17918 nmse_ls=0.20096 lr=5.350e-04 step_time=0.307s steps_per_s=2.516 gpu_mem=0.18GiB peak=2.46GiB
[TRAIN] step=08300 loss=-2.38280 nmse_prop=0.03606 nmse_ls=0.04084 lr=5.341e-04 step_time=0.397s steps_per_s=2.521 gpu_mem=0.18GiB peak=2.46GiB
[TRAIN] step=08400 loss=-0.68580 nmse_prop=0.17799 nmse_ls=0.19479 lr=5.333e-04 step_time=0.416s steps_per_s=2.526 gpu_mem=0.18GiB peak=2.46GiB
[TRAIN] step=08500 loss=-1.86006 nmse_prop=0.05856 nmse_ls=0.06698 lr=5.324e-04 step_time=0.308s steps_per_s=2.530 gpu_mem=0.18GiB peak=2.46GiB
[TRAIN] step=08600 loss=-1.61676 nmse_prop=0.07363 nmse_ls=0.08190 lr=5.315e-04 step_time=0.395s steps_per_s=2.534 gpu_mem=0.18GiB peak=2.46GiB
[TRAIN] step=08700 loss=-0.93039 nmse_prop=0.14126 nmse_ls=0.15629 lr=5.306e-04 step_time=0.398s steps_per_s=2.537 gpu_mem=0.18GiB peak=2.46GiB
[TRAIN] step=08800 loss=-2.18096 nmse_prop=0.04344 nmse_ls=0.04934 lr=5.297e-04 step_time=0.408s steps_per_s=2.542 gpu_mem=0.18GiB peak=2.46GiB
[TRAIN] step=08900 loss=-1.54290 nmse_prop=0.07943 nmse_ls=0.09643 lr=5.287e-04 step_time=0.218s steps_per_s=2.545 gpu_mem=0.18GiB peak=2.46GiB
[TRAIN] step=09000 loss=-1.76237 nmse_prop=0.06407 nmse_ls=0.07156 lr=5.278e-04 step_time=0.406s steps_per_s=2.550 gpu_mem=0.18GiB peak=2.46GiB
[TRAIN] saved resumable state at step=9000 reason=periodic: /lustre10/scratch/rsadve1/Ablations_Wave3/TWC_plots_comprehensive/runs_rx16/seed7/1dmrs/dncnn_trunk_d256_l7/checkpoints/training_state/ckpt-9000
[TRAIN] step=09100 loss=-2.27979 nmse_prop=0.03964 nmse_ls=0.04500 lr=5.268e-04 step_time=0.398s steps_per_s=2.553 gpu_mem=0.18GiB peak=2.46GiB
[TRAIN] step=09200 loss=-1.27615 nmse_prop=0.10212 nmse_ls=0.11797 lr=5.259e-04 step_time=0.310s steps_per_s=2.557 gpu_mem=0.18GiB peak=2.46GiB
[TRAIN] step=09300 loss=-1.16423 nmse_prop=0.11404 nmse_ls=0.13936 lr=5.249e-04 step_time=0.229s steps_per_s=2.561 gpu_mem=0.18GiB peak=2.46GiB
[TRAIN] step=09400 loss=-1.86540 nmse_prop=0.05807 nmse_ls=0.08298 lr=5.240e-04 step_time=0.132s steps_per_s=2.564 gpu_mem=0.18GiB peak=2.46GiB
[TRAIN] step=09500 loss=-1.04934 nmse_prop=0.12661 nmse_ls=0.14616 lr=5.230e-04 step_time=0.318s steps_per_s=2.568 gpu_mem=0.18GiB peak=2.46GiB
[TRAIN] step=09600 loss=-1.39171 nmse_prop=0.09201 nmse_ls=0.10657 lr=5.220e-04 step_time=0.307s steps_per_s=2.572 gpu_mem=0.18GiB peak=2.46GiB
[TRAIN] step=09700 loss=-1.99337 nmse_prop=0.05159 nmse_ls=0.05878 lr=5.210e-04 step_time=0.397s steps_per_s=2.574 gpu_mem=0.18GiB peak=2.46GiB
[TRAIN] step=09800 loss=-2.23325 nmse_prop=0.04084 nmse_ls=0.05824 lr=5.200e-04 step_time=0.129s steps_per_s=2.578 gpu_mem=0.18GiB peak=2.46GiB
[TRAIN] step=09900 loss=-1.87533 nmse_prop=0.05785 nmse_ls=0.08569 lr=5.190e-04 step_time=0.129s steps_per_s=2.582 gpu_mem=0.18GiB peak=2.46GiB
[TRAIN] step=10000 loss=-1.31861 nmse_prop=0.09857 nmse_ls=0.11534 lr=5.179e-04 step_time=112.510s steps_per_s=2.513 gpu_mem=0.18GiB peak=2.46GiB
[TRAIN] saved resumable state at step=10000 reason=periodic: /lustre10/scratch/rsadve1/Ablations_Wave3/TWC_plots_comprehensive/runs_rx16/seed7/1dmrs/dncnn_trunk_d256_l7/checkpoints/training_state/ckpt-10000
[TRAIN] step=10100 loss=-1.49620 nmse_prop=0.08329 nmse_ls=0.09696 lr=5.169e-04 step_time=0.329s steps_per_s=2.517 gpu_mem=0.18GiB peak=2.46GiB
[TRAIN] step=10200 loss=-1.51597 nmse_prop=0.08153 nmse_ls=0.09188 lr=5.158e-04 step_time=0.399s steps_per_s=2.521 gpu_mem=0.18GiB peak=2.46GiB
[TRAIN] step=10300 loss=-1.74836 nmse_prop=0.06541 nmse_ls=0.07722 lr=5.148e-04 step_time=0.318s steps_per_s=2.523 gpu_mem=0.18GiB peak=2.46GiB
[TRAIN] step=10400 loss=-2.20824 nmse_prop=0.04229 nmse_ls=0.04997 lr=5.137e-04 step_time=0.307s steps_per_s=2.527 gpu_mem=0.18GiB peak=2.46GiB
[TRAIN] step=10500 loss=-0.92871 nmse_prop=0.14213 nmse_ls=0.16095 lr=5.127e-04 step_time=0.411s steps_per_s=2.531 gpu_mem=0.18GiB peak=2.46GiB
[TRAIN] step=10600 loss=-1.75934 nmse_prop=0.06496 nmse_ls=0.07675 lr=5.116e-04 step_time=0.308s steps_per_s=2.535 gpu_mem=0.18GiB peak=2.46GiB
[TRAIN] step=10700 loss=-2.19123 nmse_prop=0.04306 nmse_ls=0.04942 lr=5.105e-04 step_time=0.397s steps_per_s=2.538 gpu_mem=0.18GiB peak=2.46GiB
[TRAIN] step=10800 loss=-1.38124 nmse_prop=0.09271 nmse_ls=0.10496 lr=5.094e-04 step_time=0.396s steps_per_s=2.542 gpu_mem=0.18GiB peak=2.46GiB
[TRAIN] step=10900 loss=-1.66342 nmse_prop=0.07065 nmse_ls=0.08088 lr=5.083e-04 step_time=0.398s steps_per_s=2.545 gpu_mem=0.18GiB peak=2.46GiB
[TRAIN] step=11000 loss=-0.98805 nmse_prop=0.13428 nmse_ls=0.15296 lr=5.072e-04 step_time=0.406s steps_per_s=2.549 gpu_mem=0.18GiB peak=2.46GiB
[TRAIN] saved resumable state at step=11000 reason=periodic: /lustre10/scratch/rsadve1/Ablations_Wave3/TWC_plots_comprehensive/runs_rx16/seed7/1dmrs/dncnn_trunk_d256_l7/checkpoints/training_state/ckpt-11000
[TRAIN] step=11100 loss=-1.59177 nmse_prop=0.07606 nmse_ls=0.11435 lr=5.060e-04 step_time=0.140s steps_per_s=2.551 gpu_mem=0.18GiB peak=2.46GiB
[TRAIN] step=11200 loss=-1.72485 nmse_prop=0.06734 nmse_ls=0.08653 lr=5.049e-04 step_time=0.219s steps_per_s=2.553 gpu_mem=0.18GiB peak=2.46GiB
[TRAIN] step=11300 loss=-0.74563 nmse_prop=0.16891 nmse_ls=0.20004 lr=5.038e-04 step_time=0.308s steps_per_s=2.556 gpu_mem=0.18GiB peak=2.46GiB
[TRAIN] step=11400 loss=-2.55828 nmse_prop=0.03034 nmse_ls=0.03582 lr=5.026e-04 step_time=0.397s steps_per_s=2.558 gpu_mem=0.18GiB peak=2.46GiB
[TRAIN] step=11500 loss=-1.38817 nmse_prop=0.09190 nmse_ls=0.10479 lr=5.015e-04 step_time=0.424s steps_per_s=2.562 gpu_mem=0.18GiB peak=2.46GiB
[TRAIN] step=11600 loss=-0.66824 nmse_prop=0.18153 nmse_ls=0.20717 lr=5.003e-04 step_time=0.411s steps_per_s=2.564 gpu_mem=0.18GiB peak=2.46GiB
[TRAIN] step=11700 loss=-2.50820 nmse_prop=0.03259 nmse_ls=0.04109 lr=4.991e-04 step_time=0.239s steps_per_s=2.568 gpu_mem=0.18GiB peak=2.46GiB
[TRAIN] step=11800 loss=-2.41105 nmse_prop=0.03502 nmse_ls=0.04097 lr=4.979e-04 step_time=0.410s steps_per_s=2.570 gpu_mem=0.18GiB peak=2.46GiB
[TRAIN] step=11900 loss=-2.03272 nmse_prop=0.04957 nmse_ls=0.05755 lr=4.968e-04 step_time=0.408s steps_per_s=2.573 gpu_mem=0.18GiB peak=2.46GiB
WARNING:tensorflow:Model's `__init__()` arguments contain non-serializable objects. Please implement a `get_config()` method in the subclassed Model for proper saving and loading. Defaulting to empty config.
WARNING:tensorflow:Model's `__init__()` arguments contain non-serializable objects. Please implement a `get_config()` method in the subclassed Model for proper saving and loading. Defaulting to empty config.
[TRAIN] saved new best weights at step=12000 val_nmse=0.0770848
[TRAIN] step=12000 loss=-0.95888 nmse_prop=0.13824 nmse_ls=0.15758 lr=4.956e-04 step_time=112.481s steps_per_s=2.516 gpu_mem=0.19GiB peak=2.46GiB
[TRAIN] saved resumable state at step=12000 reason=periodic: /lustre10/scratch/rsadve1/Ablations_Wave3/TWC_plots_comprehensive/runs_rx16/seed7/1dmrs/dncnn_trunk_d256_l7/checkpoints/training_state/ckpt-12000
[TRAIN] step=12100 loss=-1.83063 nmse_prop=0.06040 nmse_ls=0.06942 lr=4.944e-04 step_time=0.396s steps_per_s=2.518 gpu_mem=0.18GiB peak=2.46GiB
[TRAIN] step=12200 loss=-1.33430 nmse_prop=0.09725 nmse_ls=0.11101 lr=4.931e-04 step_time=0.396s steps_per_s=2.521 gpu_mem=0.18GiB peak=2.46GiB
[TRAIN] step=12300 loss=-2.42488 nmse_prop=0.03468 nmse_ls=0.04161 lr=4.919e-04 step_time=0.308s steps_per_s=2.524 gpu_mem=0.18GiB peak=2.46GiB
[TRAIN] step=12400 loss=-1.47926 nmse_prop=0.08456 nmse_ls=0.10075 lr=4.907e-04 step_time=0.307s steps_per_s=2.528 gpu_mem=0.18GiB peak=2.46GiB
[TRAIN] step=12500 loss=-2.20338 nmse_prop=0.04238 nmse_ls=0.04923 lr=4.894e-04 step_time=0.401s steps_per_s=2.530 gpu_mem=0.19GiB peak=2.46GiB
[TRAIN] step=12600 loss=-0.72553 nmse_prop=0.17296 nmse_ls=0.20884 lr=4.882e-04 step_time=0.323s steps_per_s=2.534 gpu_mem=0.18GiB peak=2.46GiB
[TRAIN] step=12700 loss=-2.16442 nmse_prop=0.04417 nmse_ls=0.05736 lr=4.869e-04 step_time=0.223s steps_per_s=2.537 gpu_mem=0.19GiB peak=2.46GiB
[TRAIN] step=12800 loss=-0.79516 nmse_prop=0.16242 nmse_ls=0.19712 lr=4.857e-04 step_time=0.321s steps_per_s=2.540 gpu_mem=0.19GiB peak=2.46GiB
[TRAIN] step=12900 loss=-1.63179 nmse_prop=0.07300 nmse_ls=0.11163 lr=4.844e-04 step_time=0.128s steps_per_s=2.543 gpu_mem=0.18GiB peak=2.46GiB
[TRAIN] step=13000 loss=-0.54975 nmse_prop=0.20318 nmse_ls=0.24954 lr=4.831e-04 step_time=0.308s steps_per_s=2.546 gpu_mem=0.18GiB peak=2.46GiB
[TRAIN] saved resumable state at step=13000 reason=periodic: /lustre10/scratch/rsadve1/Ablations_Wave3/TWC_plots_comprehensive/runs_rx16/seed7/1dmrs/dncnn_trunk_d256_l7/checkpoints/training_state/ckpt-13000
[TRAIN] step=13100 loss=-1.46106 nmse_prop=0.08569 nmse_ls=0.09933 lr=4.819e-04 step_time=0.397s steps_per_s=2.547 gpu_mem=0.19GiB peak=2.46GiB
[TRAIN] step=13200 loss=-0.85166 nmse_prop=0.15299 nmse_ls=0.17771 lr=4.806e-04 step_time=0.421s steps_per_s=2.549 gpu_mem=0.19GiB peak=2.46GiB
[TRAIN] step=13300 loss=-2.30739 nmse_prop=0.03850 nmse_ls=0.04702 lr=4.793e-04 step_time=0.311s steps_per_s=2.552 gpu_mem=0.18GiB peak=2.46GiB
[TRAIN] step=13400 loss=-1.82282 nmse_prop=0.06074 nmse_ls=0.07083 lr=4.780e-04 step_time=0.396s steps_per_s=2.554 gpu_mem=0.19GiB peak=2.46GiB
[TRAIN] step=13500 loss=-1.65679 nmse_prop=0.07154 nmse_ls=0.09636 lr=4.766e-04 step_time=0.219s steps_per_s=2.557 gpu_mem=0.19GiB peak=2.46GiB
[TRAIN] step=13600 loss=-2.26886 nmse_prop=0.04014 nmse_ls=0.04705 lr=4.753e-04 step_time=0.421s steps_per_s=2.559 gpu_mem=0.19GiB peak=2.46GiB
[TRAIN] step=13700 loss=-2.00252 nmse_prop=0.05172 nmse_ls=0.06053 lr=4.740e-04 step_time=0.398s steps_per_s=2.561 gpu_mem=0.19GiB peak=2.46GiB
[TRAIN] step=13800 loss=-1.25617 nmse_prop=0.10416 nmse_ls=0.12094 lr=4.727e-04 step_time=0.396s steps_per_s=2.564 gpu_mem=0.19GiB peak=2.46GiB
[TRAIN] step=13900 loss=-1.83944 nmse_prop=0.05993 nmse_ls=0.09058 lr=4.713e-04 step_time=0.128s steps_per_s=2.567 gpu_mem=0.19GiB peak=2.46GiB
WARNING:tensorflow:Model's `__init__()` arguments contain non-serializable objects. Please implement a `get_config()` method in the subclassed Model for proper saving and loading. Defaulting to empty config.
WARNING:tensorflow:Model's `__init__()` arguments contain non-serializable objects. Please implement a `get_config()` method in the subclassed Model for proper saving and loading. Defaulting to empty config.
[TRAIN] saved new best weights at step=14000 val_nmse=0.0751119
[TRAIN] step=14000 loss=-0.97050 nmse_prop=0.13723 nmse_ls=0.16128 lr=4.700e-04 step_time=110.248s steps_per_s=2.518 gpu_mem=0.19GiB peak=2.46GiB
[TRAIN] saved resumable state at step=14000 reason=periodic: /lustre10/scratch/rsadve1/Ablations_Wave3/TWC_plots_comprehensive/runs_rx16/seed7/1dmrs/dncnn_trunk_d256_l7/checkpoints/training_state/ckpt-14000
[TRAIN] step=14100 loss=-1.64744 nmse_prop=0.07184 nmse_ls=0.08812 lr=4.686e-04 step_time=0.307s steps_per_s=2.520 gpu_mem=0.19GiB peak=2.46GiB
[TRAIN] step=14200 loss=-2.18029 nmse_prop=0.04340 nmse_ls=0.05133 lr=4.673e-04 step_time=0.397s steps_per_s=2.523 gpu_mem=0.19GiB peak=2.46GiB
[TRAIN] step=14300 loss=-2.06995 nmse_prop=0.04817 nmse_ls=0.05622 lr=4.659e-04 step_time=0.403s steps_per_s=2.526 gpu_mem=0.19GiB peak=2.46GiB
[TRAIN] step=14400 loss=-1.97631 nmse_prop=0.05295 nmse_ls=0.06456 lr=4.645e-04 step_time=0.318s steps_per_s=2.529 gpu_mem=0.19GiB peak=2.46GiB
[TRAIN] step=14500 loss=-1.25023 nmse_prop=0.10525 nmse_ls=0.12386 lr=4.631e-04 step_time=0.395s steps_per_s=2.532 gpu_mem=0.19GiB peak=2.46GiB
[TRAIN] step=14600 loss=-2.45632 nmse_prop=0.03414 nmse_ls=0.04176 lr=4.617e-04 step_time=0.306s steps_per_s=2.535 gpu_mem=0.19GiB peak=2.46GiB
[TRAIN] step=14700 loss=-1.68896 nmse_prop=0.06914 nmse_ls=0.08191 lr=4.603e-04 step_time=0.394s steps_per_s=2.537 gpu_mem=0.19GiB peak=2.46GiB
[TRAIN] step=14800 loss=-2.47121 nmse_prop=0.03302 nmse_ls=0.04496 lr=4.589e-04 step_time=0.216s steps_per_s=2.540 gpu_mem=0.19GiB peak=2.46GiB
[TRAIN] step=14900 loss=-1.76054 nmse_prop=0.06466 nmse_ls=0.07658 lr=4.575e-04 step_time=0.411s steps_per_s=2.543 gpu_mem=0.19GiB peak=2.46GiB
[TRAIN] step=15000 loss=-2.66844 nmse_prop=0.02829 nmse_ls=0.03932 lr=4.561e-04 step_time=0.128s steps_per_s=2.546 gpu_mem=0.19GiB peak=2.46GiB
[TRAIN] saved resumable state at step=15000 reason=periodic: /lustre10/scratch/rsadve1/Ablations_Wave3/TWC_plots_comprehensive/runs_rx16/seed7/1dmrs/dncnn_trunk_d256_l7/checkpoints/training_state/ckpt-15000
[TRAIN] step=15100 loss=-2.48304 nmse_prop=0.03297 nmse_ls=0.03962 lr=4.547e-04 step_time=0.394s steps_per_s=2.547 gpu_mem=0.19GiB peak=2.46GiB
[TRAIN] step=15200 loss=-2.37821 nmse_prop=0.03631 nmse_ls=0.04452 lr=4.532e-04 step_time=0.306s steps_per_s=2.549 gpu_mem=0.19GiB peak=2.46GiB
[TRAIN] step=15300 loss=-2.16763 nmse_prop=0.04410 nmse_ls=0.05487 lr=4.518e-04 step_time=0.317s steps_per_s=2.552 gpu_mem=0.19GiB peak=2.46GiB
[TRAIN] step=15400 loss=-2.63806 nmse_prop=0.02868 nmse_ls=0.03837 lr=4.504e-04 step_time=0.217s steps_per_s=2.554 gpu_mem=0.19GiB peak=2.46GiB
[TRAIN] step=15500 loss=-0.92196 nmse_prop=0.14379 nmse_ls=0.18106 lr=4.489e-04 step_time=0.306s steps_per_s=2.557 gpu_mem=0.19GiB peak=2.46GiB
[TRAIN] step=15600 loss=-2.09537 nmse_prop=0.04711 nmse_ls=0.06402 lr=4.475e-04 step_time=0.228s steps_per_s=2.559 gpu_mem=0.19GiB peak=2.46GiB
[TRAIN] step=15700 loss=-2.65896 nmse_prop=0.02763 nmse_ls=0.03457 lr=4.460e-04 step_time=0.306s steps_per_s=2.561 gpu_mem=0.19GiB peak=2.46GiB
[TRAIN] step=15800 loss=-1.53140 nmse_prop=0.08063 nmse_ls=0.09551 lr=4.445e-04 step_time=0.395s steps_per_s=2.564 gpu_mem=0.19GiB peak=2.46GiB
[TRAIN] step=15900 loss=-2.36304 nmse_prop=0.03642 nmse_ls=0.05088 lr=4.431e-04 step_time=0.217s steps_per_s=2.566 gpu_mem=0.19GiB peak=2.46GiB
WARNING:tensorflow:Model's `__init__()` arguments contain non-serializable objects. Please implement a `get_config()` method in the subclassed Model for proper saving and loading. Defaulting to empty config.
WARNING:tensorflow:Model's `__init__()` arguments contain non-serializable objects. Please implement a `get_config()` method in the subclassed Model for proper saving and loading. Defaulting to empty config.
[TRAIN] saved new best weights at step=16000 val_nmse=0.0744657
[TRAIN] step=16000 loss=-1.91735 nmse_prop=0.05547 nmse_ls=0.06974 lr=4.416e-04 step_time=112.537s steps_per_s=2.522 gpu_mem=0.19GiB peak=2.46GiB
[TRAIN] saved resumable state at step=16000 reason=periodic: /lustre10/scratch/rsadve1/Ablations_Wave3/TWC_plots_comprehensive/runs_rx16/seed7/1dmrs/dncnn_trunk_d256_l7/checkpoints/training_state/ckpt-16000
[TRAIN] step=16100 loss=-2.13782 nmse_prop=0.04517 nmse_ls=0.05614 lr=4.401e-04 step_time=0.317s steps_per_s=2.524 gpu_mem=0.19GiB peak=2.46GiB
[TRAIN] step=16200 loss=-0.62371 nmse_prop=0.19068 nmse_ls=0.24304 lr=4.386e-04 step_time=0.307s steps_per_s=2.525 gpu_mem=0.19GiB peak=2.46GiB
[TRAIN] step=16300 loss=-1.13849 nmse_prop=0.11730 nmse_ls=0.13990 lr=4.371e-04 step_time=0.405s steps_per_s=2.528 gpu_mem=0.19GiB peak=2.46GiB
[TRAIN] step=16400 loss=-0.90139 nmse_prop=0.14697 nmse_ls=0.17649 lr=4.356e-04 step_time=0.398s steps_per_s=2.530 gpu_mem=0.19GiB peak=2.46GiB
[TRAIN] step=16500 loss=-2.36077 nmse_prop=0.03667 nmse_ls=0.04438 lr=4.341e-04 step_time=0.395s steps_per_s=2.531 gpu_mem=0.19GiB peak=2.46GiB
[TRAIN] step=16600 loss=-1.77345 nmse_prop=0.06368 nmse_ls=0.07635 lr=4.326e-04 step_time=0.406s steps_per_s=2.534 gpu_mem=0.19GiB peak=2.46GiB
[TRAIN] step=16700 loss=-2.58131 nmse_prop=0.03013 nmse_ls=0.03784 lr=4.311e-04 step_time=0.306s steps_per_s=2.537 gpu_mem=0.19GiB peak=2.46GiB
[TRAIN] step=16800 loss=-0.89304 nmse_prop=0.14756 nmse_ls=0.21594 lr=4.295e-04 step_time=0.217s steps_per_s=2.539 gpu_mem=0.19GiB peak=2.46GiB
[TRAIN] step=16900 loss=-0.94212 nmse_prop=0.14124 nmse_ls=0.17005 lr=4.280e-04 step_time=0.419s steps_per_s=2.541 gpu_mem=0.19GiB peak=2.46GiB
[TRAIN] step=17000 loss=-1.33184 nmse_prop=0.09790 nmse_ls=0.12392 lr=4.265e-04 step_time=0.305s steps_per_s=2.544 gpu_mem=0.19GiB peak=2.46GiB
[TRAIN] saved resumable state at step=17000 reason=periodic: /lustre10/scratch/rsadve1/Ablations_Wave3/TWC_plots_comprehensive/runs_rx16/seed7/1dmrs/dncnn_trunk_d256_l7/checkpoints/training_state/ckpt-17000
[TRAIN] step=17100 loss=-2.53243 nmse_prop=0.03186 nmse_ls=0.04309 lr=4.249e-04 step_time=0.217s steps_per_s=2.546 gpu_mem=0.19GiB peak=2.46GiB
[TRAIN] step=17200 loss=-1.35725 nmse_prop=0.09513 nmse_ls=0.11425 lr=4.234e-04 step_time=0.394s steps_per_s=2.547 gpu_mem=0.19GiB peak=2.46GiB
[TRAIN] step=17300 loss=-0.87983 nmse_prop=0.14969 nmse_ls=0.18170 lr=4.218e-04 step_time=0.393s steps_per_s=2.550 gpu_mem=0.19GiB peak=2.46GiB
[TRAIN] step=17400 loss=-0.97390 nmse_prop=0.13586 nmse_ls=0.22283 lr=4.203e-04 step_time=0.128s steps_per_s=2.552 gpu_mem=0.19GiB peak=2.46GiB
[TRAIN] step=17500 loss=-0.97287 nmse_prop=0.13732 nmse_ls=0.17774 lr=4.187e-04 step_time=0.306s steps_per_s=2.554 gpu_mem=0.19GiB peak=2.46GiB
[TRAIN] step=17600 loss=-1.09224 nmse_prop=0.12282 nmse_ls=0.15804 lr=4.171e-04 step_time=0.308s steps_per_s=2.555 gpu_mem=0.19GiB peak=2.46GiB
[TRAIN] step=17700 loss=-1.04495 nmse_prop=0.12868 nmse_ls=0.15594 lr=4.156e-04 step_time=0.420s steps_per_s=2.558 gpu_mem=0.19GiB peak=2.46GiB
[TRAIN] step=17800 loss=-0.61991 nmse_prop=0.19097 nmse_ls=0.24572 lr=4.140e-04 step_time=0.307s steps_per_s=2.559 gpu_mem=0.19GiB peak=2.46GiB
[TRAIN] step=17900 loss=-1.96486 nmse_prop=0.05326 nmse_ls=0.06448 lr=4.124e-04 step_time=0.398s steps_per_s=2.561 gpu_mem=0.19GiB peak=2.46GiB
WARNING:tensorflow:Model's `__init__()` arguments contain non-serializable objects. Please implement a `get_config()` method in the subclassed Model for proper saving and loading. Defaulting to empty config.
WARNING:tensorflow:Model's `__init__()` arguments contain non-serializable objects. Please implement a `get_config()` method in the subclassed Model for proper saving and loading. Defaulting to empty config.
[TRAIN] saved new best weights at step=18000 val_nmse=0.0677873
[TRAIN] step=18000 loss=-2.02259 nmse_prop=0.05023 nmse_ls=0.06472 lr=4.108e-04 step_time=112.487s steps_per_s=2.522 gpu_mem=0.19GiB peak=2.46GiB
[TRAIN] saved resumable state at step=18000 reason=periodic: /lustre10/scratch/rsadve1/Ablations_Wave3/TWC_plots_comprehensive/runs_rx16/seed7/1dmrs/dncnn_trunk_d256_l7/checkpoints/training_state/ckpt-18000
[TRAIN] step=18100 loss=-1.74577 nmse_prop=0.06570 nmse_ls=0.07976 lr=4.092e-04 step_time=0.396s steps_per_s=2.523 gpu_mem=0.19GiB peak=2.46GiB
[TRAIN] step=18200 loss=-1.29159 nmse_prop=0.10174 nmse_ls=0.12290 lr=4.076e-04 step_time=0.396s steps_per_s=2.525 gpu_mem=0.19GiB peak=2.46GiB
[TRAIN] step=18300 loss=-1.18166 nmse_prop=0.11247 nmse_ls=0.13668 lr=4.060e-04 step_time=0.397s steps_per_s=2.527 gpu_mem=0.19GiB peak=2.46GiB
[TRAIN] step=18400 loss=-2.40614 nmse_prop=0.03570 nmse_ls=0.04308 lr=4.044e-04 step_time=0.408s steps_per_s=2.529 gpu_mem=0.19GiB peak=2.46GiB
[TRAIN] step=18500 loss=-1.34399 nmse_prop=0.09606 nmse_ls=0.11724 lr=4.028e-04 step_time=0.399s steps_per_s=2.531 gpu_mem=0.19GiB peak=2.46GiB
[TRAIN] step=18600 loss=-2.48967 nmse_prop=0.03245 nmse_ls=0.04189 lr=4.012e-04 step_time=0.320s steps_per_s=2.533 gpu_mem=0.19GiB peak=2.46GiB
[TRAIN] step=18700 loss=-2.31124 nmse_prop=0.03844 nmse_ls=0.04638 lr=3.996e-04 step_time=0.396s steps_per_s=2.535 gpu_mem=0.19GiB peak=2.46GiB
[TRAIN] step=18800 loss=-1.16949 nmse_prop=0.11419 nmse_ls=0.13922 lr=3.980e-04 step_time=0.403s steps_per_s=2.537 gpu_mem=0.19GiB peak=2.46GiB
[TRAIN] step=18900 loss=-1.13464 nmse_prop=0.11815 nmse_ls=0.15425 lr=3.963e-04 step_time=0.309s steps_per_s=2.539 gpu_mem=0.19GiB peak=2.46GiB
[TRAIN] step=19000 loss=-2.01429 nmse_prop=0.05035 nmse_ls=0.07475 lr=3.947e-04 step_time=0.217s steps_per_s=2.541 gpu_mem=0.19GiB peak=2.46GiB
[TRAIN] saved resumable state at step=19000 reason=periodic: /lustre10/scratch/rsadve1/Ablations_Wave3/TWC_plots_comprehensive/runs_rx16/seed7/1dmrs/dncnn_trunk_d256_l7/checkpoints/training_state/ckpt-19000
[TRAIN] step=19100 loss=-1.58546 nmse_prop=0.07677 nmse_ls=0.09416 lr=3.931e-04 step_time=0.411s steps_per_s=2.542 gpu_mem=0.19GiB peak=2.46GiB
[TRAIN] step=19200 loss=-1.69671 nmse_prop=0.06869 nmse_ls=0.10289 lr=3.914e-04 step_time=0.221s steps_per_s=2.544 gpu_mem=0.19GiB peak=2.46GiB
[TRAIN] step=19300 loss=-2.12490 nmse_prop=0.04582 nmse_ls=0.05555 lr=3.898e-04 step_time=0.409s steps_per_s=2.546 gpu_mem=0.19GiB peak=2.46GiB
[TRAIN] step=19400 loss=-2.47258 nmse_prop=0.03323 nmse_ls=0.04241 lr=3.882e-04 step_time=0.307s steps_per_s=2.547 gpu_mem=0.19GiB peak=2.46GiB
[TRAIN] step=19500 loss=-1.63494 nmse_prop=0.07356 nmse_ls=0.09598 lr=3.865e-04 step_time=0.310s steps_per_s=2.549 gpu_mem=0.19GiB peak=2.46GiB
[TRAIN] step=19600 loss=-2.29989 nmse_prop=0.03780 nmse_ls=0.06027 lr=3.848e-04 step_time=0.129s steps_per_s=2.550 gpu_mem=0.19GiB peak=2.46GiB
[TRAIN] step=19700 loss=-2.15049 nmse_prop=0.04502 nmse_ls=0.05850 lr=3.832e-04 step_time=0.307s steps_per_s=2.552 gpu_mem=0.19GiB peak=2.46GiB
[TRAIN] step=19800 loss=-2.28142 nmse_prop=0.03984 nmse_ls=0.04806 lr=3.815e-04 step_time=0.412s steps_per_s=2.554 gpu_mem=0.19GiB peak=2.46GiB
[TRAIN] step=19900 loss=-1.99184 nmse_prop=0.05194 nmse_ls=0.07715 lr=3.799e-04 step_time=0.218s steps_per_s=2.557 gpu_mem=0.19GiB peak=2.46GiB
[TRAIN] step=20000 loss=-0.85072 nmse_prop=0.15427 nmse_ls=0.18950 lr=3.782e-04 step_time=109.845s steps_per_s=2.523 gpu_mem=0.19GiB peak=2.46GiB
[TRAIN] saved resumable state at step=20000 reason=periodic: /lustre10/scratch/rsadve1/Ablations_Wave3/TWC_plots_comprehensive/runs_rx16/seed7/1dmrs/dncnn_trunk_d256_l7/checkpoints/training_state/ckpt-20000
[TRAIN] step=20100 loss=-1.32784 nmse_prop=0.09864 nmse_ls=0.12120 lr=3.765e-04 step_time=0.396s steps_per_s=2.524 gpu_mem=0.19GiB peak=2.46GiB
[TRAIN] step=20200 loss=-1.32318 nmse_prop=0.09898 nmse_ls=0.12171 lr=3.748e-04 step_time=0.394s steps_per_s=2.526 gpu_mem=0.19GiB peak=2.46GiB
[TRAIN] step=20300 loss=-1.28256 nmse_prop=0.10174 nmse_ls=0.15777 lr=3.732e-04 step_time=0.218s steps_per_s=2.528 gpu_mem=0.19GiB peak=2.46GiB
[TRAIN] step=20400 loss=-2.21984 nmse_prop=0.04200 nmse_ls=0.05132 lr=3.715e-04 step_time=0.395s steps_per_s=2.529 gpu_mem=0.19GiB peak=2.46GiB
[TRAIN] step=20500 loss=-2.02354 nmse_prop=0.05044 nmse_ls=0.06639 lr=3.698e-04 step_time=0.309s steps_per_s=2.531 gpu_mem=0.19GiB peak=2.46GiB
[TRAIN] step=20600 loss=-1.70232 nmse_prop=0.06872 nmse_ls=0.08475 lr=3.681e-04 step_time=0.395s steps_per_s=2.533 gpu_mem=0.19GiB peak=2.46GiB
[TRAIN] step=20700 loss=-1.48986 nmse_prop=0.08437 nmse_ls=0.10430 lr=3.664e-04 step_time=0.394s steps_per_s=2.535 gpu_mem=0.19GiB peak=2.46GiB
[TRAIN] step=20800 loss=-0.97790 nmse_prop=0.13745 nmse_ls=0.17075 lr=3.647e-04 step_time=0.396s steps_per_s=2.537 gpu_mem=0.19GiB peak=2.46GiB
[TRAIN] step=20900 loss=-1.08949 nmse_prop=0.12343 nmse_ls=0.15308 lr=3.630e-04 step_time=0.398s steps_per_s=2.538 gpu_mem=0.19GiB peak=2.46GiB
[TRAIN] step=21000 loss=-2.56697 nmse_prop=0.03066 nmse_ls=0.03927 lr=3.613e-04 step_time=0.306s steps_per_s=2.540 gpu_mem=0.19GiB peak=2.46GiB
[TRAIN] saved resumable state at step=21000 reason=periodic: /lustre10/scratch/rsadve1/Ablations_Wave3/TWC_plots_comprehensive/runs_rx16/seed7/1dmrs/dncnn_trunk_d256_l7/checkpoints/training_state/ckpt-21000
[TRAIN] step=21100 loss=-1.93187 nmse_prop=0.05462 nmse_ls=0.08300 lr=3.596e-04 step_time=0.217s steps_per_s=2.542 gpu_mem=0.19GiB peak=2.46GiB
[TRAIN] step=21200 loss=-2.55916 nmse_prop=0.03099 nmse_ls=0.04008 lr=3.579e-04 step_time=0.306s steps_per_s=2.544 gpu_mem=0.19GiB peak=2.46GiB
[TRAIN] step=21300 loss=-0.86646 nmse_prop=0.15275 nmse_ls=0.18946 lr=3.562e-04 step_time=0.397s steps_per_s=2.545 gpu_mem=0.19GiB peak=2.46GiB
[TRAIN] step=21400 loss=-1.46077 nmse_prop=0.08700 nmse_ls=0.11506 lr=3.545e-04 step_time=0.309s steps_per_s=2.547 gpu_mem=0.19GiB peak=2.46GiB
[TRAIN] step=21500 loss=-0.93762 nmse_prop=0.14253 nmse_ls=0.19226 lr=3.528e-04 step_time=0.318s steps_per_s=2.549 gpu_mem=0.19GiB peak=2.46GiB
[TRAIN] step=21600 loss=-0.84937 nmse_prop=0.15492 nmse_ls=0.20661 lr=3.511e-04 step_time=0.311s steps_per_s=2.551 gpu_mem=0.19GiB peak=2.46GiB
[TRAIN] step=21700 loss=-1.94938 nmse_prop=0.05454 nmse_ls=0.06660 lr=3.494e-04 step_time=0.397s steps_per_s=2.552 gpu_mem=0.19GiB peak=2.46GiB
[TRAIN] step=21800 loss=-0.84843 nmse_prop=0.15500 nmse_ls=0.19283 lr=3.476e-04 step_time=0.407s steps_per_s=2.554 gpu_mem=0.19GiB peak=2.46GiB
[TRAIN] step=21900 loss=-2.48707 nmse_prop=0.03292 nmse_ls=0.04246 lr=3.459e-04 step_time=0.332s steps_per_s=2.556 gpu_mem=0.19GiB peak=2.46GiB
[TRAIN] step=22000 loss=-1.68681 nmse_prop=0.07010 nmse_ls=0.08696 lr=3.442e-04 step_time=112.891s steps_per_s=2.524 gpu_mem=0.19GiB peak=2.46GiB
[TRAIN] saved resumable state at step=22000 reason=periodic: /lustre10/scratch/rsadve1/Ablations_Wave3/TWC_plots_comprehensive/runs_rx16/seed7/1dmrs/dncnn_trunk_d256_l7/checkpoints/training_state/ckpt-22000
[TRAIN] step=22100 loss=-1.01788 nmse_prop=0.13240 nmse_ls=0.16455 lr=3.425e-04 step_time=0.409s steps_per_s=2.526 gpu_mem=0.19GiB peak=2.46GiB
[TRAIN] step=22200 loss=-2.24729 nmse_prop=0.04115 nmse_ls=0.05070 lr=3.407e-04 step_time=0.396s steps_per_s=2.527 gpu_mem=0.19GiB peak=2.46GiB
[TRAIN] step=22300 loss=-1.75094 nmse_prop=0.06551 nmse_ls=0.08117 lr=3.390e-04 step_time=0.397s steps_per_s=2.529 gpu_mem=0.19GiB peak=2.46GiB
[TRAIN] step=22400 loss=-1.65391 nmse_prop=0.07215 nmse_ls=0.09447 lr=3.373e-04 step_time=0.306s steps_per_s=2.531 gpu_mem=0.19GiB peak=2.46GiB
[TRAIN] step=22500 loss=-1.98013 nmse_prop=0.05279 nmse_ls=0.06482 lr=3.356e-04 step_time=0.395s steps_per_s=2.533 gpu_mem=0.19GiB peak=2.46GiB
[TRAIN] step=22600 loss=-1.75627 nmse_prop=0.06546 nmse_ls=0.08101 lr=3.338e-04 step_time=0.407s steps_per_s=2.535 gpu_mem=0.19GiB peak=2.46GiB
[TRAIN] step=22700 loss=-1.98853 nmse_prop=0.05250 nmse_ls=0.06884 lr=3.321e-04 step_time=0.321s steps_per_s=2.536 gpu_mem=0.19GiB peak=2.46GiB
[TRAIN] step=22800 loss=-1.55401 nmse_prop=0.07940 nmse_ls=0.10670 lr=3.303e-04 step_time=0.309s steps_per_s=2.538 gpu_mem=0.19GiB peak=2.46GiB
[TRAIN] step=22900 loss=-0.77423 nmse_prop=0.16664 nmse_ls=0.20726 lr=3.286e-04 step_time=0.397s steps_per_s=2.539 gpu_mem=0.19GiB peak=2.46GiB
[TRAIN] step=23000 loss=-2.14172 nmse_prop=0.04513 nmse_ls=0.05919 lr=3.269e-04 step_time=0.308s steps_per_s=2.540 gpu_mem=0.19GiB peak=2.46GiB
[TRAIN] saved resumable state at step=23000 reason=periodic: /lustre10/scratch/rsadve1/Ablations_Wave3/TWC_plots_comprehensive/runs_rx16/seed7/1dmrs/dncnn_trunk_d256_l7/checkpoints/training_state/ckpt-23000
[TRAIN] step=23100 loss=-2.14329 nmse_prop=0.04517 nmse_ls=0.05545 lr=3.251e-04 step_time=0.395s steps_per_s=2.541 gpu_mem=0.19GiB peak=2.46GiB
[TRAIN] step=23200 loss=-2.59048 nmse_prop=0.02997 nmse_ls=0.03849 lr=3.234e-04 step_time=0.309s steps_per_s=2.542 gpu_mem=0.19GiB peak=2.46GiB
[TRAIN] step=23300 loss=-1.95653 nmse_prop=0.05405 nmse_ls=0.06740 lr=3.216e-04 step_time=0.412s steps_per_s=2.544 gpu_mem=0.19GiB peak=2.46GiB
[TRAIN] step=23400 loss=-2.14081 nmse_prop=0.04536 nmse_ls=0.05645 lr=3.199e-04 step_time=0.396s steps_per_s=2.546 gpu_mem=0.19GiB peak=2.46GiB
[TRAIN] step=23500 loss=-1.34148 nmse_prop=0.09808 nmse_ls=0.12046 lr=3.181e-04 step_time=0.397s steps_per_s=2.547 gpu_mem=0.19GiB peak=2.46GiB
[TRAIN] step=23600 loss=-0.93718 nmse_prop=0.14382 nmse_ls=0.19547 lr=3.164e-04 step_time=0.316s steps_per_s=2.548 gpu_mem=0.19GiB peak=2.46GiB
[TRAIN] step=23700 loss=-1.36993 nmse_prop=0.09522 nmse_ls=0.12001 lr=3.146e-04 step_time=0.418s steps_per_s=2.550 gpu_mem=0.19GiB peak=2.46GiB
[TRAIN] step=23800 loss=-2.29142 nmse_prop=0.03917 nmse_ls=0.04915 lr=3.129e-04 step_time=0.420s steps_per_s=2.551 gpu_mem=0.20GiB peak=2.46GiB
[TRAIN] step=23900 loss=-2.36123 nmse_prop=0.03644 nmse_ls=0.05591 lr=3.111e-04 step_time=0.217s steps_per_s=2.552 gpu_mem=0.19GiB peak=2.46GiB
[TRAIN] step=24000 loss=-2.36390 nmse_prop=0.03735 nmse_ls=0.04825 lr=3.094e-04 step_time=113.064s steps_per_s=2.524 gpu_mem=0.19GiB peak=2.46GiB
[TRAIN] saved resumable state at step=24000 reason=periodic: /lustre10/scratch/rsadve1/Ablations_Wave3/TWC_plots_comprehensive/runs_rx16/seed7/1dmrs/dncnn_trunk_d256_l7/checkpoints/training_state/ckpt-24000
[TRAIN] step=24100 loss=-1.16066 nmse_prop=0.11693 nmse_ls=0.15989 lr=3.076e-04 step_time=0.308s steps_per_s=2.524 gpu_mem=0.19GiB peak=2.46GiB
[TRAIN] step=24200 loss=-2.34471 nmse_prop=0.03713 nmse_ls=0.04582 lr=3.059e-04 step_time=0.395s steps_per_s=2.526 gpu_mem=0.19GiB peak=2.46GiB
[TRAIN] step=24300 loss=-0.95376 nmse_prop=0.13956 nmse_ls=0.22694 lr=3.041e-04 step_time=0.216s steps_per_s=2.528 gpu_mem=0.19GiB peak=2.46GiB
[TRAIN] step=24400 loss=-2.13424 nmse_prop=0.04547 nmse_ls=0.05670 lr=3.024e-04 step_time=0.410s steps_per_s=2.529 gpu_mem=0.19GiB peak=2.46GiB
[TRAIN] step=24500 loss=-1.89165 nmse_prop=0.05747 nmse_ls=0.08879 lr=3.006e-04 step_time=0.217s steps_per_s=2.531 gpu_mem=0.19GiB peak=2.46GiB
[TRAIN] step=24600 loss=-1.36800 nmse_prop=0.09588 nmse_ls=0.13086 lr=2.989e-04 step_time=0.306s steps_per_s=2.532 gpu_mem=0.19GiB peak=2.46GiB
[TRAIN] step=24700 loss=-2.73621 nmse_prop=0.02546 nmse_ls=0.04002 lr=2.971e-04 step_time=0.128s steps_per_s=2.534 gpu_mem=0.19GiB peak=2.46GiB
[TRAIN] step=24800 loss=-1.56684 nmse_prop=0.07860 nmse_ls=0.09828 lr=2.953e-04 step_time=0.397s steps_per_s=2.536 gpu_mem=0.20GiB peak=2.46GiB
[TRAIN] step=24900 loss=-2.25421 nmse_prop=0.04087 nmse_ls=0.05062 lr=2.936e-04 step_time=0.413s steps_per_s=2.537 gpu_mem=0.19GiB peak=2.46GiB
[TRAIN] step=25000 loss=-2.52565 nmse_prop=0.03172 nmse_ls=0.04080 lr=2.918e-04 step_time=0.309s steps_per_s=2.539 gpu_mem=0.19GiB peak=2.46GiB
[TRAIN] saved resumable state at step=25000 reason=periodic: /lustre10/scratch/rsadve1/Ablations_Wave3/TWC_plots_comprehensive/runs_rx16/seed7/1dmrs/dncnn_trunk_d256_l7/checkpoints/training_state/ckpt-25000
[TRAIN] step=25100 loss=-0.68730 nmse_prop=0.18192 nmse_ls=0.23066 lr=2.901e-04 step_time=0.400s steps_per_s=2.539 gpu_mem=0.20GiB peak=2.46GiB
