[ENV] Reusing portable venv: /home/rsadve1/links/scratch/.vevn_upair_potable
[ENV] Checking installed package metadata only; TensorFlow/Sionna are not imported here.
[ENV] Python 3.11.5
[ENV] numpy 1.26.4+computecanada
[ENV] pandas 2.2.3+computecanada
[ENV] matplotlib 3.10.0+computecanada
[ENV] PyYAML 6.0.2+computecanada
[ENV] scipy 1.15.1+computecanada
[ENV] tensorflow 2.15.1+computecanada
[ENV] sionna-no-rt 1.2.1
[ENV] optuna 4.8.0+computecanada
[ENV] Skipping TensorFlow/Sionna import check on this node. Set UPAIR_DEEP_IMPORT_CHECK=1 to test imports explicitly.
[ENV] Ready: REPO=/home/rsadve1/links/scratch/Ablations_Wave3
[ENV] Ready: VENV=/home/rsadve1/links/scratch/.vevn_upair_potable
[ENV] Reusing portable venv: /home/rsadve1/links/scratch/.vevn_upair_potable
[ENV] Checking installed package metadata only; TensorFlow/Sionna are not imported here.
[ENV] Python 3.11.5
[ENV] numpy 1.26.4+computecanada
[ENV] pandas 2.2.3+computecanada
[ENV] matplotlib 3.10.0+computecanada
[ENV] PyYAML 6.0.2+computecanada
[ENV] scipy 1.15.1+computecanada
[ENV] tensorflow 2.15.1+computecanada
[ENV] sionna-no-rt 1.2.1
[ENV] optuna 4.8.0+computecanada
[ENV] Skipping TensorFlow/Sionna import check on this node. Set UPAIR_DEEP_IMPORT_CHECK=1 to test imports explicitly.
[ENV] Ready: REPO=/home/rsadve1/links/scratch/Ablations_Wave3
[ENV] Ready: VENV=/home/rsadve1/links/scratch/.vevn_upair_potable
================================================================================
[PIPELINE] variant=no_prompt_film_dr_d256_b4_r2
[PIPELINE] root=/home/rsadve1/links/scratch/Ablations_Wave3
[PIPELINE] stageB_prefix=clean_b32_prb8_d256_40k_smart_trueDMRS_u34610_1dmrs_stageB
[PIPELINE] receivers=upair5g_lmmse
[PIPELINE] users=3
[PIPELINE] ebnos=-4,-3,-2,-1,0,1
[PIPELINE] chunk_batches=20 micro=8
================================================================================
[PIPELINE] training missing/incomplete for no_prompt_film_dr_d256_b4_r2; running training-only resume.
2026-07-05 20:53:43.128658: E external/local_xla/xla/stream_executor/cuda/cuda_dnn.cc:9261] Unable to register cuDNN factory: Attempting to register factory for plugin cuDNN when one has already been registered
2026-07-05 20:53:43.128702: E external/local_xla/xla/stream_executor/cuda/cuda_fft.cc:607] Unable to register cuFFT factory: Attempting to register factory for plugin cuFFT when one has already been registered
2026-07-05 20:53:43.130161: E external/local_xla/xla/stream_executor/cuda/cuda_blas.cc:1515] Unable to register cuBLAS factory: Attempting to register factory for plugin cuBLAS when one has already been registered
[COMPREHENSIVE] loaded Optuna best JSON for no_prompt_film_dr_d256_b4_r2 from /home/rsadve1/links/scratch/Ablations_Wave3/optuna/clean_b32_prb8_d256_40k_smart_trueDMRS_u34610_1dmrs_stageB_no_prompt_film_dr_d256_b4_r2_best_params.json
[TRAIN] delay-spread randomization active: 6 channel instances U=1
[TRAIN] delay-spread randomization active: 6 channel instances U=2
[TRAIN] delay-spread randomization active: 6 channel instances U=3
[TRAIN] delay-spread randomization active: 6 channel instances U=4
[TRAIN] loss_mode=nll_nmse (use_nll_loss=True)
[TRAIN] optimizer lr_schedule=cosine_decay learning_rate=0.000571292 weight_decay=9.65466e-06
[TRAIN] seeds active_seed=7 training_seed=7 evaluation_seed=1007
[TRAIN] starting from scratch
2026-07-05 20:54:13.922148: E tensorflow/core/grappler/optimizers/meta_optimizer.cc:961] layout failed: INVALID_ARGUMENT: Size of values 0 does not match size of permutation 4 @ fanin shape inaxial_block_0/dropout/dropout_2/SelectV2-2-TransposeNHWCToNCHW-LayoutOptimizer
WARNING: All log messages before absl::InitializeLog() is called are written to STDERR
I0000 00:00:1783299255.530517  967473 device_compiler.h:186] Compiled cluster using XLA!  This line is logged at most once for the lifetime of the process.
[TRAIN] step=00001 loss=-0.76772 nmse_prop=0.15775 nmse_ls=0.15775 lr=5.713e-04 step_time=17.714s steps_per_s=0.056 gpu_mem=0.09GiB peak=6.57GiB
[TRAIN] step=00100 loss=-0.43843 nmse_prop=0.20702 nmse_ls=0.23376 lr=5.713e-04 step_time=0.277s steps_per_s=1.347 gpu_mem=0.16GiB peak=6.74GiB
[TRAIN] step=00200 loss=-1.49496 nmse_prop=0.07691 nmse_ls=0.10001 lr=5.713e-04 step_time=0.276s steps_per_s=1.769 gpu_mem=0.16GiB peak=6.77GiB
[TRAIN] step=00300 loss=-1.99946 nmse_prop=0.04819 nmse_ls=0.06054 lr=5.712e-04 step_time=0.453s steps_per_s=1.958 gpu_mem=0.16GiB peak=6.77GiB
[TRAIN] step=00400 loss=-1.86025 nmse_prop=0.05576 nmse_ls=0.08792 lr=5.712e-04 step_time=0.290s steps_per_s=2.091 gpu_mem=0.16GiB peak=6.77GiB
[TRAIN] step=00500 loss=-1.46698 nmse_prop=0.07689 nmse_ls=0.13404 lr=5.712e-04 step_time=0.390s steps_per_s=2.145 gpu_mem=0.16GiB peak=6.77GiB
[TRAIN] step=00600 loss=-0.92596 nmse_prop=0.13938 nmse_ls=0.24157 lr=5.711e-04 step_time=0.486s steps_per_s=2.176 gpu_mem=0.16GiB peak=6.77GiB
[TRAIN] step=00700 loss=-1.39621 nmse_prop=0.08908 nmse_ls=0.15195 lr=5.710e-04 step_time=0.454s steps_per_s=2.223 gpu_mem=0.16GiB peak=6.77GiB
[TRAIN] step=00800 loss=-2.34589 nmse_prop=0.03335 nmse_ls=0.04751 lr=5.709e-04 step_time=0.456s steps_per_s=2.252 gpu_mem=0.16GiB peak=6.77GiB
[TRAIN] step=00900 loss=-1.93856 nmse_prop=0.05337 nmse_ls=0.09818 lr=5.708e-04 step_time=0.457s steps_per_s=2.276 gpu_mem=0.16GiB peak=6.77GiB
[TRAIN] step=01000 loss=-1.73946 nmse_prop=0.06393 nmse_ls=0.15632 lr=5.707e-04 step_time=0.367s steps_per_s=2.291 gpu_mem=0.16GiB peak=6.77GiB
[TRAIN] saved resumable state at step=1000 reason=periodic: /lustre10/scratch/rsadve1/Ablations_Wave3/TWC_plots_comprehensive/runs_rx16/seed7/1dmrs/no_prompt_film_dr_d256_b4_r2/checkpoints/training_state/ckpt-1000
[TRAIN] step=01100 loss=-1.15268 nmse_prop=0.11255 nmse_ls=0.23736 lr=5.706e-04 step_time=0.457s steps_per_s=2.312 gpu_mem=0.16GiB peak=6.77GiB
[TRAIN] step=01200 loss=-1.92612 nmse_prop=0.05203 nmse_ls=0.12357 lr=5.705e-04 step_time=0.280s steps_per_s=2.329 gpu_mem=0.16GiB peak=6.77GiB
[TRAIN] step=01300 loss=-2.40967 nmse_prop=0.03438 nmse_ls=0.08113 lr=5.704e-04 step_time=0.277s steps_per_s=2.349 gpu_mem=0.16GiB peak=6.77GiB
[TRAIN] step=01400 loss=-1.99937 nmse_prop=0.05044 nmse_ls=0.12680 lr=5.702e-04 step_time=0.368s steps_per_s=2.359 gpu_mem=0.16GiB peak=6.77GiB
[TRAIN] step=01500 loss=-2.91063 nmse_prop=0.02183 nmse_ls=0.03564 lr=5.701e-04 step_time=0.368s steps_per_s=2.371 gpu_mem=0.16GiB peak=6.77GiB
[TRAIN] step=01600 loss=-1.27241 nmse_prop=0.04575 nmse_ls=0.11131 lr=5.699e-04 step_time=0.187s steps_per_s=2.380 gpu_mem=0.16GiB peak=6.77GiB
[TRAIN] step=01700 loss=-1.53329 nmse_prop=0.07936 nmse_ls=0.16619 lr=5.697e-04 step_time=0.455s steps_per_s=2.388 gpu_mem=0.16GiB peak=6.77GiB
[TRAIN] step=01800 loss=-1.47412 nmse_prop=0.08501 nmse_ls=0.21697 lr=5.695e-04 step_time=0.455s steps_per_s=2.395 gpu_mem=0.16GiB peak=6.77GiB
[TRAIN] step=01900 loss=-2.70331 nmse_prop=0.02527 nmse_ls=0.06150 lr=5.693e-04 step_time=0.186s steps_per_s=2.402 gpu_mem=0.16GiB peak=6.77GiB
WARNING:tensorflow:Model's `__init__()` arguments contain non-serializable objects. Please implement a `get_config()` method in the subclassed Model for proper saving and loading. Defaulting to empty config.
WARNING:tensorflow:Model's `__init__()` arguments contain non-serializable objects. Please implement a `get_config()` method in the subclassed Model for proper saving and loading. Defaulting to empty config.
[TRAIN] saved new best weights at step=2000 val_nmse=0.0424059
[TRAIN] step=02000 loss=-1.67900 nmse_prop=0.06658 nmse_ls=0.17337 lr=5.691e-04 step_time=156.936s steps_per_s=2.024 gpu_mem=0.18GiB peak=6.77GiB
[TRAIN] saved resumable state at step=2000 reason=periodic: /lustre10/scratch/rsadve1/Ablations_Wave3/TWC_plots_comprehensive/runs_rx16/seed7/1dmrs/no_prompt_film_dr_d256_b4_r2/checkpoints/training_state/ckpt-2000
[TRAIN] step=02100 loss=-1.74060 nmse_prop=0.06512 nmse_ls=0.16780 lr=5.689e-04 step_time=0.367s steps_per_s=2.045 gpu_mem=0.18GiB peak=6.77GiB
[TRAIN] step=02200 loss=-1.55192 nmse_prop=0.05952 nmse_ls=0.11553 lr=5.686e-04 step_time=0.456s steps_per_s=2.061 gpu_mem=0.18GiB peak=6.77GiB
[TRAIN] step=02300 loss=-1.86135 nmse_prop=0.05744 nmse_ls=0.16765 lr=5.684e-04 step_time=0.277s steps_per_s=2.080 gpu_mem=0.18GiB peak=6.77GiB
[TRAIN] step=02400 loss=-1.98608 nmse_prop=0.05073 nmse_ls=0.17337 lr=5.681e-04 step_time=0.189s steps_per_s=2.094 gpu_mem=0.18GiB peak=6.77GiB
[TRAIN] step=02500 loss=-2.73755 nmse_prop=0.02361 nmse_ls=0.06974 lr=5.679e-04 step_time=0.188s steps_per_s=2.108 gpu_mem=0.18GiB peak=6.77GiB
[TRAIN] step=02600 loss=-2.40245 nmse_prop=0.03437 nmse_ls=0.12323 lr=5.676e-04 step_time=0.278s steps_per_s=2.121 gpu_mem=0.18GiB peak=6.77GiB
[TRAIN] step=02700 loss=-2.44227 nmse_prop=0.03412 nmse_ls=0.07570 lr=5.673e-04 step_time=0.457s steps_per_s=2.135 gpu_mem=0.18GiB peak=6.77GiB
[TRAIN] step=02800 loss=-1.92852 nmse_prop=0.05365 nmse_ls=0.14516 lr=5.670e-04 step_time=0.367s steps_per_s=2.146 gpu_mem=0.18GiB peak=6.77GiB
[TRAIN] step=02900 loss=-2.19193 nmse_prop=0.04344 nmse_ls=0.12377 lr=5.667e-04 step_time=0.458s steps_per_s=2.158 gpu_mem=0.18GiB peak=6.77GiB
[TRAIN] step=03000 loss=-2.06006 nmse_prop=0.04803 nmse_ls=0.16815 lr=5.663e-04 step_time=0.377s steps_per_s=2.168 gpu_mem=0.18GiB peak=6.77GiB
[TRAIN] saved resumable state at step=3000 reason=periodic: /lustre10/scratch/rsadve1/Ablations_Wave3/TWC_plots_comprehensive/runs_rx16/seed7/1dmrs/no_prompt_film_dr_d256_b4_r2/checkpoints/training_state/ckpt-3000
[TRAIN] step=03100 loss=-2.05663 nmse_prop=0.04898 nmse_ls=0.12440 lr=5.660e-04 step_time=0.461s steps_per_s=2.165 gpu_mem=0.18GiB peak=6.79GiB
[TRAIN] step=03200 loss=-2.46939 nmse_prop=0.03230 nmse_ls=0.11091 lr=5.657e-04 step_time=0.371s steps_per_s=2.174 gpu_mem=0.18GiB peak=6.79GiB
[TRAIN] step=03300 loss=-1.50210 nmse_prop=0.08122 nmse_ls=0.26378 lr=5.653e-04 step_time=0.463s steps_per_s=2.182 gpu_mem=0.18GiB peak=6.79GiB
[TRAIN] step=03400 loss=-1.57297 nmse_prop=0.07679 nmse_ls=0.19253 lr=5.649e-04 step_time=0.479s steps_per_s=2.189 gpu_mem=0.18GiB peak=6.79GiB
[TRAIN] step=03500 loss=-1.50307 nmse_prop=0.08208 nmse_ls=0.27182 lr=5.646e-04 step_time=0.458s steps_per_s=2.196 gpu_mem=0.18GiB peak=6.79GiB
[TRAIN] step=03600 loss=-2.16434 nmse_prop=0.04345 nmse_ls=0.11471 lr=5.642e-04 step_time=0.464s steps_per_s=2.204 gpu_mem=0.18GiB peak=6.79GiB
[TRAIN] step=03700 loss=-2.98293 nmse_prop=0.02095 nmse_ls=0.03888 lr=5.638e-04 step_time=0.372s steps_per_s=2.211 gpu_mem=0.18GiB peak=6.79GiB
[TRAIN] step=03800 loss=-2.54558 nmse_prop=0.03070 nmse_ls=0.08960 lr=5.634e-04 step_time=0.373s steps_per_s=2.219 gpu_mem=0.18GiB peak=6.79GiB
[TRAIN] step=03900 loss=-1.98347 nmse_prop=0.05234 nmse_ls=0.16387 lr=5.629e-04 step_time=0.461s steps_per_s=2.227 gpu_mem=0.18GiB peak=6.79GiB
WARNING:tensorflow:Model's `__init__()` arguments contain non-serializable objects. Please implement a `get_config()` method in the subclassed Model for proper saving and loading. Defaulting to empty config.
WARNING:tensorflow:Model's `__init__()` arguments contain non-serializable objects. Please implement a `get_config()` method in the subclassed Model for proper saving and loading. Defaulting to empty config.
[TRAIN] saved new best weights at step=4000 val_nmse=0.0374258
[TRAIN] step=04000 loss=-2.26259 nmse_prop=0.04004 nmse_ls=0.10437 lr=5.625e-04 step_time=157.165s steps_per_s=2.054 gpu_mem=0.18GiB peak=6.79GiB
[TRAIN] saved resumable state at step=4000 reason=periodic: /lustre10/scratch/rsadve1/Ablations_Wave3/TWC_plots_comprehensive/runs_rx16/seed7/1dmrs/no_prompt_film_dr_d256_b4_r2/checkpoints/training_state/ckpt-4000
[TRAIN] step=04100 loss=-1.84854 nmse_prop=0.05865 nmse_ls=0.25318 lr=5.621e-04 step_time=0.280s steps_per_s=2.062 gpu_mem=0.18GiB peak=6.79GiB
[TRAIN] step=04200 loss=-2.44148 nmse_prop=0.03452 nmse_ls=0.09063 lr=5.616e-04 step_time=0.462s steps_per_s=2.071 gpu_mem=0.18GiB peak=6.79GiB
[TRAIN] step=04300 loss=-1.87360 nmse_prop=0.05769 nmse_ls=0.18988 lr=5.612e-04 step_time=0.460s steps_per_s=2.079 gpu_mem=0.18GiB peak=6.79GiB
[TRAIN] step=04400 loss=-3.12377 nmse_prop=0.01895 nmse_ls=0.04008 lr=5.607e-04 step_time=0.280s steps_per_s=2.086 gpu_mem=0.18GiB peak=6.79GiB
[TRAIN] step=04500 loss=-1.57303 nmse_prop=0.07639 nmse_ls=0.25584 lr=5.602e-04 step_time=0.464s steps_per_s=2.094 gpu_mem=0.18GiB peak=6.79GiB
[TRAIN] step=04600 loss=-2.32559 nmse_prop=0.03737 nmse_ls=0.12436 lr=5.597e-04 step_time=0.464s steps_per_s=2.101 gpu_mem=0.18GiB peak=6.79GiB
[TRAIN] step=04700 loss=-2.36800 nmse_prop=0.03644 nmse_ls=0.10054 lr=5.592e-04 step_time=0.462s steps_per_s=2.108 gpu_mem=0.18GiB peak=6.79GiB
[TRAIN] step=04800 loss=-2.91006 nmse_prop=0.02205 nmse_ls=0.04321 lr=5.587e-04 step_time=0.372s steps_per_s=2.116 gpu_mem=0.18GiB peak=6.79GiB
[TRAIN] step=04900 loss=-1.96520 nmse_prop=0.05239 nmse_ls=0.16441 lr=5.582e-04 step_time=0.464s steps_per_s=2.123 gpu_mem=0.18GiB peak=6.79GiB
[TRAIN] step=05000 loss=-2.51149 nmse_prop=0.03132 nmse_ls=0.11605 lr=5.576e-04 step_time=0.373s steps_per_s=2.130 gpu_mem=0.18GiB peak=6.79GiB
[TRAIN] saved resumable state at step=5000 reason=periodic: /lustre10/scratch/rsadve1/Ablations_Wave3/TWC_plots_comprehensive/runs_rx16/seed7/1dmrs/no_prompt_film_dr_d256_b4_r2/checkpoints/training_state/ckpt-5000
[TRAIN] step=05100 loss=-2.21328 nmse_prop=0.04138 nmse_ls=0.12973 lr=5.571e-04 step_time=0.462s steps_per_s=2.136 gpu_mem=0.18GiB peak=6.79GiB
[TRAIN] step=05200 loss=-2.12084 nmse_prop=0.04506 nmse_ls=0.16938 lr=5.565e-04 step_time=0.461s steps_per_s=2.142 gpu_mem=0.18GiB peak=6.79GiB
[TRAIN] step=05300 loss=-2.40413 nmse_prop=0.03454 nmse_ls=0.13413 lr=5.559e-04 step_time=0.370s steps_per_s=2.147 gpu_mem=0.18GiB peak=6.79GiB
[TRAIN] step=05400 loss=-2.85601 nmse_prop=0.02331 nmse_ls=0.05437 lr=5.554e-04 step_time=0.463s steps_per_s=2.152 gpu_mem=0.18GiB peak=6.79GiB
[TRAIN] step=05500 loss=-2.21493 nmse_prop=0.04151 nmse_ls=0.13159 lr=5.548e-04 step_time=0.460s steps_per_s=2.157 gpu_mem=0.18GiB peak=6.79GiB
[TRAIN] step=05600 loss=-1.60719 nmse_prop=0.07326 nmse_ls=0.23540 lr=5.542e-04 step_time=0.464s steps_per_s=2.163 gpu_mem=0.18GiB peak=6.79GiB
[TRAIN] step=05700 loss=-2.22424 nmse_prop=0.04127 nmse_ls=0.12641 lr=5.536e-04 step_time=0.460s steps_per_s=2.168 gpu_mem=0.18GiB peak=6.79GiB
[TRAIN] step=05800 loss=-2.61554 nmse_prop=0.02910 nmse_ls=0.08973 lr=5.529e-04 step_time=0.372s steps_per_s=2.174 gpu_mem=0.18GiB peak=6.79GiB
[TRAIN] step=05900 loss=-2.52347 nmse_prop=0.03106 nmse_ls=0.12285 lr=5.523e-04 step_time=0.280s steps_per_s=2.178 gpu_mem=0.18GiB peak=6.79GiB
WARNING:tensorflow:Model's `__init__()` arguments contain non-serializable objects. Please implement a `get_config()` method in the subclassed Model for proper saving and loading. Defaulting to empty config.
WARNING:tensorflow:Model's `__init__()` arguments contain non-serializable objects. Please implement a `get_config()` method in the subclassed Model for proper saving and loading. Defaulting to empty config.
[TRAIN] saved new best weights at step=6000 val_nmse=0.0335617
[TRAIN] step=06000 loss=-3.11578 nmse_prop=0.01854 nmse_ls=0.03162 lr=5.517e-04 step_time=155.435s steps_per_s=2.066 gpu_mem=0.18GiB peak=6.79GiB
[TRAIN] saved resumable state at step=6000 reason=periodic: /lustre10/scratch/rsadve1/Ablations_Wave3/TWC_plots_comprehensive/runs_rx16/seed7/1dmrs/no_prompt_film_dr_d256_b4_r2/checkpoints/training_state/ckpt-6000
[TRAIN] step=06100 loss=-1.69878 nmse_prop=0.06658 nmse_ls=0.25762 lr=5.510e-04 step_time=0.459s steps_per_s=2.072 gpu_mem=0.18GiB peak=6.79GiB
[TRAIN] step=06200 loss=-2.63941 nmse_prop=0.02849 nmse_ls=0.07768 lr=5.504e-04 step_time=0.464s steps_per_s=2.077 gpu_mem=0.18GiB peak=6.79GiB
[TRAIN] step=06300 loss=-2.14248 nmse_prop=0.04515 nmse_ls=0.12614 lr=5.497e-04 step_time=0.460s steps_per_s=2.083 gpu_mem=0.18GiB peak=6.79GiB
[TRAIN] step=06400 loss=-2.33971 nmse_prop=0.03718 nmse_ls=0.12499 lr=5.490e-04 step_time=0.373s steps_per_s=2.088 gpu_mem=0.18GiB peak=6.79GiB
[TRAIN] step=06500 loss=-1.63151 nmse_prop=0.07149 nmse_ls=0.26745 lr=5.483e-04 step_time=0.462s steps_per_s=2.093 gpu_mem=0.18GiB peak=6.79GiB
[TRAIN] step=06600 loss=-3.00638 nmse_prop=0.02051 nmse_ls=0.05677 lr=5.476e-04 step_time=0.277s steps_per_s=2.099 gpu_mem=0.18GiB peak=6.79GiB
[TRAIN] step=06700 loss=-2.06446 nmse_prop=0.04735 nmse_ls=0.15950 lr=5.469e-04 step_time=0.463s steps_per_s=2.104 gpu_mem=0.18GiB peak=6.79GiB
[TRAIN] step=06800 loss=-2.96062 nmse_prop=0.02063 nmse_ls=0.06092 lr=5.462e-04 step_time=0.281s steps_per_s=2.109 gpu_mem=0.18GiB peak=6.79GiB
[TRAIN] step=06900 loss=-2.41615 nmse_prop=0.03471 nmse_ls=0.10640 lr=5.454e-04 step_time=0.461s steps_per_s=2.114 gpu_mem=0.18GiB peak=6.79GiB
[TRAIN] step=07000 loss=-1.91206 nmse_prop=0.05550 nmse_ls=0.17725 lr=5.447e-04 step_time=0.460s steps_per_s=2.119 gpu_mem=0.18GiB peak=6.79GiB
[TRAIN] saved resumable state at step=7000 reason=periodic: /lustre10/scratch/rsadve1/Ablations_Wave3/TWC_plots_comprehensive/runs_rx16/seed7/1dmrs/no_prompt_film_dr_d256_b4_r2/checkpoints/training_state/ckpt-7000
[TRAIN] step=07100 loss=-2.84440 nmse_prop=0.02358 nmse_ls=0.05176 lr=5.439e-04 step_time=0.460s steps_per_s=2.122 gpu_mem=0.18GiB peak=6.79GiB
[TRAIN] step=07200 loss=-2.41582 nmse_prop=0.03510 nmse_ls=0.12448 lr=5.432e-04 step_time=0.371s steps_per_s=2.127 gpu_mem=0.18GiB peak=6.79GiB
[TRAIN] step=07300 loss=-2.59556 nmse_prop=0.02921 nmse_ls=0.08209 lr=5.424e-04 step_time=0.466s steps_per_s=2.132 gpu_mem=0.18GiB peak=6.79GiB
[TRAIN] step=07400 loss=-2.51914 nmse_prop=0.03081 nmse_ls=0.13574 lr=5.416e-04 step_time=0.280s steps_per_s=2.137 gpu_mem=0.18GiB peak=6.79GiB
[TRAIN] step=07500 loss=-3.00580 nmse_prop=0.02018 nmse_ls=0.04697 lr=5.408e-04 step_time=0.463s steps_per_s=2.141 gpu_mem=0.18GiB peak=6.79GiB
[TRAIN] step=07600 loss=-2.89970 nmse_prop=0.02290 nmse_ls=0.04791 lr=5.400e-04 step_time=0.462s steps_per_s=2.146 gpu_mem=0.18GiB peak=6.79GiB
[TRAIN] step=07700 loss=-2.40420 nmse_prop=0.03485 nmse_ls=0.17342 lr=5.392e-04 step_time=0.190s steps_per_s=2.150 gpu_mem=0.18GiB peak=6.79GiB
[TRAIN] step=07800 loss=-2.58911 nmse_prop=0.02922 nmse_ls=0.09916 lr=5.384e-04 step_time=0.370s steps_per_s=2.155 gpu_mem=0.18GiB peak=6.79GiB
[TRAIN] step=07900 loss=-3.11519 nmse_prop=0.01879 nmse_ls=0.03895 lr=5.376e-04 step_time=0.460s steps_per_s=2.159 gpu_mem=0.18GiB peak=6.79GiB
WARNING:tensorflow:Model's `__init__()` arguments contain non-serializable objects. Please implement a `get_config()` method in the subclassed Model for proper saving and loading. Defaulting to empty config.
WARNING:tensorflow:Model's `__init__()` arguments contain non-serializable objects. Please implement a `get_config()` method in the subclassed Model for proper saving and loading. Defaulting to empty config.
[TRAIN] saved new best weights at step=8000 val_nmse=0.030697
[TRAIN] step=08000 loss=-2.60925 nmse_prop=0.02867 nmse_ls=0.11301 lr=5.367e-04 step_time=155.135s steps_per_s=2.076 gpu_mem=0.18GiB peak=6.79GiB
[TRAIN] saved resumable state at step=8000 reason=periodic: /lustre10/scratch/rsadve1/Ablations_Wave3/TWC_plots_comprehensive/runs_rx16/seed7/1dmrs/no_prompt_film_dr_d256_b4_r2/checkpoints/training_state/ckpt-8000
[TRAIN] step=08100 loss=-2.80627 nmse_prop=0.02454 nmse_ls=0.08576 lr=5.359e-04 step_time=0.281s steps_per_s=2.079 gpu_mem=0.18GiB peak=6.79GiB
[TRAIN] step=08200 loss=-2.08089 nmse_prop=0.04639 nmse_ls=0.23597 lr=5.350e-04 step_time=0.370s steps_per_s=2.083 gpu_mem=0.18GiB peak=6.79GiB
[TRAIN] step=08300 loss=-2.94046 nmse_prop=0.02151 nmse_ls=0.06806 lr=5.341e-04 step_time=0.373s steps_per_s=2.088 gpu_mem=0.18GiB peak=6.79GiB
[TRAIN] step=08400 loss=-2.51237 nmse_prop=0.03178 nmse_ls=0.10480 lr=5.333e-04 step_time=0.461s steps_per_s=2.093 gpu_mem=0.18GiB peak=6.79GiB
[TRAIN] step=08500 loss=-2.65026 nmse_prop=0.02788 nmse_ls=0.09762 lr=5.324e-04 step_time=0.372s steps_per_s=2.097 gpu_mem=0.18GiB peak=6.79GiB
[TRAIN] step=08600 loss=-1.85210 nmse_prop=0.05801 nmse_ls=0.23563 lr=5.315e-04 step_time=0.461s steps_per_s=2.102 gpu_mem=0.18GiB peak=6.79GiB
[TRAIN] step=08700 loss=-2.62621 nmse_prop=0.02847 nmse_ls=0.08403 lr=5.306e-04 step_time=0.464s steps_per_s=2.106 gpu_mem=0.18GiB peak=6.79GiB
[TRAIN] step=08800 loss=-2.70387 nmse_prop=0.02672 nmse_ls=0.07899 lr=5.297e-04 step_time=0.458s steps_per_s=2.110 gpu_mem=0.18GiB peak=6.79GiB
[TRAIN] step=08900 loss=-2.97954 nmse_prop=0.02098 nmse_ls=0.04671 lr=5.287e-04 step_time=0.457s steps_per_s=2.114 gpu_mem=0.18GiB peak=6.79GiB
[TRAIN] step=09000 loss=-3.10501 nmse_prop=0.01990 nmse_ls=0.04081 lr=5.278e-04 step_time=0.374s steps_per_s=2.118 gpu_mem=0.18GiB peak=6.79GiB
[TRAIN] saved resumable state at step=9000 reason=periodic: /lustre10/scratch/rsadve1/Ablations_Wave3/TWC_plots_comprehensive/runs_rx16/seed7/1dmrs/no_prompt_film_dr_d256_b4_r2/checkpoints/training_state/ckpt-9000
[TRAIN] step=09100 loss=-2.62226 nmse_prop=0.02888 nmse_ls=0.08951 lr=5.268e-04 step_time=0.460s steps_per_s=2.121 gpu_mem=0.18GiB peak=6.79GiB
[TRAIN] step=09200 loss=-2.34226 nmse_prop=0.03684 nmse_ls=0.12076 lr=5.259e-04 step_time=0.461s steps_per_s=2.124 gpu_mem=0.18GiB peak=6.79GiB
[TRAIN] step=09300 loss=-2.68562 nmse_prop=0.02688 nmse_ls=0.08850 lr=5.249e-04 step_time=0.460s steps_per_s=2.127 gpu_mem=0.18GiB peak=6.79GiB
[TRAIN] step=09400 loss=-2.14362 nmse_prop=0.04399 nmse_ls=0.20339 lr=5.240e-04 step_time=0.460s steps_per_s=2.130 gpu_mem=0.18GiB peak=6.79GiB
[TRAIN] step=09500 loss=-2.19160 nmse_prop=0.04224 nmse_ls=0.17042 lr=5.230e-04 step_time=0.462s steps_per_s=2.134 gpu_mem=0.18GiB peak=6.79GiB
[TRAIN] step=09600 loss=-2.45997 nmse_prop=0.03320 nmse_ls=0.12501 lr=5.220e-04 step_time=0.366s steps_per_s=2.137 gpu_mem=0.18GiB peak=6.79GiB
[TRAIN] step=09700 loss=-3.33625 nmse_prop=0.01636 nmse_ls=0.03222 lr=5.210e-04 step_time=0.279s steps_per_s=2.140 gpu_mem=0.18GiB peak=6.79GiB
[TRAIN] step=09800 loss=-2.47464 nmse_prop=0.03302 nmse_ls=0.10695 lr=5.200e-04 step_time=0.460s steps_per_s=2.143 gpu_mem=0.18GiB peak=6.79GiB
[TRAIN] step=09900 loss=-2.84067 nmse_prop=0.02450 nmse_ls=0.07559 lr=5.190e-04 step_time=0.280s steps_per_s=2.145 gpu_mem=0.18GiB peak=6.79GiB
WARNING:tensorflow:Model's `__init__()` arguments contain non-serializable objects. Please implement a `get_config()` method in the subclassed Model for proper saving and loading. Defaulting to empty config.
WARNING:tensorflow:Model's `__init__()` arguments contain non-serializable objects. Please implement a `get_config()` method in the subclassed Model for proper saving and loading. Defaulting to empty config.
[TRAIN] saved new best weights at step=10000 val_nmse=0.0296567
[TRAIN] step=10000 loss=-1.90690 nmse_prop=0.05497 nmse_ls=0.23802 lr=5.179e-04 step_time=157.290s steps_per_s=2.078 gpu_mem=0.18GiB peak=6.79GiB
[TRAIN] saved resumable state at step=10000 reason=periodic: /lustre10/scratch/rsadve1/Ablations_Wave3/TWC_plots_comprehensive/runs_rx16/seed7/1dmrs/no_prompt_film_dr_d256_b4_r2/checkpoints/training_state/ckpt-10000
[TRAIN] step=10100 loss=-2.46841 nmse_prop=0.03310 nmse_ls=0.12960 lr=5.169e-04 step_time=0.373s steps_per_s=2.081 gpu_mem=0.18GiB peak=6.79GiB
[TRAIN] step=10200 loss=-3.02515 nmse_prop=0.02044 nmse_ls=0.07295 lr=5.158e-04 step_time=0.280s steps_per_s=2.084 gpu_mem=0.18GiB peak=6.79GiB
[TRAIN] step=10300 loss=-1.83324 nmse_prop=0.05857 nmse_ls=0.24604 lr=5.148e-04 step_time=0.464s steps_per_s=2.088 gpu_mem=0.19GiB peak=6.79GiB
[TRAIN] step=10400 loss=-2.43129 nmse_prop=0.03445 nmse_ls=0.11291 lr=5.137e-04 step_time=0.462s steps_per_s=2.091 gpu_mem=0.18GiB peak=6.79GiB
[TRAIN] step=10500 loss=-2.00556 nmse_prop=0.04962 nmse_ls=0.26579 lr=5.127e-04 step_time=0.279s steps_per_s=2.094 gpu_mem=0.19GiB peak=6.79GiB
[TRAIN] step=10600 loss=-2.45080 nmse_prop=0.03317 nmse_ls=0.10903 lr=5.116e-04 step_time=0.456s steps_per_s=2.098 gpu_mem=0.18GiB peak=6.79GiB
[TRAIN] step=10700 loss=-2.24878 nmse_prop=0.04111 nmse_ls=0.13799 lr=5.105e-04 step_time=0.461s steps_per_s=2.101 gpu_mem=0.18GiB peak=6.79GiB
[TRAIN] step=10800 loss=-2.24076 nmse_prop=0.04055 nmse_ls=0.14991 lr=5.094e-04 step_time=0.461s steps_per_s=2.104 gpu_mem=0.18GiB peak=6.79GiB
[TRAIN] step=10900 loss=-2.75801 nmse_prop=0.02564 nmse_ls=0.08739 lr=5.083e-04 step_time=0.371s steps_per_s=2.107 gpu_mem=0.19GiB peak=6.79GiB
[TRAIN] step=11000 loss=-2.27685 nmse_prop=0.04021 nmse_ls=0.12998 lr=5.072e-04 step_time=0.460s steps_per_s=2.110 gpu_mem=0.19GiB peak=6.79GiB
[TRAIN] saved resumable state at step=11000 reason=periodic: /lustre10/scratch/rsadve1/Ablations_Wave3/TWC_plots_comprehensive/runs_rx16/seed7/1dmrs/no_prompt_film_dr_d256_b4_r2/checkpoints/training_state/ckpt-11000
[TRAIN] step=11100 loss=-3.32326 nmse_prop=0.01615 nmse_ls=0.03137 lr=5.060e-04 step_time=0.374s steps_per_s=2.112 gpu_mem=0.19GiB peak=6.79GiB
[TRAIN] step=11200 loss=-2.27406 nmse_prop=0.03926 nmse_ls=0.14563 lr=5.049e-04 step_time=0.460s steps_per_s=2.115 gpu_mem=0.18GiB peak=6.79GiB
[TRAIN] step=11300 loss=-2.01339 nmse_prop=0.05033 nmse_ls=0.20047 lr=5.038e-04 step_time=0.461s steps_per_s=2.118 gpu_mem=0.19GiB peak=6.79GiB
[TRAIN] step=11400 loss=-3.02608 nmse_prop=0.02018 nmse_ls=0.06786 lr=5.026e-04 step_time=0.280s steps_per_s=2.121 gpu_mem=0.19GiB peak=6.79GiB
[TRAIN] step=11500 loss=-3.15756 nmse_prop=0.01832 nmse_ls=0.03957 lr=5.015e-04 step_time=0.462s steps_per_s=2.123 gpu_mem=0.19GiB peak=6.79GiB
[TRAIN] step=11600 loss=-2.38548 nmse_prop=0.03610 nmse_ls=0.13782 lr=5.003e-04 step_time=0.371s steps_per_s=2.126 gpu_mem=0.19GiB peak=6.79GiB
[TRAIN] step=11700 loss=-2.56722 nmse_prop=0.03090 nmse_ls=0.13048 lr=4.991e-04 step_time=0.283s steps_per_s=2.129 gpu_mem=0.19GiB peak=6.79GiB
[TRAIN] step=11800 loss=-2.25095 nmse_prop=0.03967 nmse_ls=0.20151 lr=4.979e-04 step_time=0.282s steps_per_s=2.131 gpu_mem=0.19GiB peak=6.79GiB
[TRAIN] step=11900 loss=-3.31625 nmse_prop=0.01562 nmse_ls=0.03545 lr=4.968e-04 step_time=0.371s steps_per_s=2.133 gpu_mem=0.19GiB peak=6.79GiB
WARNING:tensorflow:Model's `__init__()` arguments contain non-serializable objects. Please implement a `get_config()` method in the subclassed Model for proper saving and loading. Defaulting to empty config.
WARNING:tensorflow:Model's `__init__()` arguments contain non-serializable objects. Please implement a `get_config()` method in the subclassed Model for proper saving and loading. Defaulting to empty config.
[TRAIN] saved new best weights at step=12000 val_nmse=0.0289252
[TRAIN] step=12000 loss=-1.99523 nmse_prop=0.05046 nmse_ls=0.23735 lr=4.956e-04 step_time=154.056s steps_per_s=2.080 gpu_mem=0.19GiB peak=6.79GiB
[TRAIN] saved resumable state at step=12000 reason=periodic: /lustre10/scratch/rsadve1/Ablations_Wave3/TWC_plots_comprehensive/runs_rx16/seed7/1dmrs/no_prompt_film_dr_d256_b4_r2/checkpoints/training_state/ckpt-12000
[TRAIN] step=12100 loss=-2.21780 nmse_prop=0.04227 nmse_ls=0.14911 lr=4.944e-04 step_time=0.461s steps_per_s=2.082 gpu_mem=0.19GiB peak=6.79GiB
[TRAIN] step=12200 loss=-1.75003 nmse_prop=0.06442 nmse_ls=0.23988 lr=4.931e-04 step_time=0.468s steps_per_s=2.085 gpu_mem=0.19GiB peak=6.79GiB
[TRAIN] step=12300 loss=-2.10214 nmse_prop=0.04567 nmse_ls=0.24043 lr=4.919e-04 step_time=0.373s steps_per_s=2.088 gpu_mem=0.19GiB peak=6.79GiB
[TRAIN] step=12400 loss=-2.16933 nmse_prop=0.04334 nmse_ls=0.16214 lr=4.907e-04 step_time=0.464s steps_per_s=2.091 gpu_mem=0.19GiB peak=6.79GiB
[TRAIN] step=12500 loss=-2.12732 nmse_prop=0.04464 nmse_ls=0.21888 lr=4.894e-04 step_time=0.462s steps_per_s=2.094 gpu_mem=0.19GiB peak=6.79GiB
[TRAIN] step=12600 loss=-2.88306 nmse_prop=0.02353 nmse_ls=0.05632 lr=4.882e-04 step_time=0.461s steps_per_s=2.097 gpu_mem=0.19GiB peak=6.79GiB
[TRAIN] step=12700 loss=-3.05960 nmse_prop=0.01961 nmse_ls=0.05809 lr=4.869e-04 step_time=0.371s steps_per_s=2.099 gpu_mem=0.19GiB peak=6.79GiB
[TRAIN] step=12800 loss=-2.27991 nmse_prop=0.03831 nmse_ls=0.17106 lr=4.857e-04 step_time=0.372s steps_per_s=2.101 gpu_mem=0.19GiB peak=6.79GiB
[TRAIN] step=12900 loss=-2.56188 nmse_prop=0.03011 nmse_ls=0.12457 lr=4.844e-04 step_time=0.368s steps_per_s=2.104 gpu_mem=0.19GiB peak=6.79GiB
[TRAIN] step=13000 loss=-2.88024 nmse_prop=0.02250 nmse_ls=0.06092 lr=4.831e-04 step_time=0.467s steps_per_s=2.107 gpu_mem=0.19GiB peak=6.79GiB
[TRAIN] saved resumable state at step=13000 reason=periodic: /lustre10/scratch/rsadve1/Ablations_Wave3/TWC_plots_comprehensive/runs_rx16/seed7/1dmrs/no_prompt_film_dr_d256_b4_r2/checkpoints/training_state/ckpt-13000
[TRAIN] step=13100 loss=-2.43393 nmse_prop=0.03464 nmse_ls=0.12062 lr=4.819e-04 step_time=0.463s steps_per_s=2.109 gpu_mem=0.19GiB peak=6.79GiB
[TRAIN] step=13200 loss=-2.66148 nmse_prop=0.02793 nmse_ls=0.08793 lr=4.806e-04 step_time=0.461s steps_per_s=2.111 gpu_mem=0.19GiB peak=6.79GiB
[TRAIN] step=13300 loss=-2.43104 nmse_prop=0.03386 nmse_ls=0.14302 lr=4.793e-04 step_time=0.372s steps_per_s=2.113 gpu_mem=0.19GiB peak=6.79GiB
[TRAIN] step=13400 loss=-2.60298 nmse_prop=0.02956 nmse_ls=0.09446 lr=4.780e-04 step_time=0.462s steps_per_s=2.117 gpu_mem=0.19GiB peak=6.79GiB
[TRAIN] step=13500 loss=-2.53906 nmse_prop=0.03117 nmse_ls=0.11046 lr=4.766e-04 step_time=0.461s steps_per_s=2.119 gpu_mem=0.19GiB peak=6.79GiB
[TRAIN] step=13600 loss=-3.14199 nmse_prop=0.01888 nmse_ls=0.03793 lr=4.753e-04 step_time=0.455s steps_per_s=2.122 gpu_mem=0.19GiB peak=6.79GiB
[TRAIN] step=13700 loss=-2.67199 nmse_prop=0.02704 nmse_ls=0.10453 lr=4.740e-04 step_time=0.466s steps_per_s=2.125 gpu_mem=0.19GiB peak=6.79GiB
[TRAIN] step=13800 loss=-2.97726 nmse_prop=0.02186 nmse_ls=0.06409 lr=4.727e-04 step_time=0.369s steps_per_s=2.127 gpu_mem=0.19GiB peak=6.79GiB
[TRAIN] step=13900 loss=-2.54353 nmse_prop=0.02988 nmse_ls=0.15900 lr=4.713e-04 step_time=0.279s steps_per_s=2.129 gpu_mem=0.19GiB peak=6.79GiB
WARNING:tensorflow:Model's `__init__()` arguments contain non-serializable objects. Please implement a `get_config()` method in the subclassed Model for proper saving and loading. Defaulting to empty config.
WARNING:tensorflow:Model's `__init__()` arguments contain non-serializable objects. Please implement a `get_config()` method in the subclassed Model for proper saving and loading. Defaulting to empty config.
[TRAIN] saved new best weights at step=14000 val_nmse=0.0274902
[TRAIN] step=14000 loss=-3.12675 nmse_prop=0.01894 nmse_ls=0.04130 lr=4.700e-04 step_time=154.522s steps_per_s=2.083 gpu_mem=0.19GiB peak=6.79GiB
[TRAIN] saved resumable state at step=14000 reason=periodic: /lustre10/scratch/rsadve1/Ablations_Wave3/TWC_plots_comprehensive/runs_rx16/seed7/1dmrs/no_prompt_film_dr_d256_b4_r2/checkpoints/training_state/ckpt-14000
[TRAIN] step=14100 loss=-2.06269 nmse_prop=0.04792 nmse_ls=0.25053 lr=4.686e-04 step_time=0.460s steps_per_s=2.084 gpu_mem=0.19GiB peak=6.79GiB
[TRAIN] step=14200 loss=-2.62018 nmse_prop=0.02858 nmse_ls=0.10319 lr=4.673e-04 step_time=0.465s steps_per_s=2.087 gpu_mem=0.19GiB peak=6.79GiB
[TRAIN] step=14300 loss=-2.91267 nmse_prop=0.02163 nmse_ls=0.08649 lr=4.659e-04 step_time=0.371s steps_per_s=2.089 gpu_mem=0.19GiB peak=6.79GiB
[TRAIN] step=14400 loss=-2.16094 nmse_prop=0.04371 nmse_ls=0.17592 lr=4.645e-04 step_time=0.458s steps_per_s=2.091 gpu_mem=0.19GiB peak=6.79GiB
[TRAIN] step=14500 loss=-2.07429 nmse_prop=0.04705 nmse_ls=0.21500 lr=4.631e-04 step_time=0.369s steps_per_s=2.094 gpu_mem=0.19GiB peak=6.79GiB
[TRAIN] step=14600 loss=-2.29840 nmse_prop=0.03860 nmse_ls=0.14266 lr=4.617e-04 step_time=0.457s steps_per_s=2.096 gpu_mem=0.19GiB peak=6.79GiB
[TRAIN] step=14700 loss=-2.98179 nmse_prop=0.02093 nmse_ls=0.05592 lr=4.603e-04 step_time=0.466s steps_per_s=2.099 gpu_mem=0.19GiB peak=6.79GiB
[TRAIN] step=14800 loss=-2.95911 nmse_prop=0.02128 nmse_ls=0.05596 lr=4.589e-04 step_time=0.460s steps_per_s=2.101 gpu_mem=0.19GiB peak=6.79GiB
[TRAIN] step=14900 loss=-2.55850 nmse_prop=0.03059 nmse_ls=0.10101 lr=4.575e-04 step_time=0.462s steps_per_s=2.103 gpu_mem=0.19GiB peak=6.79GiB
[TRAIN] step=15000 loss=-3.01136 nmse_prop=0.02068 nmse_ls=0.05219 lr=4.561e-04 step_time=0.461s steps_per_s=2.106 gpu_mem=0.19GiB peak=6.79GiB
[TRAIN] saved resumable state at step=15000 reason=periodic: /lustre10/scratch/rsadve1/Ablations_Wave3/TWC_plots_comprehensive/runs_rx16/seed7/1dmrs/no_prompt_film_dr_d256_b4_r2/checkpoints/training_state/ckpt-15000
[TRAIN] step=15100 loss=-2.29781 nmse_prop=0.03841 nmse_ls=0.15805 lr=4.547e-04 step_time=0.462s steps_per_s=2.107 gpu_mem=0.19GiB peak=6.79GiB
[TRAIN] step=15200 loss=-3.22133 nmse_prop=0.01770 nmse_ls=0.03665 lr=4.532e-04 step_time=0.461s steps_per_s=2.109 gpu_mem=0.19GiB peak=6.79GiB
[TRAIN] step=15300 loss=-3.26402 nmse_prop=0.01640 nmse_ls=0.04922 lr=4.518e-04 step_time=0.278s steps_per_s=2.112 gpu_mem=0.19GiB peak=6.79GiB
[TRAIN] step=15400 loss=-3.16849 nmse_prop=0.01854 nmse_ls=0.03950 lr=4.504e-04 step_time=0.370s steps_per_s=2.114 gpu_mem=0.19GiB peak=6.79GiB
[TRAIN] step=15500 loss=-2.27931 nmse_prop=0.03894 nmse_ls=0.17420 lr=4.489e-04 step_time=0.372s steps_per_s=2.117 gpu_mem=0.19GiB peak=6.79GiB
[TRAIN] step=15600 loss=-2.99080 nmse_prop=0.02085 nmse_ls=0.05348 lr=4.475e-04 step_time=0.461s steps_per_s=2.118 gpu_mem=0.19GiB peak=6.79GiB
[TRAIN] step=15700 loss=-2.43914 nmse_prop=0.03367 nmse_ls=0.17421 lr=4.460e-04 step_time=0.280s steps_per_s=2.121 gpu_mem=0.19GiB peak=6.79GiB
[TRAIN] step=15800 loss=-3.37822 nmse_prop=0.01637 nmse_ls=0.03520 lr=4.445e-04 step_time=0.282s steps_per_s=2.123 gpu_mem=0.19GiB peak=6.79GiB
[TRAIN] step=15900 loss=-2.07125 nmse_prop=0.04735 nmse_ls=0.25520 lr=4.431e-04 step_time=0.461s steps_per_s=2.125 gpu_mem=0.19GiB peak=6.79GiB
WARNING:tensorflow:Model's `__init__()` arguments contain non-serializable objects. Please implement a `get_config()` method in the subclassed Model for proper saving and loading. Defaulting to empty config.
WARNING:tensorflow:Model's `__init__()` arguments contain non-serializable objects. Please implement a `get_config()` method in the subclassed Model for proper saving and loading. Defaulting to empty config.
[TRAIN] saved new best weights at step=16000 val_nmse=0.0265975
[TRAIN] step=16000 loss=-3.18676 nmse_prop=0.01851 nmse_ls=0.04333 lr=4.416e-04 step_time=154.991s steps_per_s=2.085 gpu_mem=0.19GiB peak=6.79GiB
[TRAIN] saved resumable state at step=16000 reason=periodic: /lustre10/scratch/rsadve1/Ablations_Wave3/TWC_plots_comprehensive/runs_rx16/seed7/1dmrs/no_prompt_film_dr_d256_b4_r2/checkpoints/training_state/ckpt-16000
[TRAIN] step=16100 loss=-2.22651 nmse_prop=0.04094 nmse_ls=0.20573 lr=4.401e-04 step_time=0.461s steps_per_s=2.086 gpu_mem=0.19GiB peak=6.79GiB
[TRAIN] step=16200 loss=-2.86881 nmse_prop=0.02382 nmse_ls=0.07274 lr=4.386e-04 step_time=0.456s steps_per_s=2.088 gpu_mem=0.19GiB peak=6.79GiB
[TRAIN] step=16300 loss=-2.68959 nmse_prop=0.02708 nmse_ls=0.13056 lr=4.371e-04 step_time=0.277s steps_per_s=2.090 gpu_mem=0.19GiB peak=6.79GiB
[TRAIN] step=16400 loss=-2.41486 nmse_prop=0.03407 nmse_ls=0.22035 lr=4.356e-04 step_time=0.280s steps_per_s=2.092 gpu_mem=0.19GiB peak=6.79GiB
[TRAIN] step=16500 loss=-3.04109 nmse_prop=0.01991 nmse_ls=0.05953 lr=4.341e-04 step_time=0.370s steps_per_s=2.094 gpu_mem=0.19GiB peak=6.79GiB
[TRAIN] step=16600 loss=-3.01174 nmse_prop=0.01917 nmse_ls=0.09215 lr=4.326e-04 step_time=0.280s steps_per_s=2.096 gpu_mem=0.19GiB peak=6.79GiB
[TRAIN] step=16700 loss=-2.50709 nmse_prop=0.03250 nmse_ls=0.11693 lr=4.311e-04 step_time=0.460s steps_per_s=2.098 gpu_mem=0.19GiB peak=6.79GiB
[TRAIN] step=16800 loss=-2.85743 nmse_prop=0.02326 nmse_ls=0.08008 lr=4.295e-04 step_time=0.460s steps_per_s=2.101 gpu_mem=0.19GiB peak=6.79GiB
[TRAIN] step=16900 loss=-2.88121 nmse_prop=0.02229 nmse_ls=0.08070 lr=4.280e-04 step_time=0.461s steps_per_s=2.103 gpu_mem=0.19GiB peak=6.79GiB
[TRAIN] step=17000 loss=-2.55383 nmse_prop=0.03036 nmse_ls=0.14616 lr=4.265e-04 step_time=0.373s steps_per_s=2.104 gpu_mem=0.19GiB peak=6.79GiB
[TRAIN] saved resumable state at step=17000 reason=periodic: /lustre10/scratch/rsadve1/Ablations_Wave3/TWC_plots_comprehensive/runs_rx16/seed7/1dmrs/no_prompt_film_dr_d256_b4_r2/checkpoints/training_state/ckpt-17000
[TRAIN] step=17100 loss=-2.09735 nmse_prop=0.04624 nmse_ls=0.19511 lr=4.249e-04 step_time=0.462s steps_per_s=2.105 gpu_mem=0.19GiB peak=6.79GiB
[TRAIN] step=17200 loss=-2.38734 nmse_prop=0.03545 nmse_ls=0.19506 lr=4.234e-04 step_time=0.280s steps_per_s=2.107 gpu_mem=0.19GiB peak=6.79GiB
[TRAIN] step=17300 loss=-1.89441 nmse_prop=0.05591 nmse_ls=0.24523 lr=4.218e-04 step_time=0.464s steps_per_s=2.109 gpu_mem=0.19GiB peak=6.79GiB
[TRAIN] step=17400 loss=-2.78128 nmse_prop=0.02499 nmse_ls=0.08495 lr=4.203e-04 step_time=0.460s steps_per_s=2.111 gpu_mem=0.19GiB peak=6.79GiB
[TRAIN] step=17500 loss=-2.39739 nmse_prop=0.03447 nmse_ls=0.21625 lr=4.187e-04 step_time=0.192s steps_per_s=2.113 gpu_mem=0.19GiB peak=6.79GiB
[TRAIN] step=17600 loss=-3.05624 nmse_prop=0.01997 nmse_ls=0.08842 lr=4.171e-04 step_time=0.279s steps_per_s=2.115 gpu_mem=0.19GiB peak=6.79GiB
[TRAIN] step=17700 loss=-2.85088 nmse_prop=0.02366 nmse_ls=0.06935 lr=4.156e-04 step_time=0.457s steps_per_s=2.117 gpu_mem=0.19GiB peak=6.79GiB
[TRAIN] step=17800 loss=-2.30141 nmse_prop=0.03811 nmse_ls=0.21910 lr=4.140e-04 step_time=0.370s steps_per_s=2.118 gpu_mem=0.19GiB peak=6.79GiB
[TRAIN] step=17900 loss=-2.27275 nmse_prop=0.03939 nmse_ls=0.16654 lr=4.124e-04 step_time=0.460s steps_per_s=2.120 gpu_mem=0.19GiB peak=6.79GiB
WARNING:tensorflow:Model's `__init__()` arguments contain non-serializable objects. Please implement a `get_config()` method in the subclassed Model for proper saving and loading. Defaulting to empty config.
WARNING:tensorflow:Model's `__init__()` arguments contain non-serializable objects. Please implement a `get_config()` method in the subclassed Model for proper saving and loading. Defaulting to empty config.
[TRAIN] saved new best weights at step=18000 val_nmse=0.0264105
[TRAIN] step=18000 loss=-2.38776 nmse_prop=0.03638 nmse_ls=0.13157 lr=4.108e-04 step_time=154.880s steps_per_s=2.084 gpu_mem=0.19GiB peak=6.79GiB
[TRAIN] saved resumable state at step=18000 reason=periodic: /lustre10/scratch/rsadve1/Ablations_Wave3/TWC_plots_comprehensive/runs_rx16/seed7/1dmrs/no_prompt_film_dr_d256_b4_r2/checkpoints/training_state/ckpt-18000
[TRAIN] step=18100 loss=-3.44583 nmse_prop=0.01528 nmse_ls=0.03397 lr=4.092e-04 step_time=0.282s steps_per_s=2.085 gpu_mem=0.19GiB peak=6.79GiB
[TRAIN] step=18200 loss=-2.43513 nmse_prop=0.03370 nmse_ls=0.18905 lr=4.076e-04 step_time=0.372s steps_per_s=2.087 gpu_mem=0.19GiB peak=6.79GiB
[TRAIN] step=18300 loss=-2.43776 nmse_prop=0.03342 nmse_ls=0.20340 lr=4.060e-04 step_time=0.282s steps_per_s=2.089 gpu_mem=0.19GiB peak=6.79GiB
[TRAIN] step=18400 loss=-3.24197 nmse_prop=0.01774 nmse_ls=0.04538 lr=4.044e-04 step_time=0.281s steps_per_s=2.091 gpu_mem=0.19GiB peak=6.79GiB
[TRAIN] step=18500 loss=-1.94901 nmse_prop=0.05347 nmse_ls=0.24137 lr=4.028e-04 step_time=0.460s steps_per_s=2.093 gpu_mem=0.19GiB peak=6.79GiB
[TRAIN] step=18600 loss=-3.04370 nmse_prop=0.02039 nmse_ls=0.05401 lr=4.012e-04 step_time=0.461s steps_per_s=2.094 gpu_mem=0.19GiB peak=6.79GiB
[TRAIN] step=18700 loss=-2.99495 nmse_prop=0.02056 nmse_ls=0.06204 lr=3.996e-04 step_time=0.459s steps_per_s=2.096 gpu_mem=0.19GiB peak=6.79GiB
[TRAIN] step=18800 loss=-2.79215 nmse_prop=0.02474 nmse_ls=0.08121 lr=3.980e-04 step_time=0.462s steps_per_s=2.098 gpu_mem=0.19GiB peak=6.79GiB
[TRAIN] step=18900 loss=-2.91274 nmse_prop=0.02356 nmse_ls=0.06405 lr=3.963e-04 step_time=0.461s steps_per_s=2.099 gpu_mem=0.19GiB peak=6.79GiB
[TRAIN] step=19000 loss=-3.08132 nmse_prop=0.01926 nmse_ls=0.05242 lr=3.947e-04 step_time=0.462s steps_per_s=2.101 gpu_mem=0.19GiB peak=6.79GiB
[TRAIN] saved resumable state at step=19000 reason=periodic: /lustre10/scratch/rsadve1/Ablations_Wave3/TWC_plots_comprehensive/runs_rx16/seed7/1dmrs/no_prompt_film_dr_d256_b4_r2/checkpoints/training_state/ckpt-19000
[TRAIN] step=19100 loss=-2.15770 nmse_prop=0.04415 nmse_ls=0.17352 lr=3.931e-04 step_time=0.460s steps_per_s=2.103 gpu_mem=0.19GiB peak=6.79GiB
[TRAIN] step=19200 loss=-3.03410 nmse_prop=0.02068 nmse_ls=0.05140 lr=3.914e-04 step_time=0.462s steps_per_s=2.104 gpu_mem=0.19GiB peak=6.79GiB
[TRAIN] step=19300 loss=-2.95881 nmse_prop=0.02133 nmse_ls=0.06938 lr=3.898e-04 step_time=0.467s steps_per_s=2.106 gpu_mem=0.19GiB peak=6.79GiB
[TRAIN] step=19400 loss=-2.54052 nmse_prop=0.03030 nmse_ls=0.15301 lr=3.882e-04 step_time=0.462s steps_per_s=2.108 gpu_mem=0.19GiB peak=6.79GiB
[TRAIN] step=19500 loss=-2.86948 nmse_prop=0.02315 nmse_ls=0.07702 lr=3.865e-04 step_time=0.462s steps_per_s=2.110 gpu_mem=0.19GiB peak=6.79GiB
[TRAIN] step=19600 loss=-2.10859 nmse_prop=0.04551 nmse_ls=0.22521 lr=3.848e-04 step_time=0.371s steps_per_s=2.112 gpu_mem=0.19GiB peak=6.79GiB
[TRAIN] step=19700 loss=-2.29307 nmse_prop=0.03829 nmse_ls=0.19479 lr=3.832e-04 step_time=0.372s steps_per_s=2.114 gpu_mem=0.19GiB peak=6.79GiB
[TRAIN] step=19800 loss=-2.43561 nmse_prop=0.03271 nmse_ls=0.21756 lr=3.815e-04 step_time=0.190s steps_per_s=2.115 gpu_mem=0.19GiB peak=6.79GiB
